[2025-01-21 11:37:31,408] INFO: {
    "abs_dir": "/home/gerard/Documents/IRI/Repos/siMLPe/exps/baseline_handover",
    "actions_to_load": "all",
    "batch_size": 256,
    "classifier": {
        "flatten": true
    },
    "cos_lr_max": 0.01,
    "cos_lr_min": 1e-05,
    "cos_lr_total_iters": 5000,
    "cosine_lr": true,
    "data_aug": true,
    "deriv_input": true,
    "deriv_output": true,
    "eval_condition_with_classifier_int": false,
    "eval_every": 250,
    "handover_anno_dir": "/home/gerard/Documents/IRI/Repos/siMLPe/data/handover/",
    "link_log_file": "/home/gerard/Documents/IRI/Repos/siMLPe/exps/baseline_handover/log/log_last.log",
    "link_val_log_file": "/home/gerard/Documents/IRI/Repos/siMLPe/exps/baseline_handover/log/val_last.log",
    "log_dir": "/home/gerard/Documents/IRI/Repos/siMLPe/exps/baseline_handover/log",
    "log_file": "/home/gerard/Documents/IRI/Repos/siMLPe/exps/baseline_handover/log/log_2025_01_21_11_32_12.log",
    "log_file_leave_one_out": "/home/gerard/Documents/IRI/Repos/siMLPe/exps/baseline_handover/log/log_loo2025_01_21_11_32_12.log",
    "model_pth": null,
    "motion": {
        "dim": 27,
        "handover_input_length": 50,
        "handover_input_length_dct": 50,
        "handover_target_length": 10,
        "handover_target_length_eval": 25,
        "handover_target_length_train": 10
    },
    "motion_fc_in": {
        "activation": "relu",
        "in_features": 27,
        "init_w_trunc_normal": false,
        "out_features": 27,
        "temporal_fc": false,
        "with_norm": false
    },
    "motion_fc_out": {
        "activation": "relu",
        "in_features": 27,
        "init_w_trunc_normal": true,
        "out_features": 27,
        "temporal_fc": false,
        "with_norm": false
    },
    "motion_gcn_in": {
        "do": 0,
        "gcn_in": false,
        "in_features": 27,
        "n_node": 50,
        "num_stage": 0,
        "out_features": 27
    },
    "motion_gcn_out": {
        "do": 0,
        "gcn_out": false,
        "in_features": 27,
        "n_node": 50,
        "num_stage": 0,
        "out_features": 27
    },
    "motion_int": {
        "binary": true,
        "input_dim": 1,
        "int_cond": true,
        "num_emb": 2,
        "output_dim": 27
    },
    "motion_mlp": {
        "hidden_dim": 27,
        "norm_axis": "spatial",
        "num_layers": 48,
        "seq_len": 50,
        "spatial_fc_only": false,
        "with_normalization": true
    },
    "motion_ree": {
        "embedding_size": 3,
        "gcn_concatenation": false,
        "gcn_do": 0,
        "gcn_n_node": 50,
        "gcn_num_stage": 0,
        "input_dim": 3,
        "ree_concatenation": false,
        "ree_cond": false,
        "ree_sum": false
    },
    "num_workers": 6,
    "only_classification": false,
    "post_dct": false,
    "pre_dct": false,
    "print_every": 250,
    "repo_name": "siMLPe",
    "root_dir": "/home/gerard/Documents/IRI/Repos/siMLPe",
    "save_every": 5000,
    "seed": 304,
    "shift_step": 1,
    "snapshot_dir": "/home/gerard/Documents/IRI/Repos/siMLPe/exps/baseline_handover/log/snapshot",
    "this_dir": "baseline_handover",
    "total_iters": 5000,
    "use_colab_loss": true,
    "use_int_class": false,
    "use_loss_layer": false,
    "use_ree_loss": true,
    "use_relative_loss": true,
    "use_relative_loss_rh": true,
    "use_rh_distance_joints_loss": true,
    "use_rh_loss": false,
    "val_log_file": "/home/gerard/Documents/IRI/Repos/siMLPe/exps/baseline_handover/log/val_2025_01_21_11_32_12.log",
    "viz_GCN_folder": false,
    "weight_decay": 0.0001
}
[2025-01-21 11:37:32,107] INFO: Testing with subject ['S5'] 
[2025-01-21 11:37:32,107] INFO: Training with subjects ['S3', 'S6', 'S8', 'S9', 'S4', 'S7', 'S10'] 
[2025-01-21 11:37:47,590] INFO: Iter 250 Summary: 
[2025-01-21 11:37:47,590] INFO: 	 lr: 0.009999999999999962 	 Training loss: 1.1378717534542084
[2025-01-21 11:37:47,879] INFO: 	 Body Test loss: 0.23600000000000002
[2025-01-21 11:37:47,880] INFO: 	 RH Test loss: 0.27494667286076707
[2025-01-21 11:37:47,880] INFO: 	 F1 score: 0
[2025-01-21 11:38:03,192] INFO: Iter 500 Summary: 
[2025-01-21 11:38:03,192] INFO: 	 lr: 0.009999999999999962 	 Training loss: 0.6244169795513153
[2025-01-21 11:38:03,478] INFO: 	 Body Test loss: 0.19799999999999998
[2025-01-21 11:38:03,479] INFO: 	 RH Test loss: 0.2436364282097808
[2025-01-21 11:38:03,479] INFO: 	 F1 score: 0
[2025-01-21 11:38:18,836] INFO: Iter 750 Summary: 
[2025-01-21 11:38:18,836] INFO: 	 lr: 0.009999999999999962 	 Training loss: 0.572612398147583
[2025-01-21 11:38:19,122] INFO: 	 Body Test loss: 0.1804
[2025-01-21 11:38:19,122] INFO: 	 RH Test loss: 0.24550742308584111
[2025-01-21 11:38:19,122] INFO: 	 F1 score: 0
[2025-01-21 11:38:34,566] INFO: Iter 1000 Summary: 
[2025-01-21 11:38:34,566] INFO: 	 lr: 0.009999999999999962 	 Training loss: 0.5478323282003402
[2025-01-21 11:38:34,849] INFO: 	 Body Test loss: 0.18960000000000002
[2025-01-21 11:38:34,849] INFO: 	 RH Test loss: 0.23530329325896837
[2025-01-21 11:38:34,849] INFO: 	 F1 score: 0
[2025-01-21 11:38:50,242] INFO: Iter 1250 Summary: 
[2025-01-21 11:38:50,242] INFO: 	 lr: 0.009999999999999962 	 Training loss: 0.5357481609582901
[2025-01-21 11:38:50,528] INFO: 	 Body Test loss: 0.19
[2025-01-21 11:38:50,528] INFO: 	 RH Test loss: 0.2342385575929707
[2025-01-21 11:38:50,528] INFO: 	 F1 score: 0
[2025-01-21 11:39:05,831] INFO: Iter 1500 Summary: 
[2025-01-21 11:39:05,831] INFO: 	 lr: 0.009999999999999962 	 Training loss: 0.5290325685739518
[2025-01-21 11:39:06,115] INFO: 	 Body Test loss: 0.1996
[2025-01-21 11:39:06,115] INFO: 	 RH Test loss: 0.2641553348013914
[2025-01-21 11:39:06,115] INFO: 	 F1 score: 0
[2025-01-21 11:39:21,598] INFO: Iter 1750 Summary: 
[2025-01-21 11:39:21,598] INFO: 	 lr: 0.009999999999999962 	 Training loss: 0.5249692375659942
[2025-01-21 11:39:21,883] INFO: 	 Body Test loss: 0.21800000000000005
[2025-01-21 11:39:21,884] INFO: 	 RH Test loss: 0.3110977374886696
[2025-01-21 11:39:21,884] INFO: 	 F1 score: 0
[2025-01-21 11:39:37,229] INFO: Iter 2000 Summary: 
[2025-01-21 11:39:37,230] INFO: 	 lr: 0.009999999999999962 	 Training loss: 0.5218189541101456
[2025-01-21 11:39:37,517] INFO: 	 Body Test loss: 0.21359999999999998
[2025-01-21 11:39:37,517] INFO: 	 RH Test loss: 0.29764718163591314
[2025-01-21 11:39:37,517] INFO: 	 F1 score: 0
[2025-01-21 11:39:52,871] INFO: Iter 2250 Summary: 
[2025-01-21 11:39:52,871] INFO: 	 lr: 0.009999999999999962 	 Training loss: 0.5174781041145324
[2025-01-21 11:39:53,154] INFO: 	 Body Test loss: 0.17800000000000002
[2025-01-21 11:39:53,154] INFO: 	 RH Test loss: 0.2540890021812124
[2025-01-21 11:39:53,155] INFO: 	 F1 score: 0
[2025-01-21 11:40:08,590] INFO: Iter 2500 Summary: 
[2025-01-21 11:40:08,590] INFO: 	 lr: 0.009999999999999962 	 Training loss: 0.5175750087499619
[2025-01-21 11:40:08,874] INFO: 	 Body Test loss: 0.17279999999999998
[2025-01-21 11:40:08,874] INFO: 	 RH Test loss: 0.23821458751466157
[2025-01-21 11:40:08,874] INFO: 	 F1 score: 0
[2025-01-21 11:40:24,239] INFO: Iter 2750 Summary: 
[2025-01-21 11:40:24,239] INFO: 	 lr: 0.009999999999999962 	 Training loss: 0.5117986553907394
[2025-01-21 11:40:24,521] INFO: 	 Body Test loss: 0.1796
[2025-01-21 11:40:24,522] INFO: 	 RH Test loss: 0.22242609869855953
[2025-01-21 11:40:24,522] INFO: 	 F1 score: 0
[2025-01-21 11:40:39,861] INFO: Iter 3000 Summary: 
[2025-01-21 11:40:39,861] INFO: 	 lr: 0.009999999999999962 	 Training loss: 0.5115981562137604
[2025-01-21 11:40:40,149] INFO: 	 Body Test loss: 0.18360000000000004
[2025-01-21 11:40:40,149] INFO: 	 RH Test loss: 0.28274123666102413
[2025-01-21 11:40:40,149] INFO: 	 F1 score: 0
[2025-01-21 11:40:55,646] INFO: Iter 3250 Summary: 
[2025-01-21 11:40:55,646] INFO: 	 lr: 0.009999999999999962 	 Training loss: 0.5084683499336242
[2025-01-21 11:40:55,929] INFO: 	 Body Test loss: 0.172
[2025-01-21 11:40:55,929] INFO: 	 RH Test loss: 0.23637234045744368
[2025-01-21 11:40:55,929] INFO: 	 F1 score: 0
[2025-01-21 11:41:11,297] INFO: Iter 3500 Summary: 
[2025-01-21 11:41:11,297] INFO: 	 lr: 0.009999999999999962 	 Training loss: 0.5058357954025269
[2025-01-21 11:41:11,587] INFO: 	 Body Test loss: 0.17120000000000002
[2025-01-21 11:41:11,587] INFO: 	 RH Test loss: 0.22620647248930736
[2025-01-21 11:41:11,587] INFO: 	 F1 score: 0
[2025-01-21 11:41:26,983] INFO: Iter 3750 Summary: 
[2025-01-21 11:41:26,983] INFO: 	 lr: 0.009999999999999962 	 Training loss: 0.5064005190134049
[2025-01-21 11:41:27,267] INFO: 	 Body Test loss: 0.1744
[2025-01-21 11:41:27,267] INFO: 	 RH Test loss: 0.21739304496313125
[2025-01-21 11:41:27,267] INFO: 	 F1 score: 0
[2025-01-21 11:41:42,715] INFO: Iter 4000 Summary: 
[2025-01-21 11:41:42,715] INFO: 	 lr: 0.009999999999999962 	 Training loss: 0.5029303641319275
[2025-01-21 11:41:42,997] INFO: 	 Body Test loss: 0.18720000000000003
[2025-01-21 11:41:42,997] INFO: 	 RH Test loss: 0.26628315273264364
[2025-01-21 11:41:42,997] INFO: 	 F1 score: 0
[2025-01-21 11:41:58,364] INFO: Iter 4250 Summary: 
[2025-01-21 11:41:58,364] INFO: 	 lr: 0.009999999999999962 	 Training loss: 0.5005114578008651
[2025-01-21 11:41:58,650] INFO: 	 Body Test loss: 0.1764
[2025-01-21 11:41:58,650] INFO: 	 RH Test loss: 0.23567563986649848
[2025-01-21 11:41:58,650] INFO: 	 F1 score: 0
[2025-01-21 11:42:14,031] INFO: Iter 4500 Summary: 
[2025-01-21 11:42:14,031] INFO: 	 lr: 0.009999999999999962 	 Training loss: 0.4993402477502823
[2025-01-21 11:42:14,323] INFO: 	 Body Test loss: 0.162
[2025-01-21 11:42:14,323] INFO: 	 RH Test loss: 0.2218007085652925
[2025-01-21 11:42:14,323] INFO: 	 F1 score: 0
[2025-01-21 11:42:30,032] INFO: Iter 4750 Summary: 
[2025-01-21 11:42:30,032] INFO: 	 lr: 0.009999999999999962 	 Training loss: 0.49761441588401795
[2025-01-21 11:42:30,312] INFO: 	 Body Test loss: 0.18840000000000004
[2025-01-21 11:42:30,312] INFO: 	 RH Test loss: 0.26734559567655225
[2025-01-21 11:42:30,312] INFO: 	 F1 score: 0
[2025-01-21 11:42:45,751] INFO: Iter 5000 Summary: 
[2025-01-21 11:42:45,751] INFO: 	 lr: 0.009999999999999962 	 Training loss: 0.4967396001815796
[2025-01-21 11:42:46,032] INFO: 	 Body Test loss: 0.18600000000000003
[2025-01-21 11:42:46,032] INFO: 	 RH Test loss: 0.21382379699652243
[2025-01-21 11:42:46,032] INFO: 	 F1 score: 0
[2025-01-21 11:42:46,330] INFO: 	 Total number of parameters: 126558
[2025-01-21 11:42:47,062] INFO: Testing with subject ['S3'] 
[2025-01-21 11:42:47,062] INFO: Training with subjects ['S5', 'S6', 'S8', 'S9', 'S4', 'S7', 'S10'] 
[2025-01-21 11:43:02,744] INFO: Iter 250 Summary: 
[2025-01-21 11:43:02,744] INFO: 	 lr: 0.009999999999999962 	 Training loss: 2.6852136664390565
[2025-01-21 11:43:03,079] INFO: 	 Body Test loss: 0.3771999999999999
[2025-01-21 11:43:03,079] INFO: 	 RH Test loss: 0.40276396269524567
[2025-01-21 11:43:03,079] INFO: 	 F1 score: 0
[2025-01-21 11:43:18,657] INFO: Iter 500 Summary: 
[2025-01-21 11:43:18,658] INFO: 	 lr: 0.009999999999999962 	 Training loss: 0.7622878377437592
[2025-01-21 11:43:18,989] INFO: 	 Body Test loss: 0.2868
[2025-01-21 11:43:18,989] INFO: 	 RH Test loss: 0.2940599184093879
[2025-01-21 11:43:18,989] INFO: 	 F1 score: 0
[2025-01-21 11:43:34,360] INFO: Iter 750 Summary: 
[2025-01-21 11:43:34,361] INFO: 	 lr: 0.009999999999999962 	 Training loss: 0.6156218569278717
[2025-01-21 11:43:34,691] INFO: 	 Body Test loss: 0.25239999999999996
[2025-01-21 11:43:34,692] INFO: 	 RH Test loss: 0.25709133837158227
[2025-01-21 11:43:34,692] INFO: 	 F1 score: 0
[2025-01-21 11:43:50,326] INFO: Iter 1000 Summary: 
[2025-01-21 11:43:50,326] INFO: 	 lr: 0.009999999999999962 	 Training loss: 0.5898099534511566
[2025-01-21 11:43:50,662] INFO: 	 Body Test loss: 0.25079999999999997
[2025-01-21 11:43:50,662] INFO: 	 RH Test loss: 0.2716329013328898
[2025-01-21 11:43:50,662] INFO: 	 F1 score: 0
[2025-01-21 11:44:06,250] INFO: Iter 1250 Summary: 
[2025-01-21 11:44:06,250] INFO: 	 lr: 0.009999999999999962 	 Training loss: 0.5744677014350891
[2025-01-21 11:44:06,587] INFO: 	 Body Test loss: 0.2432
[2025-01-21 11:44:06,587] INFO: 	 RH Test loss: 0.27018265070511854
[2025-01-21 11:44:06,587] INFO: 	 F1 score: 0
[2025-01-21 11:44:21,999] INFO: Iter 1500 Summary: 
[2025-01-21 11:44:21,999] INFO: 	 lr: 0.009999999999999962 	 Training loss: 0.5662248932123184
[2025-01-21 11:44:22,324] INFO: 	 Body Test loss: 0.2576
[2025-01-21 11:44:22,324] INFO: 	 RH Test loss: 0.27823072683775174
[2025-01-21 11:44:22,324] INFO: 	 F1 score: 0
[2025-01-21 11:44:37,844] INFO: Iter 1750 Summary: 
[2025-01-21 11:44:37,844] INFO: 	 lr: 0.009999999999999962 	 Training loss: 0.5578262622356415
[2025-01-21 11:44:38,172] INFO: 	 Body Test loss: 0.22599999999999998
[2025-01-21 11:44:38,173] INFO: 	 RH Test loss: 0.2594496034207301
[2025-01-21 11:44:38,173] INFO: 	 F1 score: 0
[2025-01-21 11:44:53,607] INFO: Iter 2000 Summary: 
[2025-01-21 11:44:53,607] INFO: 	 lr: 0.009999999999999962 	 Training loss: 0.554241621851921
[2025-01-21 11:44:53,937] INFO: 	 Body Test loss: 0.22519999999999998
[2025-01-21 11:44:53,937] INFO: 	 RH Test loss: 0.2581974503424953
[2025-01-21 11:44:53,937] INFO: 	 F1 score: 0
[2025-01-21 11:45:09,539] INFO: Iter 2250 Summary: 
[2025-01-21 11:45:09,539] INFO: 	 lr: 0.009999999999999962 	 Training loss: 0.5487520371675492
[2025-01-21 11:45:09,878] INFO: 	 Body Test loss: 0.2352
[2025-01-21 11:45:09,878] INFO: 	 RH Test loss: 0.25538907765982016
[2025-01-21 11:45:09,878] INFO: 	 F1 score: 0
[2025-01-21 11:45:25,426] INFO: Iter 2500 Summary: 
[2025-01-21 11:45:25,427] INFO: 	 lr: 0.009999999999999962 	 Training loss: 0.5414427276849747
[2025-01-21 11:45:25,757] INFO: 	 Body Test loss: 0.23440000000000003
[2025-01-21 11:45:25,757] INFO: 	 RH Test loss: 0.24349851973467362
[2025-01-21 11:45:25,757] INFO: 	 F1 score: 0
[2025-01-21 11:45:41,222] INFO: Iter 2750 Summary: 
[2025-01-21 11:45:41,222] INFO: 	 lr: 0.009999999999999962 	 Training loss: 0.5380908372402191
[2025-01-21 11:45:41,551] INFO: 	 Body Test loss: 0.2244
[2025-01-21 11:45:41,551] INFO: 	 RH Test loss: 0.24444498515921417
[2025-01-21 11:45:41,552] INFO: 	 F1 score: 0
[2025-01-21 11:45:57,115] INFO: Iter 3000 Summary: 
[2025-01-21 11:45:57,115] INFO: 	 lr: 0.009999999999999962 	 Training loss: 0.5348934490680695
[2025-01-21 11:45:57,446] INFO: 	 Body Test loss: 0.22039999999999998
[2025-01-21 11:45:57,447] INFO: 	 RH Test loss: 0.22898692942818127
[2025-01-21 11:45:57,447] INFO: 	 F1 score: 0
[2025-01-21 11:46:12,996] INFO: Iter 3250 Summary: 
[2025-01-21 11:46:12,997] INFO: 	 lr: 0.009999999999999962 	 Training loss: 0.5325385053157806
[2025-01-21 11:46:13,331] INFO: 	 Body Test loss: 0.22639999999999996
[2025-01-21 11:46:13,332] INFO: 	 RH Test loss: 0.2413277579974552
[2025-01-21 11:46:13,332] INFO: 	 F1 score: 0
[2025-01-21 11:46:28,692] INFO: Iter 3500 Summary: 
[2025-01-21 11:46:28,693] INFO: 	 lr: 0.009999999999999962 	 Training loss: 0.5292471293210983
[2025-01-21 11:46:29,058] INFO: 	 Body Test loss: 0.2296
[2025-01-21 11:46:29,059] INFO: 	 RH Test loss: 0.24796863266348482
[2025-01-21 11:46:29,059] INFO: 	 F1 score: 0
[2025-01-21 11:46:44,689] INFO: Iter 3750 Summary: 
[2025-01-21 11:46:44,689] INFO: 	 lr: 0.009999999999999962 	 Training loss: 0.5264942458868027
[2025-01-21 11:46:45,019] INFO: 	 Body Test loss: 0.21639999999999998
[2025-01-21 11:46:45,020] INFO: 	 RH Test loss: 0.2288572926643752
[2025-01-21 11:46:45,020] INFO: 	 F1 score: 0
[2025-01-21 11:47:00,383] INFO: Iter 4000 Summary: 
[2025-01-21 11:47:00,384] INFO: 	 lr: 0.009999999999999962 	 Training loss: 0.526478392124176
[2025-01-21 11:47:00,715] INFO: 	 Body Test loss: 0.2116
[2025-01-21 11:47:00,715] INFO: 	 RH Test loss: 0.22703700276660055
[2025-01-21 11:47:00,715] INFO: 	 F1 score: 0
[2025-01-21 11:47:16,258] INFO: Iter 4250 Summary: 
[2025-01-21 11:47:16,258] INFO: 	 lr: 0.009999999999999962 	 Training loss: 0.5249073684215546
[2025-01-21 11:47:16,590] INFO: 	 Body Test loss: 0.2372
[2025-01-21 11:47:16,590] INFO: 	 RH Test loss: 0.23343341911667426
[2025-01-21 11:47:16,590] INFO: 	 F1 score: 0
[2025-01-21 11:47:32,042] INFO: Iter 4500 Summary: 
[2025-01-21 11:47:32,042] INFO: 	 lr: 0.009999999999999962 	 Training loss: 0.5172368052005768
[2025-01-21 11:47:32,376] INFO: 	 Body Test loss: 0.2088
[2025-01-21 11:47:32,377] INFO: 	 RH Test loss: 0.2323874742530984
[2025-01-21 11:47:32,377] INFO: 	 F1 score: 0
[2025-01-21 11:47:47,709] INFO: Iter 4750 Summary: 
[2025-01-21 11:47:47,709] INFO: 	 lr: 0.009999999999999962 	 Training loss: 0.5184219505786896
[2025-01-21 11:47:48,043] INFO: 	 Body Test loss: 0.22080000000000002
[2025-01-21 11:47:48,044] INFO: 	 RH Test loss: 0.24825121573451064
[2025-01-21 11:47:48,044] INFO: 	 F1 score: 0
[2025-01-21 11:48:03,563] INFO: Iter 5000 Summary: 
[2025-01-21 11:48:03,563] INFO: 	 lr: 0.009999999999999962 	 Training loss: 0.513359635591507
[2025-01-21 11:48:03,897] INFO: 	 Body Test loss: 0.21040000000000003
[2025-01-21 11:48:03,897] INFO: 	 RH Test loss: 0.23672776970978585
[2025-01-21 11:48:03,897] INFO: 	 F1 score: 0
[2025-01-21 11:48:04,251] INFO: 	 Total number of parameters: 126558
[2025-01-21 11:48:04,967] INFO: Testing with subject ['S6'] 
[2025-01-21 11:48:04,967] INFO: Training with subjects ['S5', 'S3', 'S8', 'S9', 'S4', 'S7', 'S10'] 
[2025-01-21 11:48:20,550] INFO: Iter 250 Summary: 
[2025-01-21 11:48:20,550] INFO: 	 lr: 0.009999999999999962 	 Training loss: 1.0972054810523988
[2025-01-21 11:48:20,892] INFO: 	 Body Test loss: 0.26
[2025-01-21 11:48:20,892] INFO: 	 RH Test loss: 0.2782662003930714
[2025-01-21 11:48:20,892] INFO: 	 F1 score: 0
[2025-01-21 11:48:36,594] INFO: Iter 500 Summary: 
[2025-01-21 11:48:36,594] INFO: 	 lr: 0.009999999999999962 	 Training loss: 0.6099579989910126
[2025-01-21 11:48:36,931] INFO: 	 Body Test loss: 0.20319999999999996
[2025-01-21 11:48:36,931] INFO: 	 RH Test loss: 0.22441977635290974
[2025-01-21 11:48:36,931] INFO: 	 F1 score: 0
[2025-01-21 11:48:52,338] INFO: Iter 750 Summary: 
[2025-01-21 11:48:52,339] INFO: 	 lr: 0.009999999999999962 	 Training loss: 0.5705097397565841
[2025-01-21 11:48:52,682] INFO: 	 Body Test loss: 0.2152
[2025-01-21 11:48:52,682] INFO: 	 RH Test loss: 0.2530776031953365
[2025-01-21 11:48:52,682] INFO: 	 F1 score: 0
[2025-01-21 11:49:08,224] INFO: Iter 1000 Summary: 
[2025-01-21 11:49:08,225] INFO: 	 lr: 0.009999999999999962 	 Training loss: 0.5576487114429474
[2025-01-21 11:49:08,567] INFO: 	 Body Test loss: 0.22519999999999996
[2025-01-21 11:49:08,568] INFO: 	 RH Test loss: 0.2524385305892589
[2025-01-21 11:49:08,568] INFO: 	 F1 score: 0
[2025-01-21 11:49:24,091] INFO: Iter 1250 Summary: 
[2025-01-21 11:49:24,092] INFO: 	 lr: 0.009999999999999962 	 Training loss: 0.5484192740917205
[2025-01-21 11:49:24,428] INFO: 	 Body Test loss: 0.21760000000000002
[2025-01-21 11:49:24,428] INFO: 	 RH Test loss: 0.26490222385578704
[2025-01-21 11:49:24,428] INFO: 	 F1 score: 0
[2025-01-21 11:49:39,849] INFO: Iter 1500 Summary: 
[2025-01-21 11:49:39,849] INFO: 	 lr: 0.009999999999999962 	 Training loss: 0.542910471200943
[2025-01-21 11:49:40,188] INFO: 	 Body Test loss: 0.20560000000000003
[2025-01-21 11:49:40,188] INFO: 	 RH Test loss: 0.23026141100151595
[2025-01-21 11:49:40,188] INFO: 	 F1 score: 0
[2025-01-21 11:49:55,802] INFO: Iter 1750 Summary: 
[2025-01-21 11:49:55,802] INFO: 	 lr: 0.009999999999999962 	 Training loss: 0.5366547728776931
[2025-01-21 11:49:56,145] INFO: 	 Body Test loss: 0.1904
[2025-01-21 11:49:56,145] INFO: 	 RH Test loss: 0.22317277253407947
[2025-01-21 11:49:56,145] INFO: 	 F1 score: 0
[2025-01-21 11:50:11,590] INFO: Iter 2000 Summary: 
[2025-01-21 11:50:11,590] INFO: 	 lr: 0.009999999999999962 	 Training loss: 0.5339042831659317
[2025-01-21 11:50:11,926] INFO: 	 Body Test loss: 0.20960000000000004
[2025-01-21 11:50:11,926] INFO: 	 RH Test loss: 0.2576247447753572
[2025-01-21 11:50:11,926] INFO: 	 F1 score: 0
[2025-01-21 11:50:27,524] INFO: Iter 2250 Summary: 
[2025-01-21 11:50:27,524] INFO: 	 lr: 0.009999999999999962 	 Training loss: 0.5279609181880951
[2025-01-21 11:50:27,864] INFO: 	 Body Test loss: 0.18480000000000005
[2025-01-21 11:50:27,864] INFO: 	 RH Test loss: 0.21754400112397365
[2025-01-21 11:50:27,864] INFO: 	 F1 score: 0
[2025-01-21 11:50:43,360] INFO: Iter 2500 Summary: 
[2025-01-21 11:50:43,361] INFO: 	 lr: 0.009999999999999962 	 Training loss: 0.5254965370893478
[2025-01-21 11:50:43,696] INFO: 	 Body Test loss: 0.21480000000000005
[2025-01-21 11:50:43,696] INFO: 	 RH Test loss: 0.2438247621434495
[2025-01-21 11:50:43,696] INFO: 	 F1 score: 0
[2025-01-21 11:50:59,165] INFO: Iter 2750 Summary: 
[2025-01-21 11:50:59,165] INFO: 	 lr: 0.009999999999999962 	 Training loss: 0.5233821654319764
[2025-01-21 11:50:59,524] INFO: 	 Body Test loss: 0.1876
[2025-01-21 11:50:59,524] INFO: 	 RH Test loss: 0.22367276151268325
[2025-01-21 11:50:59,525] INFO: 	 F1 score: 0
[2025-01-21 11:51:15,101] INFO: Iter 3000 Summary: 
[2025-01-21 11:51:15,101] INFO: 	 lr: 0.009999999999999962 	 Training loss: 0.5198298236131668
[2025-01-21 11:51:15,436] INFO: 	 Body Test loss: 0.18960000000000002
[2025-01-21 11:51:15,436] INFO: 	 RH Test loss: 0.2283091746015849
[2025-01-21 11:51:15,436] INFO: 	 F1 score: 0
[2025-01-21 11:51:30,920] INFO: Iter 3250 Summary: 
[2025-01-21 11:51:30,920] INFO: 	 lr: 0.009999999999999962 	 Training loss: 0.5174733951091767
[2025-01-21 11:51:31,254] INFO: 	 Body Test loss: 0.1844
[2025-01-21 11:51:31,255] INFO: 	 RH Test loss: 0.2267967495481228
[2025-01-21 11:51:31,255] INFO: 	 F1 score: 0
[2025-01-21 11:51:46,587] INFO: Iter 3500 Summary: 
[2025-01-21 11:51:46,587] INFO: 	 lr: 0.009999999999999962 	 Training loss: 0.5169553105831146
[2025-01-21 11:51:46,924] INFO: 	 Body Test loss: 0.17600000000000002
[2025-01-21 11:51:46,924] INFO: 	 RH Test loss: 0.21034945546683798
[2025-01-21 11:51:46,924] INFO: 	 F1 score: 0
[2025-01-21 11:52:02,387] INFO: Iter 3750 Summary: 
[2025-01-21 11:52:02,388] INFO: 	 lr: 0.009999999999999962 	 Training loss: 0.5151652392148972
[2025-01-21 11:52:02,720] INFO: 	 Body Test loss: 0.20440000000000003
[2025-01-21 11:52:02,721] INFO: 	 RH Test loss: 0.2508293889746294
[2025-01-21 11:52:02,721] INFO: 	 F1 score: 0
[2025-01-21 11:52:18,119] INFO: Iter 4000 Summary: 
[2025-01-21 11:52:18,119] INFO: 	 lr: 0.009999999999999962 	 Training loss: 0.5137136883735657
[2025-01-21 11:52:18,454] INFO: 	 Body Test loss: 0.24359999999999998
[2025-01-21 11:52:18,454] INFO: 	 RH Test loss: 0.30536003741617895
[2025-01-21 11:52:18,454] INFO: 	 F1 score: 0
[2025-01-21 11:52:34,038] INFO: Iter 4250 Summary: 
[2025-01-21 11:52:34,038] INFO: 	 lr: 0.009999999999999962 	 Training loss: 0.5124803686141968
[2025-01-21 11:52:34,381] INFO: 	 Body Test loss: 0.1824
[2025-01-21 11:52:34,381] INFO: 	 RH Test loss: 0.2364469161862061
[2025-01-21 11:52:34,381] INFO: 	 F1 score: 0
[2025-01-21 11:52:49,888] INFO: Iter 4500 Summary: 
[2025-01-21 11:52:49,888] INFO: 	 lr: 0.009999999999999962 	 Training loss: 0.5111612644195557
[2025-01-21 11:52:50,231] INFO: 	 Body Test loss: 0.18799999999999997
[2025-01-21 11:52:50,231] INFO: 	 RH Test loss: 0.2328725298452312
[2025-01-21 11:52:50,231] INFO: 	 F1 score: 0
[2025-01-21 11:53:05,677] INFO: Iter 4750 Summary: 
[2025-01-21 11:53:05,678] INFO: 	 lr: 0.009999999999999962 	 Training loss: 0.5071532191038132
[2025-01-21 11:53:06,031] INFO: 	 Body Test loss: 0.18720000000000003
[2025-01-21 11:53:06,032] INFO: 	 RH Test loss: 0.242712910256862
[2025-01-21 11:53:06,032] INFO: 	 F1 score: 0
[2025-01-21 11:53:21,957] INFO: Iter 5000 Summary: 
[2025-01-21 11:53:21,957] INFO: 	 lr: 0.009999999999999962 	 Training loss: 0.5017649171352386
[2025-01-21 11:53:22,299] INFO: 	 Body Test loss: 0.20960000000000004
[2025-01-21 11:53:22,299] INFO: 	 RH Test loss: 0.25724770975178146
[2025-01-21 11:53:22,299] INFO: 	 F1 score: 0
[2025-01-21 11:53:22,652] INFO: 	 Total number of parameters: 126558
[2025-01-21 11:53:23,434] INFO: Testing with subject ['S8'] 
[2025-01-21 11:53:23,434] INFO: Training with subjects ['S5', 'S3', 'S6', 'S9', 'S4', 'S7', 'S10'] 
[2025-01-21 11:53:39,005] INFO: Iter 250 Summary: 
[2025-01-21 11:53:39,005] INFO: 	 lr: 0.009999999999999962 	 Training loss: 1.140359325647354
[2025-01-21 11:53:39,387] INFO: 	 Body Test loss: 0.20440000000000003
[2025-01-21 11:53:39,387] INFO: 	 RH Test loss: 0.2392287635803223
[2025-01-21 11:53:39,387] INFO: 	 F1 score: 0
[2025-01-21 11:53:54,897] INFO: Iter 500 Summary: 
[2025-01-21 11:53:54,897] INFO: 	 lr: 0.009999999999999962 	 Training loss: 0.5833310155868531
[2025-01-21 11:53:55,282] INFO: 	 Body Test loss: 0.17200000000000004
[2025-01-21 11:53:55,283] INFO: 	 RH Test loss: 0.2051476505060941
[2025-01-21 11:53:55,283] INFO: 	 F1 score: 0
[2025-01-21 11:54:10,695] INFO: Iter 750 Summary: 
[2025-01-21 11:54:10,695] INFO: 	 lr: 0.009999999999999962 	 Training loss: 0.5619176185131073
[2025-01-21 11:54:11,079] INFO: 	 Body Test loss: 0.17880000000000001
[2025-01-21 11:54:11,079] INFO: 	 RH Test loss: 0.22106466426056637
[2025-01-21 11:54:11,079] INFO: 	 F1 score: 0
[2025-01-21 11:54:26,518] INFO: Iter 1000 Summary: 
[2025-01-21 11:54:26,519] INFO: 	 lr: 0.009999999999999962 	 Training loss: 0.5518234163522721
[2025-01-21 11:54:26,908] INFO: 	 Body Test loss: 0.1744
[2025-01-21 11:54:26,908] INFO: 	 RH Test loss: 0.20617809270130902
[2025-01-21 11:54:26,908] INFO: 	 F1 score: 0
[2025-01-21 11:54:42,342] INFO: Iter 1250 Summary: 
[2025-01-21 11:54:42,343] INFO: 	 lr: 0.009999999999999962 	 Training loss: 0.5409202710390091
[2025-01-21 11:54:42,725] INFO: 	 Body Test loss: 0.1584
[2025-01-21 11:54:42,725] INFO: 	 RH Test loss: 0.19995623832385548
[2025-01-21 11:54:42,725] INFO: 	 F1 score: 0
[2025-01-21 11:54:58,091] INFO: Iter 1500 Summary: 
[2025-01-21 11:54:58,091] INFO: 	 lr: 0.009999999999999962 	 Training loss: 0.5338168318271637
[2025-01-21 11:54:58,477] INFO: 	 Body Test loss: 0.1668
[2025-01-21 11:54:58,478] INFO: 	 RH Test loss: 0.2100438869149619
[2025-01-21 11:54:58,478] INFO: 	 F1 score: 0
[2025-01-21 11:55:13,986] INFO: Iter 1750 Summary: 
[2025-01-21 11:55:13,987] INFO: 	 lr: 0.009999999999999962 	 Training loss: 0.5239688757658004
[2025-01-21 11:55:14,370] INFO: 	 Body Test loss: 0.166
[2025-01-21 11:55:14,370] INFO: 	 RH Test loss: 0.20810629269938627
[2025-01-21 11:55:14,370] INFO: 	 F1 score: 0
[2025-01-21 11:55:29,740] INFO: Iter 2000 Summary: 
[2025-01-21 11:55:29,741] INFO: 	 lr: 0.009999999999999962 	 Training loss: 0.5201664974689484
[2025-01-21 11:55:30,124] INFO: 	 Body Test loss: 0.1848
[2025-01-21 11:55:30,125] INFO: 	 RH Test loss: 0.2084715798819996
[2025-01-21 11:55:30,125] INFO: 	 F1 score: 0
[2025-01-21 11:55:45,711] INFO: Iter 2250 Summary: 
[2025-01-21 11:55:45,711] INFO: 	 lr: 0.009999999999999962 	 Training loss: 0.5191932334899902
[2025-01-21 11:55:46,092] INFO: 	 Body Test loss: 0.1572
[2025-01-21 11:55:46,092] INFO: 	 RH Test loss: 0.18962468463767987
[2025-01-21 11:55:46,092] INFO: 	 F1 score: 0
[2025-01-21 11:56:01,623] INFO: Iter 2500 Summary: 
[2025-01-21 11:56:01,624] INFO: 	 lr: 0.009999999999999962 	 Training loss: 0.519328055381775
[2025-01-21 11:56:02,005] INFO: 	 Body Test loss: 0.20320000000000005
[2025-01-21 11:56:02,005] INFO: 	 RH Test loss: 0.22080520778218804
[2025-01-21 11:56:02,005] INFO: 	 F1 score: 0
[2025-01-21 11:56:17,363] INFO: Iter 2750 Summary: 
[2025-01-21 11:56:17,363] INFO: 	 lr: 0.009999999999999962 	 Training loss: 0.5129629420042038
[2025-01-21 11:56:17,749] INFO: 	 Body Test loss: 0.15200000000000002
[2025-01-21 11:56:17,750] INFO: 	 RH Test loss: 0.18644814018038114
[2025-01-21 11:56:17,750] INFO: 	 F1 score: 0
[2025-01-21 11:56:33,263] INFO: Iter 3000 Summary: 
[2025-01-21 11:56:33,264] INFO: 	 lr: 0.009999999999999962 	 Training loss: 0.5121221623420715
[2025-01-21 11:56:33,648] INFO: 	 Body Test loss: 0.18
[2025-01-21 11:56:33,648] INFO: 	 RH Test loss: 0.21493510696689788
[2025-01-21 11:56:33,648] INFO: 	 F1 score: 0
[2025-01-21 11:56:49,118] INFO: Iter 3250 Summary: 
[2025-01-21 11:56:49,119] INFO: 	 lr: 0.009999999999999962 	 Training loss: 0.5096563715934753
[2025-01-21 11:56:49,502] INFO: 	 Body Test loss: 0.1612
[2025-01-21 11:56:49,502] INFO: 	 RH Test loss: 0.19131517368540055
[2025-01-21 11:56:49,502] INFO: 	 F1 score: 0
[2025-01-21 11:57:04,912] INFO: Iter 3500 Summary: 
[2025-01-21 11:57:04,912] INFO: 	 lr: 0.009999999999999962 	 Training loss: 0.5037077457904816
[2025-01-21 11:57:05,296] INFO: 	 Body Test loss: 0.16440000000000002
[2025-01-21 11:57:05,296] INFO: 	 RH Test loss: 0.19623420513847312
[2025-01-21 11:57:05,296] INFO: 	 F1 score: 0
[2025-01-21 11:57:20,811] INFO: Iter 3750 Summary: 
[2025-01-21 11:57:20,811] INFO: 	 lr: 0.009999999999999962 	 Training loss: 0.500024691581726
[2025-01-21 11:57:21,189] INFO: 	 Body Test loss: 0.18840000000000004
[2025-01-21 11:57:21,189] INFO: 	 RH Test loss: 0.21718367101563615
[2025-01-21 11:57:21,189] INFO: 	 F1 score: 0
[2025-01-21 11:57:36,528] INFO: Iter 4000 Summary: 
[2025-01-21 11:57:36,528] INFO: 	 lr: 0.009999999999999962 	 Training loss: 0.49970121097564696
[2025-01-21 11:57:36,915] INFO: 	 Body Test loss: 0.1552
[2025-01-21 11:57:36,915] INFO: 	 RH Test loss: 0.19499237678513417
[2025-01-21 11:57:36,915] INFO: 	 F1 score: 0
[2025-01-21 11:57:52,526] INFO: Iter 4250 Summary: 
[2025-01-21 11:57:52,526] INFO: 	 lr: 0.009999999999999962 	 Training loss: 0.49496564793586734
[2025-01-21 11:57:52,910] INFO: 	 Body Test loss: 0.17920000000000003
[2025-01-21 11:57:52,910] INFO: 	 RH Test loss: 0.19431214257511742
[2025-01-21 11:57:52,910] INFO: 	 F1 score: 0
[2025-01-21 11:58:08,419] INFO: Iter 4500 Summary: 
[2025-01-21 11:58:08,420] INFO: 	 lr: 0.009999999999999962 	 Training loss: 0.49156323885917663
[2025-01-21 11:58:08,807] INFO: 	 Body Test loss: 0.16560000000000002
[2025-01-21 11:58:08,808] INFO: 	 RH Test loss: 0.1876961109049674
[2025-01-21 11:58:08,808] INFO: 	 F1 score: 0
[2025-01-21 11:58:24,237] INFO: Iter 4750 Summary: 
[2025-01-21 11:58:24,237] INFO: 	 lr: 0.009999999999999962 	 Training loss: 0.49055291604995727
[2025-01-21 11:58:24,622] INFO: 	 Body Test loss: 0.1548
[2025-01-21 11:58:24,622] INFO: 	 RH Test loss: 0.17711197042345103
[2025-01-21 11:58:24,622] INFO: 	 F1 score: 0
[2025-01-21 11:58:40,135] INFO: Iter 5000 Summary: 
[2025-01-21 11:58:40,135] INFO: 	 lr: 0.009999999999999962 	 Training loss: 0.4895337715148926
[2025-01-21 11:58:40,517] INFO: 	 Body Test loss: 0.1588
[2025-01-21 11:58:40,518] INFO: 	 RH Test loss: 0.19249547380344093
[2025-01-21 11:58:40,518] INFO: 	 F1 score: 0
[2025-01-21 11:58:40,916] INFO: 	 Total number of parameters: 126558
[2025-01-21 11:58:41,618] INFO: Testing with subject ['S9'] 
[2025-01-21 11:58:41,618] INFO: Training with subjects ['S5', 'S3', 'S6', 'S8', 'S4', 'S7', 'S10'] 
[2025-01-21 11:58:57,119] INFO: Iter 250 Summary: 
[2025-01-21 11:58:57,119] INFO: 	 lr: 0.009999999999999962 	 Training loss: 4.49680883026123
[2025-01-21 11:58:57,504] INFO: 	 Body Test loss: 0.6564
[2025-01-21 11:58:57,505] INFO: 	 RH Test loss: 0.5569268430184902
[2025-01-21 11:58:57,505] INFO: 	 F1 score: 0
[2025-01-21 11:59:12,983] INFO: Iter 500 Summary: 
[2025-01-21 11:59:12,983] INFO: 	 lr: 0.009999999999999962 	 Training loss: 1.3221728885173798
[2025-01-21 11:59:13,368] INFO: 	 Body Test loss: 0.39039999999999997
[2025-01-21 11:59:13,368] INFO: 	 RH Test loss: 0.37902032103960126
[2025-01-21 11:59:13,368] INFO: 	 F1 score: 0
[2025-01-21 11:59:28,859] INFO: Iter 750 Summary: 
[2025-01-21 11:59:28,859] INFO: 	 lr: 0.009999999999999962 	 Training loss: 0.7996272704601288
[2025-01-21 11:59:29,245] INFO: 	 Body Test loss: 0.298
[2025-01-21 11:59:29,245] INFO: 	 RH Test loss: 0.3236871510692136
[2025-01-21 11:59:29,245] INFO: 	 F1 score: 0
[2025-01-21 11:59:44,815] INFO: Iter 1000 Summary: 
[2025-01-21 11:59:44,815] INFO: 	 lr: 0.009999999999999962 	 Training loss: 0.6531086905002594
[2025-01-21 11:59:45,199] INFO: 	 Body Test loss: 0.22640000000000002
[2025-01-21 11:59:45,200] INFO: 	 RH Test loss: 0.2508931703199337
[2025-01-21 11:59:45,200] INFO: 	 F1 score: 0
[2025-01-21 12:00:00,655] INFO: Iter 1250 Summary: 
[2025-01-21 12:00:00,655] INFO: 	 lr: 0.009999999999999962 	 Training loss: 0.6007516150474548
[2025-01-21 12:00:01,045] INFO: 	 Body Test loss: 0.20920000000000002
[2025-01-21 12:00:01,045] INFO: 	 RH Test loss: 0.2267278312063158
[2025-01-21 12:00:01,045] INFO: 	 F1 score: 0
[2025-01-21 12:00:16,353] INFO: Iter 1500 Summary: 
[2025-01-21 12:00:16,354] INFO: 	 lr: 0.009999999999999962 	 Training loss: 0.5768962125778199
[2025-01-21 12:00:16,745] INFO: 	 Body Test loss: 0.19520000000000004
[2025-01-21 12:00:16,745] INFO: 	 RH Test loss: 0.2095874965235424
[2025-01-21 12:00:16,745] INFO: 	 F1 score: 0
[2025-01-21 12:00:32,242] INFO: Iter 1750 Summary: 
[2025-01-21 12:00:32,242] INFO: 	 lr: 0.009999999999999962 	 Training loss: 0.5682648864984512
[2025-01-21 12:00:32,632] INFO: 	 Body Test loss: 0.19119999999999998
[2025-01-21 12:00:32,632] INFO: 	 RH Test loss: 0.20844386049700556
[2025-01-21 12:00:32,633] INFO: 	 F1 score: 0
[2025-01-21 12:00:48,047] INFO: Iter 2000 Summary: 
[2025-01-21 12:00:48,047] INFO: 	 lr: 0.009999999999999962 	 Training loss: 0.5578672432899475
[2025-01-21 12:00:48,432] INFO: 	 Body Test loss: 0.196
[2025-01-21 12:00:48,433] INFO: 	 RH Test loss: 0.21050351607844064
[2025-01-21 12:00:48,433] INFO: 	 F1 score: 0
[2025-01-21 12:01:03,971] INFO: Iter 2250 Summary: 
[2025-01-21 12:01:03,971] INFO: 	 lr: 0.009999999999999962 	 Training loss: 0.5529200046062469
[2025-01-21 12:01:04,360] INFO: 	 Body Test loss: 0.17800000000000002
[2025-01-21 12:01:04,360] INFO: 	 RH Test loss: 0.19967033828626085
[2025-01-21 12:01:04,360] INFO: 	 F1 score: 0
[2025-01-21 12:01:19,919] INFO: Iter 2500 Summary: 
[2025-01-21 12:01:19,919] INFO: 	 lr: 0.009999999999999962 	 Training loss: 0.5476226863861084
[2025-01-21 12:01:20,304] INFO: 	 Body Test loss: 0.18200000000000002
[2025-01-21 12:01:20,305] INFO: 	 RH Test loss: 0.19540962389664515
[2025-01-21 12:01:20,305] INFO: 	 F1 score: 0
[2025-01-21 12:01:35,645] INFO: Iter 2750 Summary: 
[2025-01-21 12:01:35,646] INFO: 	 lr: 0.009999999999999962 	 Training loss: 0.5394436100721359
[2025-01-21 12:01:36,029] INFO: 	 Body Test loss: 0.1824
[2025-01-21 12:01:36,029] INFO: 	 RH Test loss: 0.19861311620377364
[2025-01-21 12:01:36,029] INFO: 	 F1 score: 0
[2025-01-21 12:01:51,504] INFO: Iter 3000 Summary: 
[2025-01-21 12:01:51,505] INFO: 	 lr: 0.009999999999999962 	 Training loss: 0.5332218767404556
[2025-01-21 12:01:51,889] INFO: 	 Body Test loss: 0.1864
[2025-01-21 12:01:51,889] INFO: 	 RH Test loss: 0.20664506844536007
[2025-01-21 12:01:51,889] INFO: 	 F1 score: 0
[2025-01-21 12:02:07,348] INFO: Iter 3250 Summary: 
[2025-01-21 12:02:07,348] INFO: 	 lr: 0.009999999999999962 	 Training loss: 0.5327113339900971
[2025-01-21 12:02:07,730] INFO: 	 Body Test loss: 0.18359999999999999
[2025-01-21 12:02:07,730] INFO: 	 RH Test loss: 0.20222433829515393
[2025-01-21 12:02:07,730] INFO: 	 F1 score: 0
[2025-01-21 12:02:23,124] INFO: Iter 3500 Summary: 
[2025-01-21 12:02:23,124] INFO: 	 lr: 0.009999999999999962 	 Training loss: 0.5253439894914627
[2025-01-21 12:02:23,508] INFO: 	 Body Test loss: 0.17600000000000002
[2025-01-21 12:02:23,508] INFO: 	 RH Test loss: 0.19680289462078854
[2025-01-21 12:02:23,508] INFO: 	 F1 score: 0
[2025-01-21 12:02:38,993] INFO: Iter 3750 Summary: 
[2025-01-21 12:02:38,993] INFO: 	 lr: 0.009999999999999962 	 Training loss: 0.5243181126117706
[2025-01-21 12:02:39,381] INFO: 	 Body Test loss: 0.17240000000000003
[2025-01-21 12:02:39,381] INFO: 	 RH Test loss: 0.1893619945426361
[2025-01-21 12:02:39,381] INFO: 	 F1 score: 0
[2025-01-21 12:02:54,720] INFO: Iter 4000 Summary: 
[2025-01-21 12:02:54,720] INFO: 	 lr: 0.009999999999999962 	 Training loss: 0.5181783074140549
[2025-01-21 12:02:55,107] INFO: 	 Body Test loss: 0.16959999999999997
[2025-01-21 12:02:55,107] INFO: 	 RH Test loss: 0.19044623233609895
[2025-01-21 12:02:55,107] INFO: 	 F1 score: 0
[2025-01-21 12:03:10,588] INFO: Iter 4250 Summary: 
[2025-01-21 12:03:10,589] INFO: 	 lr: 0.009999999999999962 	 Training loss: 0.5176869131326676
[2025-01-21 12:03:10,977] INFO: 	 Body Test loss: 0.16399999999999998
[2025-01-21 12:03:10,977] INFO: 	 RH Test loss: 0.19057069143055383
[2025-01-21 12:03:10,977] INFO: 	 F1 score: 0
[2025-01-21 12:03:26,513] INFO: Iter 4500 Summary: 
[2025-01-21 12:03:26,513] INFO: 	 lr: 0.009999999999999962 	 Training loss: 0.5162805551290512
[2025-01-21 12:03:26,898] INFO: 	 Body Test loss: 0.1708
[2025-01-21 12:03:26,898] INFO: 	 RH Test loss: 0.1916322697025456
[2025-01-21 12:03:26,898] INFO: 	 F1 score: 0
[2025-01-21 12:03:42,320] INFO: Iter 4750 Summary: 
[2025-01-21 12:03:42,321] INFO: 	 lr: 0.009999999999999962 	 Training loss: 0.5126346735954285
[2025-01-21 12:03:42,711] INFO: 	 Body Test loss: 0.1708
[2025-01-21 12:03:42,711] INFO: 	 RH Test loss: 0.20051328914400057
[2025-01-21 12:03:42,711] INFO: 	 F1 score: 0
[2025-01-21 12:03:58,203] INFO: Iter 5000 Summary: 
[2025-01-21 12:03:58,203] INFO: 	 lr: 0.009999999999999962 	 Training loss: 0.5100990203619004
[2025-01-21 12:03:58,591] INFO: 	 Body Test loss: 0.1648
[2025-01-21 12:03:58,591] INFO: 	 RH Test loss: 0.1871434335067293
[2025-01-21 12:03:58,591] INFO: 	 F1 score: 0
[2025-01-21 12:03:58,991] INFO: 	 Total number of parameters: 126558
[2025-01-21 12:03:59,720] INFO: Testing with subject ['S4'] 
[2025-01-21 12:03:59,720] INFO: Training with subjects ['S5', 'S3', 'S6', 'S8', 'S9', 'S7', 'S10'] 
[2025-01-21 12:04:15,260] INFO: Iter 250 Summary: 
[2025-01-21 12:04:15,260] INFO: 	 lr: 0.009999999999999962 	 Training loss: 1.1863607637882232
[2025-01-21 12:04:15,552] INFO: 	 Body Test loss: 0.28
[2025-01-21 12:04:15,552] INFO: 	 RH Test loss: 0.27998278770258245
[2025-01-21 12:04:15,552] INFO: 	 F1 score: 0
[2025-01-21 12:04:31,066] INFO: Iter 500 Summary: 
[2025-01-21 12:04:31,066] INFO: 	 lr: 0.009999999999999962 	 Training loss: 0.6164620103836059
[2025-01-21 12:04:31,362] INFO: 	 Body Test loss: 0.2384
[2025-01-21 12:04:31,362] INFO: 	 RH Test loss: 0.25787096623730227
[2025-01-21 12:04:31,362] INFO: 	 F1 score: 0
[2025-01-21 12:04:46,847] INFO: Iter 750 Summary: 
[2025-01-21 12:04:46,847] INFO: 	 lr: 0.009999999999999962 	 Training loss: 0.5687702076435089
[2025-01-21 12:04:47,136] INFO: 	 Body Test loss: 0.18359999999999999
[2025-01-21 12:04:47,137] INFO: 	 RH Test loss: 0.18536197055898349
[2025-01-21 12:04:47,137] INFO: 	 F1 score: 0
[2025-01-21 12:05:02,686] INFO: Iter 1000 Summary: 
[2025-01-21 12:05:02,686] INFO: 	 lr: 0.009999999999999962 	 Training loss: 0.5490728559494018
[2025-01-21 12:05:02,980] INFO: 	 Body Test loss: 0.1752
[2025-01-21 12:05:02,981] INFO: 	 RH Test loss: 0.20315472868364765
[2025-01-21 12:05:02,981] INFO: 	 F1 score: 0
[2025-01-21 12:05:18,542] INFO: Iter 1250 Summary: 
[2025-01-21 12:05:18,542] INFO: 	 lr: 0.009999999999999962 	 Training loss: 0.5398176531791687
[2025-01-21 12:05:18,835] INFO: 	 Body Test loss: 0.17720000000000002
[2025-01-21 12:05:18,836] INFO: 	 RH Test loss: 0.18487032448833035
[2025-01-21 12:05:18,836] INFO: 	 F1 score: 0
[2025-01-21 12:05:34,259] INFO: Iter 1500 Summary: 
[2025-01-21 12:05:34,259] INFO: 	 lr: 0.009999999999999962 	 Training loss: 0.5335494364500046
[2025-01-21 12:05:34,550] INFO: 	 Body Test loss: 0.17
[2025-01-21 12:05:34,550] INFO: 	 RH Test loss: 0.18796279913511071
[2025-01-21 12:05:34,550] INFO: 	 F1 score: 0
[2025-01-21 12:05:50,133] INFO: Iter 1750 Summary: 
[2025-01-21 12:05:50,133] INFO: 	 lr: 0.009999999999999962 	 Training loss: 0.5278975998163223
[2025-01-21 12:05:50,434] INFO: 	 Body Test loss: 0.1672
[2025-01-21 12:05:50,435] INFO: 	 RH Test loss: 0.19184972693931923
[2025-01-21 12:05:50,435] INFO: 	 F1 score: 0
[2025-01-21 12:06:05,863] INFO: Iter 2000 Summary: 
[2025-01-21 12:06:05,863] INFO: 	 lr: 0.009999999999999962 	 Training loss: 0.5253995106220245
[2025-01-21 12:06:06,152] INFO: 	 Body Test loss: 0.16400000000000003
[2025-01-21 12:06:06,152] INFO: 	 RH Test loss: 0.21473641551110456
[2025-01-21 12:06:06,153] INFO: 	 F1 score: 0
[2025-01-21 12:06:21,672] INFO: Iter 2250 Summary: 
[2025-01-21 12:06:21,672] INFO: 	 lr: 0.009999999999999962 	 Training loss: 0.5227981517314911
[2025-01-21 12:06:21,960] INFO: 	 Body Test loss: 0.1588
[2025-01-21 12:06:21,961] INFO: 	 RH Test loss: 0.1859969234937891
[2025-01-21 12:06:21,961] INFO: 	 F1 score: 0
[2025-01-21 12:06:37,462] INFO: Iter 2500 Summary: 
[2025-01-21 12:06:37,462] INFO: 	 lr: 0.009999999999999962 	 Training loss: 0.5198090319633484
[2025-01-21 12:06:37,754] INFO: 	 Body Test loss: 0.1812
[2025-01-21 12:06:37,754] INFO: 	 RH Test loss: 0.23352508937703717
[2025-01-21 12:06:37,754] INFO: 	 F1 score: 0
[2025-01-21 12:06:53,118] INFO: Iter 2750 Summary: 
[2025-01-21 12:06:53,118] INFO: 	 lr: 0.009999999999999962 	 Training loss: 0.5179278581142426
[2025-01-21 12:06:53,412] INFO: 	 Body Test loss: 0.16240000000000002
[2025-01-21 12:06:53,412] INFO: 	 RH Test loss: 0.1792321156119986
[2025-01-21 12:06:53,412] INFO: 	 F1 score: 0
[2025-01-21 12:07:08,896] INFO: Iter 3000 Summary: 
[2025-01-21 12:07:08,896] INFO: 	 lr: 0.009999999999999962 	 Training loss: 0.5150774335861206
[2025-01-21 12:07:09,187] INFO: 	 Body Test loss: 0.1604
[2025-01-21 12:07:09,187] INFO: 	 RH Test loss: 0.2065330082109379
[2025-01-21 12:07:09,187] INFO: 	 F1 score: 0
[2025-01-21 12:07:24,723] INFO: Iter 3250 Summary: 
[2025-01-21 12:07:24,723] INFO: 	 lr: 0.009999999999999962 	 Training loss: 0.5129537885189056
[2025-01-21 12:07:25,012] INFO: 	 Body Test loss: 0.1632
[2025-01-21 12:07:25,013] INFO: 	 RH Test loss: 0.18083132231647928
[2025-01-21 12:07:25,013] INFO: 	 F1 score: 0
[2025-01-21 12:07:40,336] INFO: Iter 3500 Summary: 
[2025-01-21 12:07:40,336] INFO: 	 lr: 0.009999999999999962 	 Training loss: 0.512180905342102
[2025-01-21 12:07:40,625] INFO: 	 Body Test loss: 0.156
[2025-01-21 12:07:40,625] INFO: 	 RH Test loss: 0.2062927966141426
[2025-01-21 12:07:40,625] INFO: 	 F1 score: 0
[2025-01-21 12:07:56,113] INFO: Iter 3750 Summary: 
[2025-01-21 12:07:56,113] INFO: 	 lr: 0.009999999999999962 	 Training loss: 0.5130013954639435
[2025-01-21 12:07:56,403] INFO: 	 Body Test loss: 0.1632
[2025-01-21 12:07:56,404] INFO: 	 RH Test loss: 0.2005075780720844
[2025-01-21 12:07:56,404] INFO: 	 F1 score: 0
[2025-01-21 12:08:11,821] INFO: Iter 4000 Summary: 
[2025-01-21 12:08:11,822] INFO: 	 lr: 0.009999999999999962 	 Training loss: 0.5070869241952896
[2025-01-21 12:08:12,109] INFO: 	 Body Test loss: 0.16999999999999996
[2025-01-21 12:08:12,110] INFO: 	 RH Test loss: 0.22256431709993416
[2025-01-21 12:08:12,110] INFO: 	 F1 score: 0
[2025-01-21 12:08:27,639] INFO: Iter 4250 Summary: 
[2025-01-21 12:08:27,639] INFO: 	 lr: 0.009999999999999962 	 Training loss: 0.5009365200996398
[2025-01-21 12:08:27,927] INFO: 	 Body Test loss: 0.16520000000000004
[2025-01-21 12:08:27,928] INFO: 	 RH Test loss: 0.23469495952423952
[2025-01-21 12:08:27,928] INFO: 	 F1 score: 0
[2025-01-21 12:08:43,427] INFO: Iter 4500 Summary: 
[2025-01-21 12:08:43,427] INFO: 	 lr: 0.009999999999999962 	 Training loss: 0.5054454581737519
[2025-01-21 12:08:43,715] INFO: 	 Body Test loss: 0.15560000000000002
[2025-01-21 12:08:43,716] INFO: 	 RH Test loss: 0.1931918100705846
[2025-01-21 12:08:43,716] INFO: 	 F1 score: 0
[2025-01-21 12:08:59,098] INFO: Iter 4750 Summary: 
[2025-01-21 12:08:59,099] INFO: 	 lr: 0.009999999999999962 	 Training loss: 0.5018338804244995
[2025-01-21 12:08:59,390] INFO: 	 Body Test loss: 0.166
[2025-01-21 12:08:59,390] INFO: 	 RH Test loss: 0.23881840553472228
[2025-01-21 12:08:59,390] INFO: 	 F1 score: 0
[2025-01-21 12:09:14,968] INFO: Iter 5000 Summary: 
[2025-01-21 12:09:14,968] INFO: 	 lr: 0.009999999999999962 	 Training loss: 0.5014579727649688
[2025-01-21 12:09:15,256] INFO: 	 Body Test loss: 0.1592
[2025-01-21 12:09:15,256] INFO: 	 RH Test loss: 0.18922877966866658
[2025-01-21 12:09:15,256] INFO: 	 F1 score: 0
[2025-01-21 12:09:15,562] INFO: 	 Total number of parameters: 126558
[2025-01-21 12:09:16,282] INFO: Testing with subject ['S7'] 
[2025-01-21 12:09:16,282] INFO: Training with subjects ['S5', 'S3', 'S6', 'S8', 'S9', 'S4', 'S10'] 
[2025-01-21 12:09:31,844] INFO: Iter 250 Summary: 
[2025-01-21 12:09:31,844] INFO: 	 lr: 0.009999999999999962 	 Training loss: 1.2580648555755616
[2025-01-21 12:09:32,185] INFO: 	 Body Test loss: 0.2568
[2025-01-21 12:09:32,185] INFO: 	 RH Test loss: 0.2766734475107754
[2025-01-21 12:09:32,185] INFO: 	 F1 score: 0
[2025-01-21 12:09:47,654] INFO: Iter 500 Summary: 
[2025-01-21 12:09:47,655] INFO: 	 lr: 0.009999999999999962 	 Training loss: 0.6050004425048828
[2025-01-21 12:09:47,985] INFO: 	 Body Test loss: 0.2052
[2025-01-21 12:09:47,985] INFO: 	 RH Test loss: 0.23664672178380633
[2025-01-21 12:09:47,985] INFO: 	 F1 score: 0
[2025-01-21 12:10:03,310] INFO: Iter 750 Summary: 
[2025-01-21 12:10:03,310] INFO: 	 lr: 0.009999999999999962 	 Training loss: 0.5579124037027359
[2025-01-21 12:10:03,644] INFO: 	 Body Test loss: 0.1928
[2025-01-21 12:10:03,644] INFO: 	 RH Test loss: 0.22578527618856992
[2025-01-21 12:10:03,644] INFO: 	 F1 score: 0
[2025-01-21 12:10:19,249] INFO: Iter 1000 Summary: 
[2025-01-21 12:10:19,250] INFO: 	 lr: 0.009999999999999962 	 Training loss: 0.5391621280908585
[2025-01-21 12:10:19,590] INFO: 	 Body Test loss: 0.1732
[2025-01-21 12:10:19,590] INFO: 	 RH Test loss: 0.21433179748759548
[2025-01-21 12:10:19,590] INFO: 	 F1 score: 0
[2025-01-21 12:10:35,310] INFO: Iter 1250 Summary: 
[2025-01-21 12:10:35,310] INFO: 	 lr: 0.009999999999999962 	 Training loss: 0.5281926640272141
[2025-01-21 12:10:35,642] INFO: 	 Body Test loss: 0.18
[2025-01-21 12:10:35,642] INFO: 	 RH Test loss: 0.21063158901999976
[2025-01-21 12:10:35,642] INFO: 	 F1 score: 0
[2025-01-21 12:10:51,442] INFO: Iter 1500 Summary: 
[2025-01-21 12:10:51,442] INFO: 	 lr: 0.009999999999999962 	 Training loss: 0.5237257187366485
[2025-01-21 12:10:51,774] INFO: 	 Body Test loss: 0.18200000000000002
[2025-01-21 12:10:51,775] INFO: 	 RH Test loss: 0.21479825861313764
[2025-01-21 12:10:51,775] INFO: 	 F1 score: 0
[2025-01-21 12:11:07,599] INFO: Iter 1750 Summary: 
[2025-01-21 12:11:07,599] INFO: 	 lr: 0.009999999999999962 	 Training loss: 0.517576819062233
[2025-01-21 12:11:07,935] INFO: 	 Body Test loss: 0.1752
[2025-01-21 12:11:07,936] INFO: 	 RH Test loss: 0.20753852299381706
[2025-01-21 12:11:07,936] INFO: 	 F1 score: 0
[2025-01-21 12:11:23,888] INFO: Iter 2000 Summary: 
[2025-01-21 12:11:23,888] INFO: 	 lr: 0.009999999999999962 	 Training loss: 0.514876091837883
[2025-01-21 12:11:24,223] INFO: 	 Body Test loss: 0.20560000000000003
[2025-01-21 12:11:24,223] INFO: 	 RH Test loss: 0.24279599561410792
[2025-01-21 12:11:24,223] INFO: 	 F1 score: 0
[2025-01-21 12:11:39,739] INFO: Iter 2250 Summary: 
[2025-01-21 12:11:39,739] INFO: 	 lr: 0.009999999999999962 	 Training loss: 0.508429686665535
[2025-01-21 12:11:40,074] INFO: 	 Body Test loss: 0.16400000000000003
[2025-01-21 12:11:40,074] INFO: 	 RH Test loss: 0.2026278249796699
[2025-01-21 12:11:40,074] INFO: 	 F1 score: 0
[2025-01-21 12:11:55,596] INFO: Iter 2500 Summary: 
[2025-01-21 12:11:55,596] INFO: 	 lr: 0.009999999999999962 	 Training loss: 0.508245896935463
[2025-01-21 12:11:55,935] INFO: 	 Body Test loss: 0.1716
[2025-01-21 12:11:55,935] INFO: 	 RH Test loss: 0.20913190471424778
[2025-01-21 12:11:55,935] INFO: 	 F1 score: 0
[2025-01-21 12:12:11,281] INFO: Iter 2750 Summary: 
[2025-01-21 12:12:11,282] INFO: 	 lr: 0.009999999999999962 	 Training loss: 0.5060702003240586
[2025-01-21 12:12:11,614] INFO: 	 Body Test loss: 0.16879999999999998
[2025-01-21 12:12:11,614] INFO: 	 RH Test loss: 0.2090124786601347
[2025-01-21 12:12:11,614] INFO: 	 F1 score: 0
[2025-01-21 12:12:27,153] INFO: Iter 3000 Summary: 
[2025-01-21 12:12:27,153] INFO: 	 lr: 0.009999999999999962 	 Training loss: 0.5038654452562332
[2025-01-21 12:12:27,487] INFO: 	 Body Test loss: 0.1668
[2025-01-21 12:12:27,487] INFO: 	 RH Test loss: 0.20543726326437559
[2025-01-21 12:12:27,487] INFO: 	 F1 score: 0
[2025-01-21 12:12:42,992] INFO: Iter 3250 Summary: 
[2025-01-21 12:12:42,992] INFO: 	 lr: 0.009999999999999962 	 Training loss: 0.5022779139280319
[2025-01-21 12:12:43,331] INFO: 	 Body Test loss: 0.1616
[2025-01-21 12:12:43,331] INFO: 	 RH Test loss: 0.19739670314508329
[2025-01-21 12:12:43,331] INFO: 	 F1 score: 0
[2025-01-21 12:12:58,707] INFO: Iter 3500 Summary: 
[2025-01-21 12:12:58,707] INFO: 	 lr: 0.009999999999999962 	 Training loss: 0.5008685322999954
[2025-01-21 12:12:59,041] INFO: 	 Body Test loss: 0.1648
[2025-01-21 12:12:59,041] INFO: 	 RH Test loss: 0.20388153869965492
[2025-01-21 12:12:59,041] INFO: 	 F1 score: 0
[2025-01-21 12:13:14,634] INFO: Iter 3750 Summary: 
[2025-01-21 12:13:14,634] INFO: 	 lr: 0.009999999999999962 	 Training loss: 0.49388012969493866
[2025-01-21 12:13:14,969] INFO: 	 Body Test loss: 0.16440000000000002
[2025-01-21 12:13:14,970] INFO: 	 RH Test loss: 0.1990128789999906
[2025-01-21 12:13:14,970] INFO: 	 F1 score: 0
[2025-01-21 12:13:30,425] INFO: Iter 4000 Summary: 
[2025-01-21 12:13:30,425] INFO: 	 lr: 0.009999999999999962 	 Training loss: 0.49539462494850156
[2025-01-21 12:13:30,764] INFO: 	 Body Test loss: 0.1576
[2025-01-21 12:13:30,764] INFO: 	 RH Test loss: 0.1932476991204654
[2025-01-21 12:13:30,764] INFO: 	 F1 score: 0
[2025-01-21 12:13:46,330] INFO: Iter 4250 Summary: 
[2025-01-21 12:13:46,330] INFO: 	 lr: 0.009999999999999962 	 Training loss: 0.49483698868751524
[2025-01-21 12:13:46,665] INFO: 	 Body Test loss: 0.1576
[2025-01-21 12:13:46,665] INFO: 	 RH Test loss: 0.1953548991960638
[2025-01-21 12:13:46,665] INFO: 	 F1 score: 0
[2025-01-21 12:14:02,123] INFO: Iter 4500 Summary: 
[2025-01-21 12:14:02,123] INFO: 	 lr: 0.009999999999999962 	 Training loss: 0.49076761257648466
[2025-01-21 12:14:02,455] INFO: 	 Body Test loss: 0.1868
[2025-01-21 12:14:02,456] INFO: 	 RH Test loss: 0.21662708095241995
[2025-01-21 12:14:02,456] INFO: 	 F1 score: 0
[2025-01-21 12:14:17,863] INFO: Iter 4750 Summary: 
[2025-01-21 12:14:17,864] INFO: 	 lr: 0.009999999999999962 	 Training loss: 0.4876726087331772
[2025-01-21 12:14:18,201] INFO: 	 Body Test loss: 0.156
[2025-01-21 12:14:18,201] INFO: 	 RH Test loss: 0.19282766657717082
[2025-01-21 12:14:18,201] INFO: 	 F1 score: 0
[2025-01-21 12:14:33,742] INFO: Iter 5000 Summary: 
[2025-01-21 12:14:33,742] INFO: 	 lr: 0.009999999999999962 	 Training loss: 0.4882588208913803
[2025-01-21 12:14:34,074] INFO: 	 Body Test loss: 0.16560000000000002
[2025-01-21 12:14:34,075] INFO: 	 RH Test loss: 0.20359156319674324
[2025-01-21 12:14:34,075] INFO: 	 F1 score: 0
[2025-01-21 12:14:34,431] INFO: 	 Total number of parameters: 126558
[2025-01-21 12:14:35,146] INFO: Testing with subject ['S10'] 
[2025-01-21 12:14:35,146] INFO: Training with subjects ['S5', 'S3', 'S6', 'S8', 'S9', 'S4', 'S7'] 
[2025-01-21 12:14:50,688] INFO: Iter 250 Summary: 
[2025-01-21 12:14:50,688] INFO: 	 lr: 0.009999999999999962 	 Training loss: 1.238481360912323
[2025-01-21 12:14:51,030] INFO: 	 Body Test loss: 0.24719999999999998
[2025-01-21 12:14:51,030] INFO: 	 RH Test loss: 0.27943397969910594
[2025-01-21 12:14:51,030] INFO: 	 F1 score: 0
[2025-01-21 12:15:06,476] INFO: Iter 500 Summary: 
[2025-01-21 12:15:06,476] INFO: 	 lr: 0.009999999999999962 	 Training loss: 0.6402692410945893
[2025-01-21 12:15:06,812] INFO: 	 Body Test loss: 0.1912
[2025-01-21 12:15:06,812] INFO: 	 RH Test loss: 0.22666396297370764
[2025-01-21 12:15:06,813] INFO: 	 F1 score: 0
[2025-01-21 12:15:22,193] INFO: Iter 750 Summary: 
[2025-01-21 12:15:22,193] INFO: 	 lr: 0.009999999999999962 	 Training loss: 0.5825513607263565
[2025-01-21 12:15:22,533] INFO: 	 Body Test loss: 0.136
[2025-01-21 12:15:22,533] INFO: 	 RH Test loss: 0.18498217585329838
[2025-01-21 12:15:22,533] INFO: 	 F1 score: 0
[2025-01-21 12:15:38,107] INFO: Iter 1000 Summary: 
[2025-01-21 12:15:38,107] INFO: 	 lr: 0.009999999999999962 	 Training loss: 0.5569607493877411
[2025-01-21 12:15:38,455] INFO: 	 Body Test loss: 0.1492
[2025-01-21 12:15:38,455] INFO: 	 RH Test loss: 0.1892039664717745
[2025-01-21 12:15:38,455] INFO: 	 F1 score: 0
[2025-01-21 12:15:54,002] INFO: Iter 1250 Summary: 
[2025-01-21 12:15:54,003] INFO: 	 lr: 0.009999999999999962 	 Training loss: 0.548780179142952
[2025-01-21 12:15:54,339] INFO: 	 Body Test loss: 0.1312
[2025-01-21 12:15:54,340] INFO: 	 RH Test loss: 0.17744676132832676
[2025-01-21 12:15:54,340] INFO: 	 F1 score: 0
[2025-01-21 12:16:09,731] INFO: Iter 1500 Summary: 
[2025-01-21 12:16:09,731] INFO: 	 lr: 0.009999999999999962 	 Training loss: 0.5375414502620697
[2025-01-21 12:16:10,073] INFO: 	 Body Test loss: 0.1288
[2025-01-21 12:16:10,073] INFO: 	 RH Test loss: 0.17701120041618662
[2025-01-21 12:16:10,073] INFO: 	 F1 score: 0
[2025-01-21 12:16:25,603] INFO: Iter 1750 Summary: 
[2025-01-21 12:16:25,603] INFO: 	 lr: 0.009999999999999962 	 Training loss: 0.5342532972097397
[2025-01-21 12:16:25,938] INFO: 	 Body Test loss: 0.128
[2025-01-21 12:16:25,938] INFO: 	 RH Test loss: 0.1736987213129511
[2025-01-21 12:16:25,938] INFO: 	 F1 score: 0
[2025-01-21 12:16:41,300] INFO: Iter 2000 Summary: 
[2025-01-21 12:16:41,300] INFO: 	 lr: 0.009999999999999962 	 Training loss: 0.5304425438642502
[2025-01-21 12:16:41,636] INFO: 	 Body Test loss: 0.1312
[2025-01-21 12:16:41,637] INFO: 	 RH Test loss: 0.16615018422938577
[2025-01-21 12:16:41,637] INFO: 	 F1 score: 0
[2025-01-21 12:16:57,177] INFO: Iter 2250 Summary: 
[2025-01-21 12:16:57,177] INFO: 	 lr: 0.009999999999999962 	 Training loss: 0.5270706582069397
[2025-01-21 12:16:57,515] INFO: 	 Body Test loss: 0.1368
[2025-01-21 12:16:57,515] INFO: 	 RH Test loss: 0.17001917266320263
[2025-01-21 12:16:57,515] INFO: 	 F1 score: 0
[2025-01-21 12:17:13,094] INFO: Iter 2500 Summary: 
[2025-01-21 12:17:13,094] INFO: 	 lr: 0.009999999999999962 	 Training loss: 0.5233028854131698
[2025-01-21 12:17:13,435] INFO: 	 Body Test loss: 0.126
[2025-01-21 12:17:13,435] INFO: 	 RH Test loss: 0.16395008990915685
[2025-01-21 12:17:13,435] INFO: 	 F1 score: 0
[2025-01-21 12:17:28,820] INFO: Iter 2750 Summary: 
[2025-01-21 12:17:28,820] INFO: 	 lr: 0.009999999999999962 	 Training loss: 0.5210359221696854
[2025-01-21 12:17:29,158] INFO: 	 Body Test loss: 0.1312
[2025-01-21 12:17:29,158] INFO: 	 RH Test loss: 0.16925093188430324
[2025-01-21 12:17:29,158] INFO: 	 F1 score: 0
[2025-01-21 12:17:44,660] INFO: Iter 3000 Summary: 
[2025-01-21 12:17:44,661] INFO: 	 lr: 0.009999999999999962 	 Training loss: 0.5217758071422577
[2025-01-21 12:17:44,997] INFO: 	 Body Test loss: 0.1604
[2025-01-21 12:17:44,997] INFO: 	 RH Test loss: 0.18915327531903903
[2025-01-21 12:17:44,997] INFO: 	 F1 score: 0
[2025-01-21 12:18:00,498] INFO: Iter 3250 Summary: 
[2025-01-21 12:18:00,498] INFO: 	 lr: 0.009999999999999962 	 Training loss: 0.5161265981197357
[2025-01-21 12:18:00,840] INFO: 	 Body Test loss: 0.13360000000000002
[2025-01-21 12:18:00,840] INFO: 	 RH Test loss: 0.16965666686864594
[2025-01-21 12:18:00,840] INFO: 	 F1 score: 0
[2025-01-21 12:18:16,248] INFO: Iter 3500 Summary: 
[2025-01-21 12:18:16,248] INFO: 	 lr: 0.009999999999999962 	 Training loss: 0.5167252242565155
[2025-01-21 12:18:16,585] INFO: 	 Body Test loss: 0.1312
[2025-01-21 12:18:16,585] INFO: 	 RH Test loss: 0.16299794659470065
[2025-01-21 12:18:16,585] INFO: 	 F1 score: 0
[2025-01-21 12:18:32,002] INFO: Iter 3750 Summary: 
[2025-01-21 12:18:32,002] INFO: 	 lr: 0.009999999999999962 	 Training loss: 0.5141449319124222
[2025-01-21 12:18:32,340] INFO: 	 Body Test loss: 0.12480000000000001
[2025-01-21 12:18:32,340] INFO: 	 RH Test loss: 0.16150851073672293
[2025-01-21 12:18:32,340] INFO: 	 F1 score: 0
[2025-01-21 12:18:47,718] INFO: Iter 4000 Summary: 
[2025-01-21 12:18:47,718] INFO: 	 lr: 0.009999999999999962 	 Training loss: 0.5125283770561219
[2025-01-21 12:18:48,050] INFO: 	 Body Test loss: 0.1484
[2025-01-21 12:18:48,050] INFO: 	 RH Test loss: 0.1708579388925852
[2025-01-21 12:18:48,050] INFO: 	 F1 score: 0
[2025-01-21 12:19:03,562] INFO: Iter 4250 Summary: 
[2025-01-21 12:19:03,562] INFO: 	 lr: 0.009999999999999962 	 Training loss: 0.5083046114444733
[2025-01-21 12:19:03,898] INFO: 	 Body Test loss: 0.1284
[2025-01-21 12:19:03,898] INFO: 	 RH Test loss: 0.1616091135907764
[2025-01-21 12:19:03,898] INFO: 	 F1 score: 0
[2025-01-21 12:19:19,406] INFO: Iter 4500 Summary: 
[2025-01-21 12:19:19,407] INFO: 	 lr: 0.009999999999999962 	 Training loss: 0.5087848474979401
[2025-01-21 12:19:19,746] INFO: 	 Body Test loss: 0.12040000000000001
[2025-01-21 12:19:19,747] INFO: 	 RH Test loss: 0.15731593068966196
[2025-01-21 12:19:19,747] INFO: 	 F1 score: 0
[2025-01-21 12:19:35,105] INFO: Iter 4750 Summary: 
[2025-01-21 12:19:35,105] INFO: 	 lr: 0.009999999999999962 	 Training loss: 0.5049759771823883
[2025-01-21 12:19:35,444] INFO: 	 Body Test loss: 0.12480000000000001
[2025-01-21 12:19:35,444] INFO: 	 RH Test loss: 0.1580498444869827
[2025-01-21 12:19:35,444] INFO: 	 F1 score: 0
[2025-01-21 12:19:50,927] INFO: Iter 5000 Summary: 
[2025-01-21 12:19:50,927] INFO: 	 lr: 0.009999999999999962 	 Training loss: 0.5041775349378586
[2025-01-21 12:19:51,264] INFO: 	 Body Test loss: 0.12279999999999999
[2025-01-21 12:19:51,264] INFO: 	 RH Test loss: 0.15863170985019567
[2025-01-21 12:19:51,264] INFO: 	 F1 score: 0
[2025-01-21 12:19:51,620] INFO: 	 Total number of parameters: 126558
[2025-01-21 12:19:51,633] INFO: Mean L2_body is 0.17215000000000003
[2025-01-21 12:19:51,634] INFO: Mean L2_right_hand is 0.20486127956048317
[2025-01-21 12:19:51,634] INFO: Under 0.10 is 15.857142955064774
[2025-01-21 12:19:51,634] INFO: Under 0.15 is 38.02618999034166
[2025-01-21 12:19:51,634] INFO: Under 0.20 is 64.32381011545658
[2025-01-21 12:19:51,634] INFO: Under 0.30 is 95.2976182103157
[2025-01-21 12:19:51,634] INFO: Under 0.35 is 99.83333349227905
[2025-01-21 12:19:51,634] INFO: Under 0.40 is 100.0
[2025-01-21 12:19:51,634] INFO: Intention Accuracy is 0.0
[2025-01-21 12:19:51,634] INFO: F1 Score is 0.0
[2025-01-21 12:19:51,634] INFO: F1 Score Binary is 0.0
[2025-01-21 12:19:51,634] INFO: Metrics are {'L2_body': [0.18600000000000003, 0.21040000000000003, 0.20960000000000004, 0.1588, 0.1648, 0.1592, 0.16560000000000002, 0.12279999999999999], 'L2_right_hand': [0.21382379699652243, 0.23672776970978585, 0.25724770975178146, 0.19249547380344093, 0.1871434335067293, 0.18922877966866658, 0.20359156319674324, 0.15863170985019567], 'under_0.10m': [11.999998986721039, 10.666666179895401, 11.33333370089531, 17.142856121063232, 13.71428519487381, 24.000000953674316, 12.000000476837158, 26.000002026557922], 'under_0.15m': [26.399999856948853, 25.999999046325684, 20.666666328907013, 37.14285492897034, 36.00000441074371, 51.99999809265137, 32.66666829586029, 73.33332896232605], 'under_0.20m': [48.80000054836273, 46.666666865348816, 42.00000464916229, 72.57142663002014, 70.28571367263794, 65.6000018119812, 71.33333086967468, 97.33333587646484], 'under_0.30m': [100.0, 87.99999356269836, 84.66666340827942, 93.14285516738892, 96.57143354415894, 100.0, 100.0, 100.0], 'under_0.35m': [100.0, 100.0, 98.66666793823242, 100.0, 100.0, 100.0, 100.0, 100.0], 'under_0.40m': [100.0, 100.0, 100.0, 100.0, 100.0, 100.0, 100.0, 100.0], 'accuracy': [0, 0, 0, 0, 0, 0, 0, 0], 'f1_score': [0, 0, 0, 0, 0, 0, 0, 0], 'f1_score_binary': [0, 0, 0, 0, 0, 0, 0, 0]}
