[2025-01-21 13:35:00,158] INFO: {
    "abs_dir": "/home/gerard/Documents/IRI/Repos/siMLPe/exps/baseline_handover",
    "actions_to_load": "all",
    "batch_size": 256,
    "classifier": {
        "flatten": true
    },
    "cos_lr_max": 0.01,
    "cos_lr_min": 1e-05,
    "cos_lr_total_iters": 5000,
    "cosine_lr": true,
    "data_aug": true,
    "deriv_input": true,
    "deriv_output": true,
    "eval_condition_with_classifier_int": false,
    "eval_every": 250,
    "handover_anno_dir": "/home/gerard/Documents/IRI/Repos/siMLPe/data/handover/",
    "link_log_file": "/home/gerard/Documents/IRI/Repos/siMLPe/exps/baseline_handover/log/log_last.log",
    "link_val_log_file": "/home/gerard/Documents/IRI/Repos/siMLPe/exps/baseline_handover/log/val_last.log",
    "log_dir": "/home/gerard/Documents/IRI/Repos/siMLPe/exps/baseline_handover/log",
    "log_file": "/home/gerard/Documents/IRI/Repos/siMLPe/exps/baseline_handover/log/log_2025_01_21_13_29_53.log",
    "log_file_leave_one_out": "/home/gerard/Documents/IRI/Repos/siMLPe/exps/baseline_handover/log/log_loo2025_01_21_13_29_53.log",
    "model_pth": null,
    "motion": {
        "dim": 27,
        "handover_input_length": 50,
        "handover_input_length_dct": 50,
        "handover_target_length": 10,
        "handover_target_length_eval": 25,
        "handover_target_length_train": 10
    },
    "motion_fc_in": {
        "activation": "relu",
        "in_features": 27,
        "init_w_trunc_normal": false,
        "out_features": 27,
        "temporal_fc": false,
        "with_norm": false
    },
    "motion_fc_out": {
        "activation": "relu",
        "in_features": 27,
        "init_w_trunc_normal": true,
        "out_features": 27,
        "temporal_fc": false,
        "with_norm": false
    },
    "motion_gcn_in": {
        "do": 0,
        "gcn_in": false,
        "in_features": 27,
        "n_node": 50,
        "num_stage": 0,
        "out_features": 27
    },
    "motion_gcn_out": {
        "do": 0,
        "gcn_out": false,
        "in_features": 27,
        "n_node": 50,
        "num_stage": 0,
        "out_features": 27
    },
    "motion_int": {
        "binary": true,
        "input_dim": 1,
        "int_cond": true,
        "num_emb": 2,
        "output_dim": 27
    },
    "motion_mlp": {
        "hidden_dim": 27,
        "norm_axis": "spatial",
        "num_layers": 48,
        "seq_len": 50,
        "spatial_fc_only": false,
        "with_normalization": true
    },
    "motion_ree": {
        "embedding_size": 3,
        "gcn_concatenation": false,
        "gcn_do": 0,
        "gcn_n_node": 50,
        "gcn_num_stage": 0,
        "input_dim": 3,
        "ree_concatenation": false,
        "ree_cond": false,
        "ree_sum": false
    },
    "num_workers": 6,
    "only_classification": false,
    "post_dct": false,
    "pre_dct": false,
    "print_every": 250,
    "repo_name": "siMLPe",
    "root_dir": "/home/gerard/Documents/IRI/Repos/siMLPe",
    "save_every": 5000,
    "seed": 304,
    "shift_step": 1,
    "snapshot_dir": "/home/gerard/Documents/IRI/Repos/siMLPe/exps/baseline_handover/log/snapshot",
    "this_dir": "baseline_handover",
    "total_iters": 5000,
    "use_colab_loss": false,
    "use_int_class": false,
    "use_loss_layer": false,
    "use_ree_loss": false,
    "use_relative_loss": true,
    "use_relative_loss_rh": true,
    "use_rh_distance_joints_loss": false,
    "use_rh_loss": true,
    "val_log_file": "/home/gerard/Documents/IRI/Repos/siMLPe/exps/baseline_handover/log/val_2025_01_21_13_29_53.log",
    "viz_GCN_folder": false,
    "weight_decay": 0.0001
}
[2025-01-21 13:35:00,857] INFO: Testing with subject ['S5'] 
[2025-01-21 13:35:00,857] INFO: Training with subjects ['S3', 'S6', 'S8', 'S9', 'S4', 'S7', 'S10'] 
[2025-01-21 13:35:15,744] INFO: Iter 250 Summary: 
[2025-01-21 13:35:15,745] INFO: 	 lr: 0.009999999999999962 	 Training loss: 1.6117388598918916
[2025-01-21 13:35:16,030] INFO: 	 Body Test loss: 0.252
[2025-01-21 13:35:16,030] INFO: 	 RH Test loss: 0.27566836009547785
[2025-01-21 13:35:16,030] INFO: 	 F1 score: 0
[2025-01-21 13:35:30,754] INFO: Iter 500 Summary: 
[2025-01-21 13:35:30,755] INFO: 	 lr: 0.009999999999999962 	 Training loss: 0.6437099847793579
[2025-01-21 13:35:31,040] INFO: 	 Body Test loss: 0.1884
[2025-01-21 13:35:31,040] INFO: 	 RH Test loss: 0.23599144358609267
[2025-01-21 13:35:31,040] INFO: 	 F1 score: 0
[2025-01-21 13:35:45,771] INFO: Iter 750 Summary: 
[2025-01-21 13:35:45,772] INFO: 	 lr: 0.009999999999999962 	 Training loss: 0.558616488814354
[2025-01-21 13:35:46,056] INFO: 	 Body Test loss: 0.1796
[2025-01-21 13:35:46,056] INFO: 	 RH Test loss: 0.2356043696103875
[2025-01-21 13:35:46,057] INFO: 	 F1 score: 0
[2025-01-21 13:36:00,926] INFO: Iter 1000 Summary: 
[2025-01-21 13:36:00,926] INFO: 	 lr: 0.009999999999999962 	 Training loss: 0.5255478518009186
[2025-01-21 13:36:01,209] INFO: 	 Body Test loss: 0.1936
[2025-01-21 13:36:01,209] INFO: 	 RH Test loss: 0.24868622302152954
[2025-01-21 13:36:01,209] INFO: 	 F1 score: 0
[2025-01-21 13:36:15,909] INFO: Iter 1250 Summary: 
[2025-01-21 13:36:15,909] INFO: 	 lr: 0.009999999999999962 	 Training loss: 0.5093292058706284
[2025-01-21 13:36:16,196] INFO: 	 Body Test loss: 0.1916
[2025-01-21 13:36:16,196] INFO: 	 RH Test loss: 0.24825885635732106
[2025-01-21 13:36:16,196] INFO: 	 F1 score: 0
[2025-01-21 13:36:30,885] INFO: Iter 1500 Summary: 
[2025-01-21 13:36:30,885] INFO: 	 lr: 0.009999999999999962 	 Training loss: 0.5038799791336059
[2025-01-21 13:36:31,173] INFO: 	 Body Test loss: 0.17360000000000003
[2025-01-21 13:36:31,173] INFO: 	 RH Test loss: 0.22391019235607537
[2025-01-21 13:36:31,173] INFO: 	 F1 score: 0
[2025-01-21 13:36:45,993] INFO: Iter 1750 Summary: 
[2025-01-21 13:36:45,993] INFO: 	 lr: 0.009999999999999962 	 Training loss: 0.4989428598880768
[2025-01-21 13:36:46,282] INFO: 	 Body Test loss: 0.20240000000000002
[2025-01-21 13:36:46,282] INFO: 	 RH Test loss: 0.25973832998498336
[2025-01-21 13:36:46,282] INFO: 	 F1 score: 0
[2025-01-21 13:37:01,040] INFO: Iter 2000 Summary: 
[2025-01-21 13:37:01,040] INFO: 	 lr: 0.009999999999999962 	 Training loss: 0.4944370735883713
[2025-01-21 13:37:01,321] INFO: 	 Body Test loss: 0.17559999999999998
[2025-01-21 13:37:01,321] INFO: 	 RH Test loss: 0.227474750710561
[2025-01-21 13:37:01,321] INFO: 	 F1 score: 0
[2025-01-21 13:37:16,071] INFO: Iter 2250 Summary: 
[2025-01-21 13:37:16,071] INFO: 	 lr: 0.009999999999999962 	 Training loss: 0.49043452417850497
[2025-01-21 13:37:16,361] INFO: 	 Body Test loss: 0.17840000000000003
[2025-01-21 13:37:16,361] INFO: 	 RH Test loss: 0.22725733512179855
[2025-01-21 13:37:16,361] INFO: 	 F1 score: 0
[2025-01-21 13:37:31,245] INFO: Iter 2500 Summary: 
[2025-01-21 13:37:31,245] INFO: 	 lr: 0.009999999999999962 	 Training loss: 0.49008210241794586
[2025-01-21 13:37:31,534] INFO: 	 Body Test loss: 0.18
[2025-01-21 13:37:31,534] INFO: 	 RH Test loss: 0.22039374918227136
[2025-01-21 13:37:31,534] INFO: 	 F1 score: 0
[2025-01-21 13:37:46,279] INFO: Iter 2750 Summary: 
[2025-01-21 13:37:46,279] INFO: 	 lr: 0.009999999999999962 	 Training loss: 0.48454307043552397
[2025-01-21 13:37:46,565] INFO: 	 Body Test loss: 0.19079999999999997
[2025-01-21 13:37:46,566] INFO: 	 RH Test loss: 0.2270581166320472
[2025-01-21 13:37:46,566] INFO: 	 F1 score: 0
[2025-01-21 13:38:01,330] INFO: Iter 3000 Summary: 
[2025-01-21 13:38:01,330] INFO: 	 lr: 0.009999999999999962 	 Training loss: 0.4838392062187195
[2025-01-21 13:38:01,617] INFO: 	 Body Test loss: 0.18
[2025-01-21 13:38:01,618] INFO: 	 RH Test loss: 0.2239261011503757
[2025-01-21 13:38:01,618] INFO: 	 F1 score: 0
[2025-01-21 13:38:16,486] INFO: Iter 3250 Summary: 
[2025-01-21 13:38:16,486] INFO: 	 lr: 0.009999999999999962 	 Training loss: 0.4815925095081329
[2025-01-21 13:38:16,770] INFO: 	 Body Test loss: 0.18
[2025-01-21 13:38:16,770] INFO: 	 RH Test loss: 0.23504964126504732
[2025-01-21 13:38:16,770] INFO: 	 F1 score: 0
[2025-01-21 13:38:31,519] INFO: Iter 3500 Summary: 
[2025-01-21 13:38:31,519] INFO: 	 lr: 0.009999999999999962 	 Training loss: 0.47702532839775086
[2025-01-21 13:38:31,808] INFO: 	 Body Test loss: 0.17920000000000003
[2025-01-21 13:38:31,809] INFO: 	 RH Test loss: 0.2295110753194648
[2025-01-21 13:38:31,809] INFO: 	 F1 score: 0
[2025-01-21 13:38:46,563] INFO: Iter 3750 Summary: 
[2025-01-21 13:38:46,563] INFO: 	 lr: 0.009999999999999962 	 Training loss: 0.477286296248436
[2025-01-21 13:38:46,848] INFO: 	 Body Test loss: 0.1812
[2025-01-21 13:38:46,848] INFO: 	 RH Test loss: 0.22354832938586358
[2025-01-21 13:38:46,848] INFO: 	 F1 score: 0
[2025-01-21 13:39:01,717] INFO: Iter 4000 Summary: 
[2025-01-21 13:39:01,717] INFO: 	 lr: 0.009999999999999962 	 Training loss: 0.47460746109485624
[2025-01-21 13:39:02,003] INFO: 	 Body Test loss: 0.1844
[2025-01-21 13:39:02,003] INFO: 	 RH Test loss: 0.23577963491744586
[2025-01-21 13:39:02,003] INFO: 	 F1 score: 0
[2025-01-21 13:39:16,740] INFO: Iter 4250 Summary: 
[2025-01-21 13:39:16,740] INFO: 	 lr: 0.009999999999999962 	 Training loss: 0.47009040117263795
[2025-01-21 13:39:17,030] INFO: 	 Body Test loss: 0.172
[2025-01-21 13:39:17,030] INFO: 	 RH Test loss: 0.22855291116601475
[2025-01-21 13:39:17,030] INFO: 	 F1 score: 0
[2025-01-21 13:39:31,785] INFO: Iter 4500 Summary: 
[2025-01-21 13:39:31,785] INFO: 	 lr: 0.009999999999999962 	 Training loss: 0.46811478698253634
[2025-01-21 13:39:32,070] INFO: 	 Body Test loss: 0.16760000000000003
[2025-01-21 13:39:32,070] INFO: 	 RH Test loss: 0.21574644345569438
[2025-01-21 13:39:32,070] INFO: 	 F1 score: 0
[2025-01-21 13:39:46,957] INFO: Iter 4750 Summary: 
[2025-01-21 13:39:46,958] INFO: 	 lr: 0.009999999999999962 	 Training loss: 0.4652759644985199
[2025-01-21 13:39:47,245] INFO: 	 Body Test loss: 0.1832
[2025-01-21 13:39:47,245] INFO: 	 RH Test loss: 0.2316928361519449
[2025-01-21 13:39:47,245] INFO: 	 F1 score: 0
[2025-01-21 13:40:02,048] INFO: Iter 5000 Summary: 
[2025-01-21 13:40:02,049] INFO: 	 lr: 0.009999999999999962 	 Training loss: 0.4620697098970413
[2025-01-21 13:40:02,339] INFO: 	 Body Test loss: 0.16879999999999998
[2025-01-21 13:40:02,339] INFO: 	 RH Test loss: 0.206513895688836
[2025-01-21 13:40:02,340] INFO: 	 F1 score: 0
[2025-01-21 13:40:02,638] INFO: 	 Total number of parameters: 126558
[2025-01-21 13:40:03,365] INFO: Testing with subject ['S3'] 
[2025-01-21 13:40:03,365] INFO: Training with subjects ['S5', 'S6', 'S8', 'S9', 'S4', 'S7', 'S10'] 
[2025-01-21 13:40:18,408] INFO: Iter 250 Summary: 
[2025-01-21 13:40:18,408] INFO: 	 lr: 0.009999999999999962 	 Training loss: 1.031865494966507
[2025-01-21 13:40:18,743] INFO: 	 Body Test loss: 0.236
[2025-01-21 13:40:18,743] INFO: 	 RH Test loss: 0.2434573843579998
[2025-01-21 13:40:18,743] INFO: 	 F1 score: 0
[2025-01-21 13:40:33,639] INFO: Iter 500 Summary: 
[2025-01-21 13:40:33,640] INFO: 	 lr: 0.009999999999999962 	 Training loss: 0.5756584309339523
[2025-01-21 13:40:33,975] INFO: 	 Body Test loss: 0.24479999999999996
[2025-01-21 13:40:33,975] INFO: 	 RH Test loss: 0.24807584924640252
[2025-01-21 13:40:33,975] INFO: 	 F1 score: 0
[2025-01-21 13:40:48,731] INFO: Iter 750 Summary: 
[2025-01-21 13:40:48,732] INFO: 	 lr: 0.009999999999999962 	 Training loss: 0.5386463623046875
[2025-01-21 13:40:49,063] INFO: 	 Body Test loss: 0.2216
[2025-01-21 13:40:49,063] INFO: 	 RH Test loss: 0.23942891190419385
[2025-01-21 13:40:49,063] INFO: 	 F1 score: 0
[2025-01-21 13:41:03,977] INFO: Iter 1000 Summary: 
[2025-01-21 13:41:03,977] INFO: 	 lr: 0.009999999999999962 	 Training loss: 0.527119855761528
[2025-01-21 13:41:04,308] INFO: 	 Body Test loss: 0.22759999999999997
[2025-01-21 13:41:04,308] INFO: 	 RH Test loss: 0.25616899247616076
[2025-01-21 13:41:04,308] INFO: 	 F1 score: 0
[2025-01-21 13:41:19,219] INFO: Iter 1250 Summary: 
[2025-01-21 13:41:19,219] INFO: 	 lr: 0.009999999999999962 	 Training loss: 0.5167693711519241
[2025-01-21 13:41:19,550] INFO: 	 Body Test loss: 0.2132
[2025-01-21 13:41:19,550] INFO: 	 RH Test loss: 0.23575326557245863
[2025-01-21 13:41:19,550] INFO: 	 F1 score: 0
[2025-01-21 13:41:34,293] INFO: Iter 1500 Summary: 
[2025-01-21 13:41:34,293] INFO: 	 lr: 0.009999999999999962 	 Training loss: 0.5065453763008118
[2025-01-21 13:41:34,622] INFO: 	 Body Test loss: 0.22039999999999998
[2025-01-21 13:41:34,623] INFO: 	 RH Test loss: 0.23924912252454958
[2025-01-21 13:41:34,623] INFO: 	 F1 score: 0
[2025-01-21 13:41:49,582] INFO: Iter 1750 Summary: 
[2025-01-21 13:41:49,582] INFO: 	 lr: 0.009999999999999962 	 Training loss: 0.4990234018564224
[2025-01-21 13:41:49,919] INFO: 	 Body Test loss: 0.2236
[2025-01-21 13:41:49,919] INFO: 	 RH Test loss: 0.23495603660082168
[2025-01-21 13:41:49,919] INFO: 	 F1 score: 0
[2025-01-21 13:42:04,635] INFO: Iter 2000 Summary: 
[2025-01-21 13:42:04,635] INFO: 	 lr: 0.009999999999999962 	 Training loss: 0.494997544169426
[2025-01-21 13:42:04,969] INFO: 	 Body Test loss: 0.2132
[2025-01-21 13:42:04,969] INFO: 	 RH Test loss: 0.21549903955704497
[2025-01-21 13:42:04,969] INFO: 	 F1 score: 0
[2025-01-21 13:42:19,928] INFO: Iter 2250 Summary: 
[2025-01-21 13:42:19,928] INFO: 	 lr: 0.009999999999999962 	 Training loss: 0.48951484978199006
[2025-01-21 13:42:20,265] INFO: 	 Body Test loss: 0.2248
[2025-01-21 13:42:20,266] INFO: 	 RH Test loss: 0.2504999783824217
[2025-01-21 13:42:20,266] INFO: 	 F1 score: 0
[2025-01-21 13:42:35,190] INFO: Iter 2500 Summary: 
[2025-01-21 13:42:35,190] INFO: 	 lr: 0.009999999999999962 	 Training loss: 0.4845473614931107
[2025-01-21 13:42:35,524] INFO: 	 Body Test loss: 0.23920000000000002
[2025-01-21 13:42:35,525] INFO: 	 RH Test loss: 0.22975352524270462
[2025-01-21 13:42:35,525] INFO: 	 F1 score: 0
[2025-01-21 13:42:50,197] INFO: Iter 2750 Summary: 
[2025-01-21 13:42:50,197] INFO: 	 lr: 0.009999999999999962 	 Training loss: 0.4810106222629547
[2025-01-21 13:42:50,530] INFO: 	 Body Test loss: 0.21520000000000003
[2025-01-21 13:42:50,530] INFO: 	 RH Test loss: 0.2264152414452994
[2025-01-21 13:42:50,530] INFO: 	 F1 score: 0
[2025-01-21 13:43:05,395] INFO: Iter 3000 Summary: 
[2025-01-21 13:43:05,396] INFO: 	 lr: 0.009999999999999962 	 Training loss: 0.478116361618042
[2025-01-21 13:43:05,725] INFO: 	 Body Test loss: 0.20240000000000002
[2025-01-21 13:43:05,726] INFO: 	 RH Test loss: 0.22245572751382325
[2025-01-21 13:43:05,726] INFO: 	 F1 score: 0
[2025-01-21 13:43:20,759] INFO: Iter 3250 Summary: 
[2025-01-21 13:43:20,759] INFO: 	 lr: 0.009999999999999962 	 Training loss: 0.47459647607803346
[2025-01-21 13:43:21,091] INFO: 	 Body Test loss: 0.2216
[2025-01-21 13:43:21,091] INFO: 	 RH Test loss: 0.2285023358041066
[2025-01-21 13:43:21,091] INFO: 	 F1 score: 0
[2025-01-21 13:43:35,808] INFO: Iter 3500 Summary: 
[2025-01-21 13:43:35,808] INFO: 	 lr: 0.009999999999999962 	 Training loss: 0.47297640883922576
[2025-01-21 13:43:36,147] INFO: 	 Body Test loss: 0.22519999999999998
[2025-01-21 13:43:36,147] INFO: 	 RH Test loss: 0.2510894935692905
[2025-01-21 13:43:36,147] INFO: 	 F1 score: 0
[2025-01-21 13:43:51,022] INFO: Iter 3750 Summary: 
[2025-01-21 13:43:51,022] INFO: 	 lr: 0.009999999999999962 	 Training loss: 0.4680331610441208
[2025-01-21 13:43:51,354] INFO: 	 Body Test loss: 0.204
[2025-01-21 13:43:51,354] INFO: 	 RH Test loss: 0.22174953517236734
[2025-01-21 13:43:51,354] INFO: 	 F1 score: 0
[2025-01-21 13:44:06,116] INFO: Iter 4000 Summary: 
[2025-01-21 13:44:06,116] INFO: 	 lr: 0.009999999999999962 	 Training loss: 0.46653720211982724
[2025-01-21 13:44:06,450] INFO: 	 Body Test loss: 0.2364
[2025-01-21 13:44:06,450] INFO: 	 RH Test loss: 0.25687998156533143
[2025-01-21 13:44:06,450] INFO: 	 F1 score: 0
[2025-01-21 13:44:21,342] INFO: Iter 4250 Summary: 
[2025-01-21 13:44:21,343] INFO: 	 lr: 0.009999999999999962 	 Training loss: 0.46552198910713194
[2025-01-21 13:44:21,681] INFO: 	 Body Test loss: 0.22
[2025-01-21 13:44:21,681] INFO: 	 RH Test loss: 0.22991182794383647
[2025-01-21 13:44:21,681] INFO: 	 F1 score: 0
[2025-01-21 13:44:36,632] INFO: Iter 4500 Summary: 
[2025-01-21 13:44:36,632] INFO: 	 lr: 0.009999999999999962 	 Training loss: 0.45499717092514036
[2025-01-21 13:44:36,967] INFO: 	 Body Test loss: 0.2
[2025-01-21 13:44:36,967] INFO: 	 RH Test loss: 0.21340498507923233
[2025-01-21 13:44:36,967] INFO: 	 F1 score: 0
[2025-01-21 13:44:51,759] INFO: Iter 4750 Summary: 
[2025-01-21 13:44:51,759] INFO: 	 lr: 0.009999999999999962 	 Training loss: 0.45299455535411837
[2025-01-21 13:44:52,092] INFO: 	 Body Test loss: 0.1924
[2025-01-21 13:44:52,092] INFO: 	 RH Test loss: 0.21065474660735112
[2025-01-21 13:44:52,092] INFO: 	 F1 score: 0
[2025-01-21 13:45:07,043] INFO: Iter 5000 Summary: 
[2025-01-21 13:45:07,043] INFO: 	 lr: 0.009999999999999962 	 Training loss: 0.44658113181591036
[2025-01-21 13:45:07,383] INFO: 	 Body Test loss: 0.19399999999999998
[2025-01-21 13:45:07,383] INFO: 	 RH Test loss: 0.2121613286917303
[2025-01-21 13:45:07,383] INFO: 	 F1 score: 0
[2025-01-21 13:45:07,729] INFO: 	 Total number of parameters: 126558
[2025-01-21 13:45:08,433] INFO: Testing with subject ['S6'] 
[2025-01-21 13:45:08,433] INFO: Training with subjects ['S5', 'S3', 'S8', 'S9', 'S4', 'S7', 'S10'] 
[2025-01-21 13:45:23,294] INFO: Iter 250 Summary: 
[2025-01-21 13:45:23,294] INFO: 	 lr: 0.009999999999999962 	 Training loss: 2.4489962232112883
[2025-01-21 13:45:23,635] INFO: 	 Body Test loss: 0.29840000000000005
[2025-01-21 13:45:23,635] INFO: 	 RH Test loss: 0.30915628837658504
[2025-01-21 13:45:23,635] INFO: 	 F1 score: 0
[2025-01-21 13:45:38,712] INFO: Iter 500 Summary: 
[2025-01-21 13:45:38,712] INFO: 	 lr: 0.009999999999999962 	 Training loss: 0.7069685201644897
[2025-01-21 13:45:39,049] INFO: 	 Body Test loss: 0.2232
[2025-01-21 13:45:39,049] INFO: 	 RH Test loss: 0.24444441992346141
[2025-01-21 13:45:39,049] INFO: 	 F1 score: 0
[2025-01-21 13:45:53,801] INFO: Iter 750 Summary: 
[2025-01-21 13:45:53,801] INFO: 	 lr: 0.009999999999999962 	 Training loss: 0.6040695118904114
[2025-01-21 13:45:54,140] INFO: 	 Body Test loss: 0.19560000000000002
[2025-01-21 13:45:54,140] INFO: 	 RH Test loss: 0.22143459427046872
[2025-01-21 13:45:54,141] INFO: 	 F1 score: 0
[2025-01-21 13:46:09,028] INFO: Iter 1000 Summary: 
[2025-01-21 13:46:09,028] INFO: 	 lr: 0.009999999999999962 	 Training loss: 0.5519582118988037
[2025-01-21 13:46:09,369] INFO: 	 Body Test loss: 0.20439999999999997
[2025-01-21 13:46:09,369] INFO: 	 RH Test loss: 0.21781845559825977
[2025-01-21 13:46:09,369] INFO: 	 F1 score: 0
[2025-01-21 13:46:24,306] INFO: Iter 1250 Summary: 
[2025-01-21 13:46:24,306] INFO: 	 lr: 0.009999999999999962 	 Training loss: 0.5325669630765915
[2025-01-21 13:46:24,642] INFO: 	 Body Test loss: 0.2632
[2025-01-21 13:46:24,642] INFO: 	 RH Test loss: 0.2756897631487344
[2025-01-21 13:46:24,642] INFO: 	 F1 score: 0
[2025-01-21 13:46:39,971] INFO: Iter 1500 Summary: 
[2025-01-21 13:46:39,971] INFO: 	 lr: 0.009999999999999962 	 Training loss: 0.5231515938043594
[2025-01-21 13:46:40,315] INFO: 	 Body Test loss: 0.2188
[2025-01-21 13:46:40,315] INFO: 	 RH Test loss: 0.2340043184825725
[2025-01-21 13:46:40,315] INFO: 	 F1 score: 0
[2025-01-21 13:46:55,237] INFO: Iter 1750 Summary: 
[2025-01-21 13:46:55,238] INFO: 	 lr: 0.009999999999999962 	 Training loss: 0.5172872701883316
[2025-01-21 13:46:55,574] INFO: 	 Body Test loss: 0.20840000000000003
[2025-01-21 13:46:55,575] INFO: 	 RH Test loss: 0.23087357117930776
[2025-01-21 13:46:55,575] INFO: 	 F1 score: 0
[2025-01-21 13:47:10,371] INFO: Iter 2000 Summary: 
[2025-01-21 13:47:10,372] INFO: 	 lr: 0.009999999999999962 	 Training loss: 0.5122432898283005
[2025-01-21 13:47:10,715] INFO: 	 Body Test loss: 0.19519999999999998
[2025-01-21 13:47:10,715] INFO: 	 RH Test loss: 0.2108485367979788
[2025-01-21 13:47:10,715] INFO: 	 F1 score: 0
[2025-01-21 13:47:25,559] INFO: Iter 2250 Summary: 
[2025-01-21 13:47:25,560] INFO: 	 lr: 0.009999999999999962 	 Training loss: 0.505157238125801
[2025-01-21 13:47:25,897] INFO: 	 Body Test loss: 0.184
[2025-01-21 13:47:25,897] INFO: 	 RH Test loss: 0.20866482949941823
[2025-01-21 13:47:25,897] INFO: 	 F1 score: 0
[2025-01-21 13:47:40,727] INFO: Iter 2500 Summary: 
[2025-01-21 13:47:40,728] INFO: 	 lr: 0.009999999999999962 	 Training loss: 0.5019445186853408
[2025-01-21 13:47:41,068] INFO: 	 Body Test loss: 0.19399999999999998
[2025-01-21 13:47:41,068] INFO: 	 RH Test loss: 0.21819310841906092
[2025-01-21 13:47:41,068] INFO: 	 F1 score: 0
[2025-01-21 13:47:55,781] INFO: Iter 2750 Summary: 
[2025-01-21 13:47:55,782] INFO: 	 lr: 0.009999999999999962 	 Training loss: 0.49866198015213015
[2025-01-21 13:47:56,118] INFO: 	 Body Test loss: 0.1996
[2025-01-21 13:47:56,119] INFO: 	 RH Test loss: 0.2197052670699301
[2025-01-21 13:47:56,119] INFO: 	 F1 score: 0
[2025-01-21 13:48:10,994] INFO: Iter 3000 Summary: 
[2025-01-21 13:48:10,994] INFO: 	 lr: 0.009999999999999962 	 Training loss: 0.4938099358081818
[2025-01-21 13:48:11,331] INFO: 	 Body Test loss: 0.18280000000000002
[2025-01-21 13:48:11,331] INFO: 	 RH Test loss: 0.20073344310233432
[2025-01-21 13:48:11,331] INFO: 	 F1 score: 0
[2025-01-21 13:48:26,265] INFO: Iter 3250 Summary: 
[2025-01-21 13:48:26,265] INFO: 	 lr: 0.009999999999999962 	 Training loss: 0.4888875230550766
[2025-01-21 13:48:26,607] INFO: 	 Body Test loss: 0.17520000000000002
[2025-01-21 13:48:26,607] INFO: 	 RH Test loss: 0.20152723510679565
[2025-01-21 13:48:26,607] INFO: 	 F1 score: 0
[2025-01-21 13:48:41,343] INFO: Iter 3500 Summary: 
[2025-01-21 13:48:41,343] INFO: 	 lr: 0.009999999999999962 	 Training loss: 0.48758675110340116
[2025-01-21 13:48:41,685] INFO: 	 Body Test loss: 0.18880000000000002
[2025-01-21 13:48:41,685] INFO: 	 RH Test loss: 0.20652910062943863
[2025-01-21 13:48:41,685] INFO: 	 F1 score: 0
[2025-01-21 13:48:56,532] INFO: Iter 3750 Summary: 
[2025-01-21 13:48:56,533] INFO: 	 lr: 0.009999999999999962 	 Training loss: 0.4852731684446335
[2025-01-21 13:48:56,873] INFO: 	 Body Test loss: 0.17680000000000004
[2025-01-21 13:48:56,874] INFO: 	 RH Test loss: 0.19565127042673847
[2025-01-21 13:48:56,874] INFO: 	 F1 score: 0
[2025-01-21 13:49:11,612] INFO: Iter 4000 Summary: 
[2025-01-21 13:49:11,612] INFO: 	 lr: 0.009999999999999962 	 Training loss: 0.4828169654607773
[2025-01-21 13:49:11,951] INFO: 	 Body Test loss: 0.21200000000000002
[2025-01-21 13:49:11,951] INFO: 	 RH Test loss: 0.23541180583259802
[2025-01-21 13:49:11,951] INFO: 	 F1 score: 0
[2025-01-21 13:49:26,829] INFO: Iter 4250 Summary: 
[2025-01-21 13:49:26,829] INFO: 	 lr: 0.009999999999999962 	 Training loss: 0.48119966697692873
[2025-01-21 13:49:27,170] INFO: 	 Body Test loss: 0.1936
[2025-01-21 13:49:27,170] INFO: 	 RH Test loss: 0.21807888291929065
[2025-01-21 13:49:27,170] INFO: 	 F1 score: 0
[2025-01-21 13:49:42,256] INFO: Iter 4500 Summary: 
[2025-01-21 13:49:42,256] INFO: 	 lr: 0.009999999999999962 	 Training loss: 0.47787871563434603
[2025-01-21 13:49:42,599] INFO: 	 Body Test loss: 0.1832
[2025-01-21 13:49:42,600] INFO: 	 RH Test loss: 0.2042843994265868
[2025-01-21 13:49:42,600] INFO: 	 F1 score: 0
[2025-01-21 13:49:57,856] INFO: Iter 4750 Summary: 
[2025-01-21 13:49:57,856] INFO: 	 lr: 0.009999999999999962 	 Training loss: 0.4759057751893997
[2025-01-21 13:49:58,237] INFO: 	 Body Test loss: 0.21
[2025-01-21 13:49:58,237] INFO: 	 RH Test loss: 0.2352106990892486
[2025-01-21 13:49:58,237] INFO: 	 F1 score: 0
[2025-01-21 13:50:13,716] INFO: Iter 5000 Summary: 
[2025-01-21 13:50:13,717] INFO: 	 lr: 0.009999999999999962 	 Training loss: 0.4710616080760956
[2025-01-21 13:50:14,066] INFO: 	 Body Test loss: 0.17559999999999998
[2025-01-21 13:50:14,066] INFO: 	 RH Test loss: 0.1958907217920724
[2025-01-21 13:50:14,066] INFO: 	 F1 score: 0
[2025-01-21 13:50:14,435] INFO: 	 Total number of parameters: 126558
[2025-01-21 13:50:15,225] INFO: Testing with subject ['S8'] 
[2025-01-21 13:50:15,225] INFO: Training with subjects ['S5', 'S3', 'S6', 'S9', 'S4', 'S7', 'S10'] 
[2025-01-21 13:50:30,224] INFO: Iter 250 Summary: 
[2025-01-21 13:50:30,224] INFO: 	 lr: 0.009999999999999962 	 Training loss: 1.7454830811023712
[2025-01-21 13:50:30,606] INFO: 	 Body Test loss: 0.304
[2025-01-21 13:50:30,606] INFO: 	 RH Test loss: 0.3492451457833164
[2025-01-21 13:50:30,606] INFO: 	 F1 score: 0
[2025-01-21 13:50:45,488] INFO: Iter 500 Summary: 
[2025-01-21 13:50:45,488] INFO: 	 lr: 0.009999999999999962 	 Training loss: 0.621687087059021
[2025-01-21 13:50:45,879] INFO: 	 Body Test loss: 0.196
[2025-01-21 13:50:45,879] INFO: 	 RH Test loss: 0.24970213175420497
[2025-01-21 13:50:45,879] INFO: 	 F1 score: 0
[2025-01-21 13:51:00,617] INFO: Iter 750 Summary: 
[2025-01-21 13:51:00,617] INFO: 	 lr: 0.009999999999999962 	 Training loss: 0.5628785145282745
[2025-01-21 13:51:01,007] INFO: 	 Body Test loss: 0.19159999999999996
[2025-01-21 13:51:01,007] INFO: 	 RH Test loss: 0.23425213026459932
[2025-01-21 13:51:01,007] INFO: 	 F1 score: 0
[2025-01-21 13:51:15,879] INFO: Iter 1000 Summary: 
[2025-01-21 13:51:15,879] INFO: 	 lr: 0.009999999999999962 	 Training loss: 0.546624545097351
[2025-01-21 13:51:16,260] INFO: 	 Body Test loss: 0.2032
[2025-01-21 13:51:16,260] INFO: 	 RH Test loss: 0.24972770241105585
[2025-01-21 13:51:16,260] INFO: 	 F1 score: 0
[2025-01-21 13:51:31,141] INFO: Iter 1250 Summary: 
[2025-01-21 13:51:31,141] INFO: 	 lr: 0.009999999999999962 	 Training loss: 0.532665317416191
[2025-01-21 13:51:31,533] INFO: 	 Body Test loss: 0.1824
[2025-01-21 13:51:31,534] INFO: 	 RH Test loss: 0.23345576028079168
[2025-01-21 13:51:31,534] INFO: 	 F1 score: 0
[2025-01-21 13:51:46,333] INFO: Iter 1500 Summary: 
[2025-01-21 13:51:46,333] INFO: 	 lr: 0.009999999999999962 	 Training loss: 0.5269398512840271
[2025-01-21 13:51:46,716] INFO: 	 Body Test loss: 0.18799999999999997
[2025-01-21 13:51:46,716] INFO: 	 RH Test loss: 0.23867830024258016
[2025-01-21 13:51:46,716] INFO: 	 F1 score: 0
[2025-01-21 13:52:01,611] INFO: Iter 1750 Summary: 
[2025-01-21 13:52:01,611] INFO: 	 lr: 0.009999999999999962 	 Training loss: 0.5157818655967712
[2025-01-21 13:52:01,996] INFO: 	 Body Test loss: 0.19240000000000002
[2025-01-21 13:52:01,996] INFO: 	 RH Test loss: 0.24290815495724044
[2025-01-21 13:52:01,997] INFO: 	 F1 score: 0
[2025-01-21 13:52:16,705] INFO: Iter 2000 Summary: 
[2025-01-21 13:52:16,706] INFO: 	 lr: 0.009999999999999962 	 Training loss: 0.5079820929765702
[2025-01-21 13:52:17,091] INFO: 	 Body Test loss: 0.17600000000000002
[2025-01-21 13:52:17,091] INFO: 	 RH Test loss: 0.21746024208645376
[2025-01-21 13:52:17,091] INFO: 	 F1 score: 0
[2025-01-21 13:52:31,942] INFO: Iter 2250 Summary: 
[2025-01-21 13:52:31,942] INFO: 	 lr: 0.009999999999999962 	 Training loss: 0.5010726926326752
[2025-01-21 13:52:32,332] INFO: 	 Body Test loss: 0.16080000000000003
[2025-01-21 13:52:32,332] INFO: 	 RH Test loss: 0.19918560321144851
[2025-01-21 13:52:32,332] INFO: 	 F1 score: 0
[2025-01-21 13:52:47,170] INFO: Iter 2500 Summary: 
[2025-01-21 13:52:47,170] INFO: 	 lr: 0.009999999999999962 	 Training loss: 0.49831492137908934
[2025-01-21 13:52:47,549] INFO: 	 Body Test loss: 0.1812
[2025-01-21 13:52:47,549] INFO: 	 RH Test loss: 0.22993199840600906
[2025-01-21 13:52:47,549] INFO: 	 F1 score: 0
[2025-01-21 13:53:02,280] INFO: Iter 2750 Summary: 
[2025-01-21 13:53:02,280] INFO: 	 lr: 0.009999999999999962 	 Training loss: 0.4899776599407196
[2025-01-21 13:53:02,662] INFO: 	 Body Test loss: 0.16759999999999997
[2025-01-21 13:53:02,662] INFO: 	 RH Test loss: 0.2118535492582345
[2025-01-21 13:53:02,662] INFO: 	 F1 score: 0
[2025-01-21 13:53:17,528] INFO: Iter 3000 Summary: 
[2025-01-21 13:53:17,529] INFO: 	 lr: 0.009999999999999962 	 Training loss: 0.4862644671201706
[2025-01-21 13:53:17,910] INFO: 	 Body Test loss: 0.1868
[2025-01-21 13:53:17,910] INFO: 	 RH Test loss: 0.23184940444432217
[2025-01-21 13:53:17,910] INFO: 	 F1 score: 0
[2025-01-21 13:53:32,806] INFO: Iter 3250 Summary: 
[2025-01-21 13:53:32,807] INFO: 	 lr: 0.009999999999999962 	 Training loss: 0.48223262774944303
[2025-01-21 13:53:33,188] INFO: 	 Body Test loss: 0.1508
[2025-01-21 13:53:33,188] INFO: 	 RH Test loss: 0.19791438276881837
[2025-01-21 13:53:33,188] INFO: 	 F1 score: 0
[2025-01-21 13:53:47,941] INFO: Iter 3500 Summary: 
[2025-01-21 13:53:47,941] INFO: 	 lr: 0.009999999999999962 	 Training loss: 0.4758731428384781
[2025-01-21 13:53:48,332] INFO: 	 Body Test loss: 0.1592
[2025-01-21 13:53:48,333] INFO: 	 RH Test loss: 0.2129525513462816
[2025-01-21 13:53:48,333] INFO: 	 F1 score: 0
[2025-01-21 13:54:03,171] INFO: Iter 3750 Summary: 
[2025-01-21 13:54:03,172] INFO: 	 lr: 0.009999999999999962 	 Training loss: 0.4698826388120651
[2025-01-21 13:54:03,550] INFO: 	 Body Test loss: 0.172
[2025-01-21 13:54:03,550] INFO: 	 RH Test loss: 0.21957527171154165
[2025-01-21 13:54:03,551] INFO: 	 F1 score: 0
[2025-01-21 13:54:18,294] INFO: Iter 4000 Summary: 
[2025-01-21 13:54:18,295] INFO: 	 lr: 0.009999999999999962 	 Training loss: 0.4701439518928528
[2025-01-21 13:54:18,675] INFO: 	 Body Test loss: 0.1616
[2025-01-21 13:54:18,675] INFO: 	 RH Test loss: 0.21704903829608216
[2025-01-21 13:54:18,675] INFO: 	 F1 score: 0
[2025-01-21 13:54:33,509] INFO: Iter 4250 Summary: 
[2025-01-21 13:54:33,509] INFO: 	 lr: 0.009999999999999962 	 Training loss: 0.46250473177433016
[2025-01-21 13:54:33,893] INFO: 	 Body Test loss: 0.1924
[2025-01-21 13:54:33,893] INFO: 	 RH Test loss: 0.2451352401764627
[2025-01-21 13:54:33,894] INFO: 	 F1 score: 0
[2025-01-21 13:54:48,772] INFO: Iter 4500 Summary: 
[2025-01-21 13:54:48,772] INFO: 	 lr: 0.009999999999999962 	 Training loss: 0.4601270605325699
[2025-01-21 13:54:49,155] INFO: 	 Body Test loss: 0.1552
[2025-01-21 13:54:49,156] INFO: 	 RH Test loss: 0.18599509415758647
[2025-01-21 13:54:49,156] INFO: 	 F1 score: 0
[2025-01-21 13:55:03,906] INFO: Iter 4750 Summary: 
[2025-01-21 13:55:03,906] INFO: 	 lr: 0.009999999999999962 	 Training loss: 0.45813841569423674
[2025-01-21 13:55:04,292] INFO: 	 Body Test loss: 0.16080000000000003
[2025-01-21 13:55:04,292] INFO: 	 RH Test loss: 0.20139254940246754
[2025-01-21 13:55:04,292] INFO: 	 F1 score: 0
[2025-01-21 13:55:19,202] INFO: Iter 5000 Summary: 
[2025-01-21 13:55:19,202] INFO: 	 lr: 0.009999999999999962 	 Training loss: 0.4544473530054092
[2025-01-21 13:55:19,592] INFO: 	 Body Test loss: 0.156
[2025-01-21 13:55:19,592] INFO: 	 RH Test loss: 0.18838610604668143
[2025-01-21 13:55:19,592] INFO: 	 F1 score: 0
[2025-01-21 13:55:19,992] INFO: 	 Total number of parameters: 126558
[2025-01-21 13:55:20,714] INFO: Testing with subject ['S9'] 
[2025-01-21 13:55:20,714] INFO: Training with subjects ['S5', 'S3', 'S6', 'S8', 'S4', 'S7', 'S10'] 
[2025-01-21 13:55:35,596] INFO: Iter 250 Summary: 
[2025-01-21 13:55:35,596] INFO: 	 lr: 0.009999999999999962 	 Training loss: 1.3784564788341522
[2025-01-21 13:55:35,981] INFO: 	 Body Test loss: 0.29319999999999996
[2025-01-21 13:55:35,981] INFO: 	 RH Test loss: 0.3063412285207366
[2025-01-21 13:55:35,981] INFO: 	 F1 score: 0
[2025-01-21 13:55:50,832] INFO: Iter 500 Summary: 
[2025-01-21 13:55:50,832] INFO: 	 lr: 0.009999999999999962 	 Training loss: 0.6403917024135589
[2025-01-21 13:55:51,213] INFO: 	 Body Test loss: 0.2468
[2025-01-21 13:55:51,213] INFO: 	 RH Test loss: 0.2708727235604045
[2025-01-21 13:55:51,213] INFO: 	 F1 score: 0
[2025-01-21 13:56:05,989] INFO: Iter 750 Summary: 
[2025-01-21 13:56:05,989] INFO: 	 lr: 0.009999999999999962 	 Training loss: 0.5724834514856338
[2025-01-21 13:56:06,380] INFO: 	 Body Test loss: 0.2232
[2025-01-21 13:56:06,381] INFO: 	 RH Test loss: 0.21994439777668803
[2025-01-21 13:56:06,381] INFO: 	 F1 score: 0
[2025-01-21 13:56:21,292] INFO: Iter 1000 Summary: 
[2025-01-21 13:56:21,293] INFO: 	 lr: 0.009999999999999962 	 Training loss: 0.5419266653060913
[2025-01-21 13:56:21,685] INFO: 	 Body Test loss: 0.18719999999999998
[2025-01-21 13:56:21,685] INFO: 	 RH Test loss: 0.20650370729667317
[2025-01-21 13:56:21,685] INFO: 	 F1 score: 0
[2025-01-21 13:56:36,525] INFO: Iter 1250 Summary: 
[2025-01-21 13:56:36,525] INFO: 	 lr: 0.009999999999999962 	 Training loss: 0.5275764693021774
[2025-01-21 13:56:36,906] INFO: 	 Body Test loss: 0.1888
[2025-01-21 13:56:36,906] INFO: 	 RH Test loss: 0.21190303173041433
[2025-01-21 13:56:36,906] INFO: 	 F1 score: 0
[2025-01-21 13:56:51,622] INFO: Iter 1500 Summary: 
[2025-01-21 13:56:51,622] INFO: 	 lr: 0.009999999999999962 	 Training loss: 0.5120341335535049
[2025-01-21 13:56:52,005] INFO: 	 Body Test loss: 0.1776
[2025-01-21 13:56:52,005] INFO: 	 RH Test loss: 0.20079484438391432
[2025-01-21 13:56:52,005] INFO: 	 F1 score: 0
[2025-01-21 13:57:06,965] INFO: Iter 1750 Summary: 
[2025-01-21 13:57:06,965] INFO: 	 lr: 0.009999999999999962 	 Training loss: 0.5097347601652146
[2025-01-21 13:57:07,349] INFO: 	 Body Test loss: 0.188
[2025-01-21 13:57:07,350] INFO: 	 RH Test loss: 0.22230590493711705
[2025-01-21 13:57:07,350] INFO: 	 F1 score: 0
[2025-01-21 13:57:22,137] INFO: Iter 2000 Summary: 
[2025-01-21 13:57:22,137] INFO: 	 lr: 0.009999999999999962 	 Training loss: 0.5020669828653336
[2025-01-21 13:57:22,518] INFO: 	 Body Test loss: 0.17200000000000004
[2025-01-21 13:57:22,518] INFO: 	 RH Test loss: 0.20303735548354326
[2025-01-21 13:57:22,518] INFO: 	 F1 score: 0
[2025-01-21 13:57:37,432] INFO: Iter 2250 Summary: 
[2025-01-21 13:57:37,432] INFO: 	 lr: 0.009999999999999962 	 Training loss: 0.49997878754138947
[2025-01-21 13:57:37,815] INFO: 	 Body Test loss: 0.1796
[2025-01-21 13:57:37,815] INFO: 	 RH Test loss: 0.20492421802815286
[2025-01-21 13:57:37,815] INFO: 	 F1 score: 0
[2025-01-21 13:57:52,720] INFO: Iter 2500 Summary: 
[2025-01-21 13:57:52,721] INFO: 	 lr: 0.009999999999999962 	 Training loss: 0.4967767205238342
[2025-01-21 13:57:53,103] INFO: 	 Body Test loss: 0.18
[2025-01-21 13:57:53,103] INFO: 	 RH Test loss: 0.20555239367455358
[2025-01-21 13:57:53,103] INFO: 	 F1 score: 0
[2025-01-21 13:58:07,860] INFO: Iter 2750 Summary: 
[2025-01-21 13:58:07,860] INFO: 	 lr: 0.009999999999999962 	 Training loss: 0.4945967119932175
[2025-01-21 13:58:08,245] INFO: 	 Body Test loss: 0.17520000000000002
[2025-01-21 13:58:08,245] INFO: 	 RH Test loss: 0.200773999462389
[2025-01-21 13:58:08,245] INFO: 	 F1 score: 0
[2025-01-21 13:58:23,149] INFO: Iter 3000 Summary: 
[2025-01-21 13:58:23,149] INFO: 	 lr: 0.009999999999999962 	 Training loss: 0.49073910200595855
[2025-01-21 13:58:23,532] INFO: 	 Body Test loss: 0.1728
[2025-01-21 13:58:23,532] INFO: 	 RH Test loss: 0.19567478141927186
[2025-01-21 13:58:23,532] INFO: 	 F1 score: 0
[2025-01-21 13:58:38,384] INFO: Iter 3250 Summary: 
[2025-01-21 13:58:38,384] INFO: 	 lr: 0.009999999999999962 	 Training loss: 0.49275607359409335
[2025-01-21 13:58:38,774] INFO: 	 Body Test loss: 0.1808
[2025-01-21 13:58:38,774] INFO: 	 RH Test loss: 0.1989697899468067
[2025-01-21 13:58:38,775] INFO: 	 F1 score: 0
[2025-01-21 13:58:53,528] INFO: Iter 3500 Summary: 
[2025-01-21 13:58:53,528] INFO: 	 lr: 0.009999999999999962 	 Training loss: 0.4854852075576782
[2025-01-21 13:58:53,910] INFO: 	 Body Test loss: 0.1812
[2025-01-21 13:58:53,910] INFO: 	 RH Test loss: 0.19628947983643186
[2025-01-21 13:58:53,911] INFO: 	 F1 score: 0
[2025-01-21 13:59:08,780] INFO: Iter 3750 Summary: 
[2025-01-21 13:59:08,780] INFO: 	 lr: 0.009999999999999962 	 Training loss: 0.4854036151170731
[2025-01-21 13:59:09,162] INFO: 	 Body Test loss: 0.16720000000000002
[2025-01-21 13:59:09,162] INFO: 	 RH Test loss: 0.19610769736217534
[2025-01-21 13:59:09,162] INFO: 	 F1 score: 0
[2025-01-21 13:59:23,985] INFO: Iter 4000 Summary: 
[2025-01-21 13:59:23,985] INFO: 	 lr: 0.009999999999999962 	 Training loss: 0.4812365024089813
[2025-01-21 13:59:24,377] INFO: 	 Body Test loss: 0.17040000000000002
[2025-01-21 13:59:24,378] INFO: 	 RH Test loss: 0.18977810083557922
[2025-01-21 13:59:24,378] INFO: 	 F1 score: 0
[2025-01-21 13:59:39,192] INFO: Iter 4250 Summary: 
[2025-01-21 13:59:39,192] INFO: 	 lr: 0.009999999999999962 	 Training loss: 0.47981500101089475
[2025-01-21 13:59:39,578] INFO: 	 Body Test loss: 0.16400000000000003
[2025-01-21 13:59:39,578] INFO: 	 RH Test loss: 0.19361449227386512
[2025-01-21 13:59:39,578] INFO: 	 F1 score: 0
[2025-01-21 13:59:54,477] INFO: Iter 4500 Summary: 
[2025-01-21 13:59:54,477] INFO: 	 lr: 0.009999999999999962 	 Training loss: 0.4806202470064163
[2025-01-21 13:59:54,858] INFO: 	 Body Test loss: 0.17600000000000002
[2025-01-21 13:59:54,859] INFO: 	 RH Test loss: 0.2120279598236084
[2025-01-21 13:59:54,859] INFO: 	 F1 score: 0
[2025-01-21 14:00:09,605] INFO: Iter 4750 Summary: 
[2025-01-21 14:00:09,605] INFO: 	 lr: 0.009999999999999962 	 Training loss: 0.4753024393320084
[2025-01-21 14:00:09,988] INFO: 	 Body Test loss: 0.1732
[2025-01-21 14:00:09,988] INFO: 	 RH Test loss: 0.20496193884615585
[2025-01-21 14:00:09,988] INFO: 	 F1 score: 0
[2025-01-21 14:00:24,805] INFO: Iter 5000 Summary: 
[2025-01-21 14:00:24,805] INFO: 	 lr: 0.009999999999999962 	 Training loss: 0.4741520174741745
[2025-01-21 14:00:25,196] INFO: 	 Body Test loss: 0.17200000000000004
[2025-01-21 14:00:25,197] INFO: 	 RH Test loss: 0.19905481413322249
[2025-01-21 14:00:25,197] INFO: 	 F1 score: 0
[2025-01-21 14:00:25,603] INFO: 	 Total number of parameters: 126558
[2025-01-21 14:00:26,323] INFO: Testing with subject ['S4'] 
[2025-01-21 14:00:26,324] INFO: Training with subjects ['S5', 'S3', 'S6', 'S8', 'S9', 'S7', 'S10'] 
[2025-01-21 14:00:41,274] INFO: Iter 250 Summary: 
[2025-01-21 14:00:41,274] INFO: 	 lr: 0.009999999999999962 	 Training loss: 1.1863272335529327
[2025-01-21 14:00:41,570] INFO: 	 Body Test loss: 0.228
[2025-01-21 14:00:41,570] INFO: 	 RH Test loss: 0.2363090535247149
[2025-01-21 14:00:41,570] INFO: 	 F1 score: 0
[2025-01-21 14:00:56,557] INFO: Iter 500 Summary: 
[2025-01-21 14:00:56,557] INFO: 	 lr: 0.009999999999999962 	 Training loss: 0.5646284552812576
[2025-01-21 14:00:56,854] INFO: 	 Body Test loss: 0.17919999999999997
[2025-01-21 14:00:56,855] INFO: 	 RH Test loss: 0.18834344742914794
[2025-01-21 14:00:56,855] INFO: 	 F1 score: 0
[2025-01-21 14:01:11,578] INFO: Iter 750 Summary: 
[2025-01-21 14:01:11,578] INFO: 	 lr: 0.009999999999999962 	 Training loss: 0.526656620502472
[2025-01-21 14:01:11,875] INFO: 	 Body Test loss: 0.18359999999999999
[2025-01-21 14:01:11,875] INFO: 	 RH Test loss: 0.20002838502409429
[2025-01-21 14:01:11,875] INFO: 	 F1 score: 0
[2025-01-21 14:01:26,869] INFO: Iter 1000 Summary: 
[2025-01-21 14:01:26,869] INFO: 	 lr: 0.009999999999999962 	 Training loss: 0.5149300539493561
[2025-01-21 14:01:27,176] INFO: 	 Body Test loss: 0.1708
[2025-01-21 14:01:27,176] INFO: 	 RH Test loss: 0.1850808427518439
[2025-01-21 14:01:27,176] INFO: 	 F1 score: 0
[2025-01-21 14:01:42,105] INFO: Iter 1250 Summary: 
[2025-01-21 14:01:42,105] INFO: 	 lr: 0.009999999999999962 	 Training loss: 0.5041701682806015
[2025-01-21 14:01:42,416] INFO: 	 Body Test loss: 0.16879999999999998
[2025-01-21 14:01:42,416] INFO: 	 RH Test loss: 0.18451392591686971
[2025-01-21 14:01:42,416] INFO: 	 F1 score: 0
[2025-01-21 14:01:57,215] INFO: Iter 1500 Summary: 
[2025-01-21 14:01:57,216] INFO: 	 lr: 0.009999999999999962 	 Training loss: 0.4979258662462234
[2025-01-21 14:01:57,517] INFO: 	 Body Test loss: 0.1684
[2025-01-21 14:01:57,517] INFO: 	 RH Test loss: 0.1932007612545761
[2025-01-21 14:01:57,518] INFO: 	 F1 score: 0
[2025-01-21 14:02:12,478] INFO: Iter 1750 Summary: 
[2025-01-21 14:02:12,478] INFO: 	 lr: 0.009999999999999962 	 Training loss: 0.4908630609512329
[2025-01-21 14:02:12,773] INFO: 	 Body Test loss: 0.1804
[2025-01-21 14:02:12,773] INFO: 	 RH Test loss: 0.1941670787314803
[2025-01-21 14:02:12,773] INFO: 	 F1 score: 0
[2025-01-21 14:02:27,594] INFO: Iter 2000 Summary: 
[2025-01-21 14:02:27,594] INFO: 	 lr: 0.009999999999999962 	 Training loss: 0.48646199953556063
[2025-01-21 14:02:27,883] INFO: 	 Body Test loss: 0.1632
[2025-01-21 14:02:27,883] INFO: 	 RH Test loss: 0.19574009791630304
[2025-01-21 14:02:27,883] INFO: 	 F1 score: 0
[2025-01-21 14:02:42,843] INFO: Iter 2250 Summary: 
[2025-01-21 14:02:42,843] INFO: 	 lr: 0.009999999999999962 	 Training loss: 0.4818096141815186
[2025-01-21 14:02:43,132] INFO: 	 Body Test loss: 0.16759999999999997
[2025-01-21 14:02:43,132] INFO: 	 RH Test loss: 0.18630724663396642
[2025-01-21 14:02:43,132] INFO: 	 F1 score: 0
[2025-01-21 14:02:58,005] INFO: Iter 2500 Summary: 
[2025-01-21 14:02:58,005] INFO: 	 lr: 0.009999999999999962 	 Training loss: 0.4766092861890793
[2025-01-21 14:02:58,294] INFO: 	 Body Test loss: 0.1752
[2025-01-21 14:02:58,295] INFO: 	 RH Test loss: 0.18493059192889993
[2025-01-21 14:02:58,295] INFO: 	 F1 score: 0
[2025-01-21 14:03:13,099] INFO: Iter 2750 Summary: 
[2025-01-21 14:03:13,099] INFO: 	 lr: 0.009999999999999962 	 Training loss: 0.4717594312429428
[2025-01-21 14:03:13,389] INFO: 	 Body Test loss: 0.1628
[2025-01-21 14:03:13,389] INFO: 	 RH Test loss: 0.1753915585010409
[2025-01-21 14:03:13,389] INFO: 	 F1 score: 0
[2025-01-21 14:03:28,371] INFO: Iter 3000 Summary: 
[2025-01-21 14:03:28,371] INFO: 	 lr: 0.009999999999999962 	 Training loss: 0.4699312824010849
[2025-01-21 14:03:28,661] INFO: 	 Body Test loss: 0.15760000000000002
[2025-01-21 14:03:28,661] INFO: 	 RH Test loss: 0.17178747139416967
[2025-01-21 14:03:28,661] INFO: 	 F1 score: 0
[2025-01-21 14:03:43,570] INFO: Iter 3250 Summary: 
[2025-01-21 14:03:43,571] INFO: 	 lr: 0.009999999999999962 	 Training loss: 0.46558410584926607
[2025-01-21 14:03:43,859] INFO: 	 Body Test loss: 0.1468
[2025-01-21 14:03:43,859] INFO: 	 RH Test loss: 0.17236025309052067
[2025-01-21 14:03:43,859] INFO: 	 F1 score: 0
[2025-01-21 14:03:58,632] INFO: Iter 3500 Summary: 
[2025-01-21 14:03:58,633] INFO: 	 lr: 0.009999999999999962 	 Training loss: 0.46356072080135347
[2025-01-21 14:03:58,924] INFO: 	 Body Test loss: 0.15560000000000002
[2025-01-21 14:03:58,924] INFO: 	 RH Test loss: 0.1796360271648677
[2025-01-21 14:03:58,924] INFO: 	 F1 score: 0
[2025-01-21 14:04:13,880] INFO: Iter 3750 Summary: 
[2025-01-21 14:04:13,880] INFO: 	 lr: 0.009999999999999962 	 Training loss: 0.46046182203292846
[2025-01-21 14:04:14,174] INFO: 	 Body Test loss: 0.15000000000000002
[2025-01-21 14:04:14,174] INFO: 	 RH Test loss: 0.17678761537228227
[2025-01-21 14:04:14,174] INFO: 	 F1 score: 0
[2025-01-21 14:04:28,969] INFO: Iter 4000 Summary: 
[2025-01-21 14:04:28,970] INFO: 	 lr: 0.009999999999999962 	 Training loss: 0.45360604524612425
[2025-01-21 14:04:29,266] INFO: 	 Body Test loss: 0.156
[2025-01-21 14:04:29,266] INFO: 	 RH Test loss: 0.17888588196756025
[2025-01-21 14:04:29,266] INFO: 	 F1 score: 0
[2025-01-21 14:04:44,163] INFO: Iter 4250 Summary: 
[2025-01-21 14:04:44,163] INFO: 	 lr: 0.009999999999999962 	 Training loss: 0.44413537871837616
[2025-01-21 14:04:44,453] INFO: 	 Body Test loss: 0.168
[2025-01-21 14:04:44,453] INFO: 	 RH Test loss: 0.19624780356393023
[2025-01-21 14:04:44,453] INFO: 	 F1 score: 0
[2025-01-21 14:04:59,378] INFO: Iter 4500 Summary: 
[2025-01-21 14:04:59,379] INFO: 	 lr: 0.009999999999999962 	 Training loss: 0.4456458674669266
[2025-01-21 14:04:59,670] INFO: 	 Body Test loss: 0.14800000000000002
[2025-01-21 14:04:59,670] INFO: 	 RH Test loss: 0.17577807465730821
[2025-01-21 14:04:59,670] INFO: 	 F1 score: 0
[2025-01-21 14:05:14,461] INFO: Iter 4750 Summary: 
[2025-01-21 14:05:14,461] INFO: 	 lr: 0.009999999999999962 	 Training loss: 0.44099680018424986
[2025-01-21 14:05:14,750] INFO: 	 Body Test loss: 0.16080000000000003
[2025-01-21 14:05:14,751] INFO: 	 RH Test loss: 0.18425968035049065
[2025-01-21 14:05:14,751] INFO: 	 F1 score: 0
[2025-01-21 14:05:29,722] INFO: Iter 5000 Summary: 
[2025-01-21 14:05:29,722] INFO: 	 lr: 0.009999999999999962 	 Training loss: 0.43627425968647005
[2025-01-21 14:05:30,012] INFO: 	 Body Test loss: 0.1552
[2025-01-21 14:05:30,012] INFO: 	 RH Test loss: 0.16912560759894735
[2025-01-21 14:05:30,012] INFO: 	 F1 score: 0
[2025-01-21 14:05:30,321] INFO: 	 Total number of parameters: 126558
[2025-01-21 14:05:31,032] INFO: Testing with subject ['S7'] 
[2025-01-21 14:05:31,033] INFO: Training with subjects ['S5', 'S3', 'S6', 'S8', 'S9', 'S4', 'S10'] 
[2025-01-21 14:05:45,948] INFO: Iter 250 Summary: 
[2025-01-21 14:05:45,948] INFO: 	 lr: 0.009999999999999962 	 Training loss: 1.0660871734619142
[2025-01-21 14:05:46,282] INFO: 	 Body Test loss: 0.20600000000000002
[2025-01-21 14:05:46,283] INFO: 	 RH Test loss: 0.2577011431104997
[2025-01-21 14:05:46,283] INFO: 	 F1 score: 0
[2025-01-21 14:06:01,323] INFO: Iter 500 Summary: 
[2025-01-21 14:06:01,324] INFO: 	 lr: 0.009999999999999962 	 Training loss: 0.5545439224243164
[2025-01-21 14:06:01,664] INFO: 	 Body Test loss: 0.18560000000000001
[2025-01-21 14:06:01,665] INFO: 	 RH Test loss: 0.22688673715030444
[2025-01-21 14:06:01,665] INFO: 	 F1 score: 0
[2025-01-21 14:06:16,706] INFO: Iter 750 Summary: 
[2025-01-21 14:06:16,706] INFO: 	 lr: 0.009999999999999962 	 Training loss: 0.5197072978019714
[2025-01-21 14:06:17,083] INFO: 	 Body Test loss: 0.18560000000000001
[2025-01-21 14:06:17,083] INFO: 	 RH Test loss: 0.24072008505288292
[2025-01-21 14:06:17,083] INFO: 	 F1 score: 0
[2025-01-21 14:06:32,529] INFO: Iter 1000 Summary: 
[2025-01-21 14:06:32,529] INFO: 	 lr: 0.009999999999999962 	 Training loss: 0.5075586508512497
[2025-01-21 14:06:32,866] INFO: 	 Body Test loss: 0.17679999999999998
[2025-01-21 14:06:32,866] INFO: 	 RH Test loss: 0.21876371697818534
[2025-01-21 14:06:32,866] INFO: 	 F1 score: 0
[2025-01-21 14:06:47,777] INFO: Iter 1250 Summary: 
[2025-01-21 14:06:47,777] INFO: 	 lr: 0.009999999999999962 	 Training loss: 0.49738721978664396
[2025-01-21 14:06:48,110] INFO: 	 Body Test loss: 0.19839999999999997
[2025-01-21 14:06:48,110] INFO: 	 RH Test loss: 0.24564935013125924
[2025-01-21 14:06:48,110] INFO: 	 F1 score: 0
[2025-01-21 14:07:02,848] INFO: Iter 1500 Summary: 
[2025-01-21 14:07:02,848] INFO: 	 lr: 0.009999999999999962 	 Training loss: 0.4900974855422974
[2025-01-21 14:07:03,184] INFO: 	 Body Test loss: 0.18560000000000001
[2025-01-21 14:07:03,185] INFO: 	 RH Test loss: 0.22426258729485904
[2025-01-21 14:07:03,185] INFO: 	 F1 score: 0
[2025-01-21 14:07:18,199] INFO: Iter 1750 Summary: 
[2025-01-21 14:07:18,199] INFO: 	 lr: 0.009999999999999962 	 Training loss: 0.4837246792316437
[2025-01-21 14:07:18,540] INFO: 	 Body Test loss: 0.1692
[2025-01-21 14:07:18,540] INFO: 	 RH Test loss: 0.22162897979511936
[2025-01-21 14:07:18,540] INFO: 	 F1 score: 0
[2025-01-21 14:07:33,540] INFO: Iter 2000 Summary: 
[2025-01-21 14:07:33,540] INFO: 	 lr: 0.009999999999999962 	 Training loss: 0.4797136496305466
[2025-01-21 14:07:33,883] INFO: 	 Body Test loss: 0.16440000000000002
[2025-01-21 14:07:33,883] INFO: 	 RH Test loss: 0.20868726738761448
[2025-01-21 14:07:33,883] INFO: 	 F1 score: 0
[2025-01-21 14:07:49,199] INFO: Iter 2250 Summary: 
[2025-01-21 14:07:49,199] INFO: 	 lr: 0.009999999999999962 	 Training loss: 0.47190696036815644
[2025-01-21 14:07:49,536] INFO: 	 Body Test loss: 0.172
[2025-01-21 14:07:49,536] INFO: 	 RH Test loss: 0.23019255898980528
[2025-01-21 14:07:49,536] INFO: 	 F1 score: 0
[2025-01-21 14:08:05,187] INFO: Iter 2500 Summary: 
[2025-01-21 14:08:05,188] INFO: 	 lr: 0.009999999999999962 	 Training loss: 0.4706797765493393
[2025-01-21 14:08:05,523] INFO: 	 Body Test loss: 0.1752
[2025-01-21 14:08:05,524] INFO: 	 RH Test loss: 0.2080277873908772
[2025-01-21 14:08:05,524] INFO: 	 F1 score: 0
[2025-01-21 14:08:20,238] INFO: Iter 2750 Summary: 
[2025-01-21 14:08:20,239] INFO: 	 lr: 0.009999999999999962 	 Training loss: 0.46763448882102965
[2025-01-21 14:08:20,572] INFO: 	 Body Test loss: 0.20240000000000002
[2025-01-21 14:08:20,572] INFO: 	 RH Test loss: 0.25739617869433234
[2025-01-21 14:08:20,572] INFO: 	 F1 score: 0
[2025-01-21 14:08:35,425] INFO: Iter 3000 Summary: 
[2025-01-21 14:08:35,426] INFO: 	 lr: 0.009999999999999962 	 Training loss: 0.4639949709177017
[2025-01-21 14:08:35,762] INFO: 	 Body Test loss: 0.16440000000000002
[2025-01-21 14:08:35,763] INFO: 	 RH Test loss: 0.21076190099295444
[2025-01-21 14:08:35,763] INFO: 	 F1 score: 0
[2025-01-21 14:08:50,678] INFO: Iter 3250 Summary: 
[2025-01-21 14:08:50,678] INFO: 	 lr: 0.009999999999999962 	 Training loss: 0.46289144027233126
[2025-01-21 14:08:51,011] INFO: 	 Body Test loss: 0.16440000000000002
[2025-01-21 14:08:51,011] INFO: 	 RH Test loss: 0.20232683333228618
[2025-01-21 14:08:51,011] INFO: 	 F1 score: 0
[2025-01-21 14:09:05,822] INFO: Iter 3500 Summary: 
[2025-01-21 14:09:05,822] INFO: 	 lr: 0.009999999999999962 	 Training loss: 0.45860631847381594
[2025-01-21 14:09:06,158] INFO: 	 Body Test loss: 0.1788
[2025-01-21 14:09:06,158] INFO: 	 RH Test loss: 0.21250563486884622
[2025-01-21 14:09:06,158] INFO: 	 F1 score: 0
[2025-01-21 14:09:20,988] INFO: Iter 3750 Summary: 
[2025-01-21 14:09:20,989] INFO: 	 lr: 0.009999999999999962 	 Training loss: 0.45147037065029144
[2025-01-21 14:09:21,319] INFO: 	 Body Test loss: 0.1736
[2025-01-21 14:09:21,319] INFO: 	 RH Test loss: 0.21776380477232088
[2025-01-21 14:09:21,319] INFO: 	 F1 score: 0
[2025-01-21 14:09:36,071] INFO: Iter 4000 Summary: 
[2025-01-21 14:09:36,071] INFO: 	 lr: 0.009999999999999962 	 Training loss: 0.4502903610467911
[2025-01-21 14:09:36,406] INFO: 	 Body Test loss: 0.166
[2025-01-21 14:09:36,406] INFO: 	 RH Test loss: 0.20942658525354726
[2025-01-21 14:09:36,406] INFO: 	 F1 score: 0
[2025-01-21 14:09:51,288] INFO: Iter 4250 Summary: 
[2025-01-21 14:09:51,288] INFO: 	 lr: 0.009999999999999962 	 Training loss: 0.44604406046867373
[2025-01-21 14:09:51,627] INFO: 	 Body Test loss: 0.17279999999999998
[2025-01-21 14:09:51,628] INFO: 	 RH Test loss: 0.23036605858802797
[2025-01-21 14:09:51,628] INFO: 	 F1 score: 0
[2025-01-21 14:10:06,517] INFO: Iter 4500 Summary: 
[2025-01-21 14:10:06,517] INFO: 	 lr: 0.009999999999999962 	 Training loss: 0.4420107814073563
[2025-01-21 14:10:06,856] INFO: 	 Body Test loss: 0.20240000000000002
[2025-01-21 14:10:06,856] INFO: 	 RH Test loss: 0.25227406520002027
[2025-01-21 14:10:06,856] INFO: 	 F1 score: 0
[2025-01-21 14:10:21,605] INFO: Iter 4750 Summary: 
[2025-01-21 14:10:21,606] INFO: 	 lr: 0.009999999999999962 	 Training loss: 0.438582315325737
[2025-01-21 14:10:21,938] INFO: 	 Body Test loss: 0.1648
[2025-01-21 14:10:21,938] INFO: 	 RH Test loss: 0.210475820906022
[2025-01-21 14:10:21,938] INFO: 	 F1 score: 0
[2025-01-21 14:10:36,794] INFO: Iter 5000 Summary: 
[2025-01-21 14:10:36,794] INFO: 	 lr: 0.009999999999999962 	 Training loss: 0.43936521232128145
[2025-01-21 14:10:37,127] INFO: 	 Body Test loss: 0.1648
[2025-01-21 14:10:37,127] INFO: 	 RH Test loss: 0.2172488871392082
[2025-01-21 14:10:37,127] INFO: 	 F1 score: 0
[2025-01-21 14:10:37,482] INFO: 	 Total number of parameters: 126558
[2025-01-21 14:10:38,210] INFO: Testing with subject ['S10'] 
[2025-01-21 14:10:38,210] INFO: Training with subjects ['S5', 'S3', 'S6', 'S8', 'S9', 'S4', 'S7'] 
[2025-01-21 14:10:53,075] INFO: Iter 250 Summary: 
[2025-01-21 14:10:53,075] INFO: 	 lr: 0.009999999999999962 	 Training loss: 1.5310980355739594
[2025-01-21 14:10:53,416] INFO: 	 Body Test loss: 0.23800000000000002
[2025-01-21 14:10:53,416] INFO: 	 RH Test loss: 0.26679431287381933
[2025-01-21 14:10:53,416] INFO: 	 F1 score: 0
[2025-01-21 14:11:08,324] INFO: Iter 500 Summary: 
[2025-01-21 14:11:08,324] INFO: 	 lr: 0.009999999999999962 	 Training loss: 0.6675765573978424
[2025-01-21 14:11:08,666] INFO: 	 Body Test loss: 0.20399999999999996
[2025-01-21 14:11:08,666] INFO: 	 RH Test loss: 0.23458633127291342
[2025-01-21 14:11:08,666] INFO: 	 F1 score: 0
[2025-01-21 14:11:23,477] INFO: Iter 750 Summary: 
[2025-01-21 14:11:23,477] INFO: 	 lr: 0.009999999999999962 	 Training loss: 0.6012917320728302
[2025-01-21 14:11:23,813] INFO: 	 Body Test loss: 0.19639999999999996
[2025-01-21 14:11:23,813] INFO: 	 RH Test loss: 0.23104932593248434
[2025-01-21 14:11:23,813] INFO: 	 F1 score: 0
[2025-01-21 14:11:38,722] INFO: Iter 1000 Summary: 
[2025-01-21 14:11:38,723] INFO: 	 lr: 0.009999999999999962 	 Training loss: 0.56845006108284
[2025-01-21 14:11:39,064] INFO: 	 Body Test loss: 0.18760000000000002
[2025-01-21 14:11:39,064] INFO: 	 RH Test loss: 0.2108427104477055
[2025-01-21 14:11:39,064] INFO: 	 F1 score: 0
[2025-01-21 14:11:53,913] INFO: Iter 1250 Summary: 
[2025-01-21 14:11:53,913] INFO: 	 lr: 0.009999999999999962 	 Training loss: 0.5522974981069565
[2025-01-21 14:11:54,250] INFO: 	 Body Test loss: 0.1408
[2025-01-21 14:11:54,250] INFO: 	 RH Test loss: 0.17547452659974744
[2025-01-21 14:11:54,250] INFO: 	 F1 score: 0
[2025-01-21 14:12:09,030] INFO: Iter 1500 Summary: 
[2025-01-21 14:12:09,031] INFO: 	 lr: 0.009999999999999962 	 Training loss: 0.5414588294029236
[2025-01-21 14:12:09,367] INFO: 	 Body Test loss: 0.1332
[2025-01-21 14:12:09,368] INFO: 	 RH Test loss: 0.18114817663986163
[2025-01-21 14:12:09,368] INFO: 	 F1 score: 0
[2025-01-21 14:12:24,256] INFO: Iter 1750 Summary: 
[2025-01-21 14:12:24,256] INFO: 	 lr: 0.009999999999999962 	 Training loss: 0.5320110975503921
[2025-01-21 14:12:24,594] INFO: 	 Body Test loss: 0.134
[2025-01-21 14:12:24,594] INFO: 	 RH Test loss: 0.18241057845186595
[2025-01-21 14:12:24,594] INFO: 	 F1 score: 0
[2025-01-21 14:12:39,327] INFO: Iter 2000 Summary: 
[2025-01-21 14:12:39,327] INFO: 	 lr: 0.009999999999999962 	 Training loss: 0.5247171875238419
[2025-01-21 14:12:39,665] INFO: 	 Body Test loss: 0.1388
[2025-01-21 14:12:39,665] INFO: 	 RH Test loss: 0.1691773520225336
[2025-01-21 14:12:39,665] INFO: 	 F1 score: 0
[2025-01-21 14:12:54,606] INFO: Iter 2250 Summary: 
[2025-01-21 14:12:54,607] INFO: 	 lr: 0.009999999999999962 	 Training loss: 0.5169653371572495
[2025-01-21 14:12:54,946] INFO: 	 Body Test loss: 0.1304
[2025-01-21 14:12:54,946] INFO: 	 RH Test loss: 0.17418426199721238
[2025-01-21 14:12:54,946] INFO: 	 F1 score: 0
[2025-01-21 14:13:09,835] INFO: Iter 2500 Summary: 
[2025-01-21 14:13:09,835] INFO: 	 lr: 0.009999999999999962 	 Training loss: 0.5133145896196365
[2025-01-21 14:13:10,179] INFO: 	 Body Test loss: 0.132
[2025-01-21 14:13:10,179] INFO: 	 RH Test loss: 0.17021811519444152
[2025-01-21 14:13:10,179] INFO: 	 F1 score: 0
[2025-01-21 14:13:24,864] INFO: Iter 2750 Summary: 
[2025-01-21 14:13:24,864] INFO: 	 lr: 0.009999999999999962 	 Training loss: 0.5059796983003616
[2025-01-21 14:13:25,209] INFO: 	 Body Test loss: 0.1272
[2025-01-21 14:13:25,209] INFO: 	 RH Test loss: 0.1689126169845749
[2025-01-21 14:13:25,209] INFO: 	 F1 score: 0
[2025-01-21 14:13:40,104] INFO: Iter 3000 Summary: 
[2025-01-21 14:13:40,104] INFO: 	 lr: 0.009999999999999962 	 Training loss: 0.5065616847276687
[2025-01-21 14:13:40,449] INFO: 	 Body Test loss: 0.13520000000000001
[2025-01-21 14:13:40,450] INFO: 	 RH Test loss: 0.16064351642755767
[2025-01-21 14:13:40,450] INFO: 	 F1 score: 0
[2025-01-21 14:13:55,320] INFO: Iter 3250 Summary: 
[2025-01-21 14:13:55,321] INFO: 	 lr: 0.009999999999999962 	 Training loss: 0.4969425096511841
[2025-01-21 14:13:55,666] INFO: 	 Body Test loss: 0.1324
[2025-01-21 14:13:55,666] INFO: 	 RH Test loss: 0.1615005419208327
[2025-01-21 14:13:55,666] INFO: 	 F1 score: 0
[2025-01-21 14:14:10,406] INFO: Iter 3500 Summary: 
[2025-01-21 14:14:10,406] INFO: 	 lr: 0.009999999999999962 	 Training loss: 0.49868484497070314
[2025-01-21 14:14:10,747] INFO: 	 Body Test loss: 0.1364
[2025-01-21 14:14:10,747] INFO: 	 RH Test loss: 0.16391098324589162
[2025-01-21 14:14:10,747] INFO: 	 F1 score: 0
[2025-01-21 14:14:25,622] INFO: Iter 3750 Summary: 
[2025-01-21 14:14:25,622] INFO: 	 lr: 0.009999999999999962 	 Training loss: 0.4955799491405487
[2025-01-21 14:14:25,958] INFO: 	 Body Test loss: 0.1228
[2025-01-21 14:14:25,958] INFO: 	 RH Test loss: 0.15639251468595397
[2025-01-21 14:14:25,958] INFO: 	 F1 score: 0
[2025-01-21 14:14:40,705] INFO: Iter 4000 Summary: 
[2025-01-21 14:14:40,706] INFO: 	 lr: 0.009999999999999962 	 Training loss: 0.49284276413917544
[2025-01-21 14:14:41,043] INFO: 	 Body Test loss: 0.1428
[2025-01-21 14:14:41,044] INFO: 	 RH Test loss: 0.15863385725940882
[2025-01-21 14:14:41,044] INFO: 	 F1 score: 0
[2025-01-21 14:14:55,907] INFO: Iter 4250 Summary: 
[2025-01-21 14:14:55,907] INFO: 	 lr: 0.009999999999999962 	 Training loss: 0.4881878582239151
[2025-01-21 14:14:56,246] INFO: 	 Body Test loss: 0.1368
[2025-01-21 14:14:56,246] INFO: 	 RH Test loss: 0.15550062363469566
[2025-01-21 14:14:56,247] INFO: 	 F1 score: 0
[2025-01-21 14:15:11,105] INFO: Iter 4500 Summary: 
[2025-01-21 14:15:11,105] INFO: 	 lr: 0.009999999999999962 	 Training loss: 0.4890481600761414
[2025-01-21 14:15:11,445] INFO: 	 Body Test loss: 0.13040000000000002
[2025-01-21 14:15:11,445] INFO: 	 RH Test loss: 0.16420951196970035
[2025-01-21 14:15:11,445] INFO: 	 F1 score: 0
[2025-01-21 14:15:26,159] INFO: Iter 4750 Summary: 
[2025-01-21 14:15:26,159] INFO: 	 lr: 0.009999999999999962 	 Training loss: 0.487441725730896
[2025-01-21 14:15:26,497] INFO: 	 Body Test loss: 0.128
[2025-01-21 14:15:26,497] INFO: 	 RH Test loss: 0.15448829125438512
[2025-01-21 14:15:26,497] INFO: 	 F1 score: 0
[2025-01-21 14:15:41,383] INFO: Iter 5000 Summary: 
[2025-01-21 14:15:41,383] INFO: 	 lr: 0.009999999999999962 	 Training loss: 0.48708204936981203
[2025-01-21 14:15:41,724] INFO: 	 Body Test loss: 0.1292
[2025-01-21 14:15:41,724] INFO: 	 RH Test loss: 0.16181128978729248
[2025-01-21 14:15:41,724] INFO: 	 F1 score: 0
[2025-01-21 14:15:42,087] INFO: 	 Total number of parameters: 126558
[2025-01-21 14:15:42,101] INFO: Mean L2_body is 0.16445
[2025-01-21 14:15:42,101] INFO: Mean L2_right_hand is 0.19377408135974883
[2025-01-21 14:15:42,101] INFO: Under 0.10 is 15.157142654061317
[2025-01-21 14:15:42,101] INFO: Under 0.15 is 38.79285715520382
[2025-01-21 14:15:42,101] INFO: Under 0.20 is 72.10952416062355
[2025-01-21 14:15:42,101] INFO: Under 0.30 is 98.75000044703484
[2025-01-21 14:15:42,101] INFO: Under 0.35 is 100.0
[2025-01-21 14:15:42,101] INFO: Under 0.40 is 100.0
[2025-01-21 14:15:42,101] INFO: Intention Accuracy is 0.0
[2025-01-21 14:15:42,101] INFO: F1 Score is 0.0
[2025-01-21 14:15:42,101] INFO: F1 Score Binary is 0.0
[2025-01-21 14:15:42,101] INFO: Metrics are {'L2_body': [0.16879999999999998, 0.19399999999999998, 0.17559999999999998, 0.156, 0.17200000000000004, 0.1552, 0.1648, 0.1292], 'L2_right_hand': [0.206513895688836, 0.2121613286917303, 0.1958907217920724, 0.18838610604668143, 0.19905481413322249, 0.16912560759894735, 0.2172488871392082, 0.16181128978729248], 'under_0.10m': [12.799999117851257, 10.000000149011612, 13.333334028720856, 18.285714089870453, 12.57142722606659, 17.59999990463257, 11.999999731779099, 24.666666984558105], 'under_0.15m': [29.600000381469727, 27.3333340883255, 26.000002026557922, 42.28571355342865, 30.85714280605316, 53.60000133514404, 29.999998211860657, 70.6666648387909], 'under_0.20m': [76.80000066757202, 51.33333206176758, 58.666664361953735, 76.00000500679016, 61.14286184310913, 81.5999984741211, 77.33333110809326, 93.99999976158142], 'under_0.30m': [100.0, 93.99999976158142, 100.0, 100.0, 96.00000381469727, 100.0, 100.0, 100.0], 'under_0.35m': [100.0, 100.0, 100.0, 100.0, 100.0, 100.0, 100.0, 100.0], 'under_0.40m': [100.0, 100.0, 100.0, 100.0, 100.0, 100.0, 100.0, 100.0], 'accuracy': [0, 0, 0, 0, 0, 0, 0, 0], 'f1_score': [0, 0, 0, 0, 0, 0, 0, 0], 'f1_score_binary': [0, 0, 0, 0, 0, 0, 0, 0]}
