[2024-12-24 12:22:16,206] INFO: {
    "abs_dir": "/home/gerard/Documents/IRI/Repos/siMLPe/exps/baseline_handover",
    "actions_to_load": "all",
    "batch_size": 256,
    "classifier": {
        "flatten": true
    },
    "cos_lr_max": 0.01,
    "cos_lr_min": 1e-05,
    "cos_lr_total_iters": 5000,
    "cosine_lr": true,
    "data_aug": true,
    "deriv_input": true,
    "deriv_output": true,
    "eval_every": 250,
    "handover_anno_dir": "/home/gerard/Documents/IRI/Repos/siMLPe/data/handover/",
    "link_log_file": "/home/gerard/Documents/IRI/Repos/siMLPe/exps/baseline_handover/log/log_last.log",
    "link_val_log_file": "/home/gerard/Documents/IRI/Repos/siMLPe/exps/baseline_handover/log/val_last.log",
    "log_dir": "/home/gerard/Documents/IRI/Repos/siMLPe/exps/baseline_handover/log",
    "log_file": "/home/gerard/Documents/IRI/Repos/siMLPe/exps/baseline_handover/log/log_2024_12_24_12_16_58.log",
    "log_file_leave_one_out": "/home/gerard/Documents/IRI/Repos/siMLPe/exps/baseline_handover/log/log_loo2024_12_24_12_16_58.log",
    "model_pth": null,
    "motion": {
        "dim": 27,
        "handover_input_length": 50,
        "handover_input_length_dct": 50,
        "handover_target_length": 10,
        "handover_target_length_eval": 25,
        "handover_target_length_train": 10
    },
    "motion_fc_in": {
        "activation": "relu",
        "in_features": 27,
        "init_w_trunc_normal": false,
        "out_features": 27,
        "temporal_fc": false,
        "with_norm": false
    },
    "motion_fc_out": {
        "activation": "relu",
        "in_features": 27,
        "init_w_trunc_normal": true,
        "out_features": 27,
        "temporal_fc": false,
        "with_norm": false
    },
    "motion_gcn_in": {
        "do": 0,
        "gcn_in": false,
        "in_features": 27,
        "n_node": 50,
        "num_stage": 0,
        "out_features": 27
    },
    "motion_gcn_out": {
        "do": 0,
        "gcn_out": false,
        "in_features": 27,
        "n_node": 50,
        "num_stage": 0,
        "out_features": 27
    },
    "motion_int": {
        "input_dim": 1,
        "int_cond": true,
        "num_emb": 5,
        "output_dim": 27
    },
    "motion_mlp": {
        "hidden_dim": 27,
        "norm_axis": "spatial",
        "num_layers": 48,
        "seq_len": 50,
        "spatial_fc_only": false,
        "with_normalization": true
    },
    "motion_ree": {
        "embedding_size": 3,
        "gcn_concatenation": false,
        "gcn_do": 0,
        "gcn_n_node": 50,
        "gcn_num_stage": 0,
        "input_dim": 3,
        "ree_concatenation": false,
        "ree_cond": false,
        "ree_sum": false
    },
    "num_workers": 6,
    "only_classification": false,
    "post_dct": false,
    "pre_dct": false,
    "print_every": 250,
    "repo_name": "siMLPe",
    "root_dir": "/home/gerard/Documents/IRI/Repos/siMLPe",
    "save_every": 2500,
    "seed": 304,
    "shift_step": 1,
    "snapshot_dir": "/home/gerard/Documents/IRI/Repos/siMLPe/exps/baseline_handover/log/snapshot",
    "this_dir": "baseline_handover",
    "total_iters": 5000,
    "use_int_class": false,
    "use_loss_layer": false,
    "use_ree_loss": true,
    "use_relative_loss": true,
    "use_relative_loss_rh": false,
    "use_rh_distance_joints_loss": true,
    "use_rh_loss": false,
    "val_log_file": "/home/gerard/Documents/IRI/Repos/siMLPe/exps/baseline_handover/log/val_2024_12_24_12_16_58.log",
    "viz_GCN_folder": false,
    "weight_decay": 0.0001
}
[2024-12-24 12:22:16,888] INFO: Testing with subject ['S10'] 
[2024-12-24 12:22:16,889] INFO: Training with subjects ['S5', 'S3', 'S6', 'S8', 'S9', 'S4', 'S7'] 
[2024-12-24 12:22:32,305] INFO: Iter 250 Summary: 
[2024-12-24 12:22:32,306] INFO: 	 lr: 0.009999999999999962 	 Training loss: 0.8641740869283676
[2024-12-24 12:22:32,654] INFO: 	 Body Test loss: 0.23920000000000002
[2024-12-24 12:22:32,654] INFO: 	 RH Test loss: 0.24701893746031875
[2024-12-24 12:22:32,654] INFO: 	 F1 score: 0
[2024-12-24 12:22:48,058] INFO: Iter 500 Summary: 
[2024-12-24 12:22:48,058] INFO: 	 lr: 0.009999999999999962 	 Training loss: 0.39830550479888915
[2024-12-24 12:22:48,403] INFO: 	 Body Test loss: 0.1636
[2024-12-24 12:22:48,404] INFO: 	 RH Test loss: 0.2098015187528836
[2024-12-24 12:22:48,404] INFO: 	 F1 score: 0
[2024-12-24 12:23:03,702] INFO: Iter 750 Summary: 
[2024-12-24 12:23:03,702] INFO: 	 lr: 0.009999999999999962 	 Training loss: 0.35930263364315035
[2024-12-24 12:23:04,046] INFO: 	 Body Test loss: 0.1812
[2024-12-24 12:23:04,046] INFO: 	 RH Test loss: 0.22630926887522715
[2024-12-24 12:23:04,047] INFO: 	 F1 score: 0
[2024-12-24 12:23:19,486] INFO: Iter 1000 Summary: 
[2024-12-24 12:23:19,487] INFO: 	 lr: 0.009999999999999962 	 Training loss: 0.3438110558986664
[2024-12-24 12:23:19,832] INFO: 	 Body Test loss: 0.1504
[2024-12-24 12:23:19,832] INFO: 	 RH Test loss: 0.1900553879856078
[2024-12-24 12:23:19,832] INFO: 	 F1 score: 0
[2024-12-24 12:23:35,208] INFO: Iter 1250 Summary: 
[2024-12-24 12:23:35,208] INFO: 	 lr: 0.009999999999999962 	 Training loss: 0.33417071688175204
[2024-12-24 12:23:35,546] INFO: 	 Body Test loss: 0.13
[2024-12-24 12:23:35,546] INFO: 	 RH Test loss: 0.18069839432876628
[2024-12-24 12:23:35,546] INFO: 	 F1 score: 0
[2024-12-24 12:23:50,838] INFO: Iter 1500 Summary: 
[2024-12-24 12:23:50,838] INFO: 	 lr: 0.009999999999999962 	 Training loss: 0.3265986841917038
[2024-12-24 12:23:51,179] INFO: 	 Body Test loss: 0.132
[2024-12-24 12:23:51,179] INFO: 	 RH Test loss: 0.17656044425386372
[2024-12-24 12:23:51,179] INFO: 	 F1 score: 0
[2024-12-24 12:24:06,654] INFO: Iter 1750 Summary: 
[2024-12-24 12:24:06,654] INFO: 	 lr: 0.009999999999999962 	 Training loss: 0.3224610071182251
[2024-12-24 12:24:06,996] INFO: 	 Body Test loss: 0.1308
[2024-12-24 12:24:06,996] INFO: 	 RH Test loss: 0.176086214107587
[2024-12-24 12:24:06,996] INFO: 	 F1 score: 0
[2024-12-24 12:24:22,295] INFO: Iter 2000 Summary: 
[2024-12-24 12:24:22,295] INFO: 	 lr: 0.009999999999999962 	 Training loss: 0.32015057229995725
[2024-12-24 12:24:22,639] INFO: 	 Body Test loss: 0.13720000000000002
[2024-12-24 12:24:22,639] INFO: 	 RH Test loss: 0.17592557200387163
[2024-12-24 12:24:22,639] INFO: 	 F1 score: 0
[2024-12-24 12:24:38,053] INFO: Iter 2250 Summary: 
[2024-12-24 12:24:38,054] INFO: 	 lr: 0.009999999999999962 	 Training loss: 0.31530477809906005
[2024-12-24 12:24:38,393] INFO: 	 Body Test loss: 0.1328
[2024-12-24 12:24:38,393] INFO: 	 RH Test loss: 0.18286820574568652
[2024-12-24 12:24:38,393] INFO: 	 F1 score: 0
[2024-12-24 12:24:53,875] INFO: Iter 2500 Summary: 
[2024-12-24 12:24:53,875] INFO: 	 lr: 0.009999999999999962 	 Training loss: 0.3131908786296844
[2024-12-24 12:24:54,220] INFO: 	 Body Test loss: 0.1268
[2024-12-24 12:24:54,220] INFO: 	 RH Test loss: 0.17187212789025846
[2024-12-24 12:24:54,221] INFO: 	 F1 score: 0
[2024-12-24 12:25:09,855] INFO: Iter 2750 Summary: 
[2024-12-24 12:25:09,855] INFO: 	 lr: 0.009999999999999962 	 Training loss: 0.31067797780036926
[2024-12-24 12:25:10,192] INFO: 	 Body Test loss: 0.1232
[2024-12-24 12:25:10,193] INFO: 	 RH Test loss: 0.1774225428872857
[2024-12-24 12:25:10,193] INFO: 	 F1 score: 0
[2024-12-24 12:25:25,662] INFO: Iter 3000 Summary: 
[2024-12-24 12:25:25,662] INFO: 	 lr: 0.009999999999999962 	 Training loss: 0.31085142147541045
[2024-12-24 12:25:26,004] INFO: 	 Body Test loss: 0.1328
[2024-12-24 12:25:26,004] INFO: 	 RH Test loss: 0.16936372255162432
[2024-12-24 12:25:26,005] INFO: 	 F1 score: 0
[2024-12-24 12:25:41,423] INFO: Iter 3250 Summary: 
[2024-12-24 12:25:41,423] INFO: 	 lr: 0.009999999999999962 	 Training loss: 0.30701717114448546
[2024-12-24 12:25:41,766] INFO: 	 Body Test loss: 0.13160000000000002
[2024-12-24 12:25:41,767] INFO: 	 RH Test loss: 0.1690459487326546
[2024-12-24 12:25:41,767] INFO: 	 F1 score: 0
[2024-12-24 12:25:57,065] INFO: Iter 3500 Summary: 
[2024-12-24 12:25:57,066] INFO: 	 lr: 0.009999999999999962 	 Training loss: 0.3065068780183792
[2024-12-24 12:25:57,410] INFO: 	 Body Test loss: 0.124
[2024-12-24 12:25:57,411] INFO: 	 RH Test loss: 0.16455446067263602
[2024-12-24 12:25:57,411] INFO: 	 F1 score: 0
[2024-12-24 12:26:12,895] INFO: Iter 3750 Summary: 
[2024-12-24 12:26:12,895] INFO: 	 lr: 0.009999999999999962 	 Training loss: 0.30308211815357206
[2024-12-24 12:26:13,235] INFO: 	 Body Test loss: 0.126
[2024-12-24 12:26:13,235] INFO: 	 RH Test loss: 0.1677567877651246
[2024-12-24 12:26:13,235] INFO: 	 F1 score: 0
[2024-12-24 12:26:28,553] INFO: Iter 4000 Summary: 
[2024-12-24 12:26:28,553] INFO: 	 lr: 0.009999999999999962 	 Training loss: 0.30290470385551455
[2024-12-24 12:26:28,895] INFO: 	 Body Test loss: 0.1208
[2024-12-24 12:26:28,895] INFO: 	 RH Test loss: 0.16376478962333407
[2024-12-24 12:26:28,895] INFO: 	 F1 score: 0
[2024-12-24 12:26:44,347] INFO: Iter 4250 Summary: 
[2024-12-24 12:26:44,347] INFO: 	 lr: 0.009999999999999962 	 Training loss: 0.3013719646930695
[2024-12-24 12:26:44,687] INFO: 	 Body Test loss: 0.12
[2024-12-24 12:26:44,687] INFO: 	 RH Test loss: 0.15555628089536977
[2024-12-24 12:26:44,687] INFO: 	 F1 score: 0
[2024-12-24 12:27:00,092] INFO: Iter 4500 Summary: 
[2024-12-24 12:27:00,092] INFO: 	 lr: 0.009999999999999962 	 Training loss: 0.29767362320423124
[2024-12-24 12:27:00,436] INFO: 	 Body Test loss: 0.12240000000000001
[2024-12-24 12:27:00,436] INFO: 	 RH Test loss: 0.15272627249893733
[2024-12-24 12:27:00,436] INFO: 	 F1 score: 0
[2024-12-24 12:27:15,980] INFO: Iter 4750 Summary: 
[2024-12-24 12:27:15,980] INFO: 	 lr: 0.009999999999999962 	 Training loss: 0.29589056956768034
[2024-12-24 12:27:16,323] INFO: 	 Body Test loss: 0.1232
[2024-12-24 12:27:16,323] INFO: 	 RH Test loss: 0.15380628462336937
[2024-12-24 12:27:16,323] INFO: 	 F1 score: 0
[2024-12-24 12:27:31,782] INFO: Iter 5000 Summary: 
[2024-12-24 12:27:31,782] INFO: 	 lr: 0.009999999999999962 	 Training loss: 0.2952382526397705
[2024-12-24 12:27:32,119] INFO: 	 Body Test loss: 0.1216
[2024-12-24 12:27:32,119] INFO: 	 RH Test loss: 0.16286318521525905
[2024-12-24 12:27:32,120] INFO: 	 F1 score: 0
[2024-12-24 12:27:32,477] INFO: 	 Total number of parameters: 126639
[2024-12-24 12:27:33,172] INFO: Testing with subject ['S5'] 
[2024-12-24 12:27:33,172] INFO: Training with subjects ['S10', 'S3', 'S6', 'S8', 'S9', 'S4', 'S7'] 
[2024-12-24 12:27:48,717] INFO: Iter 250 Summary: 
[2024-12-24 12:27:48,718] INFO: 	 lr: 0.009999999999999962 	 Training loss: 0.7506848227977753
[2024-12-24 12:27:49,005] INFO: 	 Body Test loss: 0.1932
[2024-12-24 12:27:49,005] INFO: 	 RH Test loss: 0.2415612414238483
[2024-12-24 12:27:49,005] INFO: 	 F1 score: 0
[2024-12-24 12:28:04,514] INFO: Iter 500 Summary: 
[2024-12-24 12:28:04,514] INFO: 	 lr: 0.009999999999999962 	 Training loss: 0.35990227580070494
[2024-12-24 12:28:04,799] INFO: 	 Body Test loss: 0.1884
[2024-12-24 12:28:04,799] INFO: 	 RH Test loss: 0.24751451560796056
[2024-12-24 12:28:04,799] INFO: 	 F1 score: 0
[2024-12-24 12:28:20,230] INFO: Iter 750 Summary: 
[2024-12-24 12:28:20,230] INFO: 	 lr: 0.009999999999999962 	 Training loss: 0.3442071361541748
[2024-12-24 12:28:20,516] INFO: 	 Body Test loss: 0.1948
[2024-12-24 12:28:20,516] INFO: 	 RH Test loss: 0.2469792968708908
[2024-12-24 12:28:20,516] INFO: 	 F1 score: 0
[2024-12-24 12:28:35,987] INFO: Iter 1000 Summary: 
[2024-12-24 12:28:35,987] INFO: 	 lr: 0.009999999999999962 	 Training loss: 0.33121055603027344
[2024-12-24 12:28:36,274] INFO: 	 Body Test loss: 0.1928
[2024-12-24 12:28:36,274] INFO: 	 RH Test loss: 0.24248080727869986
[2024-12-24 12:28:36,274] INFO: 	 F1 score: 0
[2024-12-24 12:28:51,649] INFO: Iter 1250 Summary: 
[2024-12-24 12:28:51,649] INFO: 	 lr: 0.009999999999999962 	 Training loss: 0.3233899354934692
[2024-12-24 12:28:51,944] INFO: 	 Body Test loss: 0.2028
[2024-12-24 12:28:51,944] INFO: 	 RH Test loss: 0.25414484404147847
[2024-12-24 12:28:51,944] INFO: 	 F1 score: 0
[2024-12-24 12:29:07,361] INFO: Iter 1500 Summary: 
[2024-12-24 12:29:07,361] INFO: 	 lr: 0.009999999999999962 	 Training loss: 0.31434369027614595
[2024-12-24 12:29:07,652] INFO: 	 Body Test loss: 0.19640000000000002
[2024-12-24 12:29:07,652] INFO: 	 RH Test loss: 0.25426126117124165
[2024-12-24 12:29:07,652] INFO: 	 F1 score: 0
[2024-12-24 12:29:23,169] INFO: Iter 1750 Summary: 
[2024-12-24 12:29:23,169] INFO: 	 lr: 0.009999999999999962 	 Training loss: 0.31142233848571776
[2024-12-24 12:29:23,456] INFO: 	 Body Test loss: 0.1876
[2024-12-24 12:29:23,456] INFO: 	 RH Test loss: 0.2432009366855587
[2024-12-24 12:29:23,456] INFO: 	 F1 score: 0
[2024-12-24 12:29:38,866] INFO: Iter 2000 Summary: 
[2024-12-24 12:29:38,866] INFO: 	 lr: 0.009999999999999962 	 Training loss: 0.30918574225902556
[2024-12-24 12:29:39,151] INFO: 	 Body Test loss: 0.18200000000000002
[2024-12-24 12:29:39,151] INFO: 	 RH Test loss: 0.23484129475947985
[2024-12-24 12:29:39,151] INFO: 	 F1 score: 0
[2024-12-24 12:29:54,514] INFO: Iter 2250 Summary: 
[2024-12-24 12:29:54,514] INFO: 	 lr: 0.009999999999999962 	 Training loss: 0.30651231384277344
[2024-12-24 12:29:54,800] INFO: 	 Body Test loss: 0.19400000000000003
[2024-12-24 12:29:54,801] INFO: 	 RH Test loss: 0.24992161444316432
[2024-12-24 12:29:54,801] INFO: 	 F1 score: 0
[2024-12-24 12:30:10,352] INFO: Iter 2500 Summary: 
[2024-12-24 12:30:10,352] INFO: 	 lr: 0.009999999999999962 	 Training loss: 0.30464515376091006
[2024-12-24 12:30:10,637] INFO: 	 Body Test loss: 0.1808
[2024-12-24 12:30:10,638] INFO: 	 RH Test loss: 0.24210422885696162
[2024-12-24 12:30:10,638] INFO: 	 F1 score: 0
[2024-12-24 12:30:26,331] INFO: Iter 2750 Summary: 
[2024-12-24 12:30:26,331] INFO: 	 lr: 0.009999999999999962 	 Training loss: 0.30029323065280916
[2024-12-24 12:30:26,616] INFO: 	 Body Test loss: 0.1904
[2024-12-24 12:30:26,617] INFO: 	 RH Test loss: 0.24913569208963554
[2024-12-24 12:30:26,617] INFO: 	 F1 score: 0
[2024-12-24 12:30:41,977] INFO: Iter 3000 Summary: 
[2024-12-24 12:30:41,977] INFO: 	 lr: 0.009999999999999962 	 Training loss: 0.3012290331125259
[2024-12-24 12:30:42,266] INFO: 	 Body Test loss: 0.1868
[2024-12-24 12:30:42,266] INFO: 	 RH Test loss: 0.23660849138051002
[2024-12-24 12:30:42,266] INFO: 	 F1 score: 0
[2024-12-24 12:30:57,801] INFO: Iter 3250 Summary: 
[2024-12-24 12:30:57,801] INFO: 	 lr: 0.009999999999999962 	 Training loss: 0.29679844856262205
[2024-12-24 12:30:58,089] INFO: 	 Body Test loss: 0.1852
[2024-12-24 12:30:58,089] INFO: 	 RH Test loss: 0.2552074636120343
[2024-12-24 12:30:58,089] INFO: 	 F1 score: 0
[2024-12-24 12:31:13,550] INFO: Iter 3500 Summary: 
[2024-12-24 12:31:13,550] INFO: 	 lr: 0.009999999999999962 	 Training loss: 0.2994617584943771
[2024-12-24 12:31:13,838] INFO: 	 Body Test loss: 0.1832
[2024-12-24 12:31:13,839] INFO: 	 RH Test loss: 0.21983428122967322
[2024-12-24 12:31:13,839] INFO: 	 F1 score: 0
[2024-12-24 12:31:29,243] INFO: Iter 3750 Summary: 
[2024-12-24 12:31:29,243] INFO: 	 lr: 0.009999999999999962 	 Training loss: 0.2968739442825317
[2024-12-24 12:31:29,562] INFO: 	 Body Test loss: 0.1716
[2024-12-24 12:31:29,562] INFO: 	 RH Test loss: 0.23412748203243347
[2024-12-24 12:31:29,562] INFO: 	 F1 score: 0
[2024-12-24 12:31:45,065] INFO: Iter 4000 Summary: 
[2024-12-24 12:31:45,065] INFO: 	 lr: 0.009999999999999962 	 Training loss: 0.293664878487587
[2024-12-24 12:31:45,351] INFO: 	 Body Test loss: 0.1716
[2024-12-24 12:31:45,352] INFO: 	 RH Test loss: 0.2413064606014231
[2024-12-24 12:31:45,352] INFO: 	 F1 score: 0
[2024-12-24 12:32:00,818] INFO: Iter 4250 Summary: 
[2024-12-24 12:32:00,818] INFO: 	 lr: 0.009999999999999962 	 Training loss: 0.29248883938789366
[2024-12-24 12:32:01,103] INFO: 	 Body Test loss: 0.1812
[2024-12-24 12:32:01,103] INFO: 	 RH Test loss: 0.23685227108172924
[2024-12-24 12:32:01,103] INFO: 	 F1 score: 0
[2024-12-24 12:32:16,440] INFO: Iter 4500 Summary: 
[2024-12-24 12:32:16,440] INFO: 	 lr: 0.009999999999999962 	 Training loss: 0.2895151096582413
[2024-12-24 12:32:16,731] INFO: 	 Body Test loss: 0.1832
[2024-12-24 12:32:16,732] INFO: 	 RH Test loss: 0.23740669092969363
[2024-12-24 12:32:16,732] INFO: 	 F1 score: 0
[2024-12-24 12:32:32,267] INFO: Iter 4750 Summary: 
[2024-12-24 12:32:32,267] INFO: 	 lr: 0.009999999999999962 	 Training loss: 0.2858979020118713
[2024-12-24 12:32:32,550] INFO: 	 Body Test loss: 0.1972
[2024-12-24 12:32:32,551] INFO: 	 RH Test loss: 0.2561767603807433
[2024-12-24 12:32:32,551] INFO: 	 F1 score: 0
[2024-12-24 12:32:47,895] INFO: Iter 5000 Summary: 
[2024-12-24 12:32:47,895] INFO: 	 lr: 0.009999999999999962 	 Training loss: 0.2853925238251686
[2024-12-24 12:32:48,185] INFO: 	 Body Test loss: 0.1748
[2024-12-24 12:32:48,185] INFO: 	 RH Test loss: 0.2322362241282711
[2024-12-24 12:32:48,186] INFO: 	 F1 score: 0
[2024-12-24 12:32:48,489] INFO: 	 Total number of parameters: 126639
[2024-12-24 12:32:49,185] INFO: Testing with subject ['S3'] 
[2024-12-24 12:32:49,185] INFO: Training with subjects ['S10', 'S5', 'S6', 'S8', 'S9', 'S4', 'S7'] 
[2024-12-24 12:33:04,798] INFO: Iter 250 Summary: 
[2024-12-24 12:33:04,799] INFO: 	 lr: 0.009999999999999962 	 Training loss: 0.6338149576187134
[2024-12-24 12:33:05,135] INFO: 	 Body Test loss: 0.2872
[2024-12-24 12:33:05,136] INFO: 	 RH Test loss: 0.3110139005421872
[2024-12-24 12:33:05,136] INFO: 	 F1 score: 0
[2024-12-24 12:33:20,624] INFO: Iter 500 Summary: 
[2024-12-24 12:33:20,624] INFO: 	 lr: 0.009999999999999962 	 Training loss: 0.37278386068344116
[2024-12-24 12:33:20,957] INFO: 	 Body Test loss: 0.26639999999999997
[2024-12-24 12:33:20,957] INFO: 	 RH Test loss: 0.2621968132563588
[2024-12-24 12:33:20,957] INFO: 	 F1 score: 0
[2024-12-24 12:33:36,342] INFO: Iter 750 Summary: 
[2024-12-24 12:33:36,342] INFO: 	 lr: 0.009999999999999962 	 Training loss: 0.3358129334449768
[2024-12-24 12:33:36,674] INFO: 	 Body Test loss: 0.2168
[2024-12-24 12:33:36,674] INFO: 	 RH Test loss: 0.23816202430206485
[2024-12-24 12:33:36,675] INFO: 	 F1 score: 0
[2024-12-24 12:33:52,190] INFO: Iter 1000 Summary: 
[2024-12-24 12:33:52,190] INFO: 	 lr: 0.009999999999999962 	 Training loss: 0.32500236022472384
[2024-12-24 12:33:52,527] INFO: 	 Body Test loss: 0.23
[2024-12-24 12:33:52,527] INFO: 	 RH Test loss: 0.25315934949050856
[2024-12-24 12:33:52,528] INFO: 	 F1 score: 0
[2024-12-24 12:34:08,176] INFO: Iter 1250 Summary: 
[2024-12-24 12:34:08,177] INFO: 	 lr: 0.009999999999999962 	 Training loss: 0.31869526171684265
[2024-12-24 12:34:08,513] INFO: 	 Body Test loss: 0.2112
[2024-12-24 12:34:08,513] INFO: 	 RH Test loss: 0.23686700627522886
[2024-12-24 12:34:08,513] INFO: 	 F1 score: 0
[2024-12-24 12:34:23,950] INFO: Iter 1500 Summary: 
[2024-12-24 12:34:23,950] INFO: 	 lr: 0.009999999999999962 	 Training loss: 0.31435432851314543
[2024-12-24 12:34:24,285] INFO: 	 Body Test loss: 0.21280000000000002
[2024-12-24 12:34:24,286] INFO: 	 RH Test loss: 0.23921148103529594
[2024-12-24 12:34:24,286] INFO: 	 F1 score: 0
[2024-12-24 12:34:39,834] INFO: Iter 1750 Summary: 
[2024-12-24 12:34:39,834] INFO: 	 lr: 0.009999999999999962 	 Training loss: 0.3101226536035538
[2024-12-24 12:34:40,169] INFO: 	 Body Test loss: 0.2156
[2024-12-24 12:34:40,169] INFO: 	 RH Test loss: 0.2400414282101519
[2024-12-24 12:34:40,169] INFO: 	 F1 score: 0
[2024-12-24 12:34:55,584] INFO: Iter 2000 Summary: 
[2024-12-24 12:34:55,585] INFO: 	 lr: 0.009999999999999962 	 Training loss: 0.3063338357210159
[2024-12-24 12:34:55,926] INFO: 	 Body Test loss: 0.20120000000000002
[2024-12-24 12:34:55,926] INFO: 	 RH Test loss: 0.23351945321725573
[2024-12-24 12:34:55,926] INFO: 	 F1 score: 0
[2024-12-24 12:35:11,486] INFO: Iter 2250 Summary: 
[2024-12-24 12:35:11,486] INFO: 	 lr: 0.009999999999999962 	 Training loss: 0.3046701339483261
[2024-12-24 12:35:11,826] INFO: 	 Body Test loss: 0.20560000000000003
[2024-12-24 12:35:11,827] INFO: 	 RH Test loss: 0.23158463133425872
[2024-12-24 12:35:11,827] INFO: 	 F1 score: 0
[2024-12-24 12:35:27,341] INFO: Iter 2500 Summary: 
[2024-12-24 12:35:27,341] INFO: 	 lr: 0.009999999999999962 	 Training loss: 0.3011782878637314
[2024-12-24 12:35:27,673] INFO: 	 Body Test loss: 0.22039999999999998
[2024-12-24 12:35:27,673] INFO: 	 RH Test loss: 0.23546142120735883
[2024-12-24 12:35:27,673] INFO: 	 F1 score: 0
[2024-12-24 12:35:43,417] INFO: Iter 2750 Summary: 
[2024-12-24 12:35:43,417] INFO: 	 lr: 0.009999999999999962 	 Training loss: 0.3001489692926407
[2024-12-24 12:35:43,751] INFO: 	 Body Test loss: 0.21359999999999998
[2024-12-24 12:35:43,751] INFO: 	 RH Test loss: 0.23321738137579395
[2024-12-24 12:35:43,752] INFO: 	 F1 score: 0
[2024-12-24 12:35:59,367] INFO: Iter 3000 Summary: 
[2024-12-24 12:35:59,368] INFO: 	 lr: 0.009999999999999962 	 Training loss: 0.2971196029186249
[2024-12-24 12:35:59,748] INFO: 	 Body Test loss: 0.21400000000000002
[2024-12-24 12:35:59,749] INFO: 	 RH Test loss: 0.24056163450742413
[2024-12-24 12:35:59,749] INFO: 	 F1 score: 0
[2024-12-24 12:36:15,337] INFO: Iter 3250 Summary: 
[2024-12-24 12:36:15,337] INFO: 	 lr: 0.009999999999999962 	 Training loss: 0.29461416113376615
[2024-12-24 12:36:15,673] INFO: 	 Body Test loss: 0.2036
[2024-12-24 12:36:15,673] INFO: 	 RH Test loss: 0.22837854289216217
[2024-12-24 12:36:15,673] INFO: 	 F1 score: 0
[2024-12-24 12:36:30,993] INFO: Iter 3500 Summary: 
[2024-12-24 12:36:30,994] INFO: 	 lr: 0.009999999999999962 	 Training loss: 0.2909652061462402
[2024-12-24 12:36:31,332] INFO: 	 Body Test loss: 0.2504
[2024-12-24 12:36:31,332] INFO: 	 RH Test loss: 0.2573105579164453
[2024-12-24 12:36:31,332] INFO: 	 F1 score: 0
[2024-12-24 12:36:46,909] INFO: Iter 3750 Summary: 
[2024-12-24 12:36:46,909] INFO: 	 lr: 0.009999999999999962 	 Training loss: 0.29028300249576566
[2024-12-24 12:36:47,245] INFO: 	 Body Test loss: 0.2088
[2024-12-24 12:36:47,246] INFO: 	 RH Test loss: 0.23774689941247787
[2024-12-24 12:36:47,246] INFO: 	 F1 score: 0
[2024-12-24 12:37:02,655] INFO: Iter 4000 Summary: 
[2024-12-24 12:37:02,656] INFO: 	 lr: 0.009999999999999962 	 Training loss: 0.2853698561191559
[2024-12-24 12:37:02,992] INFO: 	 Body Test loss: 0.20240000000000002
[2024-12-24 12:37:02,992] INFO: 	 RH Test loss: 0.22182581837443785
[2024-12-24 12:37:02,992] INFO: 	 F1 score: 0
[2024-12-24 12:37:18,588] INFO: Iter 4250 Summary: 
[2024-12-24 12:37:18,588] INFO: 	 lr: 0.009999999999999962 	 Training loss: 0.28299951243400573
[2024-12-24 12:37:18,927] INFO: 	 Body Test loss: 0.2052
[2024-12-24 12:37:18,927] INFO: 	 RH Test loss: 0.22382048451648376
[2024-12-24 12:37:18,927] INFO: 	 F1 score: 0
[2024-12-24 12:37:34,666] INFO: Iter 4500 Summary: 
[2024-12-24 12:37:34,667] INFO: 	 lr: 0.009999999999999962 	 Training loss: 0.2816444950699806
[2024-12-24 12:37:35,007] INFO: 	 Body Test loss: 0.2284
[2024-12-24 12:37:35,007] INFO: 	 RH Test loss: 0.24278775802191654
[2024-12-24 12:37:35,007] INFO: 	 F1 score: 0
[2024-12-24 12:37:50,599] INFO: Iter 4750 Summary: 
[2024-12-24 12:37:50,599] INFO: 	 lr: 0.009999999999999962 	 Training loss: 0.27796374863386153
[2024-12-24 12:37:50,934] INFO: 	 Body Test loss: 0.2032
[2024-12-24 12:37:50,934] INFO: 	 RH Test loss: 0.22713137791235996
[2024-12-24 12:37:50,934] INFO: 	 F1 score: 0
[2024-12-24 12:38:07,068] INFO: Iter 5000 Summary: 
[2024-12-24 12:38:07,068] INFO: 	 lr: 0.009999999999999962 	 Training loss: 0.2747908557057381
[2024-12-24 12:38:07,443] INFO: 	 Body Test loss: 0.19240000000000002
[2024-12-24 12:38:07,443] INFO: 	 RH Test loss: 0.23903032881255598
[2024-12-24 12:38:07,443] INFO: 	 F1 score: 0
[2024-12-24 12:38:07,877] INFO: 	 Total number of parameters: 126639
[2024-12-24 12:38:08,656] INFO: Testing with subject ['S6'] 
[2024-12-24 12:38:08,656] INFO: Training with subjects ['S10', 'S5', 'S3', 'S8', 'S9', 'S4', 'S7'] 
[2024-12-24 12:38:24,194] INFO: Iter 250 Summary: 
[2024-12-24 12:38:24,195] INFO: 	 lr: 0.009999999999999962 	 Training loss: 0.7240484627485275
[2024-12-24 12:38:24,538] INFO: 	 Body Test loss: 0.2792
[2024-12-24 12:38:24,538] INFO: 	 RH Test loss: 0.3040877385015527
[2024-12-24 12:38:24,538] INFO: 	 F1 score: 0
[2024-12-24 12:38:40,120] INFO: Iter 500 Summary: 
[2024-12-24 12:38:40,120] INFO: 	 lr: 0.009999999999999962 	 Training loss: 0.38452292609214783
[2024-12-24 12:38:40,464] INFO: 	 Body Test loss: 0.20359999999999995
[2024-12-24 12:38:40,464] INFO: 	 RH Test loss: 0.22567491667052134
[2024-12-24 12:38:40,465] INFO: 	 F1 score: 0
[2024-12-24 12:38:55,810] INFO: Iter 750 Summary: 
[2024-12-24 12:38:55,811] INFO: 	 lr: 0.009999999999999962 	 Training loss: 0.3497995389699936
[2024-12-24 12:38:56,151] INFO: 	 Body Test loss: 0.1944
[2024-12-24 12:38:56,151] INFO: 	 RH Test loss: 0.23845411968622585
[2024-12-24 12:38:56,151] INFO: 	 F1 score: 0
[2024-12-24 12:39:11,633] INFO: Iter 1000 Summary: 
[2024-12-24 12:39:11,633] INFO: 	 lr: 0.009999999999999962 	 Training loss: 0.33945748376846313
[2024-12-24 12:39:11,975] INFO: 	 Body Test loss: 0.20560000000000003
[2024-12-24 12:39:11,976] INFO: 	 RH Test loss: 0.21824964972103342
[2024-12-24 12:39:11,976] INFO: 	 F1 score: 0
[2024-12-24 12:39:27,511] INFO: Iter 1250 Summary: 
[2024-12-24 12:39:27,511] INFO: 	 lr: 0.009999999999999962 	 Training loss: 0.33229097712039946
[2024-12-24 12:39:27,855] INFO: 	 Body Test loss: 0.1936
[2024-12-24 12:39:27,856] INFO: 	 RH Test loss: 0.22182756011691532
[2024-12-24 12:39:27,856] INFO: 	 F1 score: 0
[2024-12-24 12:39:43,338] INFO: Iter 1500 Summary: 
[2024-12-24 12:39:43,338] INFO: 	 lr: 0.009999999999999962 	 Training loss: 0.32583408677577974
[2024-12-24 12:39:43,682] INFO: 	 Body Test loss: 0.18560000000000001
[2024-12-24 12:39:43,682] INFO: 	 RH Test loss: 0.21268711478863467
[2024-12-24 12:39:43,683] INFO: 	 F1 score: 0
[2024-12-24 12:39:59,232] INFO: Iter 1750 Summary: 
[2024-12-24 12:39:59,232] INFO: 	 lr: 0.009999999999999962 	 Training loss: 0.3219825506210327
[2024-12-24 12:39:59,605] INFO: 	 Body Test loss: 0.184
[2024-12-24 12:39:59,605] INFO: 	 RH Test loss: 0.21028530188689643
[2024-12-24 12:39:59,605] INFO: 	 F1 score: 0
[2024-12-24 12:40:14,970] INFO: Iter 2000 Summary: 
[2024-12-24 12:40:14,970] INFO: 	 lr: 0.009999999999999962 	 Training loss: 0.31528274857997896
[2024-12-24 12:40:15,317] INFO: 	 Body Test loss: 0.18080000000000002
[2024-12-24 12:40:15,318] INFO: 	 RH Test loss: 0.20251566045424518
[2024-12-24 12:40:15,318] INFO: 	 F1 score: 0
[2024-12-24 12:40:30,811] INFO: Iter 2250 Summary: 
[2024-12-24 12:40:30,811] INFO: 	 lr: 0.009999999999999962 	 Training loss: 0.31335365056991576
[2024-12-24 12:40:31,150] INFO: 	 Body Test loss: 0.1892
[2024-12-24 12:40:31,150] INFO: 	 RH Test loss: 0.22203986010049173
[2024-12-24 12:40:31,150] INFO: 	 F1 score: 0
[2024-12-24 12:40:46,806] INFO: Iter 2500 Summary: 
[2024-12-24 12:40:46,806] INFO: 	 lr: 0.009999999999999962 	 Training loss: 0.3110483580827713
[2024-12-24 12:40:47,151] INFO: 	 Body Test loss: 0.22639999999999996
[2024-12-24 12:40:47,151] INFO: 	 RH Test loss: 0.24931876585682503
[2024-12-24 12:40:47,151] INFO: 	 F1 score: 0
[2024-12-24 12:41:02,914] INFO: Iter 2750 Summary: 
[2024-12-24 12:41:02,914] INFO: 	 lr: 0.009999999999999962 	 Training loss: 0.3062972403764725
[2024-12-24 12:41:03,267] INFO: 	 Body Test loss: 0.17680000000000004
[2024-12-24 12:41:03,268] INFO: 	 RH Test loss: 0.21315033593027763
[2024-12-24 12:41:03,268] INFO: 	 F1 score: 0
[2024-12-24 12:41:18,850] INFO: Iter 3000 Summary: 
[2024-12-24 12:41:18,850] INFO: 	 lr: 0.009999999999999962 	 Training loss: 0.30456375908851624
[2024-12-24 12:41:19,192] INFO: 	 Body Test loss: 0.18200000000000002
[2024-12-24 12:41:19,192] INFO: 	 RH Test loss: 0.22285286972525994
[2024-12-24 12:41:19,192] INFO: 	 F1 score: 0
[2024-12-24 12:41:34,746] INFO: Iter 3250 Summary: 
[2024-12-24 12:41:34,746] INFO: 	 lr: 0.009999999999999962 	 Training loss: 0.3014298357963562
[2024-12-24 12:41:35,092] INFO: 	 Body Test loss: 0.20479999999999998
[2024-12-24 12:41:35,093] INFO: 	 RH Test loss: 0.23965311807092335
[2024-12-24 12:41:35,093] INFO: 	 F1 score: 0
[2024-12-24 12:41:50,507] INFO: Iter 3500 Summary: 
[2024-12-24 12:41:50,508] INFO: 	 lr: 0.009999999999999962 	 Training loss: 0.3000842752456665
[2024-12-24 12:41:50,845] INFO: 	 Body Test loss: 0.1848
[2024-12-24 12:41:50,846] INFO: 	 RH Test loss: 0.20707071557416795
[2024-12-24 12:41:50,846] INFO: 	 F1 score: 0
[2024-12-24 12:42:06,515] INFO: Iter 3750 Summary: 
[2024-12-24 12:42:06,515] INFO: 	 lr: 0.009999999999999962 	 Training loss: 0.29687348353862764
[2024-12-24 12:42:06,855] INFO: 	 Body Test loss: 0.1696
[2024-12-24 12:42:06,855] INFO: 	 RH Test loss: 0.20073578235714934
[2024-12-24 12:42:06,855] INFO: 	 F1 score: 0
[2024-12-24 12:42:22,222] INFO: Iter 4000 Summary: 
[2024-12-24 12:42:22,222] INFO: 	 lr: 0.009999999999999962 	 Training loss: 0.29527500027418135
[2024-12-24 12:42:22,565] INFO: 	 Body Test loss: 0.2284
[2024-12-24 12:42:22,565] INFO: 	 RH Test loss: 0.25981018494320307
[2024-12-24 12:42:22,565] INFO: 	 F1 score: 0
[2024-12-24 12:42:38,098] INFO: Iter 4250 Summary: 
[2024-12-24 12:42:38,098] INFO: 	 lr: 0.009999999999999962 	 Training loss: 0.29285931479930877
[2024-12-24 12:42:38,442] INFO: 	 Body Test loss: 0.17679999999999998
[2024-12-24 12:42:38,442] INFO: 	 RH Test loss: 0.23080505378921445
[2024-12-24 12:42:38,442] INFO: 	 F1 score: 0
[2024-12-24 12:42:54,001] INFO: Iter 4500 Summary: 
[2024-12-24 12:42:54,002] INFO: 	 lr: 0.009999999999999962 	 Training loss: 0.2888554904460907
[2024-12-24 12:42:54,348] INFO: 	 Body Test loss: 0.1864
[2024-12-24 12:42:54,349] INFO: 	 RH Test loss: 0.2021284663073831
[2024-12-24 12:42:54,349] INFO: 	 F1 score: 0
[2024-12-24 12:43:09,839] INFO: Iter 4750 Summary: 
[2024-12-24 12:43:09,839] INFO: 	 lr: 0.009999999999999962 	 Training loss: 0.2862110658288002
[2024-12-24 12:43:10,184] INFO: 	 Body Test loss: 0.20479999999999998
[2024-12-24 12:43:10,184] INFO: 	 RH Test loss: 0.25780172697659554
[2024-12-24 12:43:10,185] INFO: 	 F1 score: 0
[2024-12-24 12:43:25,792] INFO: Iter 5000 Summary: 
[2024-12-24 12:43:25,792] INFO: 	 lr: 0.009999999999999962 	 Training loss: 0.28758549720048904
[2024-12-24 12:43:26,131] INFO: 	 Body Test loss: 0.2332
[2024-12-24 12:43:26,132] INFO: 	 RH Test loss: 0.26456573233232616
[2024-12-24 12:43:26,132] INFO: 	 F1 score: 0
[2024-12-24 12:43:26,493] INFO: 	 Total number of parameters: 126639
[2024-12-24 12:43:27,202] INFO: Testing with subject ['S8'] 
[2024-12-24 12:43:27,202] INFO: Training with subjects ['S10', 'S5', 'S3', 'S6', 'S9', 'S4', 'S7'] 
[2024-12-24 12:43:42,746] INFO: Iter 250 Summary: 
[2024-12-24 12:43:42,746] INFO: 	 lr: 0.009999999999999962 	 Training loss: 0.6352935054302216
[2024-12-24 12:43:43,135] INFO: 	 Body Test loss: 0.2168
[2024-12-24 12:43:43,135] INFO: 	 RH Test loss: 0.26961551728717026
[2024-12-24 12:43:43,136] INFO: 	 F1 score: 0
[2024-12-24 12:43:58,697] INFO: Iter 500 Summary: 
[2024-12-24 12:43:58,697] INFO: 	 lr: 0.009999999999999962 	 Training loss: 0.37507875871658325
[2024-12-24 12:43:59,083] INFO: 	 Body Test loss: 0.2072
[2024-12-24 12:43:59,084] INFO: 	 RH Test loss: 0.2513032477088179
[2024-12-24 12:43:59,084] INFO: 	 F1 score: 0
[2024-12-24 12:44:14,555] INFO: Iter 750 Summary: 
[2024-12-24 12:44:14,555] INFO: 	 lr: 0.009999999999999962 	 Training loss: 0.3437406095266342
[2024-12-24 12:44:15,027] INFO: 	 Body Test loss: 0.17200000000000004
[2024-12-24 12:44:15,027] INFO: 	 RH Test loss: 0.22005075578125058
[2024-12-24 12:44:15,027] INFO: 	 F1 score: 0
[2024-12-24 12:44:30,620] INFO: Iter 1000 Summary: 
[2024-12-24 12:44:30,621] INFO: 	 lr: 0.009999999999999962 	 Training loss: 0.3307459192276001
[2024-12-24 12:44:31,007] INFO: 	 Body Test loss: 0.18
[2024-12-24 12:44:31,007] INFO: 	 RH Test loss: 0.2130681661394441
[2024-12-24 12:44:31,007] INFO: 	 F1 score: 0
[2024-12-24 12:44:46,539] INFO: Iter 1250 Summary: 
[2024-12-24 12:44:46,539] INFO: 	 lr: 0.009999999999999962 	 Training loss: 0.3207624537944794
[2024-12-24 12:44:46,922] INFO: 	 Body Test loss: 0.18480000000000005
[2024-12-24 12:44:46,922] INFO: 	 RH Test loss: 0.22945235682975137
[2024-12-24 12:44:46,922] INFO: 	 F1 score: 0
[2024-12-24 12:45:02,434] INFO: Iter 1500 Summary: 
[2024-12-24 12:45:02,434] INFO: 	 lr: 0.009999999999999962 	 Training loss: 0.31737148082256317
[2024-12-24 12:45:02,821] INFO: 	 Body Test loss: 0.17120000000000005
[2024-12-24 12:45:02,821] INFO: 	 RH Test loss: 0.21610416939636923
[2024-12-24 12:45:02,821] INFO: 	 F1 score: 0
[2024-12-24 12:45:18,428] INFO: Iter 1750 Summary: 
[2024-12-24 12:45:18,428] INFO: 	 lr: 0.009999999999999962 	 Training loss: 0.3123691930770874
[2024-12-24 12:45:18,814] INFO: 	 Body Test loss: 0.1548
[2024-12-24 12:45:18,814] INFO: 	 RH Test loss: 0.2040221770284158
[2024-12-24 12:45:18,814] INFO: 	 F1 score: 0
[2024-12-24 12:45:34,280] INFO: Iter 2000 Summary: 
[2024-12-24 12:45:34,280] INFO: 	 lr: 0.009999999999999962 	 Training loss: 0.3100213857889175
[2024-12-24 12:45:34,668] INFO: 	 Body Test loss: 0.166
[2024-12-24 12:45:34,668] INFO: 	 RH Test loss: 0.22048450322235258
[2024-12-24 12:45:34,668] INFO: 	 F1 score: 0
[2024-12-24 12:45:50,213] INFO: Iter 2250 Summary: 
[2024-12-24 12:45:50,213] INFO: 	 lr: 0.009999999999999962 	 Training loss: 0.30834175968170163
[2024-12-24 12:45:50,597] INFO: 	 Body Test loss: 0.22039999999999998
[2024-12-24 12:45:50,598] INFO: 	 RH Test loss: 0.2686729860846282
[2024-12-24 12:45:50,598] INFO: 	 F1 score: 0
[2024-12-24 12:46:06,161] INFO: Iter 2500 Summary: 
[2024-12-24 12:46:06,161] INFO: 	 lr: 0.009999999999999962 	 Training loss: 0.3058513000011444
[2024-12-24 12:46:06,552] INFO: 	 Body Test loss: 0.16960000000000006
[2024-12-24 12:46:06,552] INFO: 	 RH Test loss: 0.2081955725840417
[2024-12-24 12:46:06,552] INFO: 	 F1 score: 0
[2024-12-24 12:46:22,301] INFO: Iter 2750 Summary: 
[2024-12-24 12:46:22,301] INFO: 	 lr: 0.009999999999999962 	 Training loss: 0.30451645016670226
[2024-12-24 12:46:22,693] INFO: 	 Body Test loss: 0.18119999999999997
[2024-12-24 12:46:22,693] INFO: 	 RH Test loss: 0.22393656088363012
[2024-12-24 12:46:22,693] INFO: 	 F1 score: 0
[2024-12-24 12:46:38,217] INFO: Iter 3000 Summary: 
[2024-12-24 12:46:38,217] INFO: 	 lr: 0.009999999999999962 	 Training loss: 0.3020061221122742
[2024-12-24 12:46:38,606] INFO: 	 Body Test loss: 0.162
[2024-12-24 12:46:38,606] INFO: 	 RH Test loss: 0.20308568808533983
[2024-12-24 12:46:38,606] INFO: 	 F1 score: 0
[2024-12-24 12:46:54,135] INFO: Iter 3250 Summary: 
[2024-12-24 12:46:54,135] INFO: 	 lr: 0.009999999999999962 	 Training loss: 0.2996721656322479
[2024-12-24 12:46:54,524] INFO: 	 Body Test loss: 0.156
[2024-12-24 12:46:54,524] INFO: 	 RH Test loss: 0.2038979286450883
[2024-12-24 12:46:54,524] INFO: 	 F1 score: 0
[2024-12-24 12:47:09,924] INFO: Iter 3500 Summary: 
[2024-12-24 12:47:09,924] INFO: 	 lr: 0.009999999999999962 	 Training loss: 0.29727076518535617
[2024-12-24 12:47:10,309] INFO: 	 Body Test loss: 0.16560000000000002
[2024-12-24 12:47:10,309] INFO: 	 RH Test loss: 0.2073999477213516
[2024-12-24 12:47:10,309] INFO: 	 F1 score: 0
[2024-12-24 12:47:25,827] INFO: Iter 3750 Summary: 
[2024-12-24 12:47:25,827] INFO: 	 lr: 0.009999999999999962 	 Training loss: 0.29735334515571593
[2024-12-24 12:47:26,219] INFO: 	 Body Test loss: 0.1568
[2024-12-24 12:47:26,219] INFO: 	 RH Test loss: 0.2027914176239475
[2024-12-24 12:47:26,219] INFO: 	 F1 score: 0
[2024-12-24 12:47:41,644] INFO: Iter 4000 Summary: 
[2024-12-24 12:47:41,645] INFO: 	 lr: 0.009999999999999962 	 Training loss: 0.29452322840690615
[2024-12-24 12:47:42,027] INFO: 	 Body Test loss: 0.1672
[2024-12-24 12:47:42,028] INFO: 	 RH Test loss: 0.20400674995307055
[2024-12-24 12:47:42,028] INFO: 	 F1 score: 0
[2024-12-24 12:47:57,583] INFO: Iter 4250 Summary: 
[2024-12-24 12:47:57,583] INFO: 	 lr: 0.009999999999999962 	 Training loss: 0.2927476727962494
[2024-12-24 12:47:57,966] INFO: 	 Body Test loss: 0.16760000000000003
[2024-12-24 12:47:57,967] INFO: 	 RH Test loss: 0.20528325433094494
[2024-12-24 12:47:57,967] INFO: 	 F1 score: 0
[2024-12-24 12:48:13,568] INFO: Iter 4500 Summary: 
[2024-12-24 12:48:13,568] INFO: 	 lr: 0.009999999999999962 	 Training loss: 0.29045014119148255
[2024-12-24 12:48:13,955] INFO: 	 Body Test loss: 0.1776
[2024-12-24 12:48:13,955] INFO: 	 RH Test loss: 0.21579255434367756
[2024-12-24 12:48:13,955] INFO: 	 F1 score: 0
[2024-12-24 12:48:29,412] INFO: Iter 4750 Summary: 
[2024-12-24 12:48:29,412] INFO: 	 lr: 0.009999999999999962 	 Training loss: 0.28928787541389467
[2024-12-24 12:48:29,834] INFO: 	 Body Test loss: 0.1628
[2024-12-24 12:48:29,835] INFO: 	 RH Test loss: 0.2066289391055215
[2024-12-24 12:48:29,835] INFO: 	 F1 score: 0
[2024-12-24 12:48:45,365] INFO: Iter 5000 Summary: 
[2024-12-24 12:48:45,365] INFO: 	 lr: 0.009999999999999962 	 Training loss: 0.287411281645298
[2024-12-24 12:48:45,753] INFO: 	 Body Test loss: 0.1824
[2024-12-24 12:48:45,754] INFO: 	 RH Test loss: 0.21061602724589387
[2024-12-24 12:48:45,754] INFO: 	 F1 score: 0
[2024-12-24 12:48:46,157] INFO: 	 Total number of parameters: 126639
[2024-12-24 12:48:46,857] INFO: Testing with subject ['S9'] 
[2024-12-24 12:48:46,858] INFO: Training with subjects ['S10', 'S5', 'S3', 'S6', 'S8', 'S4', 'S7'] 
[2024-12-24 12:49:02,466] INFO: Iter 250 Summary: 
[2024-12-24 12:49:02,466] INFO: 	 lr: 0.009999999999999962 	 Training loss: 0.7843219820261002
[2024-12-24 12:49:02,862] INFO: 	 Body Test loss: 0.3036
[2024-12-24 12:49:02,862] INFO: 	 RH Test loss: 0.3430173959886449
[2024-12-24 12:49:02,862] INFO: 	 F1 score: 0
[2024-12-24 12:49:18,458] INFO: Iter 500 Summary: 
[2024-12-24 12:49:18,459] INFO: 	 lr: 0.009999999999999962 	 Training loss: 0.3920049500465393
[2024-12-24 12:49:18,843] INFO: 	 Body Test loss: 0.20879999999999999
[2024-12-24 12:49:18,843] INFO: 	 RH Test loss: 0.23070201559054898
[2024-12-24 12:49:18,844] INFO: 	 F1 score: 0
[2024-12-24 12:49:34,243] INFO: Iter 750 Summary: 
[2024-12-24 12:49:34,243] INFO: 	 lr: 0.009999999999999962 	 Training loss: 0.34982030546665194
[2024-12-24 12:49:34,628] INFO: 	 Body Test loss: 0.19519999999999996
[2024-12-24 12:49:34,628] INFO: 	 RH Test loss: 0.2258693985861829
[2024-12-24 12:49:34,628] INFO: 	 F1 score: 0
[2024-12-24 12:49:50,186] INFO: Iter 1000 Summary: 
[2024-12-24 12:49:50,186] INFO: 	 lr: 0.009999999999999962 	 Training loss: 0.3328633484840393
[2024-12-24 12:49:50,572] INFO: 	 Body Test loss: 0.20199999999999999
[2024-12-24 12:49:50,572] INFO: 	 RH Test loss: 0.2329221998739658
[2024-12-24 12:49:50,573] INFO: 	 F1 score: 0
[2024-12-24 12:50:06,123] INFO: Iter 1250 Summary: 
[2024-12-24 12:50:06,123] INFO: 	 lr: 0.009999999999999962 	 Training loss: 0.32847145783901216
[2024-12-24 12:50:06,516] INFO: 	 Body Test loss: 0.184
[2024-12-24 12:50:06,516] INFO: 	 RH Test loss: 0.2122955539247316
[2024-12-24 12:50:06,516] INFO: 	 F1 score: 0
[2024-12-24 12:50:21,950] INFO: Iter 1500 Summary: 
[2024-12-24 12:50:21,950] INFO: 	 lr: 0.009999999999999962 	 Training loss: 0.3208383812904358
[2024-12-24 12:50:22,338] INFO: 	 Body Test loss: 0.18359999999999999
[2024-12-24 12:50:22,338] INFO: 	 RH Test loss: 0.21245094619979002
[2024-12-24 12:50:22,338] INFO: 	 F1 score: 0
[2024-12-24 12:50:37,840] INFO: Iter 1750 Summary: 
[2024-12-24 12:50:37,840] INFO: 	 lr: 0.009999999999999962 	 Training loss: 0.31734093856811524
[2024-12-24 12:50:38,233] INFO: 	 Body Test loss: 0.20320000000000005
[2024-12-24 12:50:38,233] INFO: 	 RH Test loss: 0.23323083053935656
[2024-12-24 12:50:38,233] INFO: 	 F1 score: 0
[2024-12-24 12:50:53,677] INFO: Iter 2000 Summary: 
[2024-12-24 12:50:53,677] INFO: 	 lr: 0.009999999999999962 	 Training loss: 0.3135180195569992
[2024-12-24 12:50:54,072] INFO: 	 Body Test loss: 0.17840000000000003
[2024-12-24 12:50:54,073] INFO: 	 RH Test loss: 0.20084080002524637
[2024-12-24 12:50:54,073] INFO: 	 F1 score: 0
[2024-12-24 12:51:09,627] INFO: Iter 2250 Summary: 
[2024-12-24 12:51:09,627] INFO: 	 lr: 0.009999999999999962 	 Training loss: 0.3110992908477783
[2024-12-24 12:51:10,035] INFO: 	 Body Test loss: 0.18560000000000001
[2024-12-24 12:51:10,035] INFO: 	 RH Test loss: 0.21547391520342227
[2024-12-24 12:51:10,035] INFO: 	 F1 score: 0
[2024-12-24 12:51:25,527] INFO: Iter 2500 Summary: 
[2024-12-24 12:51:25,527] INFO: 	 lr: 0.009999999999999962 	 Training loss: 0.309678746342659
[2024-12-24 12:51:25,917] INFO: 	 Body Test loss: 0.18560000000000001
[2024-12-24 12:51:25,917] INFO: 	 RH Test loss: 0.21239454325228224
[2024-12-24 12:51:25,917] INFO: 	 F1 score: 0
[2024-12-24 12:51:41,781] INFO: Iter 2750 Summary: 
[2024-12-24 12:51:41,782] INFO: 	 lr: 0.009999999999999962 	 Training loss: 0.3058995727300644
[2024-12-24 12:51:42,167] INFO: 	 Body Test loss: 0.17800000000000002
[2024-12-24 12:51:42,167] INFO: 	 RH Test loss: 0.2059855915273854
[2024-12-24 12:51:42,168] INFO: 	 F1 score: 0
[2024-12-24 12:51:57,690] INFO: Iter 3000 Summary: 
[2024-12-24 12:51:57,690] INFO: 	 lr: 0.009999999999999962 	 Training loss: 0.3064464205503464
[2024-12-24 12:51:58,085] INFO: 	 Body Test loss: 0.1776
[2024-12-24 12:51:58,085] INFO: 	 RH Test loss: 0.2088519641085253
[2024-12-24 12:51:58,085] INFO: 	 F1 score: 0
[2024-12-24 12:52:13,639] INFO: Iter 3250 Summary: 
[2024-12-24 12:52:13,639] INFO: 	 lr: 0.009999999999999962 	 Training loss: 0.30197501480579375
[2024-12-24 12:52:14,033] INFO: 	 Body Test loss: 0.17200000000000004
[2024-12-24 12:52:14,034] INFO: 	 RH Test loss: 0.20486265028102013
[2024-12-24 12:52:14,034] INFO: 	 F1 score: 0
[2024-12-24 12:52:29,415] INFO: Iter 3500 Summary: 
[2024-12-24 12:52:29,415] INFO: 	 lr: 0.009999999999999962 	 Training loss: 0.30220162141323087
[2024-12-24 12:52:29,810] INFO: 	 Body Test loss: 0.17360000000000003
[2024-12-24 12:52:29,811] INFO: 	 RH Test loss: 0.20770349742466604
[2024-12-24 12:52:29,811] INFO: 	 F1 score: 0
[2024-12-24 12:52:45,445] INFO: Iter 3750 Summary: 
[2024-12-24 12:52:45,445] INFO: 	 lr: 0.009999999999999962 	 Training loss: 0.2989830516576767
[2024-12-24 12:52:45,843] INFO: 	 Body Test loss: 0.16879999999999998
[2024-12-24 12:52:45,843] INFO: 	 RH Test loss: 0.19974043271312972
[2024-12-24 12:52:45,843] INFO: 	 F1 score: 0
[2024-12-24 12:53:01,240] INFO: Iter 4000 Summary: 
[2024-12-24 12:53:01,240] INFO: 	 lr: 0.009999999999999962 	 Training loss: 0.2974837911128998
[2024-12-24 12:53:01,629] INFO: 	 Body Test loss: 0.1716
[2024-12-24 12:53:01,629] INFO: 	 RH Test loss: 0.2055089580255606
[2024-12-24 12:53:01,629] INFO: 	 F1 score: 0
[2024-12-24 12:53:17,193] INFO: Iter 4250 Summary: 
[2024-12-24 12:53:17,193] INFO: 	 lr: 0.009999999999999962 	 Training loss: 0.2953558393716812
[2024-12-24 12:53:17,584] INFO: 	 Body Test loss: 0.17120000000000005
[2024-12-24 12:53:17,584] INFO: 	 RH Test loss: 0.20020252516379544
[2024-12-24 12:53:17,584] INFO: 	 F1 score: 0
[2024-12-24 12:53:33,085] INFO: Iter 4500 Summary: 
[2024-12-24 12:53:33,085] INFO: 	 lr: 0.009999999999999962 	 Training loss: 0.2924235733747482
[2024-12-24 12:53:33,481] INFO: 	 Body Test loss: 0.17520000000000002
[2024-12-24 12:53:33,481] INFO: 	 RH Test loss: 0.207219658859937
[2024-12-24 12:53:33,481] INFO: 	 F1 score: 0
[2024-12-24 12:53:48,867] INFO: Iter 4750 Summary: 
[2024-12-24 12:53:48,868] INFO: 	 lr: 0.009999999999999962 	 Training loss: 0.29175295460224154
[2024-12-24 12:53:49,264] INFO: 	 Body Test loss: 0.17920000000000003
[2024-12-24 12:53:49,264] INFO: 	 RH Test loss: 0.20917284581907658
[2024-12-24 12:53:49,264] INFO: 	 F1 score: 0
[2024-12-24 12:54:04,759] INFO: Iter 5000 Summary: 
[2024-12-24 12:54:04,759] INFO: 	 lr: 0.009999999999999962 	 Training loss: 0.29019032621383667
[2024-12-24 12:54:05,145] INFO: 	 Body Test loss: 0.1696
[2024-12-24 12:54:05,145] INFO: 	 RH Test loss: 0.20160223602209412
[2024-12-24 12:54:05,146] INFO: 	 F1 score: 0
[2024-12-24 12:54:05,548] INFO: 	 Total number of parameters: 126639
[2024-12-24 12:54:06,251] INFO: Testing with subject ['S4'] 
[2024-12-24 12:54:06,251] INFO: Training with subjects ['S10', 'S5', 'S3', 'S6', 'S8', 'S9', 'S7'] 
[2024-12-24 12:54:21,823] INFO: Iter 250 Summary: 
[2024-12-24 12:54:21,823] INFO: 	 lr: 0.009999999999999962 	 Training loss: 1.4581622616052627
[2024-12-24 12:54:22,114] INFO: 	 Body Test loss: 0.34119999999999995
[2024-12-24 12:54:22,115] INFO: 	 RH Test loss: 0.33738354197444004
[2024-12-24 12:54:22,115] INFO: 	 F1 score: 0
[2024-12-24 12:54:37,749] INFO: Iter 500 Summary: 
[2024-12-24 12:54:37,750] INFO: 	 lr: 0.009999999999999962 	 Training loss: 0.4038241622447968
[2024-12-24 12:54:38,044] INFO: 	 Body Test loss: 0.22799999999999998
[2024-12-24 12:54:38,044] INFO: 	 RH Test loss: 0.22262829414505933
[2024-12-24 12:54:38,045] INFO: 	 F1 score: 0
[2024-12-24 12:54:53,468] INFO: Iter 750 Summary: 
[2024-12-24 12:54:53,468] INFO: 	 lr: 0.009999999999999962 	 Training loss: 0.37140923118591307
[2024-12-24 12:54:53,759] INFO: 	 Body Test loss: 0.20479999999999998
[2024-12-24 12:54:53,759] INFO: 	 RH Test loss: 0.20364255339545512
[2024-12-24 12:54:53,759] INFO: 	 F1 score: 0
[2024-12-24 12:55:09,440] INFO: Iter 1000 Summary: 
[2024-12-24 12:55:09,440] INFO: 	 lr: 0.009999999999999962 	 Training loss: 0.3536189147233963
[2024-12-24 12:55:09,734] INFO: 	 Body Test loss: 0.1932
[2024-12-24 12:55:09,734] INFO: 	 RH Test loss: 0.19357683868345357
[2024-12-24 12:55:09,734] INFO: 	 F1 score: 0
[2024-12-24 12:55:25,672] INFO: Iter 1250 Summary: 
[2024-12-24 12:55:25,672] INFO: 	 lr: 0.009999999999999962 	 Training loss: 0.34051553583145144
[2024-12-24 12:55:25,974] INFO: 	 Body Test loss: 0.19080000000000003
[2024-12-24 12:55:25,974] INFO: 	 RH Test loss: 0.20196560345921527
[2024-12-24 12:55:25,974] INFO: 	 F1 score: 0
[2024-12-24 12:55:41,929] INFO: Iter 1500 Summary: 
[2024-12-24 12:55:41,929] INFO: 	 lr: 0.009999999999999962 	 Training loss: 0.33404752469062804
[2024-12-24 12:55:42,221] INFO: 	 Body Test loss: 0.19119999999999998
[2024-12-24 12:55:42,221] INFO: 	 RH Test loss: 0.1996629586447601
[2024-12-24 12:55:42,221] INFO: 	 F1 score: 0
[2024-12-24 12:55:58,373] INFO: Iter 1750 Summary: 
[2024-12-24 12:55:58,373] INFO: 	 lr: 0.009999999999999962 	 Training loss: 0.3283943115472794
[2024-12-24 12:55:58,746] INFO: 	 Body Test loss: 0.17559999999999998
[2024-12-24 12:55:58,746] INFO: 	 RH Test loss: 0.1899255164019162
[2024-12-24 12:55:58,746] INFO: 	 F1 score: 0
[2024-12-24 12:56:14,597] INFO: Iter 2000 Summary: 
[2024-12-24 12:56:14,597] INFO: 	 lr: 0.009999999999999962 	 Training loss: 0.3258407572507858
[2024-12-24 12:56:14,891] INFO: 	 Body Test loss: 0.17959999999999998
[2024-12-24 12:56:14,891] INFO: 	 RH Test loss: 0.19735871827189963
[2024-12-24 12:56:14,891] INFO: 	 F1 score: 0
[2024-12-24 12:56:30,547] INFO: Iter 2250 Summary: 
[2024-12-24 12:56:30,547] INFO: 	 lr: 0.009999999999999962 	 Training loss: 0.3225553277730942
[2024-12-24 12:56:30,837] INFO: 	 Body Test loss: 0.168
[2024-12-24 12:56:30,837] INFO: 	 RH Test loss: 0.18880042324348967
[2024-12-24 12:56:30,837] INFO: 	 F1 score: 0
[2024-12-24 12:56:46,411] INFO: Iter 2500 Summary: 
[2024-12-24 12:56:46,411] INFO: 	 lr: 0.009999999999999962 	 Training loss: 0.3196081229448319
[2024-12-24 12:56:46,701] INFO: 	 Body Test loss: 0.168
[2024-12-24 12:56:46,701] INFO: 	 RH Test loss: 0.17477781950936483
[2024-12-24 12:56:46,701] INFO: 	 F1 score: 0
[2024-12-24 12:57:02,425] INFO: Iter 2750 Summary: 
[2024-12-24 12:57:02,425] INFO: 	 lr: 0.009999999999999962 	 Training loss: 0.3183317278623581
[2024-12-24 12:57:02,722] INFO: 	 Body Test loss: 0.17120000000000002
[2024-12-24 12:57:02,722] INFO: 	 RH Test loss: 0.21158589575200337
[2024-12-24 12:57:02,722] INFO: 	 F1 score: 0
[2024-12-24 12:57:18,246] INFO: Iter 3000 Summary: 
[2024-12-24 12:57:18,246] INFO: 	 lr: 0.009999999999999962 	 Training loss: 0.31200701868534086
[2024-12-24 12:57:18,542] INFO: 	 Body Test loss: 0.1644
[2024-12-24 12:57:18,543] INFO: 	 RH Test loss: 0.1907472473314213
[2024-12-24 12:57:18,543] INFO: 	 F1 score: 0
[2024-12-24 12:57:34,026] INFO: Iter 3250 Summary: 
[2024-12-24 12:57:34,026] INFO: 	 lr: 0.009999999999999962 	 Training loss: 0.31181713473796846
[2024-12-24 12:57:34,319] INFO: 	 Body Test loss: 0.1648
[2024-12-24 12:57:34,319] INFO: 	 RH Test loss: 0.19181223509535564
[2024-12-24 12:57:34,319] INFO: 	 F1 score: 0
[2024-12-24 12:57:49,807] INFO: Iter 3500 Summary: 
[2024-12-24 12:57:49,807] INFO: 	 lr: 0.009999999999999962 	 Training loss: 0.3105755454301834
[2024-12-24 12:57:50,099] INFO: 	 Body Test loss: 0.158
[2024-12-24 12:57:50,099] INFO: 	 RH Test loss: 0.1915282599183637
[2024-12-24 12:57:50,100] INFO: 	 F1 score: 0
[2024-12-24 12:58:05,636] INFO: Iter 3750 Summary: 
[2024-12-24 12:58:05,636] INFO: 	 lr: 0.009999999999999962 	 Training loss: 0.3083637115955353
[2024-12-24 12:58:05,935] INFO: 	 Body Test loss: 0.158
[2024-12-24 12:58:05,936] INFO: 	 RH Test loss: 0.20857547224255332
[2024-12-24 12:58:05,936] INFO: 	 F1 score: 0
[2024-12-24 12:58:21,339] INFO: Iter 4000 Summary: 
[2024-12-24 12:58:21,339] INFO: 	 lr: 0.009999999999999962 	 Training loss: 0.3057598532438278
[2024-12-24 12:58:21,630] INFO: 	 Body Test loss: 0.16720000000000002
[2024-12-24 12:58:21,631] INFO: 	 RH Test loss: 0.19051926330051075
[2024-12-24 12:58:21,631] INFO: 	 F1 score: 0
[2024-12-24 12:58:37,164] INFO: Iter 4250 Summary: 
[2024-12-24 12:58:37,164] INFO: 	 lr: 0.009999999999999962 	 Training loss: 0.30356234443187713
[2024-12-24 12:58:37,454] INFO: 	 Body Test loss: 0.15320000000000003
[2024-12-24 12:58:37,455] INFO: 	 RH Test loss: 0.1916224406146532
[2024-12-24 12:58:37,455] INFO: 	 F1 score: 0
[2024-12-24 12:58:52,921] INFO: Iter 4500 Summary: 
[2024-12-24 12:58:52,921] INFO: 	 lr: 0.009999999999999962 	 Training loss: 0.3005841085910797
[2024-12-24 12:58:53,214] INFO: 	 Body Test loss: 0.15280000000000002
[2024-12-24 12:58:53,214] INFO: 	 RH Test loss: 0.20043250087065595
[2024-12-24 12:58:53,214] INFO: 	 F1 score: 0
[2024-12-24 12:59:08,707] INFO: Iter 4750 Summary: 
[2024-12-24 12:59:08,707] INFO: 	 lr: 0.009999999999999962 	 Training loss: 0.2990022579431534
[2024-12-24 12:59:09,001] INFO: 	 Body Test loss: 0.1612
[2024-12-24 12:59:09,001] INFO: 	 RH Test loss: 0.21831708182220208
[2024-12-24 12:59:09,001] INFO: 	 F1 score: 0
[2024-12-24 12:59:24,609] INFO: Iter 5000 Summary: 
[2024-12-24 12:59:24,609] INFO: 	 lr: 0.009999999999999962 	 Training loss: 0.2955965156555176
[2024-12-24 12:59:24,903] INFO: 	 Body Test loss: 0.1524
[2024-12-24 12:59:24,903] INFO: 	 RH Test loss: 0.19260868592552924
[2024-12-24 12:59:24,903] INFO: 	 F1 score: 0
[2024-12-24 12:59:25,214] INFO: 	 Total number of parameters: 126639
[2024-12-24 12:59:25,926] INFO: Testing with subject ['S7'] 
[2024-12-24 12:59:25,926] INFO: Training with subjects ['S10', 'S5', 'S3', 'S6', 'S8', 'S9', 'S4'] 
[2024-12-24 12:59:41,518] INFO: Iter 250 Summary: 
[2024-12-24 12:59:41,518] INFO: 	 lr: 0.009999999999999962 	 Training loss: 0.6771859135627747
[2024-12-24 12:59:41,855] INFO: 	 Body Test loss: 0.20119999999999996
[2024-12-24 12:59:41,856] INFO: 	 RH Test loss: 0.2438777377044453
[2024-12-24 12:59:41,856] INFO: 	 F1 score: 0
[2024-12-24 12:59:57,410] INFO: Iter 500 Summary: 
[2024-12-24 12:59:57,410] INFO: 	 lr: 0.009999999999999962 	 Training loss: 0.3488049014806747
[2024-12-24 12:59:57,745] INFO: 	 Body Test loss: 0.18560000000000001
[2024-12-24 12:59:57,745] INFO: 	 RH Test loss: 0.23801822771745568
[2024-12-24 12:59:57,745] INFO: 	 F1 score: 0
[2024-12-24 13:00:13,177] INFO: Iter 750 Summary: 
[2024-12-24 13:00:13,177] INFO: 	 lr: 0.009999999999999962 	 Training loss: 0.33177809178829193
[2024-12-24 13:00:13,523] INFO: 	 Body Test loss: 0.1824
[2024-12-24 13:00:13,523] INFO: 	 RH Test loss: 0.2340463435860241
[2024-12-24 13:00:13,523] INFO: 	 F1 score: 0
[2024-12-24 13:00:29,056] INFO: Iter 1000 Summary: 
[2024-12-24 13:00:29,056] INFO: 	 lr: 0.009999999999999962 	 Training loss: 0.3247185525894165
[2024-12-24 13:00:29,395] INFO: 	 Body Test loss: 0.1812
[2024-12-24 13:00:29,395] INFO: 	 RH Test loss: 0.2358031652955448
[2024-12-24 13:00:29,395] INFO: 	 F1 score: 0
[2024-12-24 13:00:44,909] INFO: Iter 1250 Summary: 
[2024-12-24 13:00:44,909] INFO: 	 lr: 0.009999999999999962 	 Training loss: 0.31780735743045807
[2024-12-24 13:00:45,263] INFO: 	 Body Test loss: 0.18600000000000003
[2024-12-24 13:00:45,263] INFO: 	 RH Test loss: 0.23533877081029558
[2024-12-24 13:00:45,263] INFO: 	 F1 score: 0
[2024-12-24 13:01:00,667] INFO: Iter 1500 Summary: 
[2024-12-24 13:01:00,668] INFO: 	 lr: 0.009999999999999962 	 Training loss: 0.31198791670799253
[2024-12-24 13:01:01,005] INFO: 	 Body Test loss: 0.1704
[2024-12-24 13:01:01,005] INFO: 	 RH Test loss: 0.22620020103454588
[2024-12-24 13:01:01,005] INFO: 	 F1 score: 0
[2024-12-24 13:01:16,618] INFO: Iter 1750 Summary: 
[2024-12-24 13:01:16,618] INFO: 	 lr: 0.009999999999999962 	 Training loss: 0.30912617361545563
[2024-12-24 13:01:16,953] INFO: 	 Body Test loss: 0.17319999999999997
[2024-12-24 13:01:16,953] INFO: 	 RH Test loss: 0.2267467928353478
[2024-12-24 13:01:16,953] INFO: 	 F1 score: 0
[2024-12-24 13:01:32,390] INFO: Iter 2000 Summary: 
[2024-12-24 13:01:32,390] INFO: 	 lr: 0.009999999999999962 	 Training loss: 0.3042233290672302
[2024-12-24 13:01:32,733] INFO: 	 Body Test loss: 0.17400000000000002
[2024-12-24 13:01:32,733] INFO: 	 RH Test loss: 0.21663398359803598
[2024-12-24 13:01:32,734] INFO: 	 F1 score: 0
[2024-12-24 13:01:48,273] INFO: Iter 2250 Summary: 
[2024-12-24 13:01:48,274] INFO: 	 lr: 0.009999999999999962 	 Training loss: 0.30093064856529234
[2024-12-24 13:01:48,612] INFO: 	 Body Test loss: 0.176
[2024-12-24 13:01:48,612] INFO: 	 RH Test loss: 0.22603175481627968
[2024-12-24 13:01:48,612] INFO: 	 F1 score: 0
[2024-12-24 13:02:04,162] INFO: Iter 2500 Summary: 
[2024-12-24 13:02:04,162] INFO: 	 lr: 0.009999999999999962 	 Training loss: 0.2997397992610931
[2024-12-24 13:02:04,504] INFO: 	 Body Test loss: 0.1704
[2024-12-24 13:02:04,504] INFO: 	 RH Test loss: 0.21451993845490847
[2024-12-24 13:02:04,504] INFO: 	 F1 score: 0
[2024-12-24 13:02:20,306] INFO: Iter 2750 Summary: 
[2024-12-24 13:02:20,307] INFO: 	 lr: 0.009999999999999962 	 Training loss: 0.295703151345253
[2024-12-24 13:02:20,645] INFO: 	 Body Test loss: 0.1716
[2024-12-24 13:02:20,645] INFO: 	 RH Test loss: 0.220170506996267
[2024-12-24 13:02:20,645] INFO: 	 F1 score: 0
[2024-12-24 13:02:36,219] INFO: Iter 3000 Summary: 
[2024-12-24 13:02:36,219] INFO: 	 lr: 0.009999999999999962 	 Training loss: 0.2929335619211197
[2024-12-24 13:02:36,558] INFO: 	 Body Test loss: 0.1648
[2024-12-24 13:02:36,559] INFO: 	 RH Test loss: 0.21238080056975872
[2024-12-24 13:02:36,559] INFO: 	 F1 score: 0
[2024-12-24 13:02:52,145] INFO: Iter 3250 Summary: 
[2024-12-24 13:02:52,145] INFO: 	 lr: 0.009999999999999962 	 Training loss: 0.29277563536167145
[2024-12-24 13:02:52,485] INFO: 	 Body Test loss: 0.1592
[2024-12-24 13:02:52,485] INFO: 	 RH Test loss: 0.20523219605754406
[2024-12-24 13:02:52,486] INFO: 	 F1 score: 0
[2024-12-24 13:03:07,862] INFO: Iter 3500 Summary: 
[2024-12-24 13:03:07,862] INFO: 	 lr: 0.009999999999999962 	 Training loss: 0.29026280307769775
[2024-12-24 13:03:08,201] INFO: 	 Body Test loss: 0.17
[2024-12-24 13:03:08,201] INFO: 	 RH Test loss: 0.21528362239108367
[2024-12-24 13:03:08,201] INFO: 	 F1 score: 0
[2024-12-24 13:03:23,697] INFO: Iter 3750 Summary: 
[2024-12-24 13:03:23,697] INFO: 	 lr: 0.009999999999999962 	 Training loss: 0.2887634665966034
[2024-12-24 13:03:24,034] INFO: 	 Body Test loss: 0.1636
[2024-12-24 13:03:24,035] INFO: 	 RH Test loss: 0.20711633652098038
[2024-12-24 13:03:24,035] INFO: 	 F1 score: 0
[2024-12-24 13:03:39,425] INFO: Iter 4000 Summary: 
[2024-12-24 13:03:39,425] INFO: 	 lr: 0.009999999999999962 	 Training loss: 0.28680004096031186
[2024-12-24 13:03:39,759] INFO: 	 Body Test loss: 0.1576
[2024-12-24 13:03:39,760] INFO: 	 RH Test loss: 0.20447426016190473
[2024-12-24 13:03:39,760] INFO: 	 F1 score: 0
[2024-12-24 13:03:55,327] INFO: Iter 4250 Summary: 
[2024-12-24 13:03:55,327] INFO: 	 lr: 0.009999999999999962 	 Training loss: 0.2829681692123413
[2024-12-24 13:03:55,664] INFO: 	 Body Test loss: 0.1696
[2024-12-24 13:03:55,664] INFO: 	 RH Test loss: 0.21688315146109638
[2024-12-24 13:03:55,664] INFO: 	 F1 score: 0
[2024-12-24 13:04:11,274] INFO: Iter 4500 Summary: 
[2024-12-24 13:04:11,274] INFO: 	 lr: 0.009999999999999962 	 Training loss: 0.2817967694401741
[2024-12-24 13:04:11,610] INFO: 	 Body Test loss: 0.19119999999999998
[2024-12-24 13:04:11,610] INFO: 	 RH Test loss: 0.2470979384254007
[2024-12-24 13:04:11,610] INFO: 	 F1 score: 0
[2024-12-24 13:04:27,027] INFO: Iter 4750 Summary: 
[2024-12-24 13:04:27,027] INFO: 	 lr: 0.009999999999999962 	 Training loss: 0.2787754589319229
[2024-12-24 13:04:27,366] INFO: 	 Body Test loss: 0.158
[2024-12-24 13:04:27,366] INFO: 	 RH Test loss: 0.21039277470111847
[2024-12-24 13:04:27,366] INFO: 	 F1 score: 0
[2024-12-24 13:04:42,830] INFO: Iter 5000 Summary: 
[2024-12-24 13:04:42,831] INFO: 	 lr: 0.009999999999999962 	 Training loss: 0.2751018199324608
[2024-12-24 13:04:43,164] INFO: 	 Body Test loss: 0.1668
[2024-12-24 13:04:43,164] INFO: 	 RH Test loss: 0.2166803825813181
[2024-12-24 13:04:43,164] INFO: 	 F1 score: 0
[2024-12-24 13:04:43,518] INFO: 	 Total number of parameters: 126639
[2024-12-24 13:04:43,531] INFO: Mean L2_body is 0.17415000000000003
[2024-12-24 13:04:43,531] INFO: Mean L2_right_hand is 0.21502535028290595
[2024-12-24 13:04:43,531] INFO: Under 0.10 is 15.297619067132473
[2024-12-24 13:04:43,531] INFO: Under 0.15 is 39.38571531325579
[2024-12-24 13:04:43,531] INFO: Under 0.20 is 69.12142895162106
[2024-12-24 13:04:43,531] INFO: Under 0.30 is 94.38095316290855
[2024-12-24 13:04:43,531] INFO: Intention Accuracy is 0.0
[2024-12-24 13:04:43,531] INFO: F1 Score is 0.0
[2024-12-24 13:04:43,531] INFO: Metrics are {'L2_body': [0.1216, 0.1748, 0.19240000000000002, 0.2332, 0.1824, 0.1696, 0.1524, 0.1668], 'L2_right_hand': [0.16286318521525905, 0.2322362241282711, 0.23903032881255598, 0.26456573233232616, 0.21061602724589387, 0.20160223602209412, 0.19260868592552924, 0.2166803825813181], 'under_0.10m': [26.000002026557922, 11.19999885559082, 12.666666507720947, 12.666667997837067, 16.571427881717682, 13.14285695552826, 16.79999828338623, 13.333334028720856], 'under_0.15m': [75.3333330154419, 26.399999856948853, 28.66666615009308, 21.33333534002304, 39.42857384681702, 38.85714411735535, 54.40000295639038, 30.666667222976685], 'under_0.20m': [96.00000381469727, 73.59999418258667, 64.000004529953, 34.00000035762787, 57.71428942680359, 66.85714721679688, 84.79999303817749, 75.99999904632568], 'under_0.30m': [100.0, 100.0, 93.33333373069763, 72.00000286102295, 93.71428489685059, 96.00000381469727, 100.0, 100.0], 'accuracy': [0, 0, 0, 0, 0, 0, 0, 0], 'f1_score': [0, 0, 0, 0, 0, 0, 0, 0]}
