[2025-01-27 13:07:04,477] INFO: {
    "abs_dir": "/home/gerard/Documents/IRI/Repos/siMLPe/exps/baseline_handover",
    "actions_to_load": "all",
    "batch_size": 256,
    "classifier": {
        "flatten": true
    },
    "cos_lr_max": 0.01,
    "cos_lr_min": 1e-05,
    "cos_lr_total_iters": 5000,
    "cosine_lr": true,
    "data_aug": true,
    "deriv_input": true,
    "deriv_output": true,
    "eval_condition_with_classifier_int": false,
    "eval_every": 250,
    "handover_anno_dir": "/home/gerard/Documents/IRI/Repos/siMLPe/data/handover/",
    "link_log_file": "/home/gerard/Documents/IRI/Repos/siMLPe/exps/baseline_handover/log/log_last.log",
    "link_val_log_file": "/home/gerard/Documents/IRI/Repos/siMLPe/exps/baseline_handover/log/val_last.log",
    "log_dir": "/home/gerard/Documents/IRI/Repos/siMLPe/exps/baseline_handover/log",
    "log_file": "/home/gerard/Documents/IRI/Repos/siMLPe/exps/baseline_handover/log/log_2025_01_27_13_01_53.log",
    "log_file_leave_one_out": "/home/gerard/Documents/IRI/Repos/siMLPe/exps/baseline_handover/log/log_loo2025_01_27_13_01_53.log",
    "model_pth": null,
    "motion": {
        "dim": 27,
        "handover_input_length": 50,
        "handover_input_length_dct": 50,
        "handover_target_length_eval": 25,
        "handover_target_length_train": 10
    },
    "motion_fc_in": {
        "activation": "relu",
        "in_features": 27,
        "init_w_trunc_normal": false,
        "out_features": 27,
        "temporal_fc": false,
        "with_norm": false
    },
    "motion_fc_out": {
        "activation": "relu",
        "in_features": 27,
        "init_w_trunc_normal": true,
        "out_features": 27,
        "temporal_fc": false,
        "with_norm": false
    },
    "motion_gcn_in": {
        "do": 0,
        "gcn_in": false,
        "in_features": 27,
        "n_node": 50,
        "num_stage": 0,
        "out_features": 27
    },
    "motion_gcn_out": {
        "do": 0,
        "gcn_out": false,
        "in_features": 27,
        "n_node": 50,
        "num_stage": 0,
        "out_features": 27
    },
    "motion_int": {
        "binary": true,
        "input_dim": 1,
        "int_cond": false,
        "num_emb": 2,
        "output_dim": 27
    },
    "motion_mlp": {
        "hidden_dim": 27,
        "norm_axis": "spatial",
        "num_layers": 48,
        "seq_len": 50,
        "spatial_fc_only": false,
        "with_normalization": true
    },
    "motion_ree": {
        "embedding_size": 3,
        "gcn_concatenation": false,
        "gcn_do": 0,
        "gcn_n_node": 50,
        "gcn_num_stage": 0,
        "input_dim": 3,
        "ree_concatenation": false,
        "ree_cond": false,
        "ree_sum": false
    },
    "num_workers": 6,
    "only_classification": false,
    "post_dct": false,
    "pre_dct": false,
    "print_every": 250,
    "repo_name": "siMLPe",
    "root_dir": "/home/gerard/Documents/IRI/Repos/siMLPe",
    "save_every": 5000,
    "seed": 304,
    "shift_step": 1,
    "snapshot_dir": "/home/gerard/Documents/IRI/Repos/siMLPe/exps/baseline_handover/log/snapshot",
    "this_dir": "baseline_handover",
    "total_iters": 5000,
    "use_colab_loss": false,
    "use_int_class": true,
    "use_loss_layer": false,
    "use_ree_loss": false,
    "use_relative_loss": true,
    "use_relative_loss_rh": false,
    "use_rh_distance_joints_loss": false,
    "use_rh_loss": false,
    "val_log_file": "/home/gerard/Documents/IRI/Repos/siMLPe/exps/baseline_handover/log/val_2025_01_27_13_01_53.log",
    "viz_GCN_folder": false,
    "weight_decay": 0.0001
}
[2025-01-27 13:07:05,196] INFO: Testing with subject ['S5'] 
[2025-01-27 13:07:05,196] INFO: Training with subjects ['S3', 'S6', 'S8', 'S9', 'S4', 'S10', 'S7'] 
[2025-01-27 13:07:20,379] INFO: Iter 250 Summary: 
[2025-01-27 13:07:20,379] INFO: 	 lr: 0.009999999999999962 	 Training loss: 1.1103785905838013
[2025-01-27 13:07:20,668] INFO: 	 Body Test loss: 0.256
[2025-01-27 13:07:20,668] INFO: 	 RH Test loss: 0.31043733216701763
[2025-01-27 13:07:20,668] INFO: 	 F1 score: 0.5278424240556078
[2025-01-27 13:07:35,557] INFO: Iter 500 Summary: 
[2025-01-27 13:07:35,557] INFO: 	 lr: 0.009999999999999962 	 Training loss: 0.619012309551239
[2025-01-27 13:07:35,845] INFO: 	 Body Test loss: 0.1936
[2025-01-27 13:07:35,845] INFO: 	 RH Test loss: 0.23933839020652015
[2025-01-27 13:07:35,845] INFO: 	 F1 score: 0.5722338144090883
[2025-01-27 13:07:50,711] INFO: Iter 750 Summary: 
[2025-01-27 13:07:50,712] INFO: 	 lr: 0.009999999999999962 	 Training loss: 0.4865285048484802
[2025-01-27 13:07:50,999] INFO: 	 Body Test loss: 0.1844
[2025-01-27 13:07:50,999] INFO: 	 RH Test loss: 0.23442519278671842
[2025-01-27 13:07:50,999] INFO: 	 F1 score: 0.6164869670487648
[2025-01-27 13:08:06,039] INFO: Iter 1000 Summary: 
[2025-01-27 13:08:06,039] INFO: 	 lr: 0.009999999999999962 	 Training loss: 0.451438845038414
[2025-01-27 13:08:06,328] INFO: 	 Body Test loss: 0.2
[2025-01-27 13:08:06,328] INFO: 	 RH Test loss: 0.24997780537904915
[2025-01-27 13:08:06,328] INFO: 	 F1 score: 0.6116252535496958
[2025-01-27 13:08:21,215] INFO: Iter 1250 Summary: 
[2025-01-27 13:08:21,215] INFO: 	 lr: 0.009999999999999962 	 Training loss: 0.42077262604236604
[2025-01-27 13:08:21,503] INFO: 	 Body Test loss: 0.18960000000000002
[2025-01-27 13:08:21,503] INFO: 	 RH Test loss: 0.24567942929225078
[2025-01-27 13:08:21,503] INFO: 	 F1 score: 0.5668419493408384
[2025-01-27 13:08:36,358] INFO: Iter 1500 Summary: 
[2025-01-27 13:08:36,358] INFO: 	 lr: 0.009999999999999962 	 Training loss: 0.4066107851266861
[2025-01-27 13:08:36,649] INFO: 	 Body Test loss: 0.18760000000000002
[2025-01-27 13:08:36,649] INFO: 	 RH Test loss: 0.24008879642726275
[2025-01-27 13:08:36,649] INFO: 	 F1 score: 0.5944371632445027
[2025-01-27 13:08:51,690] INFO: Iter 1750 Summary: 
[2025-01-27 13:08:51,691] INFO: 	 lr: 0.009999999999999962 	 Training loss: 0.38970661520957944
[2025-01-27 13:08:51,981] INFO: 	 Body Test loss: 0.20520000000000002
[2025-01-27 13:08:51,981] INFO: 	 RH Test loss: 0.2700353331368958
[2025-01-27 13:08:51,981] INFO: 	 F1 score: 0.6097800196160852
[2025-01-27 13:09:06,956] INFO: Iter 2000 Summary: 
[2025-01-27 13:09:06,956] INFO: 	 lr: 0.009999999999999962 	 Training loss: 0.37465747678279876
[2025-01-27 13:09:07,251] INFO: 	 Body Test loss: 0.24319999999999997
[2025-01-27 13:09:07,252] INFO: 	 RH Test loss: 0.29283987986977267
[2025-01-27 13:09:07,252] INFO: 	 F1 score: 0.604194209413009
[2025-01-27 13:09:22,127] INFO: Iter 2250 Summary: 
[2025-01-27 13:09:22,127] INFO: 	 lr: 0.009999999999999962 	 Training loss: 0.36574228632450106
[2025-01-27 13:09:22,414] INFO: 	 Body Test loss: 0.20560000000000003
[2025-01-27 13:09:22,414] INFO: 	 RH Test loss: 0.2517478034397858
[2025-01-27 13:09:22,414] INFO: 	 F1 score: 0.6038110212638514
[2025-01-27 13:09:37,469] INFO: Iter 2500 Summary: 
[2025-01-27 13:09:37,469] INFO: 	 lr: 0.009999999999999962 	 Training loss: 0.35343697130680085
[2025-01-27 13:09:37,758] INFO: 	 Body Test loss: 0.18119999999999997
[2025-01-27 13:09:37,758] INFO: 	 RH Test loss: 0.2323188218779367
[2025-01-27 13:09:37,758] INFO: 	 F1 score: 0.5384722666601035
[2025-01-27 13:09:52,647] INFO: Iter 2750 Summary: 
[2025-01-27 13:09:52,647] INFO: 	 lr: 0.009999999999999962 	 Training loss: 0.33988881230354306
[2025-01-27 13:09:52,937] INFO: 	 Body Test loss: 0.19399999999999998
[2025-01-27 13:09:52,937] INFO: 	 RH Test loss: 0.23846223108644332
[2025-01-27 13:09:52,938] INFO: 	 F1 score: 0.5270576248160308
[2025-01-27 13:10:07,873] INFO: Iter 3000 Summary: 
[2025-01-27 13:10:07,873] INFO: 	 lr: 0.009999999999999962 	 Training loss: 0.34655896520614626
[2025-01-27 13:10:08,165] INFO: 	 Body Test loss: 0.19560000000000002
[2025-01-27 13:10:08,165] INFO: 	 RH Test loss: 0.250197082875661
[2025-01-27 13:10:08,165] INFO: 	 F1 score: 0.5432081733385452
[2025-01-27 13:10:23,173] INFO: Iter 3250 Summary: 
[2025-01-27 13:10:23,173] INFO: 	 lr: 0.009999999999999962 	 Training loss: 0.3293674414157867
[2025-01-27 13:10:23,471] INFO: 	 Body Test loss: 0.21919999999999998
[2025-01-27 13:10:23,472] INFO: 	 RH Test loss: 0.27411917927877266
[2025-01-27 13:10:23,472] INFO: 	 F1 score: 0.5487911266201396
[2025-01-27 13:10:38,411] INFO: Iter 3500 Summary: 
[2025-01-27 13:10:38,411] INFO: 	 lr: 0.009999999999999962 	 Training loss: 0.3215069409608841
[2025-01-27 13:10:38,731] INFO: 	 Body Test loss: 0.19440000000000002
[2025-01-27 13:10:38,731] INFO: 	 RH Test loss: 0.2463843832238572
[2025-01-27 13:10:38,731] INFO: 	 F1 score: 0.5728918247754117
[2025-01-27 13:10:53,637] INFO: Iter 3750 Summary: 
[2025-01-27 13:10:53,637] INFO: 	 lr: 0.009999999999999962 	 Training loss: 0.31931341242790223
[2025-01-27 13:10:53,937] INFO: 	 Body Test loss: 0.2048
[2025-01-27 13:10:53,938] INFO: 	 RH Test loss: 0.2611835911543622
[2025-01-27 13:10:53,938] INFO: 	 F1 score: 0.524088070982583
[2025-01-27 13:11:08,914] INFO: Iter 4000 Summary: 
[2025-01-27 13:11:08,914] INFO: 	 lr: 0.009999999999999962 	 Training loss: 0.3082613139152527
[2025-01-27 13:11:09,208] INFO: 	 Body Test loss: 0.19080000000000003
[2025-01-27 13:11:09,208] INFO: 	 RH Test loss: 0.24501842443990107
[2025-01-27 13:11:09,208] INFO: 	 F1 score: 0.6054695598092737
[2025-01-27 13:11:24,082] INFO: Iter 4250 Summary: 
[2025-01-27 13:11:24,082] INFO: 	 lr: 0.009999999999999962 	 Training loss: 0.3146908198595047
[2025-01-27 13:11:24,373] INFO: 	 Body Test loss: 0.19520000000000004
[2025-01-27 13:11:24,373] INFO: 	 RH Test loss: 0.24991651552155802
[2025-01-27 13:11:24,373] INFO: 	 F1 score: 0.48956395666921987
[2025-01-27 13:11:39,253] INFO: Iter 4500 Summary: 
[2025-01-27 13:11:39,253] INFO: 	 lr: 0.009999999999999962 	 Training loss: 0.3011705120801926
[2025-01-27 13:11:39,541] INFO: 	 Body Test loss: 0.1912
[2025-01-27 13:11:39,541] INFO: 	 RH Test loss: 0.24414045755054198
[2025-01-27 13:11:39,541] INFO: 	 F1 score: 0.564571607254534
[2025-01-27 13:11:54,536] INFO: Iter 4750 Summary: 
[2025-01-27 13:11:54,536] INFO: 	 lr: 0.009999999999999962 	 Training loss: 0.30734308129549026
[2025-01-27 13:11:54,828] INFO: 	 Body Test loss: 0.1884
[2025-01-27 13:11:54,828] INFO: 	 RH Test loss: 0.24361232315830525
[2025-01-27 13:11:54,828] INFO: 	 F1 score: 0.5283484279508137
[2025-01-27 13:12:09,678] INFO: Iter 5000 Summary: 
[2025-01-27 13:12:09,678] INFO: 	 lr: 0.009999999999999962 	 Training loss: 0.2959436603188515
[2025-01-27 13:12:09,969] INFO: 	 Body Test loss: 0.1848
[2025-01-27 13:12:09,969] INFO: 	 RH Test loss: 0.24227563655997092
[2025-01-27 13:12:09,969] INFO: 	 F1 score: 0.49077634034239626
[2025-01-27 13:12:10,279] INFO: 	 Total number of parameters: 169578
[2025-01-27 13:12:11,026] INFO: Testing with subject ['S3'] 
[2025-01-27 13:12:11,026] INFO: Training with subjects ['S5', 'S6', 'S8', 'S9', 'S4', 'S10', 'S7'] 
[2025-01-27 13:12:26,103] INFO: Iter 250 Summary: 
[2025-01-27 13:12:26,104] INFO: 	 lr: 0.009999999999999962 	 Training loss: 1.3676189317703247
[2025-01-27 13:12:26,445] INFO: 	 Body Test loss: 0.37360000000000004
[2025-01-27 13:12:26,445] INFO: 	 RH Test loss: 0.3627877798541435
[2025-01-27 13:12:26,445] INFO: 	 F1 score: 0.4674175382139984
[2025-01-27 13:12:41,644] INFO: Iter 500 Summary: 
[2025-01-27 13:12:41,644] INFO: 	 lr: 0.009999999999999962 	 Training loss: 0.6110649285316467
[2025-01-27 13:12:41,982] INFO: 	 Body Test loss: 0.282
[2025-01-27 13:12:41,982] INFO: 	 RH Test loss: 0.29818084896871333
[2025-01-27 13:12:41,982] INFO: 	 F1 score: 0.6893219964664311
[2025-01-27 13:12:56,945] INFO: Iter 750 Summary: 
[2025-01-27 13:12:56,945] INFO: 	 lr: 0.009999999999999962 	 Training loss: 0.4968855044841766
[2025-01-27 13:12:57,286] INFO: 	 Body Test loss: 0.2888
[2025-01-27 13:12:57,286] INFO: 	 RH Test loss: 0.30091949388699946
[2025-01-27 13:12:57,286] INFO: 	 F1 score: 0.6350915875169607
[2025-01-27 13:13:12,292] INFO: Iter 1000 Summary: 
[2025-01-27 13:13:12,292] INFO: 	 lr: 0.009999999999999962 	 Training loss: 0.4526586903333664
[2025-01-27 13:13:12,628] INFO: 	 Body Test loss: 0.2432
[2025-01-27 13:13:12,628] INFO: 	 RH Test loss: 0.26300461731648517
[2025-01-27 13:13:12,628] INFO: 	 F1 score: 0.6507817041250726
[2025-01-27 13:13:27,743] INFO: Iter 1250 Summary: 
[2025-01-27 13:13:27,743] INFO: 	 lr: 0.009999999999999962 	 Training loss: 0.42856250250339506
[2025-01-27 13:13:28,089] INFO: 	 Body Test loss: 0.2676
[2025-01-27 13:13:28,089] INFO: 	 RH Test loss: 0.28246842395142846
[2025-01-27 13:13:28,089] INFO: 	 F1 score: 0.6582020739706502
[2025-01-27 13:13:43,020] INFO: Iter 1500 Summary: 
[2025-01-27 13:13:43,021] INFO: 	 lr: 0.009999999999999962 	 Training loss: 0.3980806704759598
[2025-01-27 13:13:43,363] INFO: 	 Body Test loss: 0.24480000000000002
[2025-01-27 13:13:43,363] INFO: 	 RH Test loss: 0.2915726478006184
[2025-01-27 13:13:43,363] INFO: 	 F1 score: 0.678273299028016
[2025-01-27 13:13:58,418] INFO: Iter 1750 Summary: 
[2025-01-27 13:13:58,418] INFO: 	 lr: 0.009999999999999962 	 Training loss: 0.387426562666893
[2025-01-27 13:13:58,757] INFO: 	 Body Test loss: 0.23200000000000004
[2025-01-27 13:13:58,757] INFO: 	 RH Test loss: 0.27292016532846086
[2025-01-27 13:13:58,758] INFO: 	 F1 score: 0.6353727919544847
[2025-01-27 13:14:13,746] INFO: Iter 2000 Summary: 
[2025-01-27 13:14:13,746] INFO: 	 lr: 0.009999999999999962 	 Training loss: 0.3649133715629578
[2025-01-27 13:14:14,087] INFO: 	 Body Test loss: 0.2224
[2025-01-27 13:14:14,087] INFO: 	 RH Test loss: 0.2413122262983524
[2025-01-27 13:14:14,087] INFO: 	 F1 score: 0.6692643281157185
[2025-01-27 13:14:29,135] INFO: Iter 2250 Summary: 
[2025-01-27 13:14:29,135] INFO: 	 lr: 0.009999999999999962 	 Training loss: 0.35521720731258394
[2025-01-27 13:14:29,476] INFO: 	 Body Test loss: 0.23440000000000003
[2025-01-27 13:14:29,477] INFO: 	 RH Test loss: 0.2637886771766801
[2025-01-27 13:14:29,477] INFO: 	 F1 score: 0.608769217068886
[2025-01-27 13:14:44,478] INFO: Iter 2500 Summary: 
[2025-01-27 13:14:44,478] INFO: 	 lr: 0.009999999999999962 	 Training loss: 0.3467704426050186
[2025-01-27 13:14:44,820] INFO: 	 Body Test loss: 0.21999999999999997
[2025-01-27 13:14:44,820] INFO: 	 RH Test loss: 0.23394718078328045
[2025-01-27 13:14:44,820] INFO: 	 F1 score: 0.532912962426565
[2025-01-27 13:14:59,709] INFO: Iter 2750 Summary: 
[2025-01-27 13:14:59,709] INFO: 	 lr: 0.009999999999999962 	 Training loss: 0.3422284952402115
[2025-01-27 13:15:00,049] INFO: 	 Body Test loss: 0.24200000000000002
[2025-01-27 13:15:00,050] INFO: 	 RH Test loss: 0.29304413219593084
[2025-01-27 13:15:00,050] INFO: 	 F1 score: 0.5630988446522427
[2025-01-27 13:15:15,073] INFO: Iter 3000 Summary: 
[2025-01-27 13:15:15,073] INFO: 	 lr: 0.009999999999999962 	 Training loss: 0.33026706194877625
[2025-01-27 13:15:15,415] INFO: 	 Body Test loss: 0.21359999999999998
[2025-01-27 13:15:15,415] INFO: 	 RH Test loss: 0.23830186129696776
[2025-01-27 13:15:15,415] INFO: 	 F1 score: 0.6190843673632407
[2025-01-27 13:15:30,379] INFO: Iter 3250 Summary: 
[2025-01-27 13:15:30,379] INFO: 	 lr: 0.009999999999999962 	 Training loss: 0.3223111802339554
[2025-01-27 13:15:30,717] INFO: 	 Body Test loss: 0.21559999999999999
[2025-01-27 13:15:30,717] INFO: 	 RH Test loss: 0.24329568107682775
[2025-01-27 13:15:30,717] INFO: 	 F1 score: 0.47657399235069137
[2025-01-27 13:15:45,588] INFO: Iter 3500 Summary: 
[2025-01-27 13:15:45,588] INFO: 	 lr: 0.009999999999999962 	 Training loss: 0.3115268615484238
[2025-01-27 13:15:45,928] INFO: 	 Body Test loss: 0.21080000000000002
[2025-01-27 13:15:45,928] INFO: 	 RH Test loss: 0.23289830902551958
[2025-01-27 13:15:45,928] INFO: 	 F1 score: 0.6332173688957609
[2025-01-27 13:16:01,000] INFO: Iter 3750 Summary: 
[2025-01-27 13:16:01,000] INFO: 	 lr: 0.009999999999999962 	 Training loss: 0.318644745349884
[2025-01-27 13:16:01,342] INFO: 	 Body Test loss: 0.21600000000000003
[2025-01-27 13:16:01,342] INFO: 	 RH Test loss: 0.27361040505037565
[2025-01-27 13:16:01,342] INFO: 	 F1 score: 0.5889542483660131
[2025-01-27 13:16:16,260] INFO: Iter 4000 Summary: 
[2025-01-27 13:16:16,260] INFO: 	 lr: 0.009999999999999962 	 Training loss: 0.30967878448963165
[2025-01-27 13:16:16,602] INFO: 	 Body Test loss: 0.2212
[2025-01-27 13:16:16,602] INFO: 	 RH Test loss: 0.23476255841125532
[2025-01-27 13:16:16,602] INFO: 	 F1 score: 0.6440860215053763
[2025-01-27 13:16:31,678] INFO: Iter 4250 Summary: 
[2025-01-27 13:16:31,679] INFO: 	 lr: 0.009999999999999962 	 Training loss: 0.3009784834384918
[2025-01-27 13:16:32,019] INFO: 	 Body Test loss: 0.22759999999999997
[2025-01-27 13:16:32,019] INFO: 	 RH Test loss: 0.2722711787627183
[2025-01-27 13:16:32,019] INFO: 	 F1 score: 0.49384552046311936
[2025-01-27 13:16:47,073] INFO: Iter 4500 Summary: 
[2025-01-27 13:16:47,073] INFO: 	 lr: 0.009999999999999962 	 Training loss: 0.3017225415110588
[2025-01-27 13:16:47,414] INFO: 	 Body Test loss: 0.21960000000000002
[2025-01-27 13:16:47,414] INFO: 	 RH Test loss: 0.2472596997184696
[2025-01-27 13:16:47,414] INFO: 	 F1 score: 0.656266226103375
[2025-01-27 13:17:02,360] INFO: Iter 4750 Summary: 
[2025-01-27 13:17:02,361] INFO: 	 lr: 0.009999999999999962 	 Training loss: 0.29741767060756685
[2025-01-27 13:17:02,703] INFO: 	 Body Test loss: 0.21559999999999999
[2025-01-27 13:17:02,703] INFO: 	 RH Test loss: 0.23945647463697678
[2025-01-27 13:17:02,703] INFO: 	 F1 score: 0.4866982166252239
[2025-01-27 13:17:17,746] INFO: Iter 5000 Summary: 
[2025-01-27 13:17:17,746] INFO: 	 lr: 0.009999999999999962 	 Training loss: 0.2995272669196129
[2025-01-27 13:17:18,081] INFO: 	 Body Test loss: 0.2216
[2025-01-27 13:17:18,082] INFO: 	 RH Test loss: 0.23501307422660986
[2025-01-27 13:17:18,082] INFO: 	 F1 score: 0.5948946586240056
[2025-01-27 13:17:18,436] INFO: 	 Total number of parameters: 169578
[2025-01-27 13:17:19,178] INFO: Testing with subject ['S6'] 
[2025-01-27 13:17:19,178] INFO: Training with subjects ['S5', 'S3', 'S8', 'S9', 'S4', 'S10', 'S7'] 
[2025-01-27 13:17:34,214] INFO: Iter 250 Summary: 
[2025-01-27 13:17:34,215] INFO: 	 lr: 0.009999999999999962 	 Training loss: 1.228205881357193
[2025-01-27 13:17:34,561] INFO: 	 Body Test loss: 0.2648
[2025-01-27 13:17:34,561] INFO: 	 RH Test loss: 0.26134862239644563
[2025-01-27 13:17:34,562] INFO: 	 F1 score: 0.49446749654218536
[2025-01-27 13:17:49,775] INFO: Iter 500 Summary: 
[2025-01-27 13:17:49,775] INFO: 	 lr: 0.009999999999999962 	 Training loss: 0.6926659555435181
[2025-01-27 13:17:50,121] INFO: 	 Body Test loss: 0.2648
[2025-01-27 13:17:50,122] INFO: 	 RH Test loss: 0.2824966951988628
[2025-01-27 13:17:50,122] INFO: 	 F1 score: 0.570094097051261
[2025-01-27 13:18:05,054] INFO: Iter 750 Summary: 
[2025-01-27 13:18:05,054] INFO: 	 lr: 0.009999999999999962 	 Training loss: 0.5456967440843582
[2025-01-27 13:18:05,403] INFO: 	 Body Test loss: 0.2152
[2025-01-27 13:18:05,403] INFO: 	 RH Test loss: 0.22638599377487328
[2025-01-27 13:18:05,403] INFO: 	 F1 score: 0.5740310143304084
[2025-01-27 13:18:20,536] INFO: Iter 1000 Summary: 
[2025-01-27 13:18:20,536] INFO: 	 lr: 0.009999999999999962 	 Training loss: 0.4600845886468887
[2025-01-27 13:18:20,884] INFO: 	 Body Test loss: 0.20679999999999998
[2025-01-27 13:18:20,884] INFO: 	 RH Test loss: 0.2514960530094507
[2025-01-27 13:18:20,884] INFO: 	 F1 score: 0.48766470423324926
[2025-01-27 13:18:35,946] INFO: Iter 1250 Summary: 
[2025-01-27 13:18:35,946] INFO: 	 lr: 0.009999999999999962 	 Training loss: 0.4199477058649063
[2025-01-27 13:18:36,293] INFO: 	 Body Test loss: 0.2004
[2025-01-27 13:18:36,293] INFO: 	 RH Test loss: 0.2234760552131037
[2025-01-27 13:18:36,293] INFO: 	 F1 score: 0.6210864607091022
[2025-01-27 13:18:51,216] INFO: Iter 1500 Summary: 
[2025-01-27 13:18:51,216] INFO: 	 lr: 0.009999999999999962 	 Training loss: 0.3994153228998184
[2025-01-27 13:18:51,560] INFO: 	 Body Test loss: 0.19560000000000002
[2025-01-27 13:18:51,560] INFO: 	 RH Test loss: 0.20245856030695092
[2025-01-27 13:18:51,560] INFO: 	 F1 score: 0.5456975304315319
[2025-01-27 13:19:06,613] INFO: Iter 1750 Summary: 
[2025-01-27 13:19:06,614] INFO: 	 lr: 0.009999999999999962 	 Training loss: 0.37730203127861023
[2025-01-27 13:19:06,957] INFO: 	 Body Test loss: 0.2088
[2025-01-27 13:19:06,957] INFO: 	 RH Test loss: 0.22253750275326165
[2025-01-27 13:19:06,957] INFO: 	 F1 score: 0.5229907272326754
[2025-01-27 13:19:21,870] INFO: Iter 2000 Summary: 
[2025-01-27 13:19:21,871] INFO: 	 lr: 0.009999999999999962 	 Training loss: 0.36748911559581754
[2025-01-27 13:19:22,219] INFO: 	 Body Test loss: 0.2328
[2025-01-27 13:19:22,219] INFO: 	 RH Test loss: 0.26795502932714205
[2025-01-27 13:19:22,219] INFO: 	 F1 score: 0.6463473633284954
[2025-01-27 13:19:37,287] INFO: Iter 2250 Summary: 
[2025-01-27 13:19:37,287] INFO: 	 lr: 0.009999999999999962 	 Training loss: 0.3456610624790192
[2025-01-27 13:19:37,636] INFO: 	 Body Test loss: 0.2048
[2025-01-27 13:19:37,636] INFO: 	 RH Test loss: 0.23008725973878125
[2025-01-27 13:19:37,636] INFO: 	 F1 score: 0.5194657782024115
[2025-01-27 13:19:52,670] INFO: Iter 2500 Summary: 
[2025-01-27 13:19:52,671] INFO: 	 lr: 0.009999999999999962 	 Training loss: 0.3462813069820404
[2025-01-27 13:19:53,016] INFO: 	 Body Test loss: 0.1864
[2025-01-27 13:19:53,017] INFO: 	 RH Test loss: 0.20174097468197427
[2025-01-27 13:19:53,017] INFO: 	 F1 score: 0.7082105133873741
[2025-01-27 13:20:08,032] INFO: Iter 2750 Summary: 
[2025-01-27 13:20:08,032] INFO: 	 lr: 0.009999999999999962 	 Training loss: 0.32912898921966555
[2025-01-27 13:20:08,377] INFO: 	 Body Test loss: 0.19240000000000002
[2025-01-27 13:20:08,377] INFO: 	 RH Test loss: 0.21252649839534318
[2025-01-27 13:20:08,377] INFO: 	 F1 score: 0.5916201117318436
[2025-01-27 13:20:23,487] INFO: Iter 3000 Summary: 
[2025-01-27 13:20:23,487] INFO: 	 lr: 0.009999999999999962 	 Training loss: 0.32567749989032746
[2025-01-27 13:20:23,835] INFO: 	 Body Test loss: 0.2032
[2025-01-27 13:20:23,835] INFO: 	 RH Test loss: 0.22598363620638032
[2025-01-27 13:20:23,835] INFO: 	 F1 score: 0.6807739044581149
[2025-01-27 13:20:38,911] INFO: Iter 3250 Summary: 
[2025-01-27 13:20:38,911] INFO: 	 lr: 0.009999999999999962 	 Training loss: 0.32085820615291594
[2025-01-27 13:20:39,293] INFO: 	 Body Test loss: 0.20120000000000002
[2025-01-27 13:20:39,293] INFO: 	 RH Test loss: 0.23146059610285935
[2025-01-27 13:20:39,293] INFO: 	 F1 score: 0.5713254642508082
[2025-01-27 13:20:54,208] INFO: Iter 3500 Summary: 
[2025-01-27 13:20:54,208] INFO: 	 lr: 0.009999999999999962 	 Training loss: 0.31837632548809053
[2025-01-27 13:20:54,560] INFO: 	 Body Test loss: 0.1852
[2025-01-27 13:20:54,560] INFO: 	 RH Test loss: 0.20713830564318866
[2025-01-27 13:20:54,560] INFO: 	 F1 score: 0.5572380375529982
[2025-01-27 13:21:09,659] INFO: Iter 3750 Summary: 
[2025-01-27 13:21:09,659] INFO: 	 lr: 0.009999999999999962 	 Training loss: 0.3103133164644241
[2025-01-27 13:21:10,003] INFO: 	 Body Test loss: 0.19240000000000002
[2025-01-27 13:21:10,003] INFO: 	 RH Test loss: 0.22138473375062123
[2025-01-27 13:21:10,003] INFO: 	 F1 score: 0.7199728901461575
[2025-01-27 13:21:24,882] INFO: Iter 4000 Summary: 
[2025-01-27 13:21:24,882] INFO: 	 lr: 0.009999999999999962 	 Training loss: 0.3064673992395401
[2025-01-27 13:21:25,228] INFO: 	 Body Test loss: 0.2156
[2025-01-27 13:21:25,228] INFO: 	 RH Test loss: 0.25272237128011177
[2025-01-27 13:21:25,228] INFO: 	 F1 score: 0.6085434173669467
[2025-01-27 13:21:40,328] INFO: Iter 4250 Summary: 
[2025-01-27 13:21:40,328] INFO: 	 lr: 0.009999999999999962 	 Training loss: 0.30325902605056765
[2025-01-27 13:21:40,674] INFO: 	 Body Test loss: 0.17880000000000001
[2025-01-27 13:21:40,675] INFO: 	 RH Test loss: 0.2010964237583646
[2025-01-27 13:21:40,675] INFO: 	 F1 score: 0.6538406475414349
[2025-01-27 13:21:55,811] INFO: Iter 4500 Summary: 
[2025-01-27 13:21:55,811] INFO: 	 lr: 0.009999999999999962 	 Training loss: 0.3034741397500038
[2025-01-27 13:21:56,156] INFO: 	 Body Test loss: 0.21000000000000005
[2025-01-27 13:21:56,157] INFO: 	 RH Test loss: 0.23125547790005496
[2025-01-27 13:21:56,157] INFO: 	 F1 score: 0.5836181362497153
[2025-01-27 13:22:11,461] INFO: Iter 4750 Summary: 
[2025-01-27 13:22:11,462] INFO: 	 lr: 0.009999999999999962 	 Training loss: 0.30569864916801454
[2025-01-27 13:22:11,819] INFO: 	 Body Test loss: 0.20600000000000002
[2025-01-27 13:22:11,819] INFO: 	 RH Test loss: 0.22088208510350593
[2025-01-27 13:22:11,819] INFO: 	 F1 score: 0.584659090909091
[2025-01-27 13:22:27,345] INFO: Iter 5000 Summary: 
[2025-01-27 13:22:27,345] INFO: 	 lr: 0.009999999999999962 	 Training loss: 0.29285228592157364
[2025-01-27 13:22:27,691] INFO: 	 Body Test loss: 0.2
[2025-01-27 13:22:27,691] INFO: 	 RH Test loss: 0.22593316661349397
[2025-01-27 13:22:27,691] INFO: 	 F1 score: 0.5801652586334667
[2025-01-27 13:22:28,065] INFO: 	 Total number of parameters: 169578
[2025-01-27 13:22:28,868] INFO: Testing with subject ['S8'] 
[2025-01-27 13:22:28,868] INFO: Training with subjects ['S5', 'S3', 'S6', 'S9', 'S4', 'S10', 'S7'] 
[2025-01-27 13:22:43,915] INFO: Iter 250 Summary: 
[2025-01-27 13:22:43,915] INFO: 	 lr: 0.009999999999999962 	 Training loss: 1.1108176114559174
[2025-01-27 13:22:44,309] INFO: 	 Body Test loss: 0.29040000000000005
[2025-01-27 13:22:44,309] INFO: 	 RH Test loss: 0.33472419198274017
[2025-01-27 13:22:44,309] INFO: 	 F1 score: 0.4520358868184955
[2025-01-27 13:22:59,693] INFO: Iter 500 Summary: 
[2025-01-27 13:22:59,693] INFO: 	 lr: 0.009999999999999962 	 Training loss: 0.6179043407440186
[2025-01-27 13:23:00,086] INFO: 	 Body Test loss: 0.262
[2025-01-27 13:23:00,087] INFO: 	 RH Test loss: 0.2892861006602232
[2025-01-27 13:23:00,087] INFO: 	 F1 score: 0.6061753830999008
[2025-01-27 13:23:15,054] INFO: Iter 750 Summary: 
[2025-01-27 13:23:15,055] INFO: 	 lr: 0.009999999999999962 	 Training loss: 0.4993908599615097
[2025-01-27 13:23:15,446] INFO: 	 Body Test loss: 0.19880000000000003
[2025-01-27 13:23:15,446] INFO: 	 RH Test loss: 0.25047745734678406
[2025-01-27 13:23:15,446] INFO: 	 F1 score: 0.6469918728103715
[2025-01-27 13:23:30,568] INFO: Iter 1000 Summary: 
[2025-01-27 13:23:30,568] INFO: 	 lr: 0.009999999999999962 	 Training loss: 0.46370640087127685
[2025-01-27 13:23:30,962] INFO: 	 Body Test loss: 0.20400000000000001
[2025-01-27 13:23:30,962] INFO: 	 RH Test loss: 0.24531265217951626
[2025-01-27 13:23:30,963] INFO: 	 F1 score: 0.610264905741414
[2025-01-27 13:23:46,150] INFO: Iter 1250 Summary: 
[2025-01-27 13:23:46,150] INFO: 	 lr: 0.009999999999999962 	 Training loss: 0.43102614080905916
[2025-01-27 13:23:46,550] INFO: 	 Body Test loss: 0.21959999999999996
[2025-01-27 13:23:46,550] INFO: 	 RH Test loss: 0.2614353471619056
[2025-01-27 13:23:46,550] INFO: 	 F1 score: 0.6256482791136256
[2025-01-27 13:24:02,203] INFO: Iter 1500 Summary: 
[2025-01-27 13:24:02,203] INFO: 	 lr: 0.009999999999999962 	 Training loss: 0.40577938508987427
[2025-01-27 13:24:02,625] INFO: 	 Body Test loss: 0.2152
[2025-01-27 13:24:02,625] INFO: 	 RH Test loss: 0.2496362295499076
[2025-01-27 13:24:02,625] INFO: 	 F1 score: 0.805527421970675
[2025-01-27 13:24:19,608] INFO: Iter 1750 Summary: 
[2025-01-27 13:24:19,608] INFO: 	 lr: 0.009999999999999962 	 Training loss: 0.3970622570514679
[2025-01-27 13:24:20,012] INFO: 	 Body Test loss: 0.24360000000000004
[2025-01-27 13:24:20,012] INFO: 	 RH Test loss: 0.31905695326682604
[2025-01-27 13:24:20,012] INFO: 	 F1 score: 0.7763140243084435
[2025-01-27 13:24:36,430] INFO: Iter 2000 Summary: 
[2025-01-27 13:24:36,430] INFO: 	 lr: 0.009999999999999962 	 Training loss: 0.38465838253498075
[2025-01-27 13:24:36,880] INFO: 	 Body Test loss: 0.23879999999999998
[2025-01-27 13:24:36,880] INFO: 	 RH Test loss: 0.3000512634957167
[2025-01-27 13:24:36,880] INFO: 	 F1 score: 0.7521444082519001
[2025-01-27 13:24:52,695] INFO: Iter 2250 Summary: 
[2025-01-27 13:24:52,695] INFO: 	 lr: 0.009999999999999962 	 Training loss: 0.36293878364562987
[2025-01-27 13:24:53,086] INFO: 	 Body Test loss: 0.21960000000000002
[2025-01-27 13:24:53,087] INFO: 	 RH Test loss: 0.2707179313102357
[2025-01-27 13:24:53,087] INFO: 	 F1 score: 0.8443545396789408
[2025-01-27 13:25:08,341] INFO: Iter 2500 Summary: 
[2025-01-27 13:25:08,342] INFO: 	 lr: 0.009999999999999962 	 Training loss: 0.3514357647895813
[2025-01-27 13:25:08,739] INFO: 	 Body Test loss: 0.20360000000000003
[2025-01-27 13:25:08,739] INFO: 	 RH Test loss: 0.24063009694481374
[2025-01-27 13:25:08,740] INFO: 	 F1 score: 0.7634337302165123
[2025-01-27 13:25:24,125] INFO: Iter 2750 Summary: 
[2025-01-27 13:25:24,125] INFO: 	 lr: 0.009999999999999962 	 Training loss: 0.34724650824069975
[2025-01-27 13:25:24,550] INFO: 	 Body Test loss: 0.18719999999999998
[2025-01-27 13:25:24,550] INFO: 	 RH Test loss: 0.2255192885470931
[2025-01-27 13:25:24,550] INFO: 	 F1 score: 0.8464285808911391
[2025-01-27 13:25:40,250] INFO: Iter 3000 Summary: 
[2025-01-27 13:25:40,250] INFO: 	 lr: 0.009999999999999962 	 Training loss: 0.33750883948802946
[2025-01-27 13:25:40,639] INFO: 	 Body Test loss: 0.2088
[2025-01-27 13:25:40,639] INFO: 	 RH Test loss: 0.24460174477670896
[2025-01-27 13:25:40,639] INFO: 	 F1 score: 0.8131580345688758
[2025-01-27 13:25:55,976] INFO: Iter 3250 Summary: 
[2025-01-27 13:25:55,976] INFO: 	 lr: 0.009999999999999962 	 Training loss: 0.3298728650808334
[2025-01-27 13:25:56,372] INFO: 	 Body Test loss: 0.18480000000000005
[2025-01-27 13:25:56,373] INFO: 	 RH Test loss: 0.2291858271807808
[2025-01-27 13:25:56,373] INFO: 	 F1 score: 0.7781632944784478
[2025-01-27 13:26:11,899] INFO: Iter 3500 Summary: 
[2025-01-27 13:26:11,899] INFO: 	 lr: 0.009999999999999962 	 Training loss: 0.3311245630979538
[2025-01-27 13:26:12,301] INFO: 	 Body Test loss: 0.19479999999999997
[2025-01-27 13:26:12,301] INFO: 	 RH Test loss: 0.2559079357538776
[2025-01-27 13:26:12,302] INFO: 	 F1 score: 0.6873793802322354
[2025-01-27 13:26:27,700] INFO: Iter 3750 Summary: 
[2025-01-27 13:26:27,700] INFO: 	 lr: 0.009999999999999962 	 Training loss: 0.3229727574586868
[2025-01-27 13:26:28,107] INFO: 	 Body Test loss: 0.1796
[2025-01-27 13:26:28,107] INFO: 	 RH Test loss: 0.23363316636241652
[2025-01-27 13:26:28,107] INFO: 	 F1 score: 0.8592897960843785
[2025-01-27 13:26:43,657] INFO: Iter 4000 Summary: 
[2025-01-27 13:26:43,657] INFO: 	 lr: 0.009999999999999962 	 Training loss: 0.31515531182289125
[2025-01-27 13:26:44,076] INFO: 	 Body Test loss: 0.19560000000000002
[2025-01-27 13:26:44,076] INFO: 	 RH Test loss: 0.2322188782211515
[2025-01-27 13:26:44,076] INFO: 	 F1 score: 0.7984747783588522
[2025-01-27 13:26:59,855] INFO: Iter 4250 Summary: 
[2025-01-27 13:26:59,855] INFO: 	 lr: 0.009999999999999962 	 Training loss: 0.3047817618846893
[2025-01-27 13:27:00,261] INFO: 	 Body Test loss: 0.192
[2025-01-27 13:27:00,261] INFO: 	 RH Test loss: 0.24910772298385273
[2025-01-27 13:27:00,261] INFO: 	 F1 score: 0.7314928676832267
[2025-01-27 13:27:16,203] INFO: Iter 4500 Summary: 
[2025-01-27 13:27:16,203] INFO: 	 lr: 0.009999999999999962 	 Training loss: 0.3164226511716843
[2025-01-27 13:27:16,593] INFO: 	 Body Test loss: 0.2096
[2025-01-27 13:27:16,593] INFO: 	 RH Test loss: 0.2838965292601501
[2025-01-27 13:27:16,593] INFO: 	 F1 score: 0.8379052883898568
[2025-01-27 13:27:33,079] INFO: Iter 4750 Summary: 
[2025-01-27 13:27:33,082] INFO: 	 lr: 0.009999999999999962 	 Training loss: 0.3019770200252533
[2025-01-27 13:27:33,534] INFO: 	 Body Test loss: 0.1696
[2025-01-27 13:27:33,534] INFO: 	 RH Test loss: 0.21972898829193505
[2025-01-27 13:27:33,535] INFO: 	 F1 score: 0.7852325740422752
[2025-01-27 13:27:49,364] INFO: Iter 5000 Summary: 
[2025-01-27 13:27:49,364] INFO: 	 lr: 0.009999999999999962 	 Training loss: 0.30881676709651945
[2025-01-27 13:27:49,774] INFO: 	 Body Test loss: 0.1848
[2025-01-27 13:27:49,775] INFO: 	 RH Test loss: 0.21847517667549382
[2025-01-27 13:27:49,775] INFO: 	 F1 score: 0.7677683533196842
[2025-01-27 13:27:50,204] INFO: 	 Total number of parameters: 169578
[2025-01-27 13:27:50,973] INFO: Testing with subject ['S9'] 
[2025-01-27 13:27:50,974] INFO: Training with subjects ['S5', 'S3', 'S6', 'S8', 'S4', 'S10', 'S7'] 
[2025-01-27 13:28:06,473] INFO: Iter 250 Summary: 
[2025-01-27 13:28:06,474] INFO: 	 lr: 0.009999999999999962 	 Training loss: 1.8027115867137908
[2025-01-27 13:28:06,871] INFO: 	 Body Test loss: 0.8916
[2025-01-27 13:28:06,871] INFO: 	 RH Test loss: 1.1661000900458578
[2025-01-27 13:28:06,871] INFO: 	 F1 score: 0.4423611111111111
[2025-01-27 13:28:22,571] INFO: Iter 500 Summary: 
[2025-01-27 13:28:22,571] INFO: 	 lr: 0.009999999999999962 	 Training loss: 0.8235346961021424
[2025-01-27 13:28:22,985] INFO: 	 Body Test loss: 0.4972
[2025-01-27 13:28:22,985] INFO: 	 RH Test loss: 0.6096687936129634
[2025-01-27 13:28:22,985] INFO: 	 F1 score: 0.5298904720364447
[2025-01-27 13:28:38,538] INFO: Iter 750 Summary: 
[2025-01-27 13:28:38,538] INFO: 	 lr: 0.009999999999999962 	 Training loss: 0.6212754607200622
[2025-01-27 13:28:38,949] INFO: 	 Body Test loss: 0.3624
[2025-01-27 13:28:38,950] INFO: 	 RH Test loss: 0.30796298815631035
[2025-01-27 13:28:38,950] INFO: 	 F1 score: 0.691259076799965
[2025-01-27 13:28:54,541] INFO: Iter 1000 Summary: 
[2025-01-27 13:28:54,541] INFO: 	 lr: 0.009999999999999962 	 Training loss: 0.5002458641529083
[2025-01-27 13:28:54,949] INFO: 	 Body Test loss: 0.2688
[2025-01-27 13:28:54,949] INFO: 	 RH Test loss: 0.309210062917707
[2025-01-27 13:28:54,949] INFO: 	 F1 score: 0.8761933663392991
[2025-01-27 13:29:10,529] INFO: Iter 1250 Summary: 
[2025-01-27 13:29:10,529] INFO: 	 lr: 0.009999999999999962 	 Training loss: 0.46193659484386446
[2025-01-27 13:29:10,933] INFO: 	 Body Test loss: 0.23399999999999999
[2025-01-27 13:29:10,933] INFO: 	 RH Test loss: 0.2457698457653763
[2025-01-27 13:29:10,933] INFO: 	 F1 score: 0.7910588541412564
[2025-01-27 13:29:26,962] INFO: Iter 1500 Summary: 
[2025-01-27 13:29:26,963] INFO: 	 lr: 0.009999999999999962 	 Training loss: 0.4358276265859604
[2025-01-27 13:29:27,369] INFO: 	 Body Test loss: 0.24119999999999997
[2025-01-27 13:29:27,369] INFO: 	 RH Test loss: 0.2419773546340011
[2025-01-27 13:29:27,369] INFO: 	 F1 score: 0.7215805834528933
[2025-01-27 13:29:43,162] INFO: Iter 1750 Summary: 
[2025-01-27 13:29:43,163] INFO: 	 lr: 0.009999999999999962 	 Training loss: 0.4053387198448181
[2025-01-27 13:29:43,566] INFO: 	 Body Test loss: 0.22440000000000002
[2025-01-27 13:29:43,567] INFO: 	 RH Test loss: 0.25106333410754744
[2025-01-27 13:29:43,567] INFO: 	 F1 score: 0.7356788253162218
[2025-01-27 13:29:58,805] INFO: Iter 2000 Summary: 
[2025-01-27 13:29:58,805] INFO: 	 lr: 0.009999999999999962 	 Training loss: 0.3802446541786194
[2025-01-27 13:29:59,215] INFO: 	 Body Test loss: 0.222
[2025-01-27 13:29:59,215] INFO: 	 RH Test loss: 0.2535756806270272
[2025-01-27 13:29:59,216] INFO: 	 F1 score: 0.7949496382465598
[2025-01-27 13:30:14,645] INFO: Iter 2250 Summary: 
[2025-01-27 13:30:14,645] INFO: 	 lr: 0.009999999999999962 	 Training loss: 0.35977970135211945
[2025-01-27 13:30:15,050] INFO: 	 Body Test loss: 0.22479999999999997
[2025-01-27 13:30:15,050] INFO: 	 RH Test loss: 0.2674078181018568
[2025-01-27 13:30:15,050] INFO: 	 F1 score: 0.733162100456621
[2025-01-27 13:30:30,713] INFO: Iter 2500 Summary: 
[2025-01-27 13:30:30,713] INFO: 	 lr: 0.009999999999999962 	 Training loss: 0.34931113743782044
[2025-01-27 13:30:31,123] INFO: 	 Body Test loss: 0.2216
[2025-01-27 13:30:31,123] INFO: 	 RH Test loss: 0.2410516272386905
[2025-01-27 13:30:31,123] INFO: 	 F1 score: 0.7674515024803479
[2025-01-27 13:30:46,700] INFO: Iter 2750 Summary: 
[2025-01-27 13:30:46,701] INFO: 	 lr: 0.009999999999999962 	 Training loss: 0.3427313039302826
[2025-01-27 13:30:47,113] INFO: 	 Body Test loss: 0.20919999999999997
[2025-01-27 13:30:47,113] INFO: 	 RH Test loss: 0.24533416588903215
[2025-01-27 13:30:47,113] INFO: 	 F1 score: 0.7545373521309351
[2025-01-27 13:31:02,892] INFO: Iter 3000 Summary: 
[2025-01-27 13:31:02,892] INFO: 	 lr: 0.009999999999999962 	 Training loss: 0.32771151447296143
[2025-01-27 13:31:03,298] INFO: 	 Body Test loss: 0.21719999999999998
[2025-01-27 13:31:03,298] INFO: 	 RH Test loss: 0.2339081866358167
[2025-01-27 13:31:03,298] INFO: 	 F1 score: 0.7481047733570345
[2025-01-27 13:31:19,038] INFO: Iter 3250 Summary: 
[2025-01-27 13:31:19,038] INFO: 	 lr: 0.009999999999999962 	 Training loss: 0.330450545668602
[2025-01-27 13:31:19,444] INFO: 	 Body Test loss: 0.22880000000000003
[2025-01-27 13:31:19,444] INFO: 	 RH Test loss: 0.2700730853300463
[2025-01-27 13:31:19,444] INFO: 	 F1 score: 0.7776221547043881
[2025-01-27 13:31:34,859] INFO: Iter 3500 Summary: 
[2025-01-27 13:31:34,860] INFO: 	 lr: 0.009999999999999962 	 Training loss: 0.3188766108751297
[2025-01-27 13:31:35,261] INFO: 	 Body Test loss: 0.214
[2025-01-27 13:31:35,261] INFO: 	 RH Test loss: 0.23053057238886396
[2025-01-27 13:31:35,261] INFO: 	 F1 score: 0.7695303106698212
[2025-01-27 13:31:50,970] INFO: Iter 3750 Summary: 
[2025-01-27 13:31:50,970] INFO: 	 lr: 0.009999999999999962 	 Training loss: 0.32080497884750364
[2025-01-27 13:31:51,376] INFO: 	 Body Test loss: 0.2148
[2025-01-27 13:31:51,376] INFO: 	 RH Test loss: 0.2567819574790755
[2025-01-27 13:31:51,376] INFO: 	 F1 score: 0.7381074407119228
[2025-01-27 13:32:06,731] INFO: Iter 4000 Summary: 
[2025-01-27 13:32:06,731] INFO: 	 lr: 0.009999999999999962 	 Training loss: 0.309229843378067
[2025-01-27 13:32:07,126] INFO: 	 Body Test loss: 0.2156
[2025-01-27 13:32:07,127] INFO: 	 RH Test loss: 0.2350108352307216
[2025-01-27 13:32:07,127] INFO: 	 F1 score: 0.7326466124561608
[2025-01-27 13:32:22,713] INFO: Iter 4250 Summary: 
[2025-01-27 13:32:22,713] INFO: 	 lr: 0.009999999999999962 	 Training loss: 0.30579699832201
[2025-01-27 13:32:23,117] INFO: 	 Body Test loss: 0.2096
[2025-01-27 13:32:23,118] INFO: 	 RH Test loss: 0.23737216157307514
[2025-01-27 13:32:23,118] INFO: 	 F1 score: 0.7314564077977348
[2025-01-27 13:32:38,650] INFO: Iter 4500 Summary: 
[2025-01-27 13:32:38,650] INFO: 	 lr: 0.009999999999999962 	 Training loss: 0.3126398470401764
[2025-01-27 13:32:39,046] INFO: 	 Body Test loss: 0.19759999999999997
[2025-01-27 13:32:39,046] INFO: 	 RH Test loss: 0.22976264696489385
[2025-01-27 13:32:39,046] INFO: 	 F1 score: 0.6305493816280704
[2025-01-27 13:32:54,460] INFO: Iter 4750 Summary: 
[2025-01-27 13:32:54,460] INFO: 	 lr: 0.009999999999999962 	 Training loss: 0.3107225344181061
[2025-01-27 13:32:54,864] INFO: 	 Body Test loss: 0.19479999999999997
[2025-01-27 13:32:54,865] INFO: 	 RH Test loss: 0.22613894064726303
[2025-01-27 13:32:54,865] INFO: 	 F1 score: 0.6728271321240568
[2025-01-27 13:33:10,456] INFO: Iter 5000 Summary: 
[2025-01-27 13:33:10,456] INFO: 	 lr: 0.009999999999999962 	 Training loss: 0.30534141266345977
[2025-01-27 13:33:10,859] INFO: 	 Body Test loss: 0.2028
[2025-01-27 13:33:10,859] INFO: 	 RH Test loss: 0.21464021825849788
[2025-01-27 13:33:10,859] INFO: 	 F1 score: 0.694119053643373
[2025-01-27 13:33:11,288] INFO: 	 Total number of parameters: 169578
[2025-01-27 13:33:12,069] INFO: Testing with subject ['S4'] 
[2025-01-27 13:33:12,069] INFO: Training with subjects ['S5', 'S3', 'S6', 'S8', 'S9', 'S10', 'S7'] 
[2025-01-27 13:33:27,747] INFO: Iter 250 Summary: 
[2025-01-27 13:33:27,747] INFO: 	 lr: 0.009999999999999962 	 Training loss: 2.275291995048523
[2025-01-27 13:33:28,053] INFO: 	 Body Test loss: 0.4864
[2025-01-27 13:33:28,053] INFO: 	 RH Test loss: 0.4718718386403418
[2025-01-27 13:33:28,053] INFO: 	 F1 score: 0.4526600541027953
[2025-01-27 13:33:43,940] INFO: Iter 500 Summary: 
[2025-01-27 13:33:43,941] INFO: 	 lr: 0.009999999999999962 	 Training loss: 0.7545095441341401
[2025-01-27 13:33:44,243] INFO: 	 Body Test loss: 0.3044
[2025-01-27 13:33:44,243] INFO: 	 RH Test loss: 0.29753417132910237
[2025-01-27 13:33:44,243] INFO: 	 F1 score: 0.4855522314540489
[2025-01-27 13:33:59,621] INFO: Iter 750 Summary: 
[2025-01-27 13:33:59,621] INFO: 	 lr: 0.009999999999999962 	 Training loss: 0.5326569563150406
[2025-01-27 13:33:59,924] INFO: 	 Body Test loss: 0.22040000000000004
[2025-01-27 13:33:59,924] INFO: 	 RH Test loss: 0.22578584991530495
[2025-01-27 13:33:59,924] INFO: 	 F1 score: 0.3833739676682481
[2025-01-27 13:34:15,450] INFO: Iter 1000 Summary: 
[2025-01-27 13:34:15,450] INFO: 	 lr: 0.009999999999999962 	 Training loss: 0.4497330223321915
[2025-01-27 13:34:15,747] INFO: 	 Body Test loss: 0.2064
[2025-01-27 13:34:15,747] INFO: 	 RH Test loss: 0.21561100731964364
[2025-01-27 13:34:15,747] INFO: 	 F1 score: 0.5351138396686518
[2025-01-27 13:34:31,341] INFO: Iter 1250 Summary: 
[2025-01-27 13:34:31,341] INFO: 	 lr: 0.009999999999999962 	 Training loss: 0.3991166549921036
[2025-01-27 13:34:31,653] INFO: 	 Body Test loss: 0.20679999999999998
[2025-01-27 13:34:31,653] INFO: 	 RH Test loss: 0.21042007509134159
[2025-01-27 13:34:31,653] INFO: 	 F1 score: 0.6127991555953283
[2025-01-27 13:34:47,099] INFO: Iter 1500 Summary: 
[2025-01-27 13:34:47,099] INFO: 	 lr: 0.009999999999999962 	 Training loss: 0.3756289149522781
[2025-01-27 13:34:47,415] INFO: 	 Body Test loss: 0.196
[2025-01-27 13:34:47,415] INFO: 	 RH Test loss: 0.19776576213428176
[2025-01-27 13:34:47,415] INFO: 	 F1 score: 0.5234903381642513
[2025-01-27 13:35:02,987] INFO: Iter 1750 Summary: 
[2025-01-27 13:35:02,987] INFO: 	 lr: 0.009999999999999962 	 Training loss: 0.35254364550113676
[2025-01-27 13:35:03,300] INFO: 	 Body Test loss: 0.19759999999999997
[2025-01-27 13:35:03,300] INFO: 	 RH Test loss: 0.20719141282988143
[2025-01-27 13:35:03,300] INFO: 	 F1 score: 0.41729175434398114
[2025-01-27 13:35:18,752] INFO: Iter 2000 Summary: 
[2025-01-27 13:35:18,752] INFO: 	 lr: 0.009999999999999962 	 Training loss: 0.355735058426857
[2025-01-27 13:35:19,048] INFO: 	 Body Test loss: 0.2008
[2025-01-27 13:35:19,048] INFO: 	 RH Test loss: 0.20338726191387146
[2025-01-27 13:35:19,048] INFO: 	 F1 score: 0.43609551149535913
[2025-01-27 13:35:34,496] INFO: Iter 2250 Summary: 
[2025-01-27 13:35:34,496] INFO: 	 lr: 0.009999999999999962 	 Training loss: 0.33160735189914703
[2025-01-27 13:35:34,805] INFO: 	 Body Test loss: 0.17120000000000002
[2025-01-27 13:35:34,805] INFO: 	 RH Test loss: 0.18787836519458145
[2025-01-27 13:35:34,805] INFO: 	 F1 score: 0.5979385910610375
[2025-01-27 13:35:50,557] INFO: Iter 2500 Summary: 
[2025-01-27 13:35:50,557] INFO: 	 lr: 0.009999999999999962 	 Training loss: 0.3267686458826065
[2025-01-27 13:35:50,865] INFO: 	 Body Test loss: 0.1928
[2025-01-27 13:35:50,865] INFO: 	 RH Test loss: 0.1960934134330938
[2025-01-27 13:35:50,865] INFO: 	 F1 score: 0.5630639797111573
[2025-01-27 13:36:06,374] INFO: Iter 2750 Summary: 
[2025-01-27 13:36:06,374] INFO: 	 lr: 0.009999999999999962 	 Training loss: 0.30703901624679564
[2025-01-27 13:36:06,684] INFO: 	 Body Test loss: 0.1776
[2025-01-27 13:36:06,684] INFO: 	 RH Test loss: 0.18544860638739447
[2025-01-27 13:36:06,684] INFO: 	 F1 score: 0.410267886382988
[2025-01-27 13:36:22,393] INFO: Iter 3000 Summary: 
[2025-01-27 13:36:22,393] INFO: 	 lr: 0.009999999999999962 	 Training loss: 0.31408255100250243
[2025-01-27 13:36:22,702] INFO: 	 Body Test loss: 0.18
[2025-01-27 13:36:22,702] INFO: 	 RH Test loss: 0.19754440931354755
[2025-01-27 13:36:22,702] INFO: 	 F1 score: 0.6172597412458363
[2025-01-27 13:36:38,341] INFO: Iter 3250 Summary: 
[2025-01-27 13:36:38,342] INFO: 	 lr: 0.009999999999999962 	 Training loss: 0.3009403237104416
[2025-01-27 13:36:38,644] INFO: 	 Body Test loss: 0.18720000000000003
[2025-01-27 13:36:38,644] INFO: 	 RH Test loss: 0.1923560412908111
[2025-01-27 13:36:38,644] INFO: 	 F1 score: 0.5578337711965609
[2025-01-27 13:36:54,045] INFO: Iter 3500 Summary: 
[2025-01-27 13:36:54,045] INFO: 	 lr: 0.009999999999999962 	 Training loss: 0.29746473801136014
[2025-01-27 13:36:54,353] INFO: 	 Body Test loss: 0.18719999999999998
[2025-01-27 13:36:54,353] INFO: 	 RH Test loss: 0.2023987983911002
[2025-01-27 13:36:54,353] INFO: 	 F1 score: 0.5352315239384544
[2025-01-27 13:37:09,953] INFO: Iter 3750 Summary: 
[2025-01-27 13:37:09,954] INFO: 	 lr: 0.009999999999999962 	 Training loss: 0.29442074209451674
[2025-01-27 13:37:10,271] INFO: 	 Body Test loss: 0.18080000000000002
[2025-01-27 13:37:10,272] INFO: 	 RH Test loss: 0.1916693965371397
[2025-01-27 13:37:10,272] INFO: 	 F1 score: 0.5085020242914979
[2025-01-27 13:37:25,698] INFO: Iter 4000 Summary: 
[2025-01-27 13:37:25,698] INFO: 	 lr: 0.009999999999999962 	 Training loss: 0.295527105987072
[2025-01-27 13:37:26,006] INFO: 	 Body Test loss: 0.1812
[2025-01-27 13:37:26,006] INFO: 	 RH Test loss: 0.19703839562870132
[2025-01-27 13:37:26,007] INFO: 	 F1 score: 0.5712223587223587
[2025-01-27 13:37:41,644] INFO: Iter 4250 Summary: 
[2025-01-27 13:37:41,644] INFO: 	 lr: 0.009999999999999962 	 Training loss: 0.2866680651307106
[2025-01-27 13:37:41,956] INFO: 	 Body Test loss: 0.17120000000000002
[2025-01-27 13:37:41,956] INFO: 	 RH Test loss: 0.18280720420095828
[2025-01-27 13:37:41,956] INFO: 	 F1 score: 0.4949157323178901
[2025-01-27 13:37:57,529] INFO: Iter 4500 Summary: 
[2025-01-27 13:37:57,529] INFO: 	 lr: 0.009999999999999962 	 Training loss: 0.2844938755631447
[2025-01-27 13:37:57,836] INFO: 	 Body Test loss: 0.1752
[2025-01-27 13:37:57,837] INFO: 	 RH Test loss: 0.18226493717614667
[2025-01-27 13:37:57,837] INFO: 	 F1 score: 0.6279399660251135
[2025-01-27 13:38:13,407] INFO: Iter 4750 Summary: 
[2025-01-27 13:38:13,408] INFO: 	 lr: 0.009999999999999962 	 Training loss: 0.29475939577817917
[2025-01-27 13:38:13,715] INFO: 	 Body Test loss: 0.17679999999999998
[2025-01-27 13:38:13,715] INFO: 	 RH Test loss: 0.1941047073628207
[2025-01-27 13:38:13,715] INFO: 	 F1 score: 0.5664600634336489
[2025-01-27 13:38:29,245] INFO: Iter 5000 Summary: 
[2025-01-27 13:38:29,246] INFO: 	 lr: 0.009999999999999962 	 Training loss: 0.2880437914729118
[2025-01-27 13:38:29,553] INFO: 	 Body Test loss: 0.18560000000000001
[2025-01-27 13:38:29,553] INFO: 	 RH Test loss: 0.18930001697194637
[2025-01-27 13:38:29,553] INFO: 	 F1 score: 0.3791430001523362
[2025-01-27 13:38:29,877] INFO: 	 Total number of parameters: 169578
[2025-01-27 13:38:30,632] INFO: Testing with subject ['S10'] 
[2025-01-27 13:38:30,632] INFO: Training with subjects ['S5', 'S3', 'S6', 'S8', 'S9', 'S4', 'S7'] 
[2025-01-27 13:38:46,266] INFO: Iter 250 Summary: 
[2025-01-27 13:38:46,266] INFO: 	 lr: 0.009999999999999962 	 Training loss: 1.1487037937641145
[2025-01-27 13:38:46,630] INFO: 	 Body Test loss: 0.566
[2025-01-27 13:38:46,630] INFO: 	 RH Test loss: 0.5338150492581454
[2025-01-27 13:38:46,630] INFO: 	 F1 score: 0.42924528301886794
[2025-01-27 13:39:02,466] INFO: Iter 500 Summary: 
[2025-01-27 13:39:02,466] INFO: 	 lr: 0.009999999999999962 	 Training loss: 0.6749721567630768
[2025-01-27 13:39:02,828] INFO: 	 Body Test loss: 0.38160000000000005
[2025-01-27 13:39:02,828] INFO: 	 RH Test loss: 0.3663541021688582
[2025-01-27 13:39:02,828] INFO: 	 F1 score: 0.42924528301886794
[2025-01-27 13:39:18,360] INFO: Iter 750 Summary: 
[2025-01-27 13:39:18,360] INFO: 	 lr: 0.009999999999999962 	 Training loss: 0.5336646927595139
[2025-01-27 13:39:18,717] INFO: 	 Body Test loss: 0.2324
[2025-01-27 13:39:18,717] INFO: 	 RH Test loss: 0.2603383843498125
[2025-01-27 13:39:18,717] INFO: 	 F1 score: 0.4287962234461054
[2025-01-27 13:39:34,382] INFO: Iter 1000 Summary: 
[2025-01-27 13:39:34,383] INFO: 	 lr: 0.009999999999999962 	 Training loss: 0.493977933883667
[2025-01-27 13:39:34,744] INFO: 	 Body Test loss: 0.20439999999999997
[2025-01-27 13:39:34,744] INFO: 	 RH Test loss: 0.24205895557876458
[2025-01-27 13:39:34,744] INFO: 	 F1 score: 0.4287962234461054
[2025-01-27 13:39:50,657] INFO: Iter 1250 Summary: 
[2025-01-27 13:39:50,657] INFO: 	 lr: 0.009999999999999962 	 Training loss: 0.44385245597362516
[2025-01-27 13:39:51,013] INFO: 	 Body Test loss: 0.18600000000000003
[2025-01-27 13:39:51,013] INFO: 	 RH Test loss: 0.2166878838972612
[2025-01-27 13:39:51,013] INFO: 	 F1 score: 0.7702037996705381
[2025-01-27 13:40:07,060] INFO: Iter 1500 Summary: 
[2025-01-27 13:40:07,060] INFO: 	 lr: 0.009999999999999962 	 Training loss: 0.4109989227056503
[2025-01-27 13:40:07,416] INFO: 	 Body Test loss: 0.166
[2025-01-27 13:40:07,417] INFO: 	 RH Test loss: 0.20325033736951423
[2025-01-27 13:40:07,417] INFO: 	 F1 score: 0.7052098950524738
[2025-01-27 13:40:23,609] INFO: Iter 1750 Summary: 
[2025-01-27 13:40:23,609] INFO: 	 lr: 0.009999999999999962 	 Training loss: 0.39230775129795076
[2025-01-27 13:40:24,007] INFO: 	 Body Test loss: 0.15
[2025-01-27 13:40:24,007] INFO: 	 RH Test loss: 0.19060591645148833
[2025-01-27 13:40:24,007] INFO: 	 F1 score: 0.7160953446580545
[2025-01-27 13:40:39,960] INFO: Iter 2000 Summary: 
[2025-01-27 13:40:39,960] INFO: 	 lr: 0.009999999999999962 	 Training loss: 0.3754857907295227
[2025-01-27 13:40:40,312] INFO: 	 Body Test loss: 0.162
[2025-01-27 13:40:40,312] INFO: 	 RH Test loss: 0.2139838148542672
[2025-01-27 13:40:40,312] INFO: 	 F1 score: 0.7662047519850255
[2025-01-27 13:40:55,702] INFO: Iter 2250 Summary: 
[2025-01-27 13:40:55,703] INFO: 	 lr: 0.009999999999999962 	 Training loss: 0.3604347562789917
[2025-01-27 13:40:56,064] INFO: 	 Body Test loss: 0.1512
[2025-01-27 13:40:56,065] INFO: 	 RH Test loss: 0.19694146045968552
[2025-01-27 13:40:56,065] INFO: 	 F1 score: 0.8271751306945482
[2025-01-27 13:41:11,643] INFO: Iter 2500 Summary: 
[2025-01-27 13:41:11,643] INFO: 	 lr: 0.009999999999999962 	 Training loss: 0.3491079888343811
[2025-01-27 13:41:12,000] INFO: 	 Body Test loss: 0.15200000000000002
[2025-01-27 13:41:12,000] INFO: 	 RH Test loss: 0.19594680568075049
[2025-01-27 13:41:12,000] INFO: 	 F1 score: 0.797514312276753
[2025-01-27 13:41:27,579] INFO: Iter 2750 Summary: 
[2025-01-27 13:41:27,579] INFO: 	 lr: 0.009999999999999962 	 Training loss: 0.34251474583148955
[2025-01-27 13:41:27,937] INFO: 	 Body Test loss: 0.156
[2025-01-27 13:41:27,937] INFO: 	 RH Test loss: 0.19348646526494304
[2025-01-27 13:41:27,937] INFO: 	 F1 score: 0.761157221964113
[2025-01-27 13:41:43,594] INFO: Iter 3000 Summary: 
[2025-01-27 13:41:43,595] INFO: 	 lr: 0.009999999999999962 	 Training loss: 0.34397298681735994
[2025-01-27 13:41:43,955] INFO: 	 Body Test loss: 0.17559999999999998
[2025-01-27 13:41:43,955] INFO: 	 RH Test loss: 0.2153975051690724
[2025-01-27 13:41:43,955] INFO: 	 F1 score: 0.7967331599562419
[2025-01-27 13:41:59,567] INFO: Iter 3250 Summary: 
[2025-01-27 13:41:59,568] INFO: 	 lr: 0.009999999999999962 	 Training loss: 0.3248514462709427
[2025-01-27 13:41:59,923] INFO: 	 Body Test loss: 0.152
[2025-01-27 13:41:59,923] INFO: 	 RH Test loss: 0.2023384400044591
[2025-01-27 13:41:59,923] INFO: 	 F1 score: 0.7481083650190115
[2025-01-27 13:42:15,467] INFO: Iter 3500 Summary: 
[2025-01-27 13:42:15,467] INFO: 	 lr: 0.009999999999999962 	 Training loss: 0.32468758404254916
[2025-01-27 13:42:15,818] INFO: 	 Body Test loss: 0.16879999999999998
[2025-01-27 13:42:15,818] INFO: 	 RH Test loss: 0.2050930213140062
[2025-01-27 13:42:15,818] INFO: 	 F1 score: 0.7651539245667687
[2025-01-27 13:42:31,198] INFO: Iter 3750 Summary: 
[2025-01-27 13:42:31,198] INFO: 	 lr: 0.009999999999999962 	 Training loss: 0.31551618099212647
[2025-01-27 13:42:31,561] INFO: 	 Body Test loss: 0.1564
[2025-01-27 13:42:31,561] INFO: 	 RH Test loss: 0.19070113920311627
[2025-01-27 13:42:31,561] INFO: 	 F1 score: 0.7624852424505355
[2025-01-27 13:42:46,943] INFO: Iter 4000 Summary: 
[2025-01-27 13:42:46,943] INFO: 	 lr: 0.009999999999999962 	 Training loss: 0.3079365452528
[2025-01-27 13:42:47,297] INFO: 	 Body Test loss: 0.1468
[2025-01-27 13:42:47,297] INFO: 	 RH Test loss: 0.19080995683170876
[2025-01-27 13:42:47,297] INFO: 	 F1 score: 0.7524893314366998
[2025-01-27 13:43:02,860] INFO: Iter 4250 Summary: 
[2025-01-27 13:43:02,861] INFO: 	 lr: 0.009999999999999962 	 Training loss: 0.3133948552012443
[2025-01-27 13:43:03,223] INFO: 	 Body Test loss: 0.1408
[2025-01-27 13:43:03,223] INFO: 	 RH Test loss: 0.1908676059318311
[2025-01-27 13:43:03,223] INFO: 	 F1 score: 0.7587804163002052
[2025-01-27 13:43:18,825] INFO: Iter 4500 Summary: 
[2025-01-27 13:43:18,825] INFO: 	 lr: 0.009999999999999962 	 Training loss: 0.3072755696773529
[2025-01-27 13:43:19,170] INFO: 	 Body Test loss: 0.1524
[2025-01-27 13:43:19,171] INFO: 	 RH Test loss: 0.19833871878211493
[2025-01-27 13:43:19,171] INFO: 	 F1 score: 0.729798786330246
[2025-01-27 13:43:34,671] INFO: Iter 4750 Summary: 
[2025-01-27 13:43:34,672] INFO: 	 lr: 0.009999999999999962 	 Training loss: 0.3033134317994118
[2025-01-27 13:43:35,032] INFO: 	 Body Test loss: 0.1532
[2025-01-27 13:43:35,032] INFO: 	 RH Test loss: 0.20626710973166895
[2025-01-27 13:43:35,032] INFO: 	 F1 score: 0.759020763330712
[2025-01-27 13:43:50,584] INFO: Iter 5000 Summary: 
[2025-01-27 13:43:50,584] INFO: 	 lr: 0.009999999999999962 	 Training loss: 0.30297203797101974
[2025-01-27 13:43:50,935] INFO: 	 Body Test loss: 0.1444
[2025-01-27 13:43:50,935] INFO: 	 RH Test loss: 0.19394258533299133
[2025-01-27 13:43:50,935] INFO: 	 F1 score: 0.7707466253218213
[2025-01-27 13:43:51,310] INFO: 	 Total number of parameters: 169578
[2025-01-27 13:43:52,060] INFO: Testing with subject ['S7'] 
[2025-01-27 13:43:52,060] INFO: Training with subjects ['S5', 'S3', 'S6', 'S8', 'S9', 'S4', 'S10'] 
[2025-01-27 13:44:07,361] INFO: Iter 250 Summary: 
[2025-01-27 13:44:07,361] INFO: 	 lr: 0.009999999999999962 	 Training loss: 1.0018057801723481
[2025-01-27 13:44:07,712] INFO: 	 Body Test loss: 0.272
[2025-01-27 13:44:07,712] INFO: 	 RH Test loss: 0.29823161822206834
[2025-01-27 13:44:07,712] INFO: 	 F1 score: 0.455564451561249
[2025-01-27 13:44:23,482] INFO: Iter 500 Summary: 
[2025-01-27 13:44:23,482] INFO: 	 lr: 0.009999999999999962 	 Training loss: 0.5713853371143341
[2025-01-27 13:44:23,837] INFO: 	 Body Test loss: 0.22440000000000002
[2025-01-27 13:44:23,837] INFO: 	 RH Test loss: 0.2647115841893589
[2025-01-27 13:44:23,837] INFO: 	 F1 score: 0.6950807692733534
[2025-01-27 13:44:39,373] INFO: Iter 750 Summary: 
[2025-01-27 13:44:39,373] INFO: 	 lr: 0.009999999999999962 	 Training loss: 0.4675215802192688
[2025-01-27 13:44:39,730] INFO: 	 Body Test loss: 0.22279999999999997
[2025-01-27 13:44:39,730] INFO: 	 RH Test loss: 0.27546297743741205
[2025-01-27 13:44:39,730] INFO: 	 F1 score: 0.5935170990850278
[2025-01-27 13:44:55,142] INFO: Iter 1000 Summary: 
[2025-01-27 13:44:55,142] INFO: 	 lr: 0.009999999999999962 	 Training loss: 0.4312810847759247
[2025-01-27 13:44:55,487] INFO: 	 Body Test loss: 0.21160000000000004
[2025-01-27 13:44:55,487] INFO: 	 RH Test loss: 0.26108702876988577
[2025-01-27 13:44:55,488] INFO: 	 F1 score: 0.697792701594983
[2025-01-27 13:45:11,078] INFO: Iter 1250 Summary: 
[2025-01-27 13:45:11,078] INFO: 	 lr: 0.009999999999999962 	 Training loss: 0.39684131598472594
[2025-01-27 13:45:11,434] INFO: 	 Body Test loss: 0.1992
[2025-01-27 13:45:11,434] INFO: 	 RH Test loss: 0.25881709821083965
[2025-01-27 13:45:11,435] INFO: 	 F1 score: 0.7233092784738927
[2025-01-27 13:45:27,012] INFO: Iter 1500 Summary: 
[2025-01-27 13:45:27,012] INFO: 	 lr: 0.009999999999999962 	 Training loss: 0.37993343544006347
[2025-01-27 13:45:27,372] INFO: 	 Body Test loss: 0.22759999999999997
[2025-01-27 13:45:27,373] INFO: 	 RH Test loss: 0.2624044609771055
[2025-01-27 13:45:27,373] INFO: 	 F1 score: 0.682457757296467
[2025-01-27 13:45:43,029] INFO: Iter 1750 Summary: 
[2025-01-27 13:45:43,030] INFO: 	 lr: 0.009999999999999962 	 Training loss: 0.3577539668083191
[2025-01-27 13:45:43,390] INFO: 	 Body Test loss: 0.19720000000000001
[2025-01-27 13:45:43,390] INFO: 	 RH Test loss: 0.23886260834862205
[2025-01-27 13:45:43,390] INFO: 	 F1 score: 0.7857135596149349
[2025-01-27 13:45:58,920] INFO: Iter 2000 Summary: 
[2025-01-27 13:45:58,920] INFO: 	 lr: 0.009999999999999962 	 Training loss: 0.3518317244052887
[2025-01-27 13:45:59,275] INFO: 	 Body Test loss: 0.20240000000000002
[2025-01-27 13:45:59,275] INFO: 	 RH Test loss: 0.265283876026378
[2025-01-27 13:45:59,275] INFO: 	 F1 score: 0.7498648566520915
[2025-01-27 13:46:14,868] INFO: Iter 2250 Summary: 
[2025-01-27 13:46:14,868] INFO: 	 lr: 0.009999999999999962 	 Training loss: 0.352806214928627
[2025-01-27 13:46:15,225] INFO: 	 Body Test loss: 0.22279999999999997
[2025-01-27 13:46:15,225] INFO: 	 RH Test loss: 0.2825070617058698
[2025-01-27 13:46:15,226] INFO: 	 F1 score: 0.6675478941078478
[2025-01-27 13:46:30,919] INFO: Iter 2500 Summary: 
[2025-01-27 13:46:30,919] INFO: 	 lr: 0.009999999999999962 	 Training loss: 0.33673236978054044
[2025-01-27 13:46:31,276] INFO: 	 Body Test loss: 0.2076
[2025-01-27 13:46:31,277] INFO: 	 RH Test loss: 0.24274335179609413
[2025-01-27 13:46:31,277] INFO: 	 F1 score: 0.764348359235465
[2025-01-27 13:46:46,727] INFO: Iter 2750 Summary: 
[2025-01-27 13:46:46,727] INFO: 	 lr: 0.009999999999999962 	 Training loss: 0.3362522290945053
[2025-01-27 13:46:47,082] INFO: 	 Body Test loss: 0.20920000000000002
[2025-01-27 13:46:47,082] INFO: 	 RH Test loss: 0.25635289861174193
[2025-01-27 13:46:47,082] INFO: 	 F1 score: 0.6486617021037616
[2025-01-27 13:47:02,711] INFO: Iter 3000 Summary: 
[2025-01-27 13:47:02,711] INFO: 	 lr: 0.009999999999999962 	 Training loss: 0.3270697417259216
[2025-01-27 13:47:03,068] INFO: 	 Body Test loss: 0.2036
[2025-01-27 13:47:03,068] INFO: 	 RH Test loss: 0.25724060174998115
[2025-01-27 13:47:03,068] INFO: 	 F1 score: 0.7258206254846213
[2025-01-27 13:47:18,717] INFO: Iter 3250 Summary: 
[2025-01-27 13:47:18,717] INFO: 	 lr: 0.009999999999999962 	 Training loss: 0.32691023516654966
[2025-01-27 13:47:19,062] INFO: 	 Body Test loss: 0.2028
[2025-01-27 13:47:19,062] INFO: 	 RH Test loss: 0.2494816614880281
[2025-01-27 13:47:19,062] INFO: 	 F1 score: 0.7834355266770385
[2025-01-27 13:47:34,365] INFO: Iter 3500 Summary: 
[2025-01-27 13:47:34,365] INFO: 	 lr: 0.009999999999999962 	 Training loss: 0.3134958140850067
[2025-01-27 13:47:34,716] INFO: 	 Body Test loss: 0.21320000000000003
[2025-01-27 13:47:34,716] INFO: 	 RH Test loss: 0.2696686378507053
[2025-01-27 13:47:34,716] INFO: 	 F1 score: 0.7033390250174073
[2025-01-27 13:47:50,345] INFO: Iter 3750 Summary: 
[2025-01-27 13:47:50,345] INFO: 	 lr: 0.009999999999999962 	 Training loss: 0.3209569319486618
[2025-01-27 13:47:50,693] INFO: 	 Body Test loss: 0.1956
[2025-01-27 13:47:50,693] INFO: 	 RH Test loss: 0.24946864381958456
[2025-01-27 13:47:50,693] INFO: 	 F1 score: 0.7741306792487563
[2025-01-27 13:48:06,100] INFO: Iter 4000 Summary: 
[2025-01-27 13:48:06,100] INFO: 	 lr: 0.009999999999999962 	 Training loss: 0.31819598054885867
[2025-01-27 13:48:06,447] INFO: 	 Body Test loss: 0.20720000000000002
[2025-01-27 13:48:06,448] INFO: 	 RH Test loss: 0.26361562720467063
[2025-01-27 13:48:06,448] INFO: 	 F1 score: 0.7633152408029638
[2025-01-27 13:48:22,027] INFO: Iter 4250 Summary: 
[2025-01-27 13:48:22,027] INFO: 	 lr: 0.009999999999999962 	 Training loss: 0.3205136078596115
[2025-01-27 13:48:22,377] INFO: 	 Body Test loss: 0.19399999999999998
[2025-01-27 13:48:22,377] INFO: 	 RH Test loss: 0.24985774529681484
[2025-01-27 13:48:22,378] INFO: 	 F1 score: 0.7353325257992587
[2025-01-27 13:48:38,095] INFO: Iter 4500 Summary: 
[2025-01-27 13:48:38,095] INFO: 	 lr: 0.009999999999999962 	 Training loss: 0.3096707866191864
[2025-01-27 13:48:38,446] INFO: 	 Body Test loss: 0.19720000000000001
[2025-01-27 13:48:38,446] INFO: 	 RH Test loss: 0.2419345103852889
[2025-01-27 13:48:38,446] INFO: 	 F1 score: 0.7902441439348644
[2025-01-27 13:48:53,599] INFO: Iter 4750 Summary: 
[2025-01-27 13:48:53,599] INFO: 	 lr: 0.009999999999999962 	 Training loss: 0.31275043523311613
[2025-01-27 13:48:53,951] INFO: 	 Body Test loss: 0.19759999999999997
[2025-01-27 13:48:53,951] INFO: 	 RH Test loss: 0.2351181143872878
[2025-01-27 13:48:53,951] INFO: 	 F1 score: 0.7436390248229572
[2025-01-27 13:49:09,468] INFO: Iter 5000 Summary: 
[2025-01-27 13:49:09,469] INFO: 	 lr: 0.009999999999999962 	 Training loss: 0.3000798376202583
[2025-01-27 13:49:09,813] INFO: 	 Body Test loss: 0.18719999999999998
[2025-01-27 13:49:09,813] INFO: 	 RH Test loss: 0.23917857439377727
[2025-01-27 13:49:09,813] INFO: 	 F1 score: 0.785020137180245
[2025-01-27 13:49:10,180] INFO: 	 Total number of parameters: 169578
[2025-01-27 13:49:10,193] INFO: Mean L2_body is 0.1889
[2025-01-27 13:49:10,193] INFO: Mean L2_right_hand is 0.21984480612909765
[2025-01-27 13:49:10,193] INFO: Under 0.10 is 12.138095032423735
[2025-01-27 13:49:10,193] INFO: Under 0.15 is 29.51904721558094
[2025-01-27 13:49:10,193] INFO: Under 0.20 is 54.91190440952778
[2025-01-27 13:49:10,193] INFO: Under 0.30 is 94.09523829817772
[2025-01-27 13:49:10,193] INFO: Under 0.35 is 98.50000143051147
[2025-01-27 13:49:10,193] INFO: Under 0.40 is 100.0
[2025-01-27 13:49:10,193] INFO: Intention Accuracy is 79.39490598443108
[2025-01-27 13:49:10,193] INFO: F1 Score is 0.6328291784021661
[2025-01-27 13:49:10,193] INFO: F1 Score Binary is 0.6328291784021661
[2025-01-27 13:49:10,193] INFO: Metrics are {'L2_body': [0.1848, 0.2216, 0.2, 0.1848, 0.2028, 0.18560000000000001, 0.1444, 0.18719999999999998], 'L2_right_hand': [0.24227563655997092, 0.23501307422660986, 0.22593316661349397, 0.21847517667549382, 0.21464021825849788, 0.18930001697194637, 0.19394258533299133, 0.23917857439377727], 'under_0.10m': [10.399999469518661, 10.000000149011612, 10.666666179895401, 9.714285284280777, 10.857142508029938, 12.799999117851257, 22.66666740179062, 10.000000149011612], 'under_0.15m': [24.799999594688416, 23.333333432674408, 22.00000137090683, 28.00000011920929, 22.285714745521545, 30.399999022483826, 59.99999642372131, 25.333333015441895], 'under_0.20m': [53.60000133514404, 41.33332967758179, 48.00000190734863, 53.14285755157471, 42.28571355342865, 61.59999966621399, 82.66666531562805, 56.66666626930237], 'under_0.30m': [100.0, 81.99999928474426, 91.33333563804626, 93.14285516738892, 86.28571629524231, 100.0, 100.0, 100.0], 'under_0.35m': [100.0, 95.33333778381348, 96.66666984558105, 100.0, 96.00000381469727, 100.0, 100.0, 100.0], 'under_0.40m': [100.0, 100.0, 100.0, 100.0, 100.0, 100.0, 100.0, 100.0], 'accuracy': [86.89407540394973, 77.79456193353475, 91.51846785225717, 86.77581863979849, 82.93897882938978, 38.056013179571664, 84.71074380165288, 86.47058823529412], 'f1_score': [0.49077634034239626, 0.5948946586240056, 0.5801652586334667, 0.7677683533196842, 0.694119053643373, 0.3791430001523362, 0.7707466253218213, 0.785020137180245], 'f1_score_binary': [0.49077634034239626, 0.5948946586240056, 0.5801652586334667, 0.7677683533196842, 0.694119053643373, 0.3791430001523362, 0.7707466253218213, 0.785020137180245]}
