[2025-01-27 14:04:22,976] INFO: {
    "abs_dir": "/home/gerard/Documents/IRI/Repos/siMLPe/exps/baseline_handover",
    "actions_to_load": "all",
    "batch_size": 256,
    "classifier": {
        "flatten": false
    },
    "cos_lr_max": 0.01,
    "cos_lr_min": 1e-05,
    "cos_lr_total_iters": 5000,
    "cosine_lr": true,
    "data_aug": true,
    "deriv_input": true,
    "deriv_output": true,
    "eval_condition_with_classifier_int": false,
    "eval_every": 250,
    "handover_anno_dir": "/home/gerard/Documents/IRI/Repos/siMLPe/data/handover/",
    "link_log_file": "/home/gerard/Documents/IRI/Repos/siMLPe/exps/baseline_handover/log/log_last.log",
    "link_val_log_file": "/home/gerard/Documents/IRI/Repos/siMLPe/exps/baseline_handover/log/val_last.log",
    "log_dir": "/home/gerard/Documents/IRI/Repos/siMLPe/exps/baseline_handover/log",
    "log_file": "/home/gerard/Documents/IRI/Repos/siMLPe/exps/baseline_handover/log/log_2025_01_27_13_59_12.log",
    "log_file_leave_one_out": "/home/gerard/Documents/IRI/Repos/siMLPe/exps/baseline_handover/log/log_loo2025_01_27_13_59_12.log",
    "model_pth": null,
    "motion": {
        "dim": 27,
        "handover_input_length": 50,
        "handover_input_length_dct": 50,
        "handover_target_length_eval": 25,
        "handover_target_length_train": 10
    },
    "motion_fc_in": {
        "activation": "relu",
        "in_features": 27,
        "init_w_trunc_normal": false,
        "out_features": 27,
        "temporal_fc": false,
        "with_norm": false
    },
    "motion_fc_out": {
        "activation": "relu",
        "in_features": 27,
        "init_w_trunc_normal": true,
        "out_features": 27,
        "temporal_fc": false,
        "with_norm": false
    },
    "motion_gcn_in": {
        "do": 0,
        "gcn_in": false,
        "in_features": 27,
        "n_node": 50,
        "num_stage": 0,
        "out_features": 27
    },
    "motion_gcn_out": {
        "do": 0,
        "gcn_out": false,
        "in_features": 27,
        "n_node": 50,
        "num_stage": 0,
        "out_features": 27
    },
    "motion_int": {
        "binary": true,
        "input_dim": 1,
        "int_cond": false,
        "num_emb": 2,
        "output_dim": 27
    },
    "motion_mlp": {
        "hidden_dim": 27,
        "norm_axis": "spatial",
        "num_layers": 48,
        "seq_len": 50,
        "spatial_fc_only": false,
        "with_normalization": true
    },
    "motion_ree": {
        "embedding_size": 3,
        "gcn_concatenation": false,
        "gcn_do": 0,
        "gcn_n_node": 50,
        "gcn_num_stage": 0,
        "input_dim": 3,
        "ree_concatenation": false,
        "ree_cond": false,
        "ree_sum": false
    },
    "num_workers": 6,
    "only_classification": false,
    "post_dct": false,
    "pre_dct": false,
    "print_every": 250,
    "repo_name": "siMLPe",
    "root_dir": "/home/gerard/Documents/IRI/Repos/siMLPe",
    "save_every": 5000,
    "seed": 304,
    "shift_step": 1,
    "snapshot_dir": "/home/gerard/Documents/IRI/Repos/siMLPe/exps/baseline_handover/log/snapshot",
    "this_dir": "baseline_handover",
    "total_iters": 5000,
    "use_colab_loss": false,
    "use_int_class": true,
    "use_loss_layer": false,
    "use_ree_loss": false,
    "use_relative_loss": true,
    "use_relative_loss_rh": false,
    "use_rh_distance_joints_loss": false,
    "use_rh_loss": false,
    "val_log_file": "/home/gerard/Documents/IRI/Repos/siMLPe/exps/baseline_handover/log/val_2025_01_27_13_59_12.log",
    "viz_GCN_folder": false,
    "weight_decay": 0.0001
}
[2025-01-27 14:04:23,680] INFO: Testing with subject ['S5'] 
[2025-01-27 14:04:23,680] INFO: Training with subjects ['S3', 'S6', 'S8', 'S9', 'S4', 'S10', 'S7'] 
[2025-01-27 14:04:38,793] INFO: Iter 250 Summary: 
[2025-01-27 14:04:38,793] INFO: 	 lr: 0.009999999999999962 	 Training loss: 1.1038941624164582
[2025-01-27 14:04:39,088] INFO: 	 Body Test loss: 0.23439999999999997
[2025-01-27 14:04:39,089] INFO: 	 RH Test loss: 0.28199316685674863
[2025-01-27 14:04:39,089] INFO: 	 F1 score: 0.48616236162361626
[2025-01-27 14:04:53,990] INFO: Iter 500 Summary: 
[2025-01-27 14:04:53,990] INFO: 	 lr: 0.009999999999999962 	 Training loss: 0.6652779250144959
[2025-01-27 14:04:54,283] INFO: 	 Body Test loss: 0.2152
[2025-01-27 14:04:54,284] INFO: 	 RH Test loss: 0.26957355471872985
[2025-01-27 14:04:54,284] INFO: 	 F1 score: 0.48616236162361626
[2025-01-27 14:05:09,220] INFO: Iter 750 Summary: 
[2025-01-27 14:05:09,220] INFO: 	 lr: 0.009999999999999962 	 Training loss: 0.6031306141614914
[2025-01-27 14:05:09,513] INFO: 	 Body Test loss: 0.254
[2025-01-27 14:05:09,513] INFO: 	 RH Test loss: 0.33377051745539726
[2025-01-27 14:05:09,513] INFO: 	 F1 score: 0.46104974897307166
[2025-01-27 14:05:24,554] INFO: Iter 1000 Summary: 
[2025-01-27 14:05:24,554] INFO: 	 lr: 0.009999999999999962 	 Training loss: 0.48102359688282015
[2025-01-27 14:05:24,843] INFO: 	 Body Test loss: 0.2032
[2025-01-27 14:05:24,843] INFO: 	 RH Test loss: 0.27049588434572064
[2025-01-27 14:05:24,843] INFO: 	 F1 score: 0.4873352477726235
[2025-01-27 14:05:39,762] INFO: Iter 1250 Summary: 
[2025-01-27 14:05:39,762] INFO: 	 lr: 0.009999999999999962 	 Training loss: 0.4083436394929886
[2025-01-27 14:05:40,060] INFO: 	 Body Test loss: 0.1948
[2025-01-27 14:05:40,060] INFO: 	 RH Test loss: 0.3217525610932328
[2025-01-27 14:05:40,061] INFO: 	 F1 score: 0.6090147196460478
[2025-01-27 14:05:54,972] INFO: Iter 1500 Summary: 
[2025-01-27 14:05:54,973] INFO: 	 lr: 0.009999999999999962 	 Training loss: 0.38966616356372835
[2025-01-27 14:05:55,269] INFO: 	 Body Test loss: 0.19560000000000002
[2025-01-27 14:05:55,269] INFO: 	 RH Test loss: 0.2541981896720626
[2025-01-27 14:05:55,269] INFO: 	 F1 score: 0.45141592510196515
[2025-01-27 14:06:10,260] INFO: Iter 1750 Summary: 
[2025-01-27 14:06:10,260] INFO: 	 lr: 0.009999999999999962 	 Training loss: 0.3624526400566101
[2025-01-27 14:06:10,550] INFO: 	 Body Test loss: 0.1928
[2025-01-27 14:06:10,551] INFO: 	 RH Test loss: 0.2474263980529895
[2025-01-27 14:06:10,551] INFO: 	 F1 score: 0.5047927141779169
[2025-01-27 14:06:25,510] INFO: Iter 2000 Summary: 
[2025-01-27 14:06:25,510] INFO: 	 lr: 0.009999999999999962 	 Training loss: 0.35515860414505007
[2025-01-27 14:06:25,803] INFO: 	 Body Test loss: 0.18560000000000001
[2025-01-27 14:06:25,803] INFO: 	 RH Test loss: 0.24734892100363276
[2025-01-27 14:06:25,803] INFO: 	 F1 score: 0.47691110574472084
[2025-01-27 14:06:40,739] INFO: Iter 2250 Summary: 
[2025-01-27 14:06:40,739] INFO: 	 lr: 0.009999999999999962 	 Training loss: 0.3463145262002945
[2025-01-27 14:06:41,032] INFO: 	 Body Test loss: 0.1764
[2025-01-27 14:06:41,032] INFO: 	 RH Test loss: 0.24307278768378485
[2025-01-27 14:06:41,032] INFO: 	 F1 score: 0.4835092448556647
[2025-01-27 14:06:56,096] INFO: Iter 2500 Summary: 
[2025-01-27 14:06:56,096] INFO: 	 lr: 0.009999999999999962 	 Training loss: 0.3388733177185059
[2025-01-27 14:06:56,387] INFO: 	 Body Test loss: 0.17880000000000001
[2025-01-27 14:06:56,387] INFO: 	 RH Test loss: 0.24905256555581218
[2025-01-27 14:06:56,387] INFO: 	 F1 score: 0.4829506776409431
[2025-01-27 14:07:11,295] INFO: Iter 2750 Summary: 
[2025-01-27 14:07:11,295] INFO: 	 lr: 0.009999999999999962 	 Training loss: 0.3302469798326492
[2025-01-27 14:07:11,586] INFO: 	 Body Test loss: 0.1944
[2025-01-27 14:07:11,586] INFO: 	 RH Test loss: 0.2558045205436446
[2025-01-27 14:07:11,586] INFO: 	 F1 score: 0.4401650913134596
[2025-01-27 14:07:26,713] INFO: Iter 3000 Summary: 
[2025-01-27 14:07:26,714] INFO: 	 lr: 0.009999999999999962 	 Training loss: 0.32866352462768555
[2025-01-27 14:07:27,027] INFO: 	 Body Test loss: 0.2164
[2025-01-27 14:07:27,027] INFO: 	 RH Test loss: 0.2696223239453519
[2025-01-27 14:07:27,027] INFO: 	 F1 score: 0.531955248247383
[2025-01-27 14:07:42,732] INFO: Iter 3250 Summary: 
[2025-01-27 14:07:42,732] INFO: 	 lr: 0.009999999999999962 	 Training loss: 0.32419352090358733
[2025-01-27 14:07:43,028] INFO: 	 Body Test loss: 0.1864
[2025-01-27 14:07:43,028] INFO: 	 RH Test loss: 0.2536063445962738
[2025-01-27 14:07:43,028] INFO: 	 F1 score: 0.5087431574497241
[2025-01-27 14:07:59,189] INFO: Iter 3500 Summary: 
[2025-01-27 14:07:59,189] INFO: 	 lr: 0.009999999999999962 	 Training loss: 0.31777408671379087
[2025-01-27 14:07:59,499] INFO: 	 Body Test loss: 0.19080000000000003
[2025-01-27 14:07:59,499] INFO: 	 RH Test loss: 0.24977210717740564
[2025-01-27 14:07:59,499] INFO: 	 F1 score: 0.45413212518475676
[2025-01-27 14:08:15,208] INFO: Iter 3750 Summary: 
[2025-01-27 14:08:15,208] INFO: 	 lr: 0.009999999999999962 	 Training loss: 0.30917535865306855
[2025-01-27 14:08:15,513] INFO: 	 Body Test loss: 0.1924
[2025-01-27 14:08:15,514] INFO: 	 RH Test loss: 0.24583143888298867
[2025-01-27 14:08:15,514] INFO: 	 F1 score: 0.4944770337576093
[2025-01-27 14:08:31,236] INFO: Iter 4000 Summary: 
[2025-01-27 14:08:31,236] INFO: 	 lr: 0.009999999999999962 	 Training loss: 0.3044019660949707
[2025-01-27 14:08:31,530] INFO: 	 Body Test loss: 0.1812
[2025-01-27 14:08:31,530] INFO: 	 RH Test loss: 0.22871331863814237
[2025-01-27 14:08:31,530] INFO: 	 F1 score: 0.47546016021525106
[2025-01-27 14:08:46,964] INFO: Iter 4250 Summary: 
[2025-01-27 14:08:46,964] INFO: 	 lr: 0.009999999999999962 	 Training loss: 0.30007028245925904
[2025-01-27 14:08:47,261] INFO: 	 Body Test loss: 0.20200000000000004
[2025-01-27 14:08:47,261] INFO: 	 RH Test loss: 0.253336475790082
[2025-01-27 14:08:47,262] INFO: 	 F1 score: 0.4961607258234546
[2025-01-27 14:09:02,786] INFO: Iter 4500 Summary: 
[2025-01-27 14:09:02,787] INFO: 	 lr: 0.009999999999999962 	 Training loss: 0.3058086750507355
[2025-01-27 14:09:03,095] INFO: 	 Body Test loss: 0.18720000000000003
[2025-01-27 14:09:03,095] INFO: 	 RH Test loss: 0.23986104174191047
[2025-01-27 14:09:03,095] INFO: 	 F1 score: 0.4660961812574187
[2025-01-27 14:09:18,673] INFO: Iter 4750 Summary: 
[2025-01-27 14:09:18,673] INFO: 	 lr: 0.009999999999999962 	 Training loss: 0.29656331396102903
[2025-01-27 14:09:18,970] INFO: 	 Body Test loss: 0.1932
[2025-01-27 14:09:18,970] INFO: 	 RH Test loss: 0.24239076515074476
[2025-01-27 14:09:18,970] INFO: 	 F1 score: 0.49514339826839826
[2025-01-27 14:09:34,382] INFO: Iter 5000 Summary: 
[2025-01-27 14:09:34,382] INFO: 	 lr: 0.009999999999999962 	 Training loss: 0.29507101768255234
[2025-01-27 14:09:34,686] INFO: 	 Body Test loss: 0.19640000000000002
[2025-01-27 14:09:34,687] INFO: 	 RH Test loss: 0.2506010246619288
[2025-01-27 14:09:34,687] INFO: 	 F1 score: 0.4623552123552124
[2025-01-27 14:09:35,008] INFO: 	 Total number of parameters: 138474
[2025-01-27 14:09:35,755] INFO: Testing with subject ['S3'] 
[2025-01-27 14:09:35,755] INFO: Training with subjects ['S5', 'S6', 'S8', 'S9', 'S4', 'S10', 'S7'] 
[2025-01-27 14:09:51,362] INFO: Iter 250 Summary: 
[2025-01-27 14:09:51,362] INFO: 	 lr: 0.009999999999999962 	 Training loss: 1.0906900906562804
[2025-01-27 14:09:51,725] INFO: 	 Body Test loss: 0.32800000000000007
[2025-01-27 14:09:51,725] INFO: 	 RH Test loss: 0.328595277600418
[2025-01-27 14:09:51,725] INFO: 	 F1 score: 0.4674175382139984
[2025-01-27 14:10:07,775] INFO: Iter 500 Summary: 
[2025-01-27 14:10:07,775] INFO: 	 lr: 0.009999999999999962 	 Training loss: 0.5794126508235932
[2025-01-27 14:10:08,132] INFO: 	 Body Test loss: 0.2804
[2025-01-27 14:10:08,132] INFO: 	 RH Test loss: 0.28412722916401406
[2025-01-27 14:10:08,132] INFO: 	 F1 score: 0.6608040799790281
[2025-01-27 14:10:23,841] INFO: Iter 750 Summary: 
[2025-01-27 14:10:23,841] INFO: 	 lr: 0.009999999999999962 	 Training loss: 0.4825135498046875
[2025-01-27 14:10:24,190] INFO: 	 Body Test loss: 0.25039999999999996
[2025-01-27 14:10:24,190] INFO: 	 RH Test loss: 0.26433759473962004
[2025-01-27 14:10:24,190] INFO: 	 F1 score: 0.6435183756066609
[2025-01-27 14:10:39,813] INFO: Iter 1000 Summary: 
[2025-01-27 14:10:39,814] INFO: 	 lr: 0.009999999999999962 	 Training loss: 0.4324381285905838
[2025-01-27 14:10:40,165] INFO: 	 Body Test loss: 0.2292
[2025-01-27 14:10:40,165] INFO: 	 RH Test loss: 0.25059459719052846
[2025-01-27 14:10:40,165] INFO: 	 F1 score: 0.7819638341726696
[2025-01-27 14:10:55,422] INFO: Iter 1250 Summary: 
[2025-01-27 14:10:55,423] INFO: 	 lr: 0.009999999999999962 	 Training loss: 0.404431538105011
[2025-01-27 14:10:55,765] INFO: 	 Body Test loss: 0.24600000000000002
[2025-01-27 14:10:55,765] INFO: 	 RH Test loss: 0.2701913412820176
[2025-01-27 14:10:55,765] INFO: 	 F1 score: 0.5356558335281739
[2025-01-27 14:11:10,800] INFO: Iter 1500 Summary: 
[2025-01-27 14:11:10,800] INFO: 	 lr: 0.009999999999999962 	 Training loss: 0.3846931221485138
[2025-01-27 14:11:11,150] INFO: 	 Body Test loss: 0.2564
[2025-01-27 14:11:11,150] INFO: 	 RH Test loss: 0.2755978987728361
[2025-01-27 14:11:11,150] INFO: 	 F1 score: 0.6693925962919034
[2025-01-27 14:11:27,280] INFO: Iter 1750 Summary: 
[2025-01-27 14:11:27,281] INFO: 	 lr: 0.009999999999999962 	 Training loss: 0.37649371457099917
[2025-01-27 14:11:27,648] INFO: 	 Body Test loss: 0.2284
[2025-01-27 14:11:27,648] INFO: 	 RH Test loss: 0.2489481479271661
[2025-01-27 14:11:27,648] INFO: 	 F1 score: 0.5682428195158661
[2025-01-27 14:11:43,513] INFO: Iter 2000 Summary: 
[2025-01-27 14:11:43,513] INFO: 	 lr: 0.009999999999999962 	 Training loss: 0.3579405730962753
[2025-01-27 14:11:43,862] INFO: 	 Body Test loss: 0.23319999999999996
[2025-01-27 14:11:43,863] INFO: 	 RH Test loss: 0.2720359310354711
[2025-01-27 14:11:43,863] INFO: 	 F1 score: 0.5721735569447732
[2025-01-27 14:11:59,790] INFO: Iter 2250 Summary: 
[2025-01-27 14:11:59,791] INFO: 	 lr: 0.009999999999999962 	 Training loss: 0.35499290215969087
[2025-01-27 14:12:00,138] INFO: 	 Body Test loss: 0.23520000000000002
[2025-01-27 14:12:00,138] INFO: 	 RH Test loss: 0.2651616410330343
[2025-01-27 14:12:00,138] INFO: 	 F1 score: 0.5210715929934304
[2025-01-27 14:12:16,333] INFO: Iter 2500 Summary: 
[2025-01-27 14:12:16,333] INFO: 	 lr: 0.009999999999999962 	 Training loss: 0.34440712177753446
[2025-01-27 14:12:16,706] INFO: 	 Body Test loss: 0.22999999999999995
[2025-01-27 14:12:16,706] INFO: 	 RH Test loss: 0.26001216563573415
[2025-01-27 14:12:16,706] INFO: 	 F1 score: 0.6392110585130102
[2025-01-27 14:12:31,772] INFO: Iter 2750 Summary: 
[2025-01-27 14:12:31,772] INFO: 	 lr: 0.009999999999999962 	 Training loss: 0.33520502293109894
[2025-01-27 14:12:32,111] INFO: 	 Body Test loss: 0.24559999999999996
[2025-01-27 14:12:32,111] INFO: 	 RH Test loss: 0.2632784106364063
[2025-01-27 14:12:32,111] INFO: 	 F1 score: 0.5887729618032226
[2025-01-27 14:12:47,422] INFO: Iter 3000 Summary: 
[2025-01-27 14:12:47,422] INFO: 	 lr: 0.009999999999999962 	 Training loss: 0.3336156388521194
[2025-01-27 14:12:47,772] INFO: 	 Body Test loss: 0.21960000000000002
[2025-01-27 14:12:47,772] INFO: 	 RH Test loss: 0.24627031974201835
[2025-01-27 14:12:47,772] INFO: 	 F1 score: 0.5969967532467533
[2025-01-27 14:13:02,890] INFO: Iter 3250 Summary: 
[2025-01-27 14:13:02,891] INFO: 	 lr: 0.009999999999999962 	 Training loss: 0.3299517979621887
[2025-01-27 14:13:03,231] INFO: 	 Body Test loss: 0.2352
[2025-01-27 14:13:03,231] INFO: 	 RH Test loss: 0.2651200132031455
[2025-01-27 14:13:03,231] INFO: 	 F1 score: 0.6148394515376827
[2025-01-27 14:13:18,224] INFO: Iter 3500 Summary: 
[2025-01-27 14:13:18,225] INFO: 	 lr: 0.009999999999999962 	 Training loss: 0.31585712122917176
[2025-01-27 14:13:18,565] INFO: 	 Body Test loss: 0.23240000000000002
[2025-01-27 14:13:18,565] INFO: 	 RH Test loss: 0.2679930696386585
[2025-01-27 14:13:18,565] INFO: 	 F1 score: 0.6771020108131874
[2025-01-27 14:13:33,728] INFO: Iter 3750 Summary: 
[2025-01-27 14:13:33,728] INFO: 	 lr: 0.009999999999999962 	 Training loss: 0.3255688338279724
[2025-01-27 14:13:34,069] INFO: 	 Body Test loss: 0.23920000000000002
[2025-01-27 14:13:34,069] INFO: 	 RH Test loss: 0.27027411775646615
[2025-01-27 14:13:34,069] INFO: 	 F1 score: 0.6119156697136158
[2025-01-27 14:13:49,003] INFO: Iter 4000 Summary: 
[2025-01-27 14:13:49,003] INFO: 	 lr: 0.009999999999999962 	 Training loss: 0.31605017781257627
[2025-01-27 14:13:49,346] INFO: 	 Body Test loss: 0.23559999999999998
[2025-01-27 14:13:49,346] INFO: 	 RH Test loss: 0.2535068186172186
[2025-01-27 14:13:49,346] INFO: 	 F1 score: 0.5824222035323802
[2025-01-27 14:14:04,561] INFO: Iter 4250 Summary: 
[2025-01-27 14:14:04,561] INFO: 	 lr: 0.009999999999999962 	 Training loss: 0.31170417153835295
[2025-01-27 14:14:04,910] INFO: 	 Body Test loss: 0.22519999999999998
[2025-01-27 14:14:04,911] INFO: 	 RH Test loss: 0.2578865874353853
[2025-01-27 14:14:04,911] INFO: 	 F1 score: 0.6517718715393134
[2025-01-27 14:14:19,964] INFO: Iter 4500 Summary: 
[2025-01-27 14:14:19,964] INFO: 	 lr: 0.009999999999999962 	 Training loss: 0.30862549448013304
[2025-01-27 14:14:20,304] INFO: 	 Body Test loss: 0.21679999999999996
[2025-01-27 14:14:20,304] INFO: 	 RH Test loss: 0.2491611362548033
[2025-01-27 14:14:20,304] INFO: 	 F1 score: 0.4613506916192026
[2025-01-27 14:14:35,291] INFO: Iter 4750 Summary: 
[2025-01-27 14:14:35,291] INFO: 	 lr: 0.009999999999999962 	 Training loss: 0.3080260219573975
[2025-01-27 14:14:35,637] INFO: 	 Body Test loss: 0.2232
[2025-01-27 14:14:35,637] INFO: 	 RH Test loss: 0.24917108945616062
[2025-01-27 14:14:35,638] INFO: 	 F1 score: 0.5658981032326911
[2025-01-27 14:14:50,780] INFO: Iter 5000 Summary: 
[2025-01-27 14:14:50,780] INFO: 	 lr: 0.009999999999999962 	 Training loss: 0.3015547941923141
[2025-01-27 14:14:51,120] INFO: 	 Body Test loss: 0.2188
[2025-01-27 14:14:51,120] INFO: 	 RH Test loss: 0.24535083164621338
[2025-01-27 14:14:51,120] INFO: 	 F1 score: 0.5735514727943383
[2025-01-27 14:14:51,482] INFO: 	 Total number of parameters: 138474
[2025-01-27 14:14:52,196] INFO: Testing with subject ['S6'] 
[2025-01-27 14:14:52,196] INFO: Training with subjects ['S5', 'S3', 'S8', 'S9', 'S4', 'S10', 'S7'] 
[2025-01-27 14:15:07,293] INFO: Iter 250 Summary: 
[2025-01-27 14:15:07,293] INFO: 	 lr: 0.009999999999999962 	 Training loss: 1.1436103246212006
[2025-01-27 14:15:07,648] INFO: 	 Body Test loss: 0.24480000000000002
[2025-01-27 14:15:07,648] INFO: 	 RH Test loss: 0.27493731147776557
[2025-01-27 14:15:07,648] INFO: 	 F1 score: 0.49446749654218536
[2025-01-27 14:15:22,903] INFO: Iter 500 Summary: 
[2025-01-27 14:15:22,903] INFO: 	 lr: 0.009999999999999962 	 Training loss: 0.6387678388357162
[2025-01-27 14:15:23,249] INFO: 	 Body Test loss: 0.2764
[2025-01-27 14:15:23,249] INFO: 	 RH Test loss: 0.29383897027304007
[2025-01-27 14:15:23,249] INFO: 	 F1 score: 0.5831951067800124
[2025-01-27 14:15:38,173] INFO: Iter 750 Summary: 
[2025-01-27 14:15:38,173] INFO: 	 lr: 0.009999999999999962 	 Training loss: 0.5080976790189743
[2025-01-27 14:15:38,527] INFO: 	 Body Test loss: 0.21439999999999998
[2025-01-27 14:15:38,527] INFO: 	 RH Test loss: 0.24146707070346735
[2025-01-27 14:15:38,527] INFO: 	 F1 score: 0.7638431220520773
[2025-01-27 14:15:53,602] INFO: Iter 1000 Summary: 
[2025-01-27 14:15:53,602] INFO: 	 lr: 0.009999999999999962 	 Training loss: 0.45804337441921233
[2025-01-27 14:15:53,955] INFO: 	 Body Test loss: 0.2776
[2025-01-27 14:15:53,955] INFO: 	 RH Test loss: 0.26719754708286186
[2025-01-27 14:15:53,955] INFO: 	 F1 score: 0.6812420118788061
[2025-01-27 14:16:09,076] INFO: Iter 1250 Summary: 
[2025-01-27 14:16:09,076] INFO: 	 lr: 0.009999999999999962 	 Training loss: 0.41441942632198336
[2025-01-27 14:16:09,433] INFO: 	 Body Test loss: 0.196
[2025-01-27 14:16:09,433] INFO: 	 RH Test loss: 0.2190744272954813
[2025-01-27 14:16:09,433] INFO: 	 F1 score: 0.5302401007500184
[2025-01-27 14:16:24,361] INFO: Iter 1500 Summary: 
[2025-01-27 14:16:24,362] INFO: 	 lr: 0.009999999999999962 	 Training loss: 0.39503913378715516
[2025-01-27 14:16:24,726] INFO: 	 Body Test loss: 0.2048
[2025-01-27 14:16:24,726] INFO: 	 RH Test loss: 0.22832190687124768
[2025-01-27 14:16:24,726] INFO: 	 F1 score: 0.5229907272326754
[2025-01-27 14:16:39,801] INFO: Iter 1750 Summary: 
[2025-01-27 14:16:39,801] INFO: 	 lr: 0.009999999999999962 	 Training loss: 0.3801430244445801
[2025-01-27 14:16:40,156] INFO: 	 Body Test loss: 0.20679999999999998
[2025-01-27 14:16:40,157] INFO: 	 RH Test loss: 0.2276205402066378
[2025-01-27 14:16:40,157] INFO: 	 F1 score: 0.5194657782024115
[2025-01-27 14:16:55,153] INFO: Iter 2000 Summary: 
[2025-01-27 14:16:55,153] INFO: 	 lr: 0.009999999999999962 	 Training loss: 0.37680487167835236
[2025-01-27 14:16:55,508] INFO: 	 Body Test loss: 0.2004
[2025-01-27 14:16:55,508] INFO: 	 RH Test loss: 0.22101060040183007
[2025-01-27 14:16:55,508] INFO: 	 F1 score: 0.5436848311099808
[2025-01-27 14:17:10,627] INFO: Iter 2250 Summary: 
[2025-01-27 14:17:10,628] INFO: 	 lr: 0.009999999999999962 	 Training loss: 0.3623441871404648
[2025-01-27 14:17:10,976] INFO: 	 Body Test loss: 0.1824
[2025-01-27 14:17:10,976] INFO: 	 RH Test loss: 0.21268343068343346
[2025-01-27 14:17:10,976] INFO: 	 F1 score: 0.5320978676896415
[2025-01-27 14:17:26,037] INFO: Iter 2500 Summary: 
[2025-01-27 14:17:26,037] INFO: 	 lr: 0.009999999999999962 	 Training loss: 0.3536584683656693
[2025-01-27 14:17:26,384] INFO: 	 Body Test loss: 0.21760000000000002
[2025-01-27 14:17:26,384] INFO: 	 RH Test loss: 0.25109514536511884
[2025-01-27 14:17:26,384] INFO: 	 F1 score: 0.4808044559081903
[2025-01-27 14:17:41,333] INFO: Iter 2750 Summary: 
[2025-01-27 14:17:41,333] INFO: 	 lr: 0.009999999999999962 	 Training loss: 0.3464482283592224
[2025-01-27 14:17:41,689] INFO: 	 Body Test loss: 0.244
[2025-01-27 14:17:41,689] INFO: 	 RH Test loss: 0.24776869472498447
[2025-01-27 14:17:41,689] INFO: 	 F1 score: 0.6765327695560254
[2025-01-27 14:17:56,772] INFO: Iter 3000 Summary: 
[2025-01-27 14:17:56,773] INFO: 	 lr: 0.009999999999999962 	 Training loss: 0.34971365916728975
[2025-01-27 14:17:57,123] INFO: 	 Body Test loss: 0.18600000000000003
[2025-01-27 14:17:57,123] INFO: 	 RH Test loss: 0.22013092017532535
[2025-01-27 14:17:57,123] INFO: 	 F1 score: 0.6292176571865378
[2025-01-27 14:18:12,212] INFO: Iter 3250 Summary: 
[2025-01-27 14:18:12,212] INFO: 	 lr: 0.009999999999999962 	 Training loss: 0.33670812380313875
[2025-01-27 14:18:12,562] INFO: 	 Body Test loss: 0.2084
[2025-01-27 14:18:12,563] INFO: 	 RH Test loss: 0.23228768921420284
[2025-01-27 14:18:12,563] INFO: 	 F1 score: 0.7643053579895686
[2025-01-27 14:18:27,613] INFO: Iter 3500 Summary: 
[2025-01-27 14:18:27,613] INFO: 	 lr: 0.009999999999999962 	 Training loss: 0.3274067653417587
[2025-01-27 14:18:27,965] INFO: 	 Body Test loss: 0.2132
[2025-01-27 14:18:27,966] INFO: 	 RH Test loss: 0.23645773218366256
[2025-01-27 14:18:27,966] INFO: 	 F1 score: 0.5781026923583196
[2025-01-27 14:18:43,083] INFO: Iter 3750 Summary: 
[2025-01-27 14:18:43,084] INFO: 	 lr: 0.009999999999999962 	 Training loss: 0.3232532107830048
[2025-01-27 14:18:43,433] INFO: 	 Body Test loss: 0.18040000000000003
[2025-01-27 14:18:43,434] INFO: 	 RH Test loss: 0.20639814888240537
[2025-01-27 14:18:43,434] INFO: 	 F1 score: 0.6573911646156112
[2025-01-27 14:18:58,436] INFO: Iter 4000 Summary: 
[2025-01-27 14:18:58,436] INFO: 	 lr: 0.009999999999999962 	 Training loss: 0.3250917756557465
[2025-01-27 14:18:58,787] INFO: 	 Body Test loss: 0.19840000000000002
[2025-01-27 14:18:58,787] INFO: 	 RH Test loss: 0.22323064055227548
[2025-01-27 14:18:58,787] INFO: 	 F1 score: 0.569112879457707
[2025-01-27 14:19:13,880] INFO: Iter 4250 Summary: 
[2025-01-27 14:19:13,880] INFO: 	 lr: 0.009999999999999962 	 Training loss: 0.3149907327890396
[2025-01-27 14:19:14,232] INFO: 	 Body Test loss: 0.19039999999999999
[2025-01-27 14:19:14,232] INFO: 	 RH Test loss: 0.2476513569071257
[2025-01-27 14:19:14,232] INFO: 	 F1 score: 0.46770797116185703
[2025-01-27 14:19:29,436] INFO: Iter 4500 Summary: 
[2025-01-27 14:19:29,436] INFO: 	 lr: 0.009999999999999962 	 Training loss: 0.30796496403217316
[2025-01-27 14:19:29,785] INFO: 	 Body Test loss: 0.2004
[2025-01-27 14:19:29,785] INFO: 	 RH Test loss: 0.23173812195638302
[2025-01-27 14:19:29,785] INFO: 	 F1 score: 0.6038313815122882
[2025-01-27 14:19:45,004] INFO: Iter 4750 Summary: 
[2025-01-27 14:19:45,004] INFO: 	 lr: 0.009999999999999962 	 Training loss: 0.3087293903827667
[2025-01-27 14:19:45,363] INFO: 	 Body Test loss: 0.20400000000000001
[2025-01-27 14:19:45,363] INFO: 	 RH Test loss: 0.24708774039585518
[2025-01-27 14:19:45,364] INFO: 	 F1 score: 0.57466951608781
[2025-01-27 14:20:00,991] INFO: Iter 5000 Summary: 
[2025-01-27 14:20:00,991] INFO: 	 lr: 0.009999999999999962 	 Training loss: 0.3063868836760521
[2025-01-27 14:20:01,341] INFO: 	 Body Test loss: 0.1932
[2025-01-27 14:20:01,341] INFO: 	 RH Test loss: 0.21609306711178633
[2025-01-27 14:20:01,342] INFO: 	 F1 score: 0.5015576705577808
[2025-01-27 14:20:01,720] INFO: 	 Total number of parameters: 138474
[2025-01-27 14:20:02,504] INFO: Testing with subject ['S8'] 
[2025-01-27 14:20:02,504] INFO: Training with subjects ['S5', 'S3', 'S6', 'S9', 'S4', 'S10', 'S7'] 
[2025-01-27 14:20:17,680] INFO: Iter 250 Summary: 
[2025-01-27 14:20:17,680] INFO: 	 lr: 0.009999999999999962 	 Training loss: 1.2786926832199097
[2025-01-27 14:20:18,081] INFO: 	 Body Test loss: 0.24600000000000002
[2025-01-27 14:20:18,081] INFO: 	 RH Test loss: 0.29485030854078625
[2025-01-27 14:20:18,081] INFO: 	 F1 score: 0.4520358868184955
[2025-01-27 14:20:33,269] INFO: Iter 500 Summary: 
[2025-01-27 14:20:33,270] INFO: 	 lr: 0.009999999999999962 	 Training loss: 0.6570480611324311
[2025-01-27 14:20:33,661] INFO: 	 Body Test loss: 0.2532
[2025-01-27 14:20:33,661] INFO: 	 RH Test loss: 0.29915491579161485
[2025-01-27 14:20:33,661] INFO: 	 F1 score: 0.4520358868184955
[2025-01-27 14:20:48,612] INFO: Iter 750 Summary: 
[2025-01-27 14:20:48,612] INFO: 	 lr: 0.009999999999999962 	 Training loss: 0.6031910396814346
[2025-01-27 14:20:49,006] INFO: 	 Body Test loss: 0.21639999999999998
[2025-01-27 14:20:49,006] INFO: 	 RH Test loss: 0.2598062792593046
[2025-01-27 14:20:49,006] INFO: 	 F1 score: 0.6024109792284866
[2025-01-27 14:21:04,077] INFO: Iter 1000 Summary: 
[2025-01-27 14:21:04,077] INFO: 	 lr: 0.009999999999999962 	 Training loss: 0.4677108657360077
[2025-01-27 14:21:04,471] INFO: 	 Body Test loss: 0.20240000000000002
[2025-01-27 14:21:04,471] INFO: 	 RH Test loss: 0.27083225465241245
[2025-01-27 14:21:04,471] INFO: 	 F1 score: 0.6039074324076762
[2025-01-27 14:21:19,597] INFO: Iter 1250 Summary: 
[2025-01-27 14:21:19,598] INFO: 	 lr: 0.009999999999999962 	 Training loss: 0.4259954752922058
[2025-01-27 14:21:19,994] INFO: 	 Body Test loss: 0.2412
[2025-01-27 14:21:19,995] INFO: 	 RH Test loss: 0.2790690127247827
[2025-01-27 14:21:19,995] INFO: 	 F1 score: 0.7021708401443542
[2025-01-27 14:21:34,989] INFO: Iter 1500 Summary: 
[2025-01-27 14:21:34,989] INFO: 	 lr: 0.009999999999999962 	 Training loss: 0.406059742808342
[2025-01-27 14:21:35,386] INFO: 	 Body Test loss: 0.1884
[2025-01-27 14:21:35,386] INFO: 	 RH Test loss: 0.23170988529695374
[2025-01-27 14:21:35,386] INFO: 	 F1 score: 0.6974395140650416
[2025-01-27 14:21:50,453] INFO: Iter 1750 Summary: 
[2025-01-27 14:21:50,453] INFO: 	 lr: 0.009999999999999962 	 Training loss: 0.3847632066011429
[2025-01-27 14:21:50,847] INFO: 	 Body Test loss: 0.1936
[2025-01-27 14:21:50,847] INFO: 	 RH Test loss: 0.24068057610646298
[2025-01-27 14:21:50,847] INFO: 	 F1 score: 0.7427321267633629
[2025-01-27 14:22:05,791] INFO: Iter 2000 Summary: 
[2025-01-27 14:22:05,791] INFO: 	 lr: 0.009999999999999962 	 Training loss: 0.3690005813837051
[2025-01-27 14:22:06,183] INFO: 	 Body Test loss: 0.21239999999999998
[2025-01-27 14:22:06,183] INFO: 	 RH Test loss: 0.2612059333642724
[2025-01-27 14:22:06,183] INFO: 	 F1 score: 0.6566259211861789
[2025-01-27 14:22:21,357] INFO: Iter 2250 Summary: 
[2025-01-27 14:22:21,357] INFO: 	 lr: 0.009999999999999962 	 Training loss: 0.35833544671535494
[2025-01-27 14:22:21,757] INFO: 	 Body Test loss: 0.2
[2025-01-27 14:22:21,757] INFO: 	 RH Test loss: 0.24844816823450086
[2025-01-27 14:22:21,757] INFO: 	 F1 score: 0.8120281236184201
[2025-01-27 14:22:36,901] INFO: Iter 2500 Summary: 
[2025-01-27 14:22:36,901] INFO: 	 lr: 0.009999999999999962 	 Training loss: 0.34638660752773287
[2025-01-27 14:22:37,299] INFO: 	 Body Test loss: 0.18080000000000002
[2025-01-27 14:22:37,299] INFO: 	 RH Test loss: 0.21247721230052882
[2025-01-27 14:22:37,299] INFO: 	 F1 score: 0.7333470408827663
[2025-01-27 14:22:52,228] INFO: Iter 2750 Summary: 
[2025-01-27 14:22:52,228] INFO: 	 lr: 0.009999999999999962 	 Training loss: 0.3303043122291565
[2025-01-27 14:22:52,620] INFO: 	 Body Test loss: 0.1832
[2025-01-27 14:22:52,621] INFO: 	 RH Test loss: 0.2297471232468295
[2025-01-27 14:22:52,621] INFO: 	 F1 score: 0.8093637454981992
[2025-01-27 14:23:07,690] INFO: Iter 3000 Summary: 
[2025-01-27 14:23:07,691] INFO: 	 lr: 0.009999999999999962 	 Training loss: 0.3303028194904327
[2025-01-27 14:23:08,087] INFO: 	 Body Test loss: 0.1824
[2025-01-27 14:23:08,087] INFO: 	 RH Test loss: 0.22665452447285875
[2025-01-27 14:23:08,087] INFO: 	 F1 score: 0.8086513735196637
[2025-01-27 14:23:23,198] INFO: Iter 3250 Summary: 
[2025-01-27 14:23:23,198] INFO: 	 lr: 0.009999999999999962 	 Training loss: 0.315469754755497
[2025-01-27 14:23:23,596] INFO: 	 Body Test loss: 0.1816
[2025-01-27 14:23:23,597] INFO: 	 RH Test loss: 0.22521475264647745
[2025-01-27 14:23:23,597] INFO: 	 F1 score: 0.791457157169354
[2025-01-27 14:23:38,544] INFO: Iter 3500 Summary: 
[2025-01-27 14:23:38,545] INFO: 	 lr: 0.009999999999999962 	 Training loss: 0.31278420543670654
[2025-01-27 14:23:38,938] INFO: 	 Body Test loss: 0.19399999999999998
[2025-01-27 14:23:38,938] INFO: 	 RH Test loss: 0.24624489019739837
[2025-01-27 14:23:38,938] INFO: 	 F1 score: 0.7625675415611908
[2025-01-27 14:23:54,016] INFO: Iter 3750 Summary: 
[2025-01-27 14:23:54,017] INFO: 	 lr: 0.009999999999999962 	 Training loss: 0.3122070383429527
[2025-01-27 14:23:54,408] INFO: 	 Body Test loss: 0.1944
[2025-01-27 14:23:54,408] INFO: 	 RH Test loss: 0.2544842344267242
[2025-01-27 14:23:54,409] INFO: 	 F1 score: 0.6779381504344866
[2025-01-27 14:24:09,372] INFO: Iter 4000 Summary: 
[2025-01-27 14:24:09,373] INFO: 	 lr: 0.009999999999999962 	 Training loss: 0.29767971831560136
[2025-01-27 14:24:09,770] INFO: 	 Body Test loss: 0.17880000000000001
[2025-01-27 14:24:09,770] INFO: 	 RH Test loss: 0.22120434289615157
[2025-01-27 14:24:09,770] INFO: 	 F1 score: 0.7712682110523812
[2025-01-27 14:24:24,862] INFO: Iter 4250 Summary: 
[2025-01-27 14:24:24,862] INFO: 	 lr: 0.009999999999999962 	 Training loss: 0.2955721887946129
[2025-01-27 14:24:25,272] INFO: 	 Body Test loss: 0.19640000000000002
[2025-01-27 14:24:25,272] INFO: 	 RH Test loss: 0.22614151874777652
[2025-01-27 14:24:25,272] INFO: 	 F1 score: 0.6741082925573011
[2025-01-27 14:24:40,467] INFO: Iter 4500 Summary: 
[2025-01-27 14:24:40,467] INFO: 	 lr: 0.009999999999999962 	 Training loss: 0.2967615439295769
[2025-01-27 14:24:40,871] INFO: 	 Body Test loss: 0.20320000000000005
[2025-01-27 14:24:40,871] INFO: 	 RH Test loss: 0.254191169162241
[2025-01-27 14:24:40,871] INFO: 	 F1 score: 0.7537048340454486
[2025-01-27 14:24:55,847] INFO: Iter 4750 Summary: 
[2025-01-27 14:24:55,848] INFO: 	 lr: 0.009999999999999962 	 Training loss: 0.29150854605436327
[2025-01-27 14:24:56,242] INFO: 	 Body Test loss: 0.1884
[2025-01-27 14:24:56,242] INFO: 	 RH Test loss: 0.23673929467309332
[2025-01-27 14:24:56,242] INFO: 	 F1 score: 0.7980876818228053
[2025-01-27 14:25:11,307] INFO: Iter 5000 Summary: 
[2025-01-27 14:25:11,307] INFO: 	 lr: 0.009999999999999962 	 Training loss: 0.2839626323580742
[2025-01-27 14:25:11,700] INFO: 	 Body Test loss: 0.1816
[2025-01-27 14:25:11,700] INFO: 	 RH Test loss: 0.2272790044501086
[2025-01-27 14:25:11,700] INFO: 	 F1 score: 0.8252256218357914
[2025-01-27 14:25:12,111] INFO: 	 Total number of parameters: 138474
[2025-01-27 14:25:12,824] INFO: Testing with subject ['S9'] 
[2025-01-27 14:25:12,824] INFO: Training with subjects ['S5', 'S3', 'S6', 'S8', 'S4', 'S10', 'S7'] 
[2025-01-27 14:25:27,907] INFO: Iter 250 Summary: 
[2025-01-27 14:25:27,907] INFO: 	 lr: 0.009999999999999962 	 Training loss: 1.0482089290618897
[2025-01-27 14:25:28,309] INFO: 	 Body Test loss: 0.2468
[2025-01-27 14:25:28,309] INFO: 	 RH Test loss: 0.28462507298993295
[2025-01-27 14:25:28,309] INFO: 	 F1 score: 0.4423611111111111
[2025-01-27 14:25:43,492] INFO: Iter 500 Summary: 
[2025-01-27 14:25:43,492] INFO: 	 lr: 0.009999999999999962 	 Training loss: 0.6289399294853211
[2025-01-27 14:25:43,885] INFO: 	 Body Test loss: 0.2228
[2025-01-27 14:25:43,886] INFO: 	 RH Test loss: 0.2592037098315703
[2025-01-27 14:25:43,886] INFO: 	 F1 score: 0.4423611111111111
[2025-01-27 14:25:58,829] INFO: Iter 750 Summary: 
[2025-01-27 14:25:58,829] INFO: 	 lr: 0.009999999999999962 	 Training loss: 0.5173085528612137
[2025-01-27 14:25:59,224] INFO: 	 Body Test loss: 0.2224
[2025-01-27 14:25:59,224] INFO: 	 RH Test loss: 0.2612347995477774
[2025-01-27 14:25:59,224] INFO: 	 F1 score: 0.7858388440207617
[2025-01-27 14:26:14,327] INFO: Iter 1000 Summary: 
[2025-01-27 14:26:14,327] INFO: 	 lr: 0.009999999999999962 	 Training loss: 0.43523879384994507
[2025-01-27 14:26:14,722] INFO: 	 Body Test loss: 0.22039999999999998
[2025-01-27 14:26:14,723] INFO: 	 RH Test loss: 0.25433797053055623
[2025-01-27 14:26:14,723] INFO: 	 F1 score: 0.7430106297862613
[2025-01-27 14:26:29,815] INFO: Iter 1250 Summary: 
[2025-01-27 14:26:29,815] INFO: 	 lr: 0.009999999999999962 	 Training loss: 0.4084144812822342
[2025-01-27 14:26:30,206] INFO: 	 Body Test loss: 0.20759999999999998
[2025-01-27 14:26:30,206] INFO: 	 RH Test loss: 0.23532723588931606
[2025-01-27 14:26:30,206] INFO: 	 F1 score: 0.7789944260532495
[2025-01-27 14:26:45,108] INFO: Iter 1500 Summary: 
[2025-01-27 14:26:45,109] INFO: 	 lr: 0.009999999999999962 	 Training loss: 0.38839354062080383
[2025-01-27 14:26:45,505] INFO: 	 Body Test loss: 0.19079999999999997
[2025-01-27 14:26:45,506] INFO: 	 RH Test loss: 0.22856856453017904
[2025-01-27 14:26:45,506] INFO: 	 F1 score: 0.7735750251762337
[2025-01-27 14:27:00,615] INFO: Iter 1750 Summary: 
[2025-01-27 14:27:00,615] INFO: 	 lr: 0.009999999999999962 	 Training loss: 0.3712640641927719
[2025-01-27 14:27:01,007] INFO: 	 Body Test loss: 0.2036
[2025-01-27 14:27:01,007] INFO: 	 RH Test loss: 0.23426142034613776
[2025-01-27 14:27:01,007] INFO: 	 F1 score: 0.802460024600246
[2025-01-27 14:27:15,917] INFO: Iter 2000 Summary: 
[2025-01-27 14:27:15,917] INFO: 	 lr: 0.009999999999999962 	 Training loss: 0.35815790498256683
[2025-01-27 14:27:16,318] INFO: 	 Body Test loss: 0.1884
[2025-01-27 14:27:16,319] INFO: 	 RH Test loss: 0.22134294088275758
[2025-01-27 14:27:16,319] INFO: 	 F1 score: 0.8246405823475887
[2025-01-27 14:27:31,440] INFO: Iter 2250 Summary: 
[2025-01-27 14:27:31,440] INFO: 	 lr: 0.009999999999999962 	 Training loss: 0.3453819636106491
[2025-01-27 14:27:31,837] INFO: 	 Body Test loss: 0.19640000000000002
[2025-01-27 14:27:31,837] INFO: 	 RH Test loss: 0.2210255767161938
[2025-01-27 14:27:31,837] INFO: 	 F1 score: 0.8353040841804886
[2025-01-27 14:27:46,932] INFO: Iter 2500 Summary: 
[2025-01-27 14:27:46,933] INFO: 	 lr: 0.009999999999999962 	 Training loss: 0.34511697506904604
[2025-01-27 14:27:47,326] INFO: 	 Body Test loss: 0.2096
[2025-01-27 14:27:47,327] INFO: 	 RH Test loss: 0.24587913501307201
[2025-01-27 14:27:47,327] INFO: 	 F1 score: 0.7685515145162981
[2025-01-27 14:28:02,189] INFO: Iter 2750 Summary: 
[2025-01-27 14:28:02,189] INFO: 	 lr: 0.009999999999999962 	 Training loss: 0.3334597508907318
[2025-01-27 14:28:02,583] INFO: 	 Body Test loss: 0.20559999999999998
[2025-01-27 14:28:02,584] INFO: 	 RH Test loss: 0.22301890299002525
[2025-01-27 14:28:02,584] INFO: 	 F1 score: 0.7422983250936683
[2025-01-27 14:28:17,584] INFO: Iter 3000 Summary: 
[2025-01-27 14:28:17,584] INFO: 	 lr: 0.009999999999999962 	 Training loss: 0.3221121550798416
[2025-01-27 14:28:17,977] INFO: 	 Body Test loss: 0.19039999999999999
[2025-01-27 14:28:17,977] INFO: 	 RH Test loss: 0.21532191888184507
[2025-01-27 14:28:17,977] INFO: 	 F1 score: 0.8176016717953868
[2025-01-27 14:28:33,021] INFO: Iter 3250 Summary: 
[2025-01-27 14:28:33,021] INFO: 	 lr: 0.009999999999999962 	 Training loss: 0.32946979606151583
[2025-01-27 14:28:33,412] INFO: 	 Body Test loss: 0.2152
[2025-01-27 14:28:33,412] INFO: 	 RH Test loss: 0.23684991335364086
[2025-01-27 14:28:33,412] INFO: 	 F1 score: 0.8083279161418762
[2025-01-27 14:28:48,378] INFO: Iter 3500 Summary: 
[2025-01-27 14:28:48,378] INFO: 	 lr: 0.009999999999999962 	 Training loss: 0.31921726167201997
[2025-01-27 14:28:48,784] INFO: 	 Body Test loss: 0.19079999999999997
[2025-01-27 14:28:48,784] INFO: 	 RH Test loss: 0.2115230330019484
[2025-01-27 14:28:48,784] INFO: 	 F1 score: 0.7931099512596784
[2025-01-27 14:29:03,891] INFO: Iter 3750 Summary: 
[2025-01-27 14:29:03,891] INFO: 	 lr: 0.009999999999999962 	 Training loss: 0.322614389538765
[2025-01-27 14:29:04,285] INFO: 	 Body Test loss: 0.2036
[2025-01-27 14:29:04,286] INFO: 	 RH Test loss: 0.23780834258567643
[2025-01-27 14:29:04,286] INFO: 	 F1 score: 0.8162553755640951
[2025-01-27 14:29:19,255] INFO: Iter 4000 Summary: 
[2025-01-27 14:29:19,256] INFO: 	 lr: 0.009999999999999962 	 Training loss: 0.3168391363620758
[2025-01-27 14:29:19,650] INFO: 	 Body Test loss: 0.1848
[2025-01-27 14:29:19,650] INFO: 	 RH Test loss: 0.20884626188432592
[2025-01-27 14:29:19,650] INFO: 	 F1 score: 0.6859088542765889
[2025-01-27 14:29:34,760] INFO: Iter 4250 Summary: 
[2025-01-27 14:29:34,760] INFO: 	 lr: 0.009999999999999962 	 Training loss: 0.3072703768014908
[2025-01-27 14:29:35,156] INFO: 	 Body Test loss: 0.2028
[2025-01-27 14:29:35,157] INFO: 	 RH Test loss: 0.2186211194255729
[2025-01-27 14:29:35,157] INFO: 	 F1 score: 0.7945766180608851
[2025-01-27 14:29:50,236] INFO: Iter 4500 Summary: 
[2025-01-27 14:29:50,236] INFO: 	 lr: 0.009999999999999962 	 Training loss: 0.30788096702098844
[2025-01-27 14:29:50,630] INFO: 	 Body Test loss: 0.19399999999999998
[2025-01-27 14:29:50,630] INFO: 	 RH Test loss: 0.22339131876659274
[2025-01-27 14:29:50,631] INFO: 	 F1 score: 0.7936556105654984
[2025-01-27 14:30:05,581] INFO: Iter 4750 Summary: 
[2025-01-27 14:30:05,581] INFO: 	 lr: 0.009999999999999962 	 Training loss: 0.30469400107860567
[2025-01-27 14:30:05,983] INFO: 	 Body Test loss: 0.192
[2025-01-27 14:30:05,984] INFO: 	 RH Test loss: 0.23045554066654458
[2025-01-27 14:30:05,984] INFO: 	 F1 score: 0.7685515145162981
[2025-01-27 14:30:21,061] INFO: Iter 5000 Summary: 
[2025-01-27 14:30:21,061] INFO: 	 lr: 0.009999999999999962 	 Training loss: 0.3063399006128311
[2025-01-27 14:30:21,456] INFO: 	 Body Test loss: 0.192
[2025-01-27 14:30:21,456] INFO: 	 RH Test loss: 0.22194539226897775
[2025-01-27 14:30:21,456] INFO: 	 F1 score: 0.7995006242197253
[2025-01-27 14:30:21,873] INFO: 	 Total number of parameters: 138474
[2025-01-27 14:30:22,610] INFO: Testing with subject ['S4'] 
[2025-01-27 14:30:22,610] INFO: Training with subjects ['S5', 'S3', 'S6', 'S8', 'S9', 'S10', 'S7'] 
[2025-01-27 14:30:37,662] INFO: Iter 250 Summary: 
[2025-01-27 14:30:37,662] INFO: 	 lr: 0.009999999999999962 	 Training loss: 1.1656661155223846
[2025-01-27 14:30:37,960] INFO: 	 Body Test loss: 0.28759999999999997
[2025-01-27 14:30:37,960] INFO: 	 RH Test loss: 0.28426453158333037
[2025-01-27 14:30:37,960] INFO: 	 F1 score: 0.4526600541027953
[2025-01-27 14:30:53,298] INFO: Iter 500 Summary: 
[2025-01-27 14:30:53,299] INFO: 	 lr: 0.009999999999999962 	 Training loss: 0.7043797426223755
[2025-01-27 14:30:53,595] INFO: 	 Body Test loss: 0.2768
[2025-01-27 14:30:53,595] INFO: 	 RH Test loss: 0.2736206397821719
[2025-01-27 14:30:53,595] INFO: 	 F1 score: 0.4997177437564919
[2025-01-27 14:31:08,585] INFO: Iter 750 Summary: 
[2025-01-27 14:31:08,585] INFO: 	 lr: 0.009999999999999962 	 Training loss: 0.4863101006746292
[2025-01-27 14:31:08,889] INFO: 	 Body Test loss: 0.21000000000000005
[2025-01-27 14:31:08,889] INFO: 	 RH Test loss: 0.2084654868375725
[2025-01-27 14:31:08,889] INFO: 	 F1 score: 0.5365582377392992
[2025-01-27 14:31:23,938] INFO: Iter 1000 Summary: 
[2025-01-27 14:31:23,938] INFO: 	 lr: 0.009999999999999962 	 Training loss: 0.42836184990406034
[2025-01-27 14:31:24,234] INFO: 	 Body Test loss: 0.2052
[2025-01-27 14:31:24,235] INFO: 	 RH Test loss: 0.20670931220643798
[2025-01-27 14:31:24,235] INFO: 	 F1 score: 0.45412611755069965
[2025-01-27 14:31:39,293] INFO: Iter 1250 Summary: 
[2025-01-27 14:31:39,293] INFO: 	 lr: 0.009999999999999962 	 Training loss: 0.3965400804281235
[2025-01-27 14:31:39,591] INFO: 	 Body Test loss: 0.17759999999999998
[2025-01-27 14:31:39,591] INFO: 	 RH Test loss: 0.1898281269921895
[2025-01-27 14:31:39,591] INFO: 	 F1 score: 0.5061707269479594
[2025-01-27 14:31:54,598] INFO: Iter 1500 Summary: 
[2025-01-27 14:31:54,598] INFO: 	 lr: 0.009999999999999962 	 Training loss: 0.38592964386940004
[2025-01-27 14:31:54,899] INFO: 	 Body Test loss: 0.17720000000000002
[2025-01-27 14:31:54,899] INFO: 	 RH Test loss: 0.18565466477018602
[2025-01-27 14:31:54,899] INFO: 	 F1 score: 0.5605414856705735
[2025-01-27 14:32:10,012] INFO: Iter 1750 Summary: 
[2025-01-27 14:32:10,013] INFO: 	 lr: 0.009999999999999962 	 Training loss: 0.36657641220092774
[2025-01-27 14:32:10,336] INFO: 	 Body Test loss: 0.1812
[2025-01-27 14:32:10,336] INFO: 	 RH Test loss: 0.2009922203239931
[2025-01-27 14:32:10,336] INFO: 	 F1 score: 0.625341291971651
[2025-01-27 14:32:25,253] INFO: Iter 2000 Summary: 
[2025-01-27 14:32:25,253] INFO: 	 lr: 0.009999999999999962 	 Training loss: 0.36476213026046755
[2025-01-27 14:32:25,589] INFO: 	 Body Test loss: 0.17800000000000005
[2025-01-27 14:32:25,590] INFO: 	 RH Test loss: 0.19259345826050006
[2025-01-27 14:32:25,590] INFO: 	 F1 score: 0.5586296979926497
[2025-01-27 14:32:40,645] INFO: Iter 2250 Summary: 
[2025-01-27 14:32:40,646] INFO: 	 lr: 0.009999999999999962 	 Training loss: 0.3498059616088867
[2025-01-27 14:32:40,947] INFO: 	 Body Test loss: 0.17759999999999998
[2025-01-27 14:32:40,947] INFO: 	 RH Test loss: 0.1998562619556509
[2025-01-27 14:32:40,947] INFO: 	 F1 score: 0.43484814896918644
[2025-01-27 14:32:56,012] INFO: Iter 2500 Summary: 
[2025-01-27 14:32:56,012] INFO: 	 lr: 0.009999999999999962 	 Training loss: 0.3474441978931427
[2025-01-27 14:32:56,308] INFO: 	 Body Test loss: 0.18480000000000005
[2025-01-27 14:32:56,308] INFO: 	 RH Test loss: 0.2016979321223704
[2025-01-27 14:32:56,308] INFO: 	 F1 score: 0.5202374825380487
[2025-01-27 14:33:11,179] INFO: Iter 2750 Summary: 
[2025-01-27 14:33:11,179] INFO: 	 lr: 0.009999999999999962 	 Training loss: 0.3399275430440903
[2025-01-27 14:33:11,479] INFO: 	 Body Test loss: 0.1864
[2025-01-27 14:33:11,479] INFO: 	 RH Test loss: 0.19985480416940504
[2025-01-27 14:33:11,479] INFO: 	 F1 score: 0.589562330956479
[2025-01-27 14:33:26,590] INFO: Iter 3000 Summary: 
[2025-01-27 14:33:26,591] INFO: 	 lr: 0.009999999999999962 	 Training loss: 0.32707219302654267
[2025-01-27 14:33:26,887] INFO: 	 Body Test loss: 0.17120000000000002
[2025-01-27 14:33:26,887] INFO: 	 RH Test loss: 0.19422301554797705
[2025-01-27 14:33:26,887] INFO: 	 F1 score: 0.5651589730384632
[2025-01-27 14:33:41,908] INFO: Iter 3250 Summary: 
[2025-01-27 14:33:41,909] INFO: 	 lr: 0.009999999999999962 	 Training loss: 0.3279446331262589
[2025-01-27 14:33:42,205] INFO: 	 Body Test loss: 0.1704
[2025-01-27 14:33:42,205] INFO: 	 RH Test loss: 0.19728531584511871
[2025-01-27 14:33:42,206] INFO: 	 F1 score: 0.5525195595824118
[2025-01-27 14:33:57,204] INFO: Iter 3500 Summary: 
[2025-01-27 14:33:57,204] INFO: 	 lr: 0.009999999999999962 	 Training loss: 0.31692629516124726
[2025-01-27 14:33:57,501] INFO: 	 Body Test loss: 0.1604
[2025-01-27 14:33:57,501] INFO: 	 RH Test loss: 0.185348287107917
[2025-01-27 14:33:57,502] INFO: 	 F1 score: 0.6132772680937819
[2025-01-27 14:34:12,558] INFO: Iter 3750 Summary: 
[2025-01-27 14:34:12,558] INFO: 	 lr: 0.009999999999999962 	 Training loss: 0.31205485212802886
[2025-01-27 14:34:12,855] INFO: 	 Body Test loss: 0.1832
[2025-01-27 14:34:12,856] INFO: 	 RH Test loss: 0.22028217362807648
[2025-01-27 14:34:12,856] INFO: 	 F1 score: 0.5943668006382034
[2025-01-27 14:34:27,776] INFO: Iter 4000 Summary: 
[2025-01-27 14:34:27,776] INFO: 	 lr: 0.009999999999999962 	 Training loss: 0.3031804039478302
[2025-01-27 14:34:28,076] INFO: 	 Body Test loss: 0.1728
[2025-01-27 14:34:28,076] INFO: 	 RH Test loss: 0.19026380303271323
[2025-01-27 14:34:28,076] INFO: 	 F1 score: 0.5003166160081054
[2025-01-27 14:34:43,230] INFO: Iter 4250 Summary: 
[2025-01-27 14:34:43,230] INFO: 	 lr: 0.009999999999999962 	 Training loss: 0.31093557983636855
[2025-01-27 14:34:43,532] INFO: 	 Body Test loss: 0.17079999999999998
[2025-01-27 14:34:43,532] INFO: 	 RH Test loss: 0.20597959031383134
[2025-01-27 14:34:43,532] INFO: 	 F1 score: 0.5902664879305591
[2025-01-27 14:34:58,540] INFO: Iter 4500 Summary: 
[2025-01-27 14:34:58,540] INFO: 	 lr: 0.009999999999999962 	 Training loss: 0.30122221714258196
[2025-01-27 14:34:58,846] INFO: 	 Body Test loss: 0.1632
[2025-01-27 14:34:58,846] INFO: 	 RH Test loss: 0.18560605063273447
[2025-01-27 14:34:58,846] INFO: 	 F1 score: 0.6265328213783958
[2025-01-27 14:35:13,716] INFO: Iter 4750 Summary: 
[2025-01-27 14:35:13,716] INFO: 	 lr: 0.009999999999999962 	 Training loss: 0.29246689438819884
[2025-01-27 14:35:14,013] INFO: 	 Body Test loss: 0.1772
[2025-01-27 14:35:14,013] INFO: 	 RH Test loss: 0.191318859213463
[2025-01-27 14:35:14,013] INFO: 	 F1 score: 0.6520382165605095
[2025-01-27 14:35:29,127] INFO: Iter 5000 Summary: 
[2025-01-27 14:35:29,127] INFO: 	 lr: 0.009999999999999962 	 Training loss: 0.2907791466712952
[2025-01-27 14:35:29,431] INFO: 	 Body Test loss: 0.1628
[2025-01-27 14:35:29,431] INFO: 	 RH Test loss: 0.18909680829998693
[2025-01-27 14:35:29,431] INFO: 	 F1 score: 0.5842375555162977
[2025-01-27 14:35:29,747] INFO: 	 Total number of parameters: 138474
[2025-01-27 14:35:30,480] INFO: Testing with subject ['S10'] 
[2025-01-27 14:35:30,480] INFO: Training with subjects ['S5', 'S3', 'S6', 'S8', 'S9', 'S4', 'S7'] 
[2025-01-27 14:35:45,649] INFO: Iter 250 Summary: 
[2025-01-27 14:35:45,649] INFO: 	 lr: 0.009999999999999962 	 Training loss: 1.618161504983902
[2025-01-27 14:35:46,000] INFO: 	 Body Test loss: 0.2468
[2025-01-27 14:35:46,000] INFO: 	 RH Test loss: 0.2799131719731103
[2025-01-27 14:35:46,000] INFO: 	 F1 score: 0.42924528301886794
[2025-01-27 14:36:01,202] INFO: Iter 500 Summary: 
[2025-01-27 14:36:01,202] INFO: 	 lr: 0.009999999999999962 	 Training loss: 0.7048539435863495
[2025-01-27 14:36:01,556] INFO: 	 Body Test loss: 0.19360000000000002
[2025-01-27 14:36:01,556] INFO: 	 RH Test loss: 0.22753726173695127
[2025-01-27 14:36:01,556] INFO: 	 F1 score: 0.42924528301886794
[2025-01-27 14:36:16,511] INFO: Iter 750 Summary: 
[2025-01-27 14:36:16,511] INFO: 	 lr: 0.009999999999999962 	 Training loss: 0.6275565580129624
[2025-01-27 14:36:16,860] INFO: 	 Body Test loss: 0.18719999999999998
[2025-01-27 14:36:16,860] INFO: 	 RH Test loss: 0.23715866435657848
[2025-01-27 14:36:16,861] INFO: 	 F1 score: 0.7020228671943711
[2025-01-27 14:36:32,033] INFO: Iter 1000 Summary: 
[2025-01-27 14:36:32,033] INFO: 	 lr: 0.009999999999999962 	 Training loss: 0.4904619346857071
[2025-01-27 14:36:32,383] INFO: 	 Body Test loss: 0.19760000000000003
[2025-01-27 14:36:32,383] INFO: 	 RH Test loss: 0.23375177932508065
[2025-01-27 14:36:32,383] INFO: 	 F1 score: 0.6967477616107313
[2025-01-27 14:36:47,771] INFO: Iter 1250 Summary: 
[2025-01-27 14:36:47,771] INFO: 	 lr: 0.009999999999999962 	 Training loss: 0.4318123104572296
[2025-01-27 14:36:48,133] INFO: 	 Body Test loss: 0.1868
[2025-01-27 14:36:48,134] INFO: 	 RH Test loss: 0.21772714339011956
[2025-01-27 14:36:48,134] INFO: 	 F1 score: 0.7849944008958567
[2025-01-27 14:37:03,639] INFO: Iter 1500 Summary: 
[2025-01-27 14:37:03,639] INFO: 	 lr: 0.009999999999999962 	 Training loss: 0.406088668346405
[2025-01-27 14:37:03,991] INFO: 	 Body Test loss: 0.18960000000000002
[2025-01-27 14:37:03,992] INFO: 	 RH Test loss: 0.20931598031488005
[2025-01-27 14:37:03,992] INFO: 	 F1 score: 0.7580512060939484
[2025-01-27 14:37:19,873] INFO: Iter 1750 Summary: 
[2025-01-27 14:37:19,873] INFO: 	 lr: 0.009999999999999962 	 Training loss: 0.3796104704141617
[2025-01-27 14:37:20,308] INFO: 	 Body Test loss: 0.1504
[2025-01-27 14:37:20,308] INFO: 	 RH Test loss: 0.189612149220196
[2025-01-27 14:37:20,308] INFO: 	 F1 score: 0.7635730881023437
[2025-01-27 14:37:35,404] INFO: Iter 2000 Summary: 
[2025-01-27 14:37:35,404] INFO: 	 lr: 0.009999999999999962 	 Training loss: 0.3787204306125641
[2025-01-27 14:37:35,754] INFO: 	 Body Test loss: 0.1552
[2025-01-27 14:37:35,755] INFO: 	 RH Test loss: 0.18655242969838715
[2025-01-27 14:37:35,755] INFO: 	 F1 score: 0.7176992096744403
[2025-01-27 14:37:50,858] INFO: Iter 2250 Summary: 
[2025-01-27 14:37:50,858] INFO: 	 lr: 0.009999999999999962 	 Training loss: 0.3646866735219955
[2025-01-27 14:37:51,207] INFO: 	 Body Test loss: 0.146
[2025-01-27 14:37:51,207] INFO: 	 RH Test loss: 0.19274905845810228
[2025-01-27 14:37:51,207] INFO: 	 F1 score: 0.7706306078604828
[2025-01-27 14:38:06,271] INFO: Iter 2500 Summary: 
[2025-01-27 14:38:06,271] INFO: 	 lr: 0.009999999999999962 	 Training loss: 0.3530866289138794
[2025-01-27 14:38:06,621] INFO: 	 Body Test loss: 0.1748
[2025-01-27 14:38:06,622] INFO: 	 RH Test loss: 0.21452590114814188
[2025-01-27 14:38:06,622] INFO: 	 F1 score: 0.7756337824134434
[2025-01-27 14:38:21,563] INFO: Iter 2750 Summary: 
[2025-01-27 14:38:21,564] INFO: 	 lr: 0.009999999999999962 	 Training loss: 0.3437331278324127
[2025-01-27 14:38:21,916] INFO: 	 Body Test loss: 0.1596
[2025-01-27 14:38:21,916] INFO: 	 RH Test loss: 0.2059701059672458
[2025-01-27 14:38:21,916] INFO: 	 F1 score: 0.7386368031608982
[2025-01-27 14:38:37,023] INFO: Iter 3000 Summary: 
[2025-01-27 14:38:37,024] INFO: 	 lr: 0.009999999999999962 	 Training loss: 0.3346687362194061
[2025-01-27 14:38:37,378] INFO: 	 Body Test loss: 0.154
[2025-01-27 14:38:37,378] INFO: 	 RH Test loss: 0.19110299316647952
[2025-01-27 14:38:37,378] INFO: 	 F1 score: 0.7224481284537587
[2025-01-27 14:38:52,349] INFO: Iter 3250 Summary: 
[2025-01-27 14:38:52,350] INFO: 	 lr: 0.009999999999999962 	 Training loss: 0.3340483192205429
[2025-01-27 14:38:52,697] INFO: 	 Body Test loss: 0.1548
[2025-01-27 14:38:52,697] INFO: 	 RH Test loss: 0.19989639156120867
[2025-01-27 14:38:52,697] INFO: 	 F1 score: 0.7037037037037037
[2025-01-27 14:39:07,575] INFO: Iter 3500 Summary: 
[2025-01-27 14:39:07,575] INFO: 	 lr: 0.009999999999999962 	 Training loss: 0.32631377160549163
[2025-01-27 14:39:07,926] INFO: 	 Body Test loss: 0.1516
[2025-01-27 14:39:07,926] INFO: 	 RH Test loss: 0.1866339353293427
[2025-01-27 14:39:07,926] INFO: 	 F1 score: 0.7673076923076922
[2025-01-27 14:39:23,026] INFO: Iter 3750 Summary: 
[2025-01-27 14:39:23,026] INFO: 	 lr: 0.009999999999999962 	 Training loss: 0.3250986293554306
[2025-01-27 14:39:23,377] INFO: 	 Body Test loss: 0.162
[2025-01-27 14:39:23,377] INFO: 	 RH Test loss: 0.20158418324368058
[2025-01-27 14:39:23,377] INFO: 	 F1 score: 0.7171088908004146
[2025-01-27 14:39:38,264] INFO: Iter 4000 Summary: 
[2025-01-27 14:39:38,265] INFO: 	 lr: 0.009999999999999962 	 Training loss: 0.3250330605506897
[2025-01-27 14:39:38,612] INFO: 	 Body Test loss: 0.162
[2025-01-27 14:39:38,612] INFO: 	 RH Test loss: 0.19653061047073236
[2025-01-27 14:39:38,612] INFO: 	 F1 score: 0.734887196589175
[2025-01-27 14:39:53,671] INFO: Iter 4250 Summary: 
[2025-01-27 14:39:53,671] INFO: 	 lr: 0.009999999999999962 	 Training loss: 0.3105895745754242
[2025-01-27 14:39:54,027] INFO: 	 Body Test loss: 0.1396
[2025-01-27 14:39:54,027] INFO: 	 RH Test loss: 0.19227104539056783
[2025-01-27 14:39:54,027] INFO: 	 F1 score: 0.7648202137998057
[2025-01-27 14:40:09,125] INFO: Iter 4500 Summary: 
[2025-01-27 14:40:09,125] INFO: 	 lr: 0.009999999999999962 	 Training loss: 0.31455387568473814
[2025-01-27 14:40:09,472] INFO: 	 Body Test loss: 0.1352
[2025-01-27 14:40:09,472] INFO: 	 RH Test loss: 0.18293501873646886
[2025-01-27 14:40:09,473] INFO: 	 F1 score: 0.7812168874976912
[2025-01-27 14:40:24,464] INFO: Iter 4750 Summary: 
[2025-01-27 14:40:24,464] INFO: 	 lr: 0.009999999999999962 	 Training loss: 0.3145912401676178
[2025-01-27 14:40:24,815] INFO: 	 Body Test loss: 0.1384
[2025-01-27 14:40:24,815] INFO: 	 RH Test loss: 0.19327691779648962
[2025-01-27 14:40:24,815] INFO: 	 F1 score: 0.755488074204947
[2025-01-27 14:40:39,877] INFO: Iter 5000 Summary: 
[2025-01-27 14:40:39,878] INFO: 	 lr: 0.009999999999999962 	 Training loss: 0.3064253181219101
[2025-01-27 14:40:40,227] INFO: 	 Body Test loss: 0.14320000000000002
[2025-01-27 14:40:40,227] INFO: 	 RH Test loss: 0.19038436211830326
[2025-01-27 14:40:40,227] INFO: 	 F1 score: 0.742276247848537
[2025-01-27 14:40:40,598] INFO: 	 Total number of parameters: 138474
[2025-01-27 14:40:41,337] INFO: Testing with subject ['S7'] 
[2025-01-27 14:40:41,337] INFO: Training with subjects ['S5', 'S3', 'S6', 'S8', 'S9', 'S4', 'S10'] 
[2025-01-27 14:40:56,440] INFO: Iter 250 Summary: 
[2025-01-27 14:40:56,440] INFO: 	 lr: 0.009999999999999962 	 Training loss: 1.895957914352417
[2025-01-27 14:40:56,786] INFO: 	 Body Test loss: 0.8104
[2025-01-27 14:40:56,786] INFO: 	 RH Test loss: 0.8372147961784813
[2025-01-27 14:40:56,786] INFO: 	 F1 score: 0.455564451561249
[2025-01-27 14:41:11,976] INFO: Iter 500 Summary: 
[2025-01-27 14:41:11,976] INFO: 	 lr: 0.009999999999999962 	 Training loss: 0.8113588979244232
[2025-01-27 14:41:12,324] INFO: 	 Body Test loss: 0.5012000000000001
[2025-01-27 14:41:12,324] INFO: 	 RH Test loss: 0.5418043717777028
[2025-01-27 14:41:12,324] INFO: 	 F1 score: 0.455564451561249
[2025-01-27 14:41:27,284] INFO: Iter 750 Summary: 
[2025-01-27 14:41:27,284] INFO: 	 lr: 0.009999999999999962 	 Training loss: 0.6761670587062836
[2025-01-27 14:41:27,629] INFO: 	 Body Test loss: 0.44120000000000004
[2025-01-27 14:41:27,629] INFO: 	 RH Test loss: 0.6855121506101944
[2025-01-27 14:41:27,629] INFO: 	 F1 score: 0.4785229025884391
[2025-01-27 14:41:42,766] INFO: Iter 1000 Summary: 
[2025-01-27 14:41:42,766] INFO: 	 lr: 0.009999999999999962 	 Training loss: 0.5209560132026673
[2025-01-27 14:41:43,112] INFO: 	 Body Test loss: 0.2864
[2025-01-27 14:41:43,113] INFO: 	 RH Test loss: 0.3080413500841926
[2025-01-27 14:41:43,113] INFO: 	 F1 score: 0.7055446748159654
[2025-01-27 14:41:58,197] INFO: Iter 1250 Summary: 
[2025-01-27 14:41:58,197] INFO: 	 lr: 0.009999999999999962 	 Training loss: 0.4514278185367584
[2025-01-27 14:41:58,544] INFO: 	 Body Test loss: 0.2216
[2025-01-27 14:41:58,545] INFO: 	 RH Test loss: 0.23744738382451674
[2025-01-27 14:41:58,545] INFO: 	 F1 score: 0.6247498289809298
[2025-01-27 14:42:13,442] INFO: Iter 1500 Summary: 
[2025-01-27 14:42:13,442] INFO: 	 lr: 0.009999999999999962 	 Training loss: 0.4103430596590042
[2025-01-27 14:42:13,793] INFO: 	 Body Test loss: 0.21040000000000003
[2025-01-27 14:42:13,793] INFO: 	 RH Test loss: 0.2620352552357842
[2025-01-27 14:42:13,793] INFO: 	 F1 score: 0.6782615635439113
[2025-01-27 14:42:28,879] INFO: Iter 1750 Summary: 
[2025-01-27 14:42:28,879] INFO: 	 lr: 0.009999999999999962 	 Training loss: 0.38904336071014406
[2025-01-27 14:42:29,224] INFO: 	 Body Test loss: 0.2944
[2025-01-27 14:42:29,224] INFO: 	 RH Test loss: 0.29728886736140536
[2025-01-27 14:42:29,224] INFO: 	 F1 score: 0.5293466223698782
[2025-01-27 14:42:44,210] INFO: Iter 2000 Summary: 
[2025-01-27 14:42:44,210] INFO: 	 lr: 0.009999999999999962 	 Training loss: 0.373007058262825
[2025-01-27 14:42:44,553] INFO: 	 Body Test loss: 0.21919999999999998
[2025-01-27 14:42:44,553] INFO: 	 RH Test loss: 0.27297088645486267
[2025-01-27 14:42:44,553] INFO: 	 F1 score: 0.6511211201662408
[2025-01-27 14:42:59,644] INFO: Iter 2250 Summary: 
[2025-01-27 14:42:59,644] INFO: 	 lr: 0.009999999999999962 	 Training loss: 0.36071998286247253
[2025-01-27 14:42:59,993] INFO: 	 Body Test loss: 0.20439999999999997
[2025-01-27 14:42:59,993] INFO: 	 RH Test loss: 0.2784383288411533
[2025-01-27 14:42:59,993] INFO: 	 F1 score: 0.5465934852642882
[2025-01-27 14:43:15,047] INFO: Iter 2500 Summary: 
[2025-01-27 14:43:15,047] INFO: 	 lr: 0.009999999999999962 	 Training loss: 0.3526678295135498
[2025-01-27 14:43:15,395] INFO: 	 Body Test loss: 0.1956
[2025-01-27 14:43:15,395] INFO: 	 RH Test loss: 0.2378555882958805
[2025-01-27 14:43:15,395] INFO: 	 F1 score: 0.7720915243312922
[2025-01-27 14:43:30,269] INFO: Iter 2750 Summary: 
[2025-01-27 14:43:30,270] INFO: 	 lr: 0.009999999999999962 	 Training loss: 0.3358067946434021
[2025-01-27 14:43:30,616] INFO: 	 Body Test loss: 0.22760000000000002
[2025-01-27 14:43:30,616] INFO: 	 RH Test loss: 0.2680436349476085
[2025-01-27 14:43:30,616] INFO: 	 F1 score: 0.6742251557012123
[2025-01-27 14:43:45,660] INFO: Iter 3000 Summary: 
[2025-01-27 14:43:45,661] INFO: 	 lr: 0.009999999999999962 	 Training loss: 0.3283777123689651
[2025-01-27 14:43:46,003] INFO: 	 Body Test loss: 0.1928
[2025-01-27 14:43:46,003] INFO: 	 RH Test loss: 0.24226945335724775
[2025-01-27 14:43:46,003] INFO: 	 F1 score: 0.7568273707871729
[2025-01-27 14:44:01,076] INFO: Iter 3250 Summary: 
[2025-01-27 14:44:01,076] INFO: 	 lr: 0.009999999999999962 	 Training loss: 0.32538392651081083
[2025-01-27 14:44:01,417] INFO: 	 Body Test loss: 0.19479999999999997
[2025-01-27 14:44:01,417] INFO: 	 RH Test loss: 0.2445480958433712
[2025-01-27 14:44:01,418] INFO: 	 F1 score: 0.7931216931216931
[2025-01-27 14:44:16,378] INFO: Iter 3500 Summary: 
[2025-01-27 14:44:16,378] INFO: 	 lr: 0.009999999999999962 	 Training loss: 0.31842142176628113
[2025-01-27 14:44:16,724] INFO: 	 Body Test loss: 0.1928
[2025-01-27 14:44:16,724] INFO: 	 RH Test loss: 0.2310909515549155
[2025-01-27 14:44:16,724] INFO: 	 F1 score: 0.8225248226950355
[2025-01-27 14:44:31,811] INFO: Iter 3750 Summary: 
[2025-01-27 14:44:31,811] INFO: 	 lr: 0.009999999999999962 	 Training loss: 0.3185285041332245
[2025-01-27 14:44:32,159] INFO: 	 Body Test loss: 0.19759999999999997
[2025-01-27 14:44:32,159] INFO: 	 RH Test loss: 0.24932896437364466
[2025-01-27 14:44:32,159] INFO: 	 F1 score: 0.8149284045902305
[2025-01-27 14:44:47,070] INFO: Iter 4000 Summary: 
[2025-01-27 14:44:47,070] INFO: 	 lr: 0.009999999999999962 	 Training loss: 0.31207994782924653
[2025-01-27 14:44:47,413] INFO: 	 Body Test loss: 0.21919999999999998
[2025-01-27 14:44:47,413] INFO: 	 RH Test loss: 0.24779371441111844
[2025-01-27 14:44:47,413] INFO: 	 F1 score: 0.7207925519216998
[2025-01-27 14:45:02,527] INFO: Iter 4250 Summary: 
[2025-01-27 14:45:02,527] INFO: 	 lr: 0.009999999999999962 	 Training loss: 0.3089837359189987
[2025-01-27 14:45:02,870] INFO: 	 Body Test loss: 0.19039999999999999
[2025-01-27 14:45:02,870] INFO: 	 RH Test loss: 0.2468916151243098
[2025-01-27 14:45:02,870] INFO: 	 F1 score: 0.7244863911530579
[2025-01-27 14:45:17,945] INFO: Iter 4500 Summary: 
[2025-01-27 14:45:17,945] INFO: 	 lr: 0.009999999999999962 	 Training loss: 0.29981647443771364
[2025-01-27 14:45:18,296] INFO: 	 Body Test loss: 0.1904
[2025-01-27 14:45:18,296] INFO: 	 RH Test loss: 0.25258907329334934
[2025-01-27 14:45:18,296] INFO: 	 F1 score: 0.7081578465482512
[2025-01-27 14:45:33,221] INFO: Iter 4750 Summary: 
[2025-01-27 14:45:33,221] INFO: 	 lr: 0.009999999999999962 	 Training loss: 0.30313760739564893
[2025-01-27 14:45:33,564] INFO: 	 Body Test loss: 0.18360000000000004
[2025-01-27 14:45:33,564] INFO: 	 RH Test loss: 0.24434639432851005
[2025-01-27 14:45:33,565] INFO: 	 F1 score: 0.7704763098762694
[2025-01-27 14:45:48,712] INFO: Iter 5000 Summary: 
[2025-01-27 14:45:48,712] INFO: 	 lr: 0.009999999999999962 	 Training loss: 0.2962345002889633
[2025-01-27 14:45:49,063] INFO: 	 Body Test loss: 0.21240000000000003
[2025-01-27 14:45:49,063] INFO: 	 RH Test loss: 0.2644421504245085
[2025-01-27 14:45:49,063] INFO: 	 F1 score: 0.7452266369843331
[2025-01-27 14:45:49,426] INFO: 	 Total number of parameters: 138474
[2025-01-27 14:45:49,445] INFO: Mean L2_body is 0.18755
[2025-01-27 14:45:49,445] INFO: Mean L2_right_hand is 0.2256490801227267
[2025-01-27 14:45:49,445] INFO: Under 0.10 is 12.492856569588184
[2025-01-27 14:45:49,445] INFO: Under 0.15 is 32.71666634827852
[2025-01-27 14:45:49,445] INFO: Under 0.20 is 54.37142811715603
[2025-01-27 14:45:49,445] INFO: Under 0.30 is 93.25714260339737
[2025-01-27 14:45:49,445] INFO: Under 0.35 is 98.71428608894348
[2025-01-27 14:45:49,445] INFO: Under 0.40 is 99.85714331269264
[2025-01-27 14:45:49,445] INFO: Intention Accuracy is 81.09016190569852
[2025-01-27 14:45:49,445] INFO: F1 Score is 0.654241380264002
[2025-01-27 14:45:49,445] INFO: F1 Score Binary is 0.654241380264002
[2025-01-27 14:45:49,445] INFO: Metrics are {'L2_body': [0.19640000000000002, 0.2188, 0.1932, 0.1816, 0.192, 0.1628, 0.14320000000000002, 0.21240000000000003], 'L2_right_hand': [0.2506010246619288, 0.24535083164621338, 0.21609306711178633, 0.2272790044501086, 0.22194539226897775, 0.18909680829998693, 0.19038436211830326, 0.2644421504245085], 'under_0.10m': [9.600000083446503, 9.333332628011703, 8.666666597127914, 14.857141673564911, 10.285713523626328, 15.199999511241913, 21.99999839067459, 10.000000149011612], 'under_0.15m': [22.40000069141388, 22.66666740179062, 24.000000953674316, 35.428571701049805, 24.571429193019867, 51.99999809265137, 59.333330392837524, 21.333332359790802], 'under_0.20m': [44.80000138282776, 40.66666662693024, 41.999998688697815, 58.28571319580078, 54.28571105003357, 69.59999799728394, 80.66666722297668, 44.66666877269745], 'under_0.30m': [99.19999837875366, 83.99999737739563, 97.33333587646484, 91.42857193946838, 87.42857575416565, 100.0, 100.0, 86.66666150093079], 'under_0.35m': [100.0, 98.66666793823242, 100.0, 100.0, 93.71428489685059, 100.0, 100.0, 97.33333587646484], 'under_0.40m': [100.0, 100.0, 100.0, 100.0, 98.85714650154114, 100.0, 100.0, 100.0], 'accuracy': [85.99640933572711, 77.94561933534743, 77.1545827633379, 91.30982367758187, 86.05230386052304, 63.59143327841845, 81.81818181818183, 84.85294117647058], 'f1_score': [0.4623552123552124, 0.5735514727943383, 0.5015576705577808, 0.8252256218357914, 0.7995006242197253, 0.5842375555162977, 0.742276247848537, 0.7452266369843331], 'f1_score_binary': [0.4623552123552124, 0.5735514727943383, 0.5015576705577808, 0.8252256218357914, 0.7995006242197253, 0.5842375555162977, 0.742276247848537, 0.7452266369843331]}
