[2025-01-27 11:12:05,798] INFO: {
    "abs_dir": "/home/gerard/Documents/IRI/Repos/siMLPe/exps/baseline_handover",
    "actions_to_load": "all",
    "batch_size": 256,
    "classifier": {
        "flatten": true
    },
    "cos_lr_max": 0.01,
    "cos_lr_min": 1e-05,
    "cos_lr_total_iters": 5000,
    "cosine_lr": true,
    "data_aug": true,
    "deriv_input": true,
    "deriv_output": true,
    "eval_condition_with_classifier_int": false,
    "eval_every": 250,
    "handover_anno_dir": "/home/gerard/Documents/IRI/Repos/siMLPe/data/handover/",
    "link_log_file": "/home/gerard/Documents/IRI/Repos/siMLPe/exps/baseline_handover/log/log_last.log",
    "link_val_log_file": "/home/gerard/Documents/IRI/Repos/siMLPe/exps/baseline_handover/log/val_last.log",
    "log_dir": "/home/gerard/Documents/IRI/Repos/siMLPe/exps/baseline_handover/log",
    "log_file": "/home/gerard/Documents/IRI/Repos/siMLPe/exps/baseline_handover/log/log_2025_01_27_11_06_07.log",
    "log_file_leave_one_out": "/home/gerard/Documents/IRI/Repos/siMLPe/exps/baseline_handover/log/log_loo2025_01_27_11_06_07.log",
    "model_pth": null,
    "motion": {
        "dim": 27,
        "handover_input_length": 50,
        "handover_input_length_dct": 50,
        "handover_target_length_eval": 25,
        "handover_target_length_train": 10
    },
    "motion_fc_in": {
        "activation": "relu",
        "in_features": 27,
        "init_w_trunc_normal": false,
        "out_features": 27,
        "temporal_fc": false,
        "with_norm": false
    },
    "motion_fc_out": {
        "activation": "relu",
        "in_features": 27,
        "init_w_trunc_normal": true,
        "out_features": 27,
        "temporal_fc": false,
        "with_norm": false
    },
    "motion_gcn_in": {
        "do": 0,
        "gcn_in": false,
        "in_features": 27,
        "n_node": 50,
        "num_stage": 0,
        "out_features": 27
    },
    "motion_gcn_out": {
        "do": 0,
        "gcn_out": false,
        "in_features": 27,
        "n_node": 50,
        "num_stage": 0,
        "out_features": 27
    },
    "motion_int": {
        "binary": true,
        "input_dim": 1,
        "int_cond": false,
        "num_emb": 2,
        "output_dim": 27
    },
    "motion_mlp": {
        "hidden_dim": 27,
        "norm_axis": "spatial",
        "num_layers": 48,
        "seq_len": 50,
        "spatial_fc_only": false,
        "with_normalization": true
    },
    "motion_ree": {
        "embedding_size": 3,
        "gcn_concatenation": false,
        "gcn_do": 0,
        "gcn_n_node": 50,
        "gcn_num_stage": 0,
        "input_dim": 3,
        "ree_concatenation": false,
        "ree_cond": false,
        "ree_sum": false
    },
    "num_workers": 6,
    "only_classification": false,
    "post_dct": false,
    "pre_dct": false,
    "print_every": 250,
    "repo_name": "siMLPe",
    "root_dir": "/home/gerard/Documents/IRI/Repos/siMLPe",
    "save_every": 5000,
    "seed": 304,
    "shift_step": 1,
    "snapshot_dir": "/home/gerard/Documents/IRI/Repos/siMLPe/exps/baseline_handover/log/snapshot",
    "this_dir": "baseline_handover",
    "total_iters": 5000,
    "use_colab_loss": false,
    "use_int_class": true,
    "use_loss_layer": false,
    "use_ree_loss": false,
    "use_relative_loss": true,
    "use_relative_loss_rh": false,
    "use_rh_distance_joints_loss": false,
    "use_rh_loss": false,
    "val_log_file": "/home/gerard/Documents/IRI/Repos/siMLPe/exps/baseline_handover/log/val_2025_01_27_11_06_07.log",
    "viz_GCN_folder": false,
    "weight_decay": 0.0001
}
[2025-01-27 11:12:06,507] INFO: Testing with subject ['S5'] 
[2025-01-27 11:12:06,507] INFO: Training with subjects ['S3', 'S6', 'S8', 'S9', 'S4', 'S10', 'S7'] 
[2025-01-27 11:12:23,076] INFO: Iter 250 Summary: 
[2025-01-27 11:12:23,077] INFO: 	 lr: 0.009999999999999962 	 Training loss: 0.375448276758194
[2025-01-27 11:12:23,385] INFO: 	 Body Test loss: 16.777600000000003
[2025-01-27 11:12:23,386] INFO: 	 RH Test loss: 32.19669778984796
[2025-01-27 11:12:23,386] INFO: 	 F1 score: 0.48616236162361626
[2025-01-27 11:12:40,235] INFO: Iter 500 Summary: 
[2025-01-27 11:12:40,236] INFO: 	 lr: 0.009999999999999962 	 Training loss: 0.2920498354434967
[2025-01-27 11:12:40,563] INFO: 	 Body Test loss: 17.3252
[2025-01-27 11:12:40,563] INFO: 	 RH Test loss: 26.008557090005926
[2025-01-27 11:12:40,563] INFO: 	 F1 score: 0.48616236162361626
[2025-01-27 11:12:57,169] INFO: Iter 750 Summary: 
[2025-01-27 11:12:57,170] INFO: 	 lr: 0.009999999999999962 	 Training loss: 0.15311400406062603
[2025-01-27 11:12:57,501] INFO: 	 Body Test loss: 10.7268
[2025-01-27 11:12:57,501] INFO: 	 RH Test loss: 14.727117639401229
[2025-01-27 11:12:57,501] INFO: 	 F1 score: 0.48616236162361626
[2025-01-27 11:13:14,450] INFO: Iter 1000 Summary: 
[2025-01-27 11:13:14,450] INFO: 	 lr: 0.009999999999999962 	 Training loss: 0.11913135974109172
[2025-01-27 11:13:14,781] INFO: 	 Body Test loss: 12.489199999999999
[2025-01-27 11:13:14,782] INFO: 	 RH Test loss: 18.52719321889552
[2025-01-27 11:13:14,782] INFO: 	 F1 score: 0.48616236162361626
[2025-01-27 11:13:31,409] INFO: Iter 1250 Summary: 
[2025-01-27 11:13:31,409] INFO: 	 lr: 0.009999999999999962 	 Training loss: 0.10214214703440666
[2025-01-27 11:13:31,737] INFO: 	 Body Test loss: 10.277999999999999
[2025-01-27 11:13:31,737] INFO: 	 RH Test loss: 16.505630902987193
[2025-01-27 11:13:31,737] INFO: 	 F1 score: 0.48186046511627906
[2025-01-27 11:13:48,200] INFO: Iter 1500 Summary: 
[2025-01-27 11:13:48,201] INFO: 	 lr: 0.009999999999999962 	 Training loss: 0.09109396218508482
[2025-01-27 11:13:48,528] INFO: 	 Body Test loss: 9.1184
[2025-01-27 11:13:48,528] INFO: 	 RH Test loss: 13.75968059984957
[2025-01-27 11:13:48,528] INFO: 	 F1 score: 0.4842592592592593
[2025-01-27 11:14:05,154] INFO: Iter 1750 Summary: 
[2025-01-27 11:14:05,154] INFO: 	 lr: 0.009999999999999962 	 Training loss: 0.09264740435779095
[2025-01-27 11:14:05,464] INFO: 	 Body Test loss: 7.0116000000000005
[2025-01-27 11:14:05,464] INFO: 	 RH Test loss: 10.683437050728653
[2025-01-27 11:14:05,464] INFO: 	 F1 score: 0.48616236162361626
[2025-01-27 11:14:22,119] INFO: Iter 2000 Summary: 
[2025-01-27 11:14:22,120] INFO: 	 lr: 0.009999999999999962 	 Training loss: 0.07235245417803526
[2025-01-27 11:14:22,445] INFO: 	 Body Test loss: 7.1836
[2025-01-27 11:14:22,446] INFO: 	 RH Test loss: 10.510772431132182
[2025-01-27 11:14:22,446] INFO: 	 F1 score: 0.48616236162361626
[2025-01-27 11:14:39,255] INFO: Iter 2250 Summary: 
[2025-01-27 11:14:39,255] INFO: 	 lr: 0.009999999999999962 	 Training loss: 0.06456943219155073
[2025-01-27 11:14:39,582] INFO: 	 Body Test loss: 7.4096
[2025-01-27 11:14:39,582] INFO: 	 RH Test loss: 10.369529775075039
[2025-01-27 11:14:39,582] INFO: 	 F1 score: 0.48616236162361626
[2025-01-27 11:14:56,669] INFO: Iter 2500 Summary: 
[2025-01-27 11:14:56,669] INFO: 	 lr: 0.009999999999999962 	 Training loss: 0.05635381269454956
[2025-01-27 11:14:56,996] INFO: 	 Body Test loss: 6.7943999999999996
[2025-01-27 11:14:56,996] INFO: 	 RH Test loss: 9.726320030445256
[2025-01-27 11:14:56,996] INFO: 	 F1 score: 0.48616236162361626
[2025-01-27 11:15:13,668] INFO: Iter 2750 Summary: 
[2025-01-27 11:15:13,669] INFO: 	 lr: 0.009999999999999962 	 Training loss: 0.05604439791291952
[2025-01-27 11:15:14,000] INFO: 	 Body Test loss: 6.3844
[2025-01-27 11:15:14,001] INFO: 	 RH Test loss: 10.178949889588829
[2025-01-27 11:15:14,001] INFO: 	 F1 score: 0.48616236162361626
[2025-01-27 11:15:31,008] INFO: Iter 3000 Summary: 
[2025-01-27 11:15:31,008] INFO: 	 lr: 0.009999999999999962 	 Training loss: 0.05236624644324184
[2025-01-27 11:15:31,339] INFO: 	 Body Test loss: 6.772
[2025-01-27 11:15:31,339] INFO: 	 RH Test loss: 10.01139661806062
[2025-01-27 11:15:31,339] INFO: 	 F1 score: 0.4856879039704525
[2025-01-27 11:15:48,381] INFO: Iter 3250 Summary: 
[2025-01-27 11:15:48,381] INFO: 	 lr: 0.009999999999999962 	 Training loss: 0.044836882956326006
[2025-01-27 11:15:48,686] INFO: 	 Body Test loss: 7.045599999999999
[2025-01-27 11:15:48,686] INFO: 	 RH Test loss: 9.331954437748962
[2025-01-27 11:15:48,686] INFO: 	 F1 score: 0.48616236162361626
[2025-01-27 11:16:05,330] INFO: Iter 3500 Summary: 
[2025-01-27 11:16:05,330] INFO: 	 lr: 0.009999999999999962 	 Training loss: 0.04897879805974662
[2025-01-27 11:16:05,657] INFO: 	 Body Test loss: 6.8688
[2025-01-27 11:16:05,658] INFO: 	 RH Test loss: 8.728195704352277
[2025-01-27 11:16:05,658] INFO: 	 F1 score: 0.48616236162361626
[2025-01-27 11:16:22,594] INFO: Iter 3750 Summary: 
[2025-01-27 11:16:22,594] INFO: 	 lr: 0.009999999999999962 	 Training loss: 0.04371970272809267
[2025-01-27 11:16:22,922] INFO: 	 Body Test loss: 8.2788
[2025-01-27 11:16:22,922] INFO: 	 RH Test loss: 12.637725522162887
[2025-01-27 11:16:22,923] INFO: 	 F1 score: 0.6772417789366942
[2025-01-27 11:16:45,230] INFO: Iter 4000 Summary: 
[2025-01-27 11:16:45,230] INFO: 	 lr: 0.009999999999999962 	 Training loss: 0.04108737501315773
[2025-01-27 11:16:45,557] INFO: 	 Body Test loss: 6.578800000000001
[2025-01-27 11:16:45,557] INFO: 	 RH Test loss: 8.950715760482707
[2025-01-27 11:16:45,557] INFO: 	 F1 score: 0.48616236162361626
[2025-01-27 11:17:04,233] INFO: Iter 4250 Summary: 
[2025-01-27 11:17:04,233] INFO: 	 lr: 0.009999999999999962 	 Training loss: 0.040634840272367
[2025-01-27 11:17:04,547] INFO: 	 Body Test loss: 6.768000000000001
[2025-01-27 11:17:04,547] INFO: 	 RH Test loss: 10.493507704674876
[2025-01-27 11:17:04,547] INFO: 	 F1 score: 0.48616236162361626
[2025-01-27 11:17:23,749] INFO: Iter 4500 Summary: 
[2025-01-27 11:17:23,749] INFO: 	 lr: 0.009999999999999962 	 Training loss: 0.03959845837019384
[2025-01-27 11:17:24,412] INFO: 	 Body Test loss: 9.1796
[2025-01-27 11:17:24,413] INFO: 	 RH Test loss: 16.127893415961275
[2025-01-27 11:17:24,413] INFO: 	 F1 score: 0.48616236162361626
[2025-01-27 11:17:43,839] INFO: Iter 4750 Summary: 
[2025-01-27 11:17:43,839] INFO: 	 lr: 0.009999999999999962 	 Training loss: 0.03250772567465901
[2025-01-27 11:17:44,150] INFO: 	 Body Test loss: 6.6772
[2025-01-27 11:17:44,151] INFO: 	 RH Test loss: 9.609811615045025
[2025-01-27 11:17:44,152] INFO: 	 F1 score: 0.48616236162361626
[2025-01-27 11:18:01,674] INFO: Iter 5000 Summary: 
[2025-01-27 11:18:01,674] INFO: 	 lr: 0.009999999999999962 	 Training loss: 0.03574292241409421
[2025-01-27 11:18:01,999] INFO: 	 Body Test loss: 6.919200000000001
[2025-01-27 11:18:02,000] INFO: 	 RH Test loss: 11.866899520353524
[2025-01-27 11:18:02,000] INFO: 	 F1 score: 0.48616236162361626
[2025-01-27 11:18:02,338] INFO: 	 Total number of parameters: 169578
[2025-01-27 11:18:03,071] INFO: Testing with subject ['S3'] 
[2025-01-27 11:18:03,071] INFO: Training with subjects ['S5', 'S6', 'S8', 'S9', 'S4', 'S10', 'S7'] 
[2025-01-27 11:18:20,633] INFO: Iter 250 Summary: 
[2025-01-27 11:18:20,634] INFO: 	 lr: 0.009999999999999962 	 Training loss: 0.37396875089406967
[2025-01-27 11:18:21,011] INFO: 	 Body Test loss: 12.0724
[2025-01-27 11:18:21,012] INFO: 	 RH Test loss: 10.804699220455664
[2025-01-27 11:18:21,012] INFO: 	 F1 score: 0.5905682257441052
[2025-01-27 11:18:39,973] INFO: Iter 500 Summary: 
[2025-01-27 11:18:39,973] INFO: 	 lr: 0.009999999999999962 	 Training loss: 0.2549924715459347
[2025-01-27 11:18:40,417] INFO: 	 Body Test loss: 16.482
[2025-01-27 11:18:40,418] INFO: 	 RH Test loss: 12.77886835288425
[2025-01-27 11:18:40,418] INFO: 	 F1 score: 0.5013629842180775
[2025-01-27 11:18:58,082] INFO: Iter 750 Summary: 
[2025-01-27 11:18:58,082] INFO: 	 lr: 0.009999999999999962 	 Training loss: 0.1411893123984337
[2025-01-27 11:18:58,469] INFO: 	 Body Test loss: 12.927200000000001
[2025-01-27 11:18:58,469] INFO: 	 RH Test loss: 9.336661922881252
[2025-01-27 11:18:58,469] INFO: 	 F1 score: 0.5078310864393338
[2025-01-27 11:19:16,302] INFO: Iter 1000 Summary: 
[2025-01-27 11:19:16,302] INFO: 	 lr: 0.009999999999999962 	 Training loss: 0.11447608859837055
[2025-01-27 11:19:16,683] INFO: 	 Body Test loss: 12.184399999999998
[2025-01-27 11:19:16,684] INFO: 	 RH Test loss: 9.102448584795718
[2025-01-27 11:19:16,684] INFO: 	 F1 score: 0.44020665033934037
[2025-01-27 11:19:34,496] INFO: Iter 1250 Summary: 
[2025-01-27 11:19:34,496] INFO: 	 lr: 0.009999999999999962 	 Training loss: 0.09365099105238915
[2025-01-27 11:19:34,877] INFO: 	 Body Test loss: 10.8604
[2025-01-27 11:19:34,877] INFO: 	 RH Test loss: 8.387352313764866
[2025-01-27 11:19:34,877] INFO: 	 F1 score: 0.5999567072235802
[2025-01-27 11:19:52,713] INFO: Iter 1500 Summary: 
[2025-01-27 11:19:52,713] INFO: 	 lr: 0.009999999999999962 	 Training loss: 0.08066399137675762
[2025-01-27 11:19:53,102] INFO: 	 Body Test loss: 11.0252
[2025-01-27 11:19:53,102] INFO: 	 RH Test loss: 8.421147217534461
[2025-01-27 11:19:53,102] INFO: 	 F1 score: 0.5756410256410257
[2025-01-27 11:20:11,471] INFO: Iter 1750 Summary: 
[2025-01-27 11:20:11,472] INFO: 	 lr: 0.009999999999999962 	 Training loss: 0.07688089615851641
[2025-01-27 11:20:11,829] INFO: 	 Body Test loss: 10.6352
[2025-01-27 11:20:11,829] INFO: 	 RH Test loss: 7.560969185382578
[2025-01-27 11:20:11,829] INFO: 	 F1 score: 0.4795658550894691
[2025-01-27 11:20:29,118] INFO: Iter 2000 Summary: 
[2025-01-27 11:20:29,119] INFO: 	 lr: 0.009999999999999962 	 Training loss: 0.06499666357412934
[2025-01-27 11:20:29,481] INFO: 	 Body Test loss: 11.814
[2025-01-27 11:20:29,481] INFO: 	 RH Test loss: 9.267267344955952
[2025-01-27 11:20:29,481] INFO: 	 F1 score: 0.5342666483500472
[2025-01-27 11:20:47,151] INFO: Iter 2250 Summary: 
[2025-01-27 11:20:47,151] INFO: 	 lr: 0.009999999999999962 	 Training loss: 0.0602805757150054
[2025-01-27 11:20:47,502] INFO: 	 Body Test loss: 11.541199999999998
[2025-01-27 11:20:47,503] INFO: 	 RH Test loss: 8.217896943682991
[2025-01-27 11:20:47,503] INFO: 	 F1 score: 0.3710501864817117
[2025-01-27 11:21:04,936] INFO: Iter 2500 Summary: 
[2025-01-27 11:21:04,937] INFO: 	 lr: 0.009999999999999962 	 Training loss: 0.053241745542734864
[2025-01-27 11:21:05,323] INFO: 	 Body Test loss: 11.808
[2025-01-27 11:21:05,323] INFO: 	 RH Test loss: 8.98449426593377
[2025-01-27 11:21:05,323] INFO: 	 F1 score: 0.5218913946991892
[2025-01-27 11:21:23,098] INFO: Iter 2750 Summary: 
[2025-01-27 11:21:23,098] INFO: 	 lr: 0.009999999999999962 	 Training loss: 0.04646240846812725
[2025-01-27 11:21:23,487] INFO: 	 Body Test loss: 11.631599999999999
[2025-01-27 11:21:23,488] INFO: 	 RH Test loss: 8.882477728391342
[2025-01-27 11:21:23,488] INFO: 	 F1 score: 0.5113012137134421
[2025-01-27 11:21:41,802] INFO: Iter 3000 Summary: 
[2025-01-27 11:21:41,802] INFO: 	 lr: 0.009999999999999962 	 Training loss: 0.04394889585673809
[2025-01-27 11:21:42,155] INFO: 	 Body Test loss: 11.900000000000002
[2025-01-27 11:21:42,155] INFO: 	 RH Test loss: 9.153328372690252
[2025-01-27 11:21:42,155] INFO: 	 F1 score: 0.4756828495590376
[2025-01-27 11:21:59,698] INFO: Iter 3250 Summary: 
[2025-01-27 11:21:59,699] INFO: 	 lr: 0.009999999999999962 	 Training loss: 0.038049815924838186
[2025-01-27 11:22:00,073] INFO: 	 Body Test loss: 12.05
[2025-01-27 11:22:00,073] INFO: 	 RH Test loss: 9.277905893008874
[2025-01-27 11:22:00,073] INFO: 	 F1 score: 0.5801204029494825
[2025-01-27 11:22:17,457] INFO: Iter 3500 Summary: 
[2025-01-27 11:22:17,457] INFO: 	 lr: 0.009999999999999962 	 Training loss: 0.03923794511333108
[2025-01-27 11:22:17,846] INFO: 	 Body Test loss: 11.04
[2025-01-27 11:22:17,846] INFO: 	 RH Test loss: 7.687406219067531
[2025-01-27 11:22:17,846] INFO: 	 F1 score: 0.5084045108667875
[2025-01-27 11:22:35,676] INFO: Iter 3750 Summary: 
[2025-01-27 11:22:35,677] INFO: 	 lr: 0.009999999999999962 	 Training loss: 0.03972041884204373
[2025-01-27 11:22:36,065] INFO: 	 Body Test loss: 9.206800000000001
[2025-01-27 11:22:36,065] INFO: 	 RH Test loss: 7.219261628580238
[2025-01-27 11:22:36,066] INFO: 	 F1 score: 0.5281893544394013
[2025-01-27 11:22:53,399] INFO: Iter 4000 Summary: 
[2025-01-27 11:22:53,399] INFO: 	 lr: 0.009999999999999962 	 Training loss: 0.0349859710726887
[2025-01-27 11:22:53,794] INFO: 	 Body Test loss: 10.038800000000002
[2025-01-27 11:22:53,795] INFO: 	 RH Test loss: 8.477086070311394
[2025-01-27 11:22:53,795] INFO: 	 F1 score: 0.44294976054938107
[2025-01-27 11:23:11,931] INFO: Iter 4250 Summary: 
[2025-01-27 11:23:11,931] INFO: 	 lr: 0.009999999999999962 	 Training loss: 0.02956304007023573
[2025-01-27 11:23:12,316] INFO: 	 Body Test loss: 9.1504
[2025-01-27 11:23:12,316] INFO: 	 RH Test loss: 7.975717071348807
[2025-01-27 11:23:12,316] INFO: 	 F1 score: 0.4964629200376407
[2025-01-27 11:23:29,519] INFO: Iter 4500 Summary: 
[2025-01-27 11:23:29,519] INFO: 	 lr: 0.009999999999999962 	 Training loss: 0.0386330871284008
[2025-01-27 11:23:29,885] INFO: 	 Body Test loss: 10.2508
[2025-01-27 11:23:29,885] INFO: 	 RH Test loss: 9.78571991750481
[2025-01-27 11:23:29,885] INFO: 	 F1 score: 0.4117576780340648
[2025-01-27 11:23:47,212] INFO: Iter 4750 Summary: 
[2025-01-27 11:23:47,212] INFO: 	 lr: 0.009999999999999962 	 Training loss: 0.03114263617619872
[2025-01-27 11:23:47,587] INFO: 	 Body Test loss: 8.3012
[2025-01-27 11:23:47,587] INFO: 	 RH Test loss: 8.686231862670347
[2025-01-27 11:23:47,587] INFO: 	 F1 score: 0.3830227950197267
[2025-01-27 11:24:05,322] INFO: Iter 5000 Summary: 
[2025-01-27 11:24:05,323] INFO: 	 lr: 0.009999999999999962 	 Training loss: 0.033002877701073886
[2025-01-27 11:24:05,713] INFO: 	 Body Test loss: 8.2904
[2025-01-27 11:24:05,713] INFO: 	 RH Test loss: 8.510526269641888
[2025-01-27 11:24:05,713] INFO: 	 F1 score: 0.4005137506090266
[2025-01-27 11:24:06,099] INFO: 	 Total number of parameters: 169578
[2025-01-27 11:24:06,821] INFO: Testing with subject ['S6'] 
[2025-01-27 11:24:06,822] INFO: Training with subjects ['S5', 'S3', 'S8', 'S9', 'S4', 'S10', 'S7'] 
[2025-01-27 11:24:24,199] INFO: Iter 250 Summary: 
[2025-01-27 11:24:24,199] INFO: 	 lr: 0.009999999999999962 	 Training loss: 0.3987224575281143
[2025-01-27 11:24:24,941] INFO: 	 Body Test loss: 15.548000000000002
[2025-01-27 11:24:24,941] INFO: 	 RH Test loss: 8.661063139115736
[2025-01-27 11:24:24,941] INFO: 	 F1 score: 0.49446749654218536
[2025-01-27 11:24:43,274] INFO: Iter 500 Summary: 
[2025-01-27 11:24:43,275] INFO: 	 lr: 0.009999999999999962 	 Training loss: 0.1928461967408657
[2025-01-27 11:24:43,645] INFO: 	 Body Test loss: 16.382
[2025-01-27 11:24:43,645] INFO: 	 RH Test loss: 12.950451469369202
[2025-01-27 11:24:43,646] INFO: 	 F1 score: 0.5849473219355246
[2025-01-27 11:25:00,669] INFO: Iter 750 Summary: 
[2025-01-27 11:25:00,670] INFO: 	 lr: 0.009999999999999962 	 Training loss: 0.1322323760986328
[2025-01-27 11:25:01,059] INFO: 	 Body Test loss: 11.4308
[2025-01-27 11:25:01,059] INFO: 	 RH Test loss: 8.991751209055513
[2025-01-27 11:25:01,059] INFO: 	 F1 score: 0.5339752467629537
[2025-01-27 11:25:18,627] INFO: Iter 1000 Summary: 
[2025-01-27 11:25:18,627] INFO: 	 lr: 0.009999999999999962 	 Training loss: 0.10868991054594516
[2025-01-27 11:25:18,992] INFO: 	 Body Test loss: 12.556000000000001
[2025-01-27 11:25:18,992] INFO: 	 RH Test loss: 11.260020455126885
[2025-01-27 11:25:18,993] INFO: 	 F1 score: 0.49405622002307087
[2025-01-27 11:25:36,279] INFO: Iter 1250 Summary: 
[2025-01-27 11:25:36,279] INFO: 	 lr: 0.009999999999999962 	 Training loss: 0.0922859139740467
[2025-01-27 11:25:36,647] INFO: 	 Body Test loss: 13.5384
[2025-01-27 11:25:36,647] INFO: 	 RH Test loss: 11.695080649484199
[2025-01-27 11:25:36,647] INFO: 	 F1 score: 0.6549055829228243
[2025-01-27 11:25:53,953] INFO: Iter 1500 Summary: 
[2025-01-27 11:25:53,953] INFO: 	 lr: 0.009999999999999962 	 Training loss: 0.07578471410274505
[2025-01-27 11:25:54,353] INFO: 	 Body Test loss: 15.058399999999999
[2025-01-27 11:25:54,353] INFO: 	 RH Test loss: 16.31524325807835
[2025-01-27 11:25:54,353] INFO: 	 F1 score: 0.5234894803092969
[2025-01-27 11:26:12,426] INFO: Iter 1750 Summary: 
[2025-01-27 11:26:12,427] INFO: 	 lr: 0.009999999999999962 	 Training loss: 0.07334525741636753
[2025-01-27 11:26:12,797] INFO: 	 Body Test loss: 13.982000000000003
[2025-01-27 11:26:12,797] INFO: 	 RH Test loss: 14.464606897690716
[2025-01-27 11:26:12,797] INFO: 	 F1 score: 0.4660336011687363
[2025-01-27 11:26:30,067] INFO: Iter 2000 Summary: 
[2025-01-27 11:26:30,067] INFO: 	 lr: 0.009999999999999962 	 Training loss: 0.06305733910575509
[2025-01-27 11:26:30,461] INFO: 	 Body Test loss: 16.0664
[2025-01-27 11:26:30,461] INFO: 	 RH Test loss: 18.209869866116755
[2025-01-27 11:26:30,461] INFO: 	 F1 score: 0.4819277108433735
[2025-01-27 11:26:48,026] INFO: Iter 2250 Summary: 
[2025-01-27 11:26:48,026] INFO: 	 lr: 0.009999999999999962 	 Training loss: 0.05668359395861626
[2025-01-27 11:26:48,424] INFO: 	 Body Test loss: 14.121199999999998
[2025-01-27 11:26:48,424] INFO: 	 RH Test loss: 15.089819778463257
[2025-01-27 11:26:48,424] INFO: 	 F1 score: 0.4609144542772861
[2025-01-27 11:27:05,794] INFO: Iter 2500 Summary: 
[2025-01-27 11:27:05,795] INFO: 	 lr: 0.009999999999999962 	 Training loss: 0.051924542458727956
[2025-01-27 11:27:06,163] INFO: 	 Body Test loss: 14.7424
[2025-01-27 11:27:06,163] INFO: 	 RH Test loss: 16.31999522656651
[2025-01-27 11:27:06,163] INFO: 	 F1 score: 0.4837570621468927
[2025-01-27 11:27:23,360] INFO: Iter 2750 Summary: 
[2025-01-27 11:27:23,361] INFO: 	 lr: 0.009999999999999962 	 Training loss: 0.043858455346897245
[2025-01-27 11:27:23,726] INFO: 	 Body Test loss: 12.461599999999999
[2025-01-27 11:27:23,726] INFO: 	 RH Test loss: 14.769008832480122
[2025-01-27 11:27:23,726] INFO: 	 F1 score: 0.3614080164439877
[2025-01-27 11:27:41,636] INFO: Iter 3000 Summary: 
[2025-01-27 11:27:41,636] INFO: 	 lr: 0.009999999999999962 	 Training loss: 0.048132693545892835
[2025-01-27 11:27:42,033] INFO: 	 Body Test loss: 12.956799999999998
[2025-01-27 11:27:42,033] INFO: 	 RH Test loss: 14.364192119133945
[2025-01-27 11:27:42,033] INFO: 	 F1 score: 0.4859353023909986
[2025-01-27 11:27:59,014] INFO: Iter 3250 Summary: 
[2025-01-27 11:27:59,014] INFO: 	 lr: 0.009999999999999962 	 Training loss: 0.04449046197067946
[2025-01-27 11:27:59,389] INFO: 	 Body Test loss: 13.914000000000001
[2025-01-27 11:27:59,390] INFO: 	 RH Test loss: 16.684641657671428
[2025-01-27 11:27:59,390] INFO: 	 F1 score: 0.40651485148514854
[2025-01-27 11:28:16,503] INFO: Iter 3500 Summary: 
[2025-01-27 11:28:16,503] INFO: 	 lr: 0.009999999999999962 	 Training loss: 0.04913566737435758
[2025-01-27 11:28:16,898] INFO: 	 Body Test loss: 11.87
[2025-01-27 11:28:16,898] INFO: 	 RH Test loss: 14.866249929863843
[2025-01-27 11:28:16,898] INFO: 	 F1 score: 0.4710564399421129
[2025-01-27 11:28:33,981] INFO: Iter 3750 Summary: 
[2025-01-27 11:28:33,981] INFO: 	 lr: 0.009999999999999962 	 Training loss: 0.03669654628261924
[2025-01-27 11:28:34,379] INFO: 	 Body Test loss: 12.39
[2025-01-27 11:28:34,379] INFO: 	 RH Test loss: 15.661670427022324
[2025-01-27 11:28:34,380] INFO: 	 F1 score: 0.31966333188135687
[2025-01-27 11:28:51,301] INFO: Iter 4000 Summary: 
[2025-01-27 11:28:51,301] INFO: 	 lr: 0.009999999999999962 	 Training loss: 0.04446622873842716
[2025-01-27 11:28:51,705] INFO: 	 Body Test loss: 11.061200000000001
[2025-01-27 11:28:51,705] INFO: 	 RH Test loss: 12.611890121856566
[2025-01-27 11:28:51,705] INFO: 	 F1 score: 0.43245341614906835
[2025-01-27 11:29:09,574] INFO: Iter 4250 Summary: 
[2025-01-27 11:29:09,574] INFO: 	 lr: 0.009999999999999962 	 Training loss: 0.0433328345566988
[2025-01-27 11:29:10,122] INFO: 	 Body Test loss: 11.144400000000001
[2025-01-27 11:29:10,122] INFO: 	 RH Test loss: 13.17222591123568
[2025-01-27 11:29:10,122] INFO: 	 F1 score: 0.2574213835207823
[2025-01-27 11:29:27,644] INFO: Iter 4500 Summary: 
[2025-01-27 11:29:27,644] INFO: 	 lr: 0.009999999999999962 	 Training loss: 0.036185315776150674
[2025-01-27 11:29:28,005] INFO: 	 Body Test loss: 11.131599999999999
[2025-01-27 11:29:28,005] INFO: 	 RH Test loss: 13.645162950507917
[2025-01-27 11:29:28,005] INFO: 	 F1 score: 0.37127243367824875
[2025-01-27 11:29:45,544] INFO: Iter 4750 Summary: 
[2025-01-27 11:29:45,544] INFO: 	 lr: 0.009999999999999962 	 Training loss: 0.04036042520590127
[2025-01-27 11:29:45,914] INFO: 	 Body Test loss: 9.7164
[2025-01-27 11:29:45,914] INFO: 	 RH Test loss: 11.843338592153566
[2025-01-27 11:29:45,914] INFO: 	 F1 score: 0.3784013605442177
[2025-01-27 11:30:04,022] INFO: Iter 5000 Summary: 
[2025-01-27 11:30:04,022] INFO: 	 lr: 0.009999999999999962 	 Training loss: 0.034245081827044485
[2025-01-27 11:30:04,419] INFO: 	 Body Test loss: 10.361600000000001
[2025-01-27 11:30:04,419] INFO: 	 RH Test loss: 14.765936855415314
[2025-01-27 11:30:04,419] INFO: 	 F1 score: 0.3312015503875969
[2025-01-27 11:30:04,808] INFO: 	 Total number of parameters: 169578
[2025-01-27 11:30:05,603] INFO: Testing with subject ['S8'] 
[2025-01-27 11:30:05,603] INFO: Training with subjects ['S5', 'S3', 'S6', 'S9', 'S4', 'S10', 'S7'] 
[2025-01-27 11:30:22,923] INFO: Iter 250 Summary: 
[2025-01-27 11:30:22,923] INFO: 	 lr: 0.009999999999999962 	 Training loss: 0.32631388860940935
[2025-01-27 11:30:23,378] INFO: 	 Body Test loss: 7.285999999999999
[2025-01-27 11:30:23,378] INFO: 	 RH Test loss: 7.892762158679721
[2025-01-27 11:30:23,378] INFO: 	 F1 score: 0.4852596182098866
[2025-01-27 11:30:42,193] INFO: Iter 500 Summary: 
[2025-01-27 11:30:42,194] INFO: 	 lr: 0.009999999999999962 	 Training loss: 0.16295034137368203
[2025-01-27 11:30:42,641] INFO: 	 Body Test loss: 5.84
[2025-01-27 11:30:42,641] INFO: 	 RH Test loss: 5.440636460907213
[2025-01-27 11:30:42,642] INFO: 	 F1 score: 0.6955194576104796
[2025-01-27 11:31:00,094] INFO: Iter 750 Summary: 
[2025-01-27 11:31:00,094] INFO: 	 lr: 0.009999999999999962 	 Training loss: 0.11671519888937473
[2025-01-27 11:31:00,507] INFO: 	 Body Test loss: 6.2076
[2025-01-27 11:31:00,507] INFO: 	 RH Test loss: 5.233573843814263
[2025-01-27 11:31:00,507] INFO: 	 F1 score: 0.5266732269427687
[2025-01-27 11:31:18,268] INFO: Iter 1000 Summary: 
[2025-01-27 11:31:18,268] INFO: 	 lr: 0.009999999999999962 	 Training loss: 0.09301341325044632
[2025-01-27 11:31:18,708] INFO: 	 Body Test loss: 7.861599999999999
[2025-01-27 11:31:18,708] INFO: 	 RH Test loss: 5.343201912176098
[2025-01-27 11:31:18,709] INFO: 	 F1 score: 0.44416675389929866
[2025-01-27 11:31:36,404] INFO: Iter 1250 Summary: 
[2025-01-27 11:31:36,405] INFO: 	 lr: 0.009999999999999962 	 Training loss: 0.07736034788191319
[2025-01-27 11:31:36,816] INFO: 	 Body Test loss: 6.2144
[2025-01-27 11:31:36,816] INFO: 	 RH Test loss: 3.8042209963474227
[2025-01-27 11:31:36,816] INFO: 	 F1 score: 0.6224498877353045
[2025-01-27 11:31:53,921] INFO: Iter 1500 Summary: 
[2025-01-27 11:31:53,921] INFO: 	 lr: 0.009999999999999962 	 Training loss: 0.06576520348340273
[2025-01-27 11:31:54,346] INFO: 	 Body Test loss: 7.582799999999999
[2025-01-27 11:31:54,346] INFO: 	 RH Test loss: 4.988928229958946
[2025-01-27 11:31:54,346] INFO: 	 F1 score: 0.4520358868184955
[2025-01-27 11:32:11,953] INFO: Iter 1750 Summary: 
[2025-01-27 11:32:11,953] INFO: 	 lr: 0.009999999999999962 	 Training loss: 0.057266373451799156
[2025-01-27 11:32:12,372] INFO: 	 Body Test loss: 8.357999999999999
[2025-01-27 11:32:12,372] INFO: 	 RH Test loss: 6.189187044580877
[2025-01-27 11:32:12,372] INFO: 	 F1 score: 0.44475524475524475
[2025-01-27 11:32:29,615] INFO: Iter 2000 Summary: 
[2025-01-27 11:32:29,615] INFO: 	 lr: 0.009999999999999962 	 Training loss: 0.051813380256295206
[2025-01-27 11:32:30,050] INFO: 	 Body Test loss: 7.271999999999999
[2025-01-27 11:32:30,050] INFO: 	 RH Test loss: 4.471863851859528
[2025-01-27 11:32:30,050] INFO: 	 F1 score: 0.5823895006705274
[2025-01-27 11:32:47,590] INFO: Iter 2250 Summary: 
[2025-01-27 11:32:47,590] INFO: 	 lr: 0.009999999999999962 	 Training loss: 0.04822498645633459
[2025-01-27 11:32:48,042] INFO: 	 Body Test loss: 7.9896
[2025-01-27 11:32:48,042] INFO: 	 RH Test loss: 4.832807294523686
[2025-01-27 11:32:48,042] INFO: 	 F1 score: 0.4512785072563925
[2025-01-27 11:33:05,801] INFO: Iter 2500 Summary: 
[2025-01-27 11:33:05,802] INFO: 	 lr: 0.009999999999999962 	 Training loss: 0.046832314902916554
[2025-01-27 11:33:06,205] INFO: 	 Body Test loss: 7.160400000000001
[2025-01-27 11:33:06,206] INFO: 	 RH Test loss: 5.088401835174945
[2025-01-27 11:33:06,206] INFO: 	 F1 score: 0.5715147346701233
[2025-01-27 11:33:23,753] INFO: Iter 2750 Summary: 
[2025-01-27 11:33:23,753] INFO: 	 lr: 0.009999999999999962 	 Training loss: 0.03943477834109217
[2025-01-27 11:33:24,197] INFO: 	 Body Test loss: 7.1187999999999985
[2025-01-27 11:33:24,197] INFO: 	 RH Test loss: 4.249860943811066
[2025-01-27 11:33:24,197] INFO: 	 F1 score: 0.4861694184020576
[2025-01-27 11:33:42,534] INFO: Iter 3000 Summary: 
[2025-01-27 11:33:42,534] INFO: 	 lr: 0.009999999999999962 	 Training loss: 0.03821998514980078
[2025-01-27 11:33:42,945] INFO: 	 Body Test loss: 7.1964
[2025-01-27 11:33:42,945] INFO: 	 RH Test loss: 4.494341003264228
[2025-01-27 11:33:42,945] INFO: 	 F1 score: 0.4512785072563925
[2025-01-27 11:34:00,429] INFO: Iter 3250 Summary: 
[2025-01-27 11:34:00,429] INFO: 	 lr: 0.009999999999999962 	 Training loss: 0.03566976249311119
[2025-01-27 11:34:00,872] INFO: 	 Body Test loss: 7.2468
[2025-01-27 11:34:00,872] INFO: 	 RH Test loss: 5.3658537782529745
[2025-01-27 11:34:00,872] INFO: 	 F1 score: 0.4741004811719557
[2025-01-27 11:34:18,335] INFO: Iter 3500 Summary: 
[2025-01-27 11:34:18,336] INFO: 	 lr: 0.009999999999999962 	 Training loss: 0.04190815285779536
[2025-01-27 11:34:18,789] INFO: 	 Body Test loss: 7.124799999999999
[2025-01-27 11:34:18,789] INFO: 	 RH Test loss: 5.7348560959746315
[2025-01-27 11:34:18,789] INFO: 	 F1 score: 0.4564904379517248
[2025-01-27 11:34:36,056] INFO: Iter 3750 Summary: 
[2025-01-27 11:34:36,056] INFO: 	 lr: 0.009999999999999962 	 Training loss: 0.037754105493426324
[2025-01-27 11:34:36,479] INFO: 	 Body Test loss: 7.178000000000001
[2025-01-27 11:34:36,479] INFO: 	 RH Test loss: 7.20926100185596
[2025-01-27 11:34:36,479] INFO: 	 F1 score: 0.5050646719650927
[2025-01-27 11:34:54,043] INFO: Iter 4000 Summary: 
[2025-01-27 11:34:54,044] INFO: 	 lr: 0.009999999999999962 	 Training loss: 0.035165875198319554
[2025-01-27 11:34:54,490] INFO: 	 Body Test loss: 6.16
[2025-01-27 11:34:54,491] INFO: 	 RH Test loss: 5.17599554873834
[2025-01-27 11:34:54,491] INFO: 	 F1 score: 0.44707520891364905
[2025-01-27 11:35:12,442] INFO: Iter 4250 Summary: 
[2025-01-27 11:35:12,442] INFO: 	 lr: 0.009999999999999962 	 Training loss: 0.03659380986914039
[2025-01-27 11:35:12,895] INFO: 	 Body Test loss: 7.125199999999999
[2025-01-27 11:35:12,895] INFO: 	 RH Test loss: 6.28236237763758
[2025-01-27 11:35:12,895] INFO: 	 F1 score: 0.4474599860821155
[2025-01-27 11:35:30,111] INFO: Iter 4500 Summary: 
[2025-01-27 11:35:30,111] INFO: 	 lr: 0.009999999999999962 	 Training loss: 0.04362422660551965
[2025-01-27 11:35:30,564] INFO: 	 Body Test loss: 8.110800000000001
[2025-01-27 11:35:30,564] INFO: 	 RH Test loss: 6.737380896503439
[2025-01-27 11:35:30,564] INFO: 	 F1 score: 0.448227936066713
[2025-01-27 11:35:47,991] INFO: Iter 4750 Summary: 
[2025-01-27 11:35:47,991] INFO: 	 lr: 0.009999999999999962 	 Training loss: 0.03225421564467251
[2025-01-27 11:35:48,427] INFO: 	 Body Test loss: 6.774399999999999
[2025-01-27 11:35:48,427] INFO: 	 RH Test loss: 6.0125502498444146
[2025-01-27 11:35:48,427] INFO: 	 F1 score: 0.4520358868184955
[2025-01-27 11:36:05,790] INFO: Iter 5000 Summary: 
[2025-01-27 11:36:05,790] INFO: 	 lr: 0.009999999999999962 	 Training loss: 0.032214934286661445
[2025-01-27 11:36:06,240] INFO: 	 Body Test loss: 6.2412
[2025-01-27 11:36:06,240] INFO: 	 RH Test loss: 6.214435280288196
[2025-01-27 11:36:06,240] INFO: 	 F1 score: 0.4516574585635359
[2025-01-27 11:36:06,680] INFO: 	 Total number of parameters: 169578
[2025-01-27 11:36:07,402] INFO: Testing with subject ['S9'] 
[2025-01-27 11:36:07,402] INFO: Training with subjects ['S5', 'S3', 'S6', 'S8', 'S4', 'S10', 'S7'] 
[2025-01-27 11:36:24,799] INFO: Iter 250 Summary: 
[2025-01-27 11:36:24,799] INFO: 	 lr: 0.009999999999999962 	 Training loss: 0.356978503704071
[2025-01-27 11:36:25,390] INFO: 	 Body Test loss: 19.411199999999997
[2025-01-27 11:36:25,390] INFO: 	 RH Test loss: 24.74878073971417
[2025-01-27 11:36:25,390] INFO: 	 F1 score: 0.4423611111111111
[2025-01-27 11:36:43,682] INFO: Iter 500 Summary: 
[2025-01-27 11:36:43,682] INFO: 	 lr: 0.009999999999999962 	 Training loss: 0.3057677075266838
[2025-01-27 11:36:44,126] INFO: 	 Body Test loss: 10.093200000000001
[2025-01-27 11:36:44,126] INFO: 	 RH Test loss: 10.72181331553762
[2025-01-27 11:36:44,126] INFO: 	 F1 score: 0.4423611111111111
[2025-01-27 11:37:01,369] INFO: Iter 750 Summary: 
[2025-01-27 11:37:01,369] INFO: 	 lr: 0.009999999999999962 	 Training loss: 0.22086857280135155
[2025-01-27 11:37:01,786] INFO: 	 Body Test loss: 11.145600000000002
[2025-01-27 11:37:01,786] INFO: 	 RH Test loss: 14.84314225972367
[2025-01-27 11:37:01,786] INFO: 	 F1 score: 0.37174471890019
[2025-01-27 11:37:19,385] INFO: Iter 1000 Summary: 
[2025-01-27 11:37:19,385] INFO: 	 lr: 0.009999999999999962 	 Training loss: 0.14696615600585938
[2025-01-27 11:37:19,837] INFO: 	 Body Test loss: 9.8428
[2025-01-27 11:37:19,837] INFO: 	 RH Test loss: 13.851378277770314
[2025-01-27 11:37:19,837] INFO: 	 F1 score: 0.6463968444229086
[2025-01-27 11:37:37,071] INFO: Iter 1250 Summary: 
[2025-01-27 11:37:37,071] INFO: 	 lr: 0.009999999999999962 	 Training loss: 0.1190916037261486
[2025-01-27 11:37:37,483] INFO: 	 Body Test loss: 7.8852
[2025-01-27 11:37:37,483] INFO: 	 RH Test loss: 11.131460258892437
[2025-01-27 11:37:37,483] INFO: 	 F1 score: 0.453965262985417
[2025-01-27 11:37:54,142] INFO: Iter 1500 Summary: 
[2025-01-27 11:37:54,142] INFO: 	 lr: 0.009999999999999962 	 Training loss: 0.11122260709106922
[2025-01-27 11:37:54,591] INFO: 	 Body Test loss: 6.613200000000001
[2025-01-27 11:37:54,591] INFO: 	 RH Test loss: 9.896897086289574
[2025-01-27 11:37:54,592] INFO: 	 F1 score: 0.5106244667452159
[2025-01-27 11:38:12,368] INFO: Iter 1750 Summary: 
[2025-01-27 11:38:12,369] INFO: 	 lr: 0.009999999999999962 	 Training loss: 0.10173602037131786
[2025-01-27 11:38:12,824] INFO: 	 Body Test loss: 6.5328
[2025-01-27 11:38:12,824] INFO: 	 RH Test loss: 10.080990099877232
[2025-01-27 11:38:12,824] INFO: 	 F1 score: 0.5572513996267662
[2025-01-27 11:38:29,805] INFO: Iter 2000 Summary: 
[2025-01-27 11:38:29,805] INFO: 	 lr: 0.009999999999999962 	 Training loss: 0.08892686538398266
[2025-01-27 11:38:30,254] INFO: 	 Body Test loss: 4.8708
[2025-01-27 11:38:30,254] INFO: 	 RH Test loss: 6.510254943011559
[2025-01-27 11:38:30,254] INFO: 	 F1 score: 0.43490499648135117
[2025-01-27 11:38:47,876] INFO: Iter 2250 Summary: 
[2025-01-27 11:38:47,876] INFO: 	 lr: 0.009999999999999962 	 Training loss: 0.08370797596871853
[2025-01-27 11:38:48,326] INFO: 	 Body Test loss: 5.0771999999999995
[2025-01-27 11:38:48,327] INFO: 	 RH Test loss: 7.058889733073423
[2025-01-27 11:38:48,327] INFO: 	 F1 score: 0.6015496774686057
[2025-01-27 11:39:05,540] INFO: Iter 2500 Summary: 
[2025-01-27 11:39:05,540] INFO: 	 lr: 0.009999999999999962 	 Training loss: 0.08281912478804589
[2025-01-27 11:39:05,994] INFO: 	 Body Test loss: 5.6808
[2025-01-27 11:39:05,994] INFO: 	 RH Test loss: 7.525459778288085
[2025-01-27 11:39:05,994] INFO: 	 F1 score: 0.4423611111111111
[2025-01-27 11:39:23,368] INFO: Iter 2750 Summary: 
[2025-01-27 11:39:23,368] INFO: 	 lr: 0.009999999999999962 	 Training loss: 0.07482222463935613
[2025-01-27 11:39:23,820] INFO: 	 Body Test loss: 5.1864
[2025-01-27 11:39:23,820] INFO: 	 RH Test loss: 7.986167191710894
[2025-01-27 11:39:23,820] INFO: 	 F1 score: 0.43090007087172216
[2025-01-27 11:39:41,668] INFO: Iter 3000 Summary: 
[2025-01-27 11:39:41,668] INFO: 	 lr: 0.009999999999999962 	 Training loss: 0.06205624169483781
[2025-01-27 11:39:42,123] INFO: 	 Body Test loss: 5.388800000000001
[2025-01-27 11:39:42,124] INFO: 	 RH Test loss: 8.982960008975132
[2025-01-27 11:39:42,124] INFO: 	 F1 score: 0.5219568567026194
[2025-01-27 11:39:59,811] INFO: Iter 3250 Summary: 
[2025-01-27 11:39:59,811] INFO: 	 lr: 0.009999999999999962 	 Training loss: 0.059107610002160076
[2025-01-27 11:40:00,224] INFO: 	 Body Test loss: 6.296
[2025-01-27 11:40:00,225] INFO: 	 RH Test loss: 11.0831546670384
[2025-01-27 11:40:00,225] INFO: 	 F1 score: 0.45531072898855607
[2025-01-27 11:40:17,338] INFO: Iter 3500 Summary: 
[2025-01-27 11:40:17,338] INFO: 	 lr: 0.009999999999999962 	 Training loss: 0.05757739299349487
[2025-01-27 11:40:17,777] INFO: 	 Body Test loss: 7.5776
[2025-01-27 11:40:17,777] INFO: 	 RH Test loss: 13.444494458646288
[2025-01-27 11:40:17,777] INFO: 	 F1 score: 0.42806267806267806
[2025-01-27 11:40:35,115] INFO: Iter 3750 Summary: 
[2025-01-27 11:40:35,116] INFO: 	 lr: 0.009999999999999962 	 Training loss: 0.057545433804392816
[2025-01-27 11:40:35,527] INFO: 	 Body Test loss: 7.0944
[2025-01-27 11:40:35,528] INFO: 	 RH Test loss: 13.141871598981238
[2025-01-27 11:40:35,528] INFO: 	 F1 score: 0.43049645390070923
[2025-01-27 11:40:52,907] INFO: Iter 4000 Summary: 
[2025-01-27 11:40:52,907] INFO: 	 lr: 0.009999999999999962 	 Training loss: 0.04971869673207402
[2025-01-27 11:40:53,314] INFO: 	 Body Test loss: 7.0056
[2025-01-27 11:40:53,315] INFO: 	 RH Test loss: 12.872728165831989
[2025-01-27 11:40:53,315] INFO: 	 F1 score: 0.4376750700280112
[2025-01-27 11:41:11,175] INFO: Iter 4250 Summary: 
[2025-01-27 11:41:11,175] INFO: 	 lr: 0.009999999999999962 	 Training loss: 0.05204901553690434
[2025-01-27 11:41:11,592] INFO: 	 Body Test loss: 9.2592
[2025-01-27 11:41:11,592] INFO: 	 RH Test loss: 19.226053813397513
[2025-01-27 11:41:11,592] INFO: 	 F1 score: 0.4423611111111111
[2025-01-27 11:41:29,222] INFO: Iter 4500 Summary: 
[2025-01-27 11:41:29,222] INFO: 	 lr: 0.009999999999999962 	 Training loss: 0.051064526934176686
[2025-01-27 11:41:29,638] INFO: 	 Body Test loss: 8.608
[2025-01-27 11:41:29,638] INFO: 	 RH Test loss: 13.739228855384837
[2025-01-27 11:41:29,638] INFO: 	 F1 score: 0.4423611111111111
[2025-01-27 11:41:46,721] INFO: Iter 4750 Summary: 
[2025-01-27 11:41:46,721] INFO: 	 lr: 0.009999999999999962 	 Training loss: 0.04234323925897479
[2025-01-27 11:41:47,135] INFO: 	 Body Test loss: 9.546
[2025-01-27 11:41:47,135] INFO: 	 RH Test loss: 15.846580505751138
[2025-01-27 11:41:47,135] INFO: 	 F1 score: 0.44865654375751624
[2025-01-27 11:42:04,537] INFO: Iter 5000 Summary: 
[2025-01-27 11:42:04,537] INFO: 	 lr: 0.009999999999999962 	 Training loss: 0.04065427025035024
[2025-01-27 11:42:04,980] INFO: 	 Body Test loss: 11.337600000000002
[2025-01-27 11:42:04,980] INFO: 	 RH Test loss: 19.88646533628775
[2025-01-27 11:42:04,981] INFO: 	 F1 score: 0.43569922698524244
[2025-01-27 11:42:05,448] INFO: 	 Total number of parameters: 169578
[2025-01-27 11:42:06,182] INFO: Testing with subject ['S4'] 
[2025-01-27 11:42:06,182] INFO: Training with subjects ['S5', 'S3', 'S6', 'S8', 'S9', 'S10', 'S7'] 
[2025-01-27 11:42:23,658] INFO: Iter 250 Summary: 
[2025-01-27 11:42:23,659] INFO: 	 lr: 0.009999999999999962 	 Training loss: 0.4022162026166916
[2025-01-27 11:42:24,000] INFO: 	 Body Test loss: 19.147999999999996
[2025-01-27 11:42:24,000] INFO: 	 RH Test loss: 19.749864360677353
[2025-01-27 11:42:24,001] INFO: 	 F1 score: 0.4526600541027953
[2025-01-27 11:42:42,509] INFO: Iter 500 Summary: 
[2025-01-27 11:42:42,509] INFO: 	 lr: 0.009999999999999962 	 Training loss: 0.3307001119852066
[2025-01-27 11:42:42,848] INFO: 	 Body Test loss: 15.0328
[2025-01-27 11:42:42,848] INFO: 	 RH Test loss: 14.919993094078201
[2025-01-27 11:42:42,848] INFO: 	 F1 score: 0.4526600541027953
[2025-01-27 11:42:59,803] INFO: Iter 750 Summary: 
[2025-01-27 11:42:59,803] INFO: 	 lr: 0.009999999999999962 	 Training loss: 0.31151907229423526
[2025-01-27 11:43:00,139] INFO: 	 Body Test loss: 10.841600000000001
[2025-01-27 11:43:00,139] INFO: 	 RH Test loss: 10.201551271341188
[2025-01-27 11:43:00,139] INFO: 	 F1 score: 0.4526600541027953
[2025-01-27 11:43:17,376] INFO: Iter 1000 Summary: 
[2025-01-27 11:43:17,376] INFO: 	 lr: 0.009999999999999962 	 Training loss: 0.2760198633670807
[2025-01-27 11:43:17,690] INFO: 	 Body Test loss: 8.569600000000001
[2025-01-27 11:43:17,691] INFO: 	 RH Test loss: 8.64990383393289
[2025-01-27 11:43:17,691] INFO: 	 F1 score: 0.4526600541027953
[2025-01-27 11:43:34,636] INFO: Iter 1250 Summary: 
[2025-01-27 11:43:34,636] INFO: 	 lr: 0.009999999999999962 	 Training loss: 0.15830342736840247
[2025-01-27 11:43:34,953] INFO: 	 Body Test loss: 6.6464
[2025-01-27 11:43:34,953] INFO: 	 RH Test loss: 6.102054879001574
[2025-01-27 11:43:34,953] INFO: 	 F1 score: 0.5361319413364023
[2025-01-27 11:43:52,349] INFO: Iter 1500 Summary: 
[2025-01-27 11:43:52,349] INFO: 	 lr: 0.009999999999999962 	 Training loss: 0.10876112271845341
[2025-01-27 11:43:52,676] INFO: 	 Body Test loss: 12.833999999999998
[2025-01-27 11:43:52,676] INFO: 	 RH Test loss: 11.188778292861764
[2025-01-27 11:43:52,676] INFO: 	 F1 score: 0.5122769703414864
[2025-01-27 11:44:09,819] INFO: Iter 1750 Summary: 
[2025-01-27 11:44:09,820] INFO: 	 lr: 0.009999999999999962 	 Training loss: 0.09067642669379711
[2025-01-27 11:44:10,154] INFO: 	 Body Test loss: 6.962399999999999
[2025-01-27 11:44:10,155] INFO: 	 RH Test loss: 4.945331590328813
[2025-01-27 11:44:10,155] INFO: 	 F1 score: 0.5166013232050968
[2025-01-27 11:44:27,816] INFO: Iter 2000 Summary: 
[2025-01-27 11:44:27,816] INFO: 	 lr: 0.009999999999999962 	 Training loss: 0.08065471788495779
[2025-01-27 11:44:28,150] INFO: 	 Body Test loss: 8.999600000000001
[2025-01-27 11:44:28,150] INFO: 	 RH Test loss: 5.988152912523248
[2025-01-27 11:44:28,150] INFO: 	 F1 score: 0.5664794740343599
[2025-01-27 11:44:45,371] INFO: Iter 2250 Summary: 
[2025-01-27 11:44:45,371] INFO: 	 lr: 0.009999999999999962 	 Training loss: 0.07478412569314241
[2025-01-27 11:44:45,705] INFO: 	 Body Test loss: 8.2196
[2025-01-27 11:44:45,706] INFO: 	 RH Test loss: 4.024845381961426
[2025-01-27 11:44:45,706] INFO: 	 F1 score: 0.5336462892868974
[2025-01-27 11:45:02,729] INFO: Iter 2500 Summary: 
[2025-01-27 11:45:02,729] INFO: 	 lr: 0.009999999999999962 	 Training loss: 0.0631664706170559
[2025-01-27 11:45:03,070] INFO: 	 Body Test loss: 8.4476
[2025-01-27 11:45:03,071] INFO: 	 RH Test loss: 4.288981365976852
[2025-01-27 11:45:03,071] INFO: 	 F1 score: 0.48637371615312797
[2025-01-27 11:45:20,670] INFO: Iter 2750 Summary: 
[2025-01-27 11:45:20,671] INFO: 	 lr: 0.009999999999999962 	 Training loss: 0.05506096093356609
[2025-01-27 11:45:21,005] INFO: 	 Body Test loss: 7.304399999999999
[2025-01-27 11:45:21,005] INFO: 	 RH Test loss: 2.755452905997413
[2025-01-27 11:45:21,005] INFO: 	 F1 score: 0.5270706460383838
[2025-01-27 11:45:38,502] INFO: Iter 3000 Summary: 
[2025-01-27 11:45:38,503] INFO: 	 lr: 0.009999999999999962 	 Training loss: 0.056441798858344557
[2025-01-27 11:45:38,829] INFO: 	 Body Test loss: 6.8948
[2025-01-27 11:45:38,829] INFO: 	 RH Test loss: 3.1295097625078836
[2025-01-27 11:45:38,829] INFO: 	 F1 score: 0.5035659340345098
[2025-01-27 11:45:55,833] INFO: Iter 3250 Summary: 
[2025-01-27 11:45:55,833] INFO: 	 lr: 0.009999999999999962 	 Training loss: 0.05061799921840429
[2025-01-27 11:45:56,404] INFO: 	 Body Test loss: 11.682800000000002
[2025-01-27 11:45:56,404] INFO: 	 RH Test loss: 5.382031683882536
[2025-01-27 11:45:56,404] INFO: 	 F1 score: 0.4905446379288183
[2025-01-27 11:46:14,179] INFO: Iter 3500 Summary: 
[2025-01-27 11:46:14,179] INFO: 	 lr: 0.009999999999999962 	 Training loss: 0.049037714820355176
[2025-01-27 11:46:14,499] INFO: 	 Body Test loss: 7.3696
[2025-01-27 11:46:14,499] INFO: 	 RH Test loss: 4.41830267967463
[2025-01-27 11:46:14,499] INFO: 	 F1 score: 0.5421403353730657
[2025-01-27 11:46:31,754] INFO: Iter 3750 Summary: 
[2025-01-27 11:46:31,754] INFO: 	 lr: 0.009999999999999962 	 Training loss: 0.0417924070302397
[2025-01-27 11:46:32,091] INFO: 	 Body Test loss: 8.433200000000001
[2025-01-27 11:46:32,091] INFO: 	 RH Test loss: 4.93787987371253
[2025-01-27 11:46:32,091] INFO: 	 F1 score: 0.4633985083053517
[2025-01-27 11:46:49,223] INFO: Iter 4000 Summary: 
[2025-01-27 11:46:49,223] INFO: 	 lr: 0.009999999999999962 	 Training loss: 0.04250129008293152
[2025-01-27 11:46:49,544] INFO: 	 Body Test loss: 7.700399999999999
[2025-01-27 11:46:49,545] INFO: 	 RH Test loss: 4.24921914064511
[2025-01-27 11:46:49,545] INFO: 	 F1 score: 0.4474273832438116
[2025-01-27 11:47:06,872] INFO: Iter 4250 Summary: 
[2025-01-27 11:47:06,872] INFO: 	 lr: 0.009999999999999962 	 Training loss: 0.04497503340244293
[2025-01-27 11:47:07,209] INFO: 	 Body Test loss: 7.288
[2025-01-27 11:47:07,209] INFO: 	 RH Test loss: 3.762261186879392
[2025-01-27 11:47:07,209] INFO: 	 F1 score: 0.41144149967679383
[2025-01-27 11:47:24,229] INFO: Iter 4500 Summary: 
[2025-01-27 11:47:24,229] INFO: 	 lr: 0.009999999999999962 	 Training loss: 0.03808805401064456
[2025-01-27 11:47:24,546] INFO: 	 Body Test loss: 6.9536
[2025-01-27 11:47:24,546] INFO: 	 RH Test loss: 3.131144461466806
[2025-01-27 11:47:24,546] INFO: 	 F1 score: 0.49818759936407
[2025-01-27 11:47:42,250] INFO: Iter 4750 Summary: 
[2025-01-27 11:47:42,250] INFO: 	 lr: 0.009999999999999962 	 Training loss: 0.03804607693664729
[2025-01-27 11:47:42,561] INFO: 	 Body Test loss: 7.7016
[2025-01-27 11:47:42,562] INFO: 	 RH Test loss: 4.481215415087328
[2025-01-27 11:47:42,562] INFO: 	 F1 score: 0.40312364314356497
[2025-01-27 11:47:59,753] INFO: Iter 5000 Summary: 
[2025-01-27 11:47:59,753] INFO: 	 lr: 0.009999999999999962 	 Training loss: 0.03381929922942072
[2025-01-27 11:48:00,081] INFO: 	 Body Test loss: 7.6800000000000015
[2025-01-27 11:48:00,082] INFO: 	 RH Test loss: 3.8732072172212053
[2025-01-27 11:48:00,082] INFO: 	 F1 score: 0.31718333107221997
[2025-01-27 11:48:00,431] INFO: 	 Total number of parameters: 169578
[2025-01-27 11:48:01,150] INFO: Testing with subject ['S10'] 
[2025-01-27 11:48:01,150] INFO: Training with subjects ['S5', 'S3', 'S6', 'S8', 'S9', 'S4', 'S7'] 
[2025-01-27 11:48:18,607] INFO: Iter 250 Summary: 
[2025-01-27 11:48:18,607] INFO: 	 lr: 0.009999999999999962 	 Training loss: 0.34665820592641833
[2025-01-27 11:48:19,008] INFO: 	 Body Test loss: 22.503200000000003
[2025-01-27 11:48:19,008] INFO: 	 RH Test loss: 24.453748490094476
[2025-01-27 11:48:19,008] INFO: 	 F1 score: 0.42924528301886794
[2025-01-27 11:48:36,828] INFO: Iter 500 Summary: 
[2025-01-27 11:48:36,828] INFO: 	 lr: 0.009999999999999962 	 Training loss: 0.2505489822328091
[2025-01-27 11:48:37,233] INFO: 	 Body Test loss: 15.1548
[2025-01-27 11:48:37,234] INFO: 	 RH Test loss: 16.89035740203437
[2025-01-27 11:48:37,234] INFO: 	 F1 score: 0.4274447949526814
[2025-01-27 11:48:56,141] INFO: Iter 750 Summary: 
[2025-01-27 11:48:56,142] INFO: 	 lr: 0.009999999999999962 	 Training loss: 0.13279007279872895
[2025-01-27 11:48:56,514] INFO: 	 Body Test loss: 11.022
[2025-01-27 11:48:56,514] INFO: 	 RH Test loss: 13.045613026684636
[2025-01-27 11:48:56,514] INFO: 	 F1 score: 0.4205905826017558
[2025-01-27 11:49:14,247] INFO: Iter 1000 Summary: 
[2025-01-27 11:49:14,248] INFO: 	 lr: 0.009999999999999962 	 Training loss: 0.10503537333011627
[2025-01-27 11:49:14,612] INFO: 	 Body Test loss: 10.675999999999998
[2025-01-27 11:49:14,612] INFO: 	 RH Test loss: 14.1307521347172
[2025-01-27 11:49:14,612] INFO: 	 F1 score: 0.47173836504231487
[2025-01-27 11:49:32,398] INFO: Iter 1250 Summary: 
[2025-01-27 11:49:32,398] INFO: 	 lr: 0.009999999999999962 	 Training loss: 0.08522477228939533
[2025-01-27 11:49:32,762] INFO: 	 Body Test loss: 10.05
[2025-01-27 11:49:32,763] INFO: 	 RH Test loss: 12.18865019995319
[2025-01-27 11:49:32,763] INFO: 	 F1 score: 0.4552409537402401
[2025-01-27 11:49:50,618] INFO: Iter 1500 Summary: 
[2025-01-27 11:49:50,618] INFO: 	 lr: 0.009999999999999962 	 Training loss: 0.07624043289572001
[2025-01-27 11:49:51,065] INFO: 	 Body Test loss: 9.666400000000001
[2025-01-27 11:49:51,065] INFO: 	 RH Test loss: 11.53321888989325
[2025-01-27 11:49:51,065] INFO: 	 F1 score: 0.3586251244523595
[2025-01-27 11:50:09,103] INFO: Iter 1750 Summary: 
[2025-01-27 11:50:09,103] INFO: 	 lr: 0.009999999999999962 	 Training loss: 0.06738628156483173
[2025-01-27 11:50:09,584] INFO: 	 Body Test loss: 10.3672
[2025-01-27 11:50:09,584] INFO: 	 RH Test loss: 12.433097818337853
[2025-01-27 11:50:09,584] INFO: 	 F1 score: 0.413564734336029
[2025-01-27 11:50:27,143] INFO: Iter 2000 Summary: 
[2025-01-27 11:50:27,143] INFO: 	 lr: 0.009999999999999962 	 Training loss: 0.06433530696108937
[2025-01-27 11:50:27,547] INFO: 	 Body Test loss: 8.9208
[2025-01-27 11:50:27,548] INFO: 	 RH Test loss: 11.596114467484234
[2025-01-27 11:50:27,548] INFO: 	 F1 score: 0.4617110266159696
[2025-01-27 11:50:44,759] INFO: Iter 2250 Summary: 
[2025-01-27 11:50:44,759] INFO: 	 lr: 0.009999999999999962 	 Training loss: 0.056018499676138166
[2025-01-27 11:50:45,132] INFO: 	 Body Test loss: 9.6888
[2025-01-27 11:50:45,132] INFO: 	 RH Test loss: 12.939090513959734
[2025-01-27 11:50:45,132] INFO: 	 F1 score: 0.4803345388788427
[2025-01-27 11:51:01,849] INFO: Iter 2500 Summary: 
[2025-01-27 11:51:01,849] INFO: 	 lr: 0.009999999999999962 	 Training loss: 0.05280789614468813
[2025-01-27 11:51:02,241] INFO: 	 Body Test loss: 9.4956
[2025-01-27 11:51:02,241] INFO: 	 RH Test loss: 12.030967901560885
[2025-01-27 11:51:02,241] INFO: 	 F1 score: 0.4360470623898751
[2025-01-27 11:51:18,984] INFO: Iter 2750 Summary: 
[2025-01-27 11:51:18,985] INFO: 	 lr: 0.009999999999999962 	 Training loss: 0.045598820144310596
[2025-01-27 11:51:19,379] INFO: 	 Body Test loss: 8.2152
[2025-01-27 11:51:19,379] INFO: 	 RH Test loss: 10.141341204682657
[2025-01-27 11:51:19,379] INFO: 	 F1 score: 0.4625879970047225
[2025-01-27 11:51:36,531] INFO: Iter 3000 Summary: 
[2025-01-27 11:51:36,532] INFO: 	 lr: 0.009999999999999962 	 Training loss: 0.04203804524056613
[2025-01-27 11:51:36,930] INFO: 	 Body Test loss: 8.7476
[2025-01-27 11:51:36,930] INFO: 	 RH Test loss: 9.47256764982029
[2025-01-27 11:51:36,930] INFO: 	 F1 score: 0.4409510930809105
[2025-01-27 11:51:54,010] INFO: Iter 3250 Summary: 
[2025-01-27 11:51:54,010] INFO: 	 lr: 0.009999999999999962 	 Training loss: 0.04382361830025911
[2025-01-27 11:51:54,399] INFO: 	 Body Test loss: 8.547600000000001
[2025-01-27 11:51:54,399] INFO: 	 RH Test loss: 9.9626080389522
[2025-01-27 11:51:54,399] INFO: 	 F1 score: 0.44123950831759373
[2025-01-27 11:52:11,200] INFO: Iter 3500 Summary: 
[2025-01-27 11:52:11,200] INFO: 	 lr: 0.009999999999999962 	 Training loss: 0.0415231114346534
[2025-01-27 11:52:11,575] INFO: 	 Body Test loss: 8.8296
[2025-01-27 11:52:11,575] INFO: 	 RH Test loss: 11.384949149139656
[2025-01-27 11:52:11,575] INFO: 	 F1 score: 0.427388346643005
[2025-01-27 11:52:28,416] INFO: Iter 3750 Summary: 
[2025-01-27 11:52:28,416] INFO: 	 lr: 0.009999999999999962 	 Training loss: 0.04081777695380151
[2025-01-27 11:52:28,786] INFO: 	 Body Test loss: 7.953200000000001
[2025-01-27 11:52:28,786] INFO: 	 RH Test loss: 9.155510783550168
[2025-01-27 11:52:28,786] INFO: 	 F1 score: 0.44992034857729335
[2025-01-27 11:52:45,330] INFO: Iter 4000 Summary: 
[2025-01-27 11:52:45,330] INFO: 	 lr: 0.009999999999999962 	 Training loss: 0.033236221073195335
[2025-01-27 11:52:45,688] INFO: 	 Body Test loss: 7.723599999999999
[2025-01-27 11:52:45,688] INFO: 	 RH Test loss: 8.898147894909231
[2025-01-27 11:52:45,688] INFO: 	 F1 score: 0.45642407906558846
[2025-01-27 11:53:02,584] INFO: Iter 4250 Summary: 
[2025-01-27 11:53:02,584] INFO: 	 lr: 0.009999999999999962 	 Training loss: 0.03671318900585174
[2025-01-27 11:53:02,973] INFO: 	 Body Test loss: 7.3576
[2025-01-27 11:53:02,973] INFO: 	 RH Test loss: 7.454167197991994
[2025-01-27 11:53:02,974] INFO: 	 F1 score: 0.45690468810809426
[2025-01-27 11:53:20,166] INFO: Iter 4500 Summary: 
[2025-01-27 11:53:20,166] INFO: 	 lr: 0.009999999999999962 	 Training loss: 0.03423536251112819
[2025-01-27 11:53:20,555] INFO: 	 Body Test loss: 8.6688
[2025-01-27 11:53:20,556] INFO: 	 RH Test loss: 13.224549061168325
[2025-01-27 11:53:20,556] INFO: 	 F1 score: 0.581957773512476
[2025-01-27 11:53:37,351] INFO: Iter 4750 Summary: 
[2025-01-27 11:53:37,351] INFO: 	 lr: 0.009999999999999962 	 Training loss: 0.038697888776659965
[2025-01-27 11:53:37,751] INFO: 	 Body Test loss: 7.719999999999999
[2025-01-27 11:53:37,751] INFO: 	 RH Test loss: 8.85584327802842
[2025-01-27 11:53:37,751] INFO: 	 F1 score: 0.4669941980903701
[2025-01-27 11:53:54,664] INFO: Iter 5000 Summary: 
[2025-01-27 11:53:54,664] INFO: 	 lr: 0.009999999999999962 	 Training loss: 0.037130301710218194
[2025-01-27 11:53:55,043] INFO: 	 Body Test loss: 7.218
[2025-01-27 11:53:55,043] INFO: 	 RH Test loss: 7.562340592313404
[2025-01-27 11:53:55,043] INFO: 	 F1 score: 0.4546132010649315
[2025-01-27 11:53:55,453] INFO: 	 Total number of parameters: 169578
[2025-01-27 11:53:56,191] INFO: Testing with subject ['S7'] 
[2025-01-27 11:53:56,191] INFO: Training with subjects ['S5', 'S3', 'S6', 'S8', 'S9', 'S4', 'S10'] 
[2025-01-27 11:54:13,331] INFO: Iter 250 Summary: 
[2025-01-27 11:54:13,331] INFO: 	 lr: 0.009999999999999962 	 Training loss: 0.35675256204605105
[2025-01-27 11:54:13,722] INFO: 	 Body Test loss: 20.481600000000004
[2025-01-27 11:54:13,722] INFO: 	 RH Test loss: 14.050951521929573
[2025-01-27 11:54:13,722] INFO: 	 F1 score: 0.455564451561249
[2025-01-27 11:54:30,519] INFO: Iter 500 Summary: 
[2025-01-27 11:54:30,519] INFO: 	 lr: 0.009999999999999962 	 Training loss: 0.3176778101325035
[2025-01-27 11:54:30,907] INFO: 	 Body Test loss: 13.485600000000002
[2025-01-27 11:54:30,907] INFO: 	 RH Test loss: 5.974835251303281
[2025-01-27 11:54:30,907] INFO: 	 F1 score: 0.6128940439763751
[2025-01-27 11:54:47,720] INFO: Iter 750 Summary: 
[2025-01-27 11:54:47,720] INFO: 	 lr: 0.009999999999999962 	 Training loss: 0.2111727207303047
[2025-01-27 11:54:48,114] INFO: 	 Body Test loss: 15.636800000000001
[2025-01-27 11:54:48,114] INFO: 	 RH Test loss: 5.926102156246412
[2025-01-27 11:54:48,114] INFO: 	 F1 score: 0.7786458333333333
[2025-01-27 11:55:04,847] INFO: Iter 1000 Summary: 
[2025-01-27 11:55:04,847] INFO: 	 lr: 0.009999999999999962 	 Training loss: 0.15765049293637276
[2025-01-27 11:55:05,251] INFO: 	 Body Test loss: 18.117599999999996
[2025-01-27 11:55:05,251] INFO: 	 RH Test loss: 8.213948859495277
[2025-01-27 11:55:05,251] INFO: 	 F1 score: 0.455564451561249
[2025-01-27 11:55:22,004] INFO: Iter 1250 Summary: 
[2025-01-27 11:55:22,004] INFO: 	 lr: 0.009999999999999962 	 Training loss: 0.1344754508137703
[2025-01-27 11:55:22,385] INFO: 	 Body Test loss: 14.101600000000001
[2025-01-27 11:55:22,385] INFO: 	 RH Test loss: 4.971070481693044
[2025-01-27 11:55:22,385] INFO: 	 F1 score: 0.4551282051282051
[2025-01-27 11:55:39,108] INFO: Iter 1500 Summary: 
[2025-01-27 11:55:39,108] INFO: 	 lr: 0.009999999999999962 	 Training loss: 0.10996194677054882
[2025-01-27 11:55:39,480] INFO: 	 Body Test loss: 15.177599999999998
[2025-01-27 11:55:39,481] INFO: 	 RH Test loss: 6.412892174440271
[2025-01-27 11:55:39,481] INFO: 	 F1 score: 0.455564451561249
[2025-01-27 11:55:56,391] INFO: Iter 1750 Summary: 
[2025-01-27 11:55:56,391] INFO: 	 lr: 0.009999999999999962 	 Training loss: 0.11465608106553554
[2025-01-27 11:55:56,784] INFO: 	 Body Test loss: 15.308800000000002
[2025-01-27 11:55:56,784] INFO: 	 RH Test loss: 7.292665363536162
[2025-01-27 11:55:56,784] INFO: 	 F1 score: 0.455564451561249
[2025-01-27 11:56:13,478] INFO: Iter 2000 Summary: 
[2025-01-27 11:56:13,478] INFO: 	 lr: 0.009999999999999962 	 Training loss: 0.09292074772715568
[2025-01-27 11:56:13,874] INFO: 	 Body Test loss: 10.72
[2025-01-27 11:56:13,875] INFO: 	 RH Test loss: 4.689455115598791
[2025-01-27 11:56:13,875] INFO: 	 F1 score: 0.455564451561249
[2025-01-27 11:56:30,872] INFO: Iter 2250 Summary: 
[2025-01-27 11:56:30,872] INFO: 	 lr: 0.009999999999999962 	 Training loss: 0.078861621953547
[2025-01-27 11:56:31,256] INFO: 	 Body Test loss: 10.3892
[2025-01-27 11:56:31,257] INFO: 	 RH Test loss: 4.566305528304157
[2025-01-27 11:56:31,257] INFO: 	 F1 score: 0.5651946967324355
[2025-01-27 11:56:48,158] INFO: Iter 2500 Summary: 
[2025-01-27 11:56:48,158] INFO: 	 lr: 0.009999999999999962 	 Training loss: 0.07642606537789107
[2025-01-27 11:56:48,543] INFO: 	 Body Test loss: 9.6844
[2025-01-27 11:56:48,543] INFO: 	 RH Test loss: 4.077321346395156
[2025-01-27 11:56:48,543] INFO: 	 F1 score: 0.47399422330407137
[2025-01-27 11:57:05,295] INFO: Iter 2750 Summary: 
[2025-01-27 11:57:05,295] INFO: 	 lr: 0.009999999999999962 	 Training loss: 0.07180286676436663
[2025-01-27 11:57:05,651] INFO: 	 Body Test loss: 9.5668
[2025-01-27 11:57:05,651] INFO: 	 RH Test loss: 5.1951421558155735
[2025-01-27 11:57:05,651] INFO: 	 F1 score: 0.6291648797327276
[2025-01-27 11:57:22,630] INFO: Iter 3000 Summary: 
[2025-01-27 11:57:22,630] INFO: 	 lr: 0.009999999999999962 	 Training loss: 0.06934993558004499
[2025-01-27 11:57:23,015] INFO: 	 Body Test loss: 8.6584
[2025-01-27 11:57:23,016] INFO: 	 RH Test loss: 4.47046596695395
[2025-01-27 11:57:23,016] INFO: 	 F1 score: 0.454691259021652
[2025-01-27 11:57:40,103] INFO: Iter 3250 Summary: 
[2025-01-27 11:57:40,103] INFO: 	 lr: 0.009999999999999962 	 Training loss: 0.06265412406250835
[2025-01-27 11:57:40,482] INFO: 	 Body Test loss: 9.0608
[2025-01-27 11:57:40,483] INFO: 	 RH Test loss: 3.254563756493961
[2025-01-27 11:57:40,483] INFO: 	 F1 score: 0.455564451561249
[2025-01-27 11:57:57,179] INFO: Iter 3500 Summary: 
[2025-01-27 11:57:57,179] INFO: 	 lr: 0.009999999999999962 	 Training loss: 0.05318053998425603
[2025-01-27 11:57:57,545] INFO: 	 Body Test loss: 7.870799999999999
[2025-01-27 11:57:57,546] INFO: 	 RH Test loss: 2.9431351795196536
[2025-01-27 11:57:57,546] INFO: 	 F1 score: 0.455564451561249
[2025-01-27 11:58:14,336] INFO: Iter 3750 Summary: 
[2025-01-27 11:58:14,336] INFO: 	 lr: 0.009999999999999962 	 Training loss: 0.047705780383199455
[2025-01-27 11:58:14,727] INFO: 	 Body Test loss: 7.4468
[2025-01-27 11:58:14,727] INFO: 	 RH Test loss: 2.6709221258724436
[2025-01-27 11:58:14,728] INFO: 	 F1 score: 0.4551282051282051
[2025-01-27 11:58:31,792] INFO: Iter 4000 Summary: 
[2025-01-27 11:58:31,793] INFO: 	 lr: 0.009999999999999962 	 Training loss: 0.045199547592550515
[2025-01-27 11:58:32,179] INFO: 	 Body Test loss: 7.7608
[2025-01-27 11:58:32,180] INFO: 	 RH Test loss: 2.2721983432769775
[2025-01-27 11:58:32,180] INFO: 	 F1 score: 0.455564451561249
[2025-01-27 11:58:49,048] INFO: Iter 4250 Summary: 
[2025-01-27 11:58:49,048] INFO: 	 lr: 0.009999999999999962 	 Training loss: 0.053259107794612646
[2025-01-27 11:58:49,434] INFO: 	 Body Test loss: 9.554
[2025-01-27 11:58:49,434] INFO: 	 RH Test loss: 3.248364469864789
[2025-01-27 11:58:49,434] INFO: 	 F1 score: 0.455564451561249
[2025-01-27 11:59:06,455] INFO: Iter 4500 Summary: 
[2025-01-27 11:59:06,455] INFO: 	 lr: 0.009999999999999962 	 Training loss: 0.042862463627010586
[2025-01-27 11:59:06,849] INFO: 	 Body Test loss: 8.8932
[2025-01-27 11:59:06,849] INFO: 	 RH Test loss: 2.873974689708037
[2025-01-27 11:59:06,849] INFO: 	 F1 score: 0.455564451561249
[2025-01-27 11:59:25,765] INFO: Iter 4750 Summary: 
[2025-01-27 11:59:25,765] INFO: 	 lr: 0.009999999999999962 	 Training loss: 0.04143807677365839
[2025-01-27 11:59:26,127] INFO: 	 Body Test loss: 8.424
[2025-01-27 11:59:26,127] INFO: 	 RH Test loss: 2.9541184593649477
[2025-01-27 11:59:26,127] INFO: 	 F1 score: 0.455564451561249
[2025-01-27 11:59:43,751] INFO: Iter 5000 Summary: 
[2025-01-27 11:59:43,752] INFO: 	 lr: 0.009999999999999962 	 Training loss: 0.03547131019365042
[2025-01-27 11:59:44,146] INFO: 	 Body Test loss: 8.224800000000002
[2025-01-27 11:59:44,146] INFO: 	 RH Test loss: 2.9952502288818357
[2025-01-27 11:59:44,146] INFO: 	 F1 score: 0.455564451561249
[2025-01-27 11:59:44,550] INFO: 	 Total number of parameters: 169578
[2025-01-27 11:59:44,572] INFO: Mean L2_body is 8.2841
[2025-01-27 11:59:44,572] INFO: Mean L2_right_hand is 9.459382662550388
[2025-01-27 11:59:44,572] INFO: Under 0.10 is 0.0
[2025-01-27 11:59:44,572] INFO: Under 0.15 is 0.0
[2025-01-27 11:59:44,572] INFO: Under 0.20 is 0.0
[2025-01-27 11:59:44,572] INFO: Under 0.30 is 0.0
[2025-01-27 11:59:44,572] INFO: Under 0.35 is 0.0
[2025-01-27 11:59:44,572] INFO: Under 0.40 is 0.0
[2025-01-27 11:59:44,572] INFO: Intention Accuracy is 63.935212278344125
[2025-01-27 11:59:44,572] INFO: F1 Score is 0.41657441648342736
[2025-01-27 11:59:44,572] INFO: F1 Score Binary is 0.41657441648342736
[2025-01-27 11:59:44,573] INFO: Metrics are {'L2_body': [6.919200000000001, 8.2904, 10.361600000000001, 6.2412, 11.337600000000002, 7.6800000000000015, 7.218, 8.224800000000002], 'L2_right_hand': [11.866899520353524, 8.510526269641888, 14.765936855415314, 6.214435280288196, 19.88646533628775, 3.8732072172212053, 7.562340592313404, 2.9952502288818357], 'under_0.10m': [0.0, 0.0, 0.0, 0.0, 0.0, 0.0, 0.0, 0.0], 'under_0.15m': [0.0, 0.0, 0.0, 0.0, 0.0, 0.0, 0.0, 0.0], 'under_0.20m': [0.0, 0.0, 0.0, 0.0, 0.0, 0.0, 0.0, 0.0], 'under_0.30m': [0.0, 0.0, 0.0, 0.0, 0.0, 0.0, 0.0, 0.0], 'under_0.35m': [0.0, 0.0, 0.0, 0.0, 0.0, 0.0, 0.0, 0.0], 'under_0.40m': [0.0, 0.0, 0.0, 0.0, 0.0, 0.0, 0.0, 0.0], 'accuracy': [94.61400359066428, 46.37462235649547, 44.45964432284541, 82.36775818639799, 77.21046077210461, 34.43163097199341, 48.34710743801653, 83.67647058823529], 'f1_score': [0.48616236162361626, 0.4005137506090266, 0.3312015503875969, 0.4516574585635359, 0.43569922698524244, 0.31718333107221997, 0.4546132010649315, 0.455564451561249], 'f1_score_binary': [0.48616236162361626, 0.4005137506090266, 0.3312015503875969, 0.4516574585635359, 0.43569922698524244, 0.31718333107221997, 0.4546132010649315, 0.455564451561249]}
