[2025-01-20 12:35:36,682] INFO: {
    "abs_dir": "/home/gerard/Documents/IRI/Repos/siMLPe/exps/baseline_handover",
    "actions_to_load": "all",
    "batch_size": 256,
    "classifier": {
        "flatten": true
    },
    "cos_lr_max": 0.01,
    "cos_lr_min": 1e-05,
    "cos_lr_total_iters": 5000,
    "cosine_lr": true,
    "data_aug": true,
    "deriv_input": true,
    "deriv_output": true,
    "eval_condition_with_classifier_int": false,
    "eval_every": 250,
    "handover_anno_dir": "/home/gerard/Documents/IRI/Repos/siMLPe/data/handover/",
    "link_log_file": "/home/gerard/Documents/IRI/Repos/siMLPe/exps/baseline_handover/log/log_last.log",
    "link_val_log_file": "/home/gerard/Documents/IRI/Repos/siMLPe/exps/baseline_handover/log/val_last.log",
    "log_dir": "/home/gerard/Documents/IRI/Repos/siMLPe/exps/baseline_handover/log",
    "log_file": "/home/gerard/Documents/IRI/Repos/siMLPe/exps/baseline_handover/log/log_2025_01_20_12_30_38.log",
    "log_file_leave_one_out": "/home/gerard/Documents/IRI/Repos/siMLPe/exps/baseline_handover/log/log_loo2025_01_20_12_30_38.log",
    "model_pth": null,
    "motion": {
        "dim": 27,
        "handover_input_length": 50,
        "handover_input_length_dct": 50,
        "handover_target_length": 10,
        "handover_target_length_eval": 25,
        "handover_target_length_train": 10
    },
    "motion_fc_in": {
        "activation": "relu",
        "in_features": 27,
        "init_w_trunc_normal": false,
        "out_features": 27,
        "temporal_fc": false,
        "with_norm": false
    },
    "motion_fc_out": {
        "activation": "relu",
        "in_features": 27,
        "init_w_trunc_normal": true,
        "out_features": 27,
        "temporal_fc": false,
        "with_norm": false
    },
    "motion_gcn_in": {
        "do": 0,
        "gcn_in": false,
        "in_features": 27,
        "n_node": 50,
        "num_stage": 0,
        "out_features": 27
    },
    "motion_gcn_out": {
        "do": 0,
        "gcn_out": false,
        "in_features": 27,
        "n_node": 50,
        "num_stage": 0,
        "out_features": 27
    },
    "motion_int": {
        "binary": true,
        "input_dim": 1,
        "int_cond": false,
        "num_emb": 2,
        "output_dim": 27
    },
    "motion_mlp": {
        "hidden_dim": 27,
        "norm_axis": "spatial",
        "num_layers": 48,
        "seq_len": 50,
        "spatial_fc_only": false,
        "with_normalization": true
    },
    "motion_ree": {
        "embedding_size": 3,
        "gcn_concatenation": false,
        "gcn_do": 0,
        "gcn_n_node": 50,
        "gcn_num_stage": 0,
        "input_dim": 3,
        "ree_concatenation": false,
        "ree_cond": false,
        "ree_sum": false
    },
    "num_workers": 6,
    "only_classification": false,
    "post_dct": false,
    "pre_dct": false,
    "print_every": 250,
    "repo_name": "siMLPe",
    "root_dir": "/home/gerard/Documents/IRI/Repos/siMLPe",
    "save_every": 5000,
    "seed": 304,
    "shift_step": 1,
    "snapshot_dir": "/home/gerard/Documents/IRI/Repos/siMLPe/exps/baseline_handover/log/snapshot",
    "this_dir": "baseline_handover",
    "total_iters": 5000,
    "use_colab_loss": false,
    "use_int_class": false,
    "use_loss_layer": false,
    "use_ree_loss": false,
    "use_relative_loss": true,
    "use_relative_loss_rh": false,
    "use_rh_distance_joints_loss": false,
    "use_rh_loss": false,
    "val_log_file": "/home/gerard/Documents/IRI/Repos/siMLPe/exps/baseline_handover/log/val_2025_01_20_12_30_38.log",
    "viz_GCN_folder": false,
    "weight_decay": 0.0001
}
[2025-01-20 12:35:37,375] INFO: Testing with subject ['S5'] 
[2025-01-20 12:35:37,375] INFO: Training with subjects ['S3', 'S6', 'S8', 'S9', 'S4', 'S7', 'S10'] 
[2025-01-20 12:35:51,725] INFO: Iter 250 Summary: 
[2025-01-20 12:35:51,725] INFO: 	 lr: 0.009999999999999962 	 Training loss: 0.7460868272781372
[2025-01-20 12:35:51,999] INFO: 	 Body Test loss: 0.29760000000000003
[2025-01-20 12:35:51,999] INFO: 	 RH Test loss: 0.3359564062423296
[2025-01-20 12:35:51,999] INFO: 	 F1 score: 0
[2025-01-20 12:36:06,232] INFO: Iter 500 Summary: 
[2025-01-20 12:36:06,233] INFO: 	 lr: 0.009999999999999962 	 Training loss: 0.2982603040933609
[2025-01-20 12:36:06,507] INFO: 	 Body Test loss: 0.2064
[2025-01-20 12:36:06,507] INFO: 	 RH Test loss: 0.2560112058752529
[2025-01-20 12:36:06,507] INFO: 	 F1 score: 0
[2025-01-20 12:36:20,734] INFO: Iter 750 Summary: 
[2025-01-20 12:36:20,734] INFO: 	 lr: 0.009999999999999962 	 Training loss: 0.27204736512899397
[2025-01-20 12:36:21,010] INFO: 	 Body Test loss: 0.19039999999999999
[2025-01-20 12:36:21,010] INFO: 	 RH Test loss: 0.24477196486248792
[2025-01-20 12:36:21,010] INFO: 	 F1 score: 0
[2025-01-20 12:36:35,417] INFO: Iter 1000 Summary: 
[2025-01-20 12:36:35,417] INFO: 	 lr: 0.009999999999999962 	 Training loss: 0.26970649671554564
[2025-01-20 12:36:35,693] INFO: 	 Body Test loss: 0.2148
[2025-01-20 12:36:35,693] INFO: 	 RH Test loss: 0.2632917843173179
[2025-01-20 12:36:35,693] INFO: 	 F1 score: 0
[2025-01-20 12:36:50,089] INFO: Iter 1250 Summary: 
[2025-01-20 12:36:50,089] INFO: 	 lr: 0.009999999999999962 	 Training loss: 0.26427132630348205
[2025-01-20 12:36:50,363] INFO: 	 Body Test loss: 0.2
[2025-01-20 12:36:50,363] INFO: 	 RH Test loss: 0.2565021894650143
[2025-01-20 12:36:50,363] INFO: 	 F1 score: 0
[2025-01-20 12:37:04,625] INFO: Iter 1500 Summary: 
[2025-01-20 12:37:04,625] INFO: 	 lr: 0.009999999999999962 	 Training loss: 0.2593725317120552
[2025-01-20 12:37:04,900] INFO: 	 Body Test loss: 0.20800000000000002
[2025-01-20 12:37:04,900] INFO: 	 RH Test loss: 0.25547565912215886
[2025-01-20 12:37:04,900] INFO: 	 F1 score: 0
[2025-01-20 12:37:19,471] INFO: Iter 1750 Summary: 
[2025-01-20 12:37:19,471] INFO: 	 lr: 0.009999999999999962 	 Training loss: 0.2558160321116447
[2025-01-20 12:37:19,747] INFO: 	 Body Test loss: 0.1884
[2025-01-20 12:37:19,747] INFO: 	 RH Test loss: 0.2359152429536172
[2025-01-20 12:37:19,747] INFO: 	 F1 score: 0
[2025-01-20 12:37:34,234] INFO: Iter 2000 Summary: 
[2025-01-20 12:37:34,234] INFO: 	 lr: 0.009999999999999962 	 Training loss: 0.25266939169168473
[2025-01-20 12:37:34,508] INFO: 	 Body Test loss: 0.18960000000000002
[2025-01-20 12:37:34,508] INFO: 	 RH Test loss: 0.24106697784506015
[2025-01-20 12:37:34,508] INFO: 	 F1 score: 0
[2025-01-20 12:37:49,009] INFO: Iter 2250 Summary: 
[2025-01-20 12:37:49,009] INFO: 	 lr: 0.009999999999999962 	 Training loss: 0.2512618029117584
[2025-01-20 12:37:49,284] INFO: 	 Body Test loss: 0.17559999999999998
[2025-01-20 12:37:49,284] INFO: 	 RH Test loss: 0.23270734232246768
[2025-01-20 12:37:49,284] INFO: 	 F1 score: 0
[2025-01-20 12:38:03,800] INFO: Iter 2500 Summary: 
[2025-01-20 12:38:03,800] INFO: 	 lr: 0.009999999999999962 	 Training loss: 0.24956459528207778
[2025-01-20 12:38:04,081] INFO: 	 Body Test loss: 0.20800000000000002
[2025-01-20 12:38:04,081] INFO: 	 RH Test loss: 0.2526818272027336
[2025-01-20 12:38:04,081] INFO: 	 F1 score: 0
[2025-01-20 12:38:18,344] INFO: Iter 2750 Summary: 
[2025-01-20 12:38:18,344] INFO: 	 lr: 0.009999999999999962 	 Training loss: 0.2469315994977951
[2025-01-20 12:38:18,623] INFO: 	 Body Test loss: 0.18439999999999998
[2025-01-20 12:38:18,623] INFO: 	 RH Test loss: 0.23955146608061598
[2025-01-20 12:38:18,623] INFO: 	 F1 score: 0
[2025-01-20 12:38:32,842] INFO: Iter 3000 Summary: 
[2025-01-20 12:38:32,843] INFO: 	 lr: 0.009999999999999962 	 Training loss: 0.24636244034767152
[2025-01-20 12:38:33,115] INFO: 	 Body Test loss: 0.1588
[2025-01-20 12:38:33,116] INFO: 	 RH Test loss: 0.22128761442174175
[2025-01-20 12:38:33,116] INFO: 	 F1 score: 0
[2025-01-20 12:38:47,505] INFO: Iter 3250 Summary: 
[2025-01-20 12:38:47,505] INFO: 	 lr: 0.009999999999999962 	 Training loss: 0.24474085438251494
[2025-01-20 12:38:47,782] INFO: 	 Body Test loss: 0.16879999999999998
[2025-01-20 12:38:47,782] INFO: 	 RH Test loss: 0.22146488764983746
[2025-01-20 12:38:47,782] INFO: 	 F1 score: 0
[2025-01-20 12:39:01,996] INFO: Iter 3500 Summary: 
[2025-01-20 12:39:01,996] INFO: 	 lr: 0.009999999999999962 	 Training loss: 0.24503030455112457
[2025-01-20 12:39:02,274] INFO: 	 Body Test loss: 0.1824
[2025-01-20 12:39:02,274] INFO: 	 RH Test loss: 0.2566464440570057
[2025-01-20 12:39:02,274] INFO: 	 F1 score: 0
[2025-01-20 12:39:16,524] INFO: Iter 3750 Summary: 
[2025-01-20 12:39:16,525] INFO: 	 lr: 0.009999999999999962 	 Training loss: 0.2439996190071106
[2025-01-20 12:39:16,805] INFO: 	 Body Test loss: 0.18239999999999998
[2025-01-20 12:39:16,805] INFO: 	 RH Test loss: 0.2401241586024286
[2025-01-20 12:39:16,805] INFO: 	 F1 score: 0
[2025-01-20 12:39:31,205] INFO: Iter 4000 Summary: 
[2025-01-20 12:39:31,205] INFO: 	 lr: 0.009999999999999962 	 Training loss: 0.2432626394033432
[2025-01-20 12:39:31,482] INFO: 	 Body Test loss: 0.1796
[2025-01-20 12:39:31,482] INFO: 	 RH Test loss: 0.23362767409593455
[2025-01-20 12:39:31,482] INFO: 	 F1 score: 0
[2025-01-20 12:39:45,717] INFO: Iter 4250 Summary: 
[2025-01-20 12:39:45,717] INFO: 	 lr: 0.009999999999999962 	 Training loss: 0.24050445288419722
[2025-01-20 12:39:45,994] INFO: 	 Body Test loss: 0.18359999999999999
[2025-01-20 12:39:45,994] INFO: 	 RH Test loss: 0.2331241784018717
[2025-01-20 12:39:45,994] INFO: 	 F1 score: 0
[2025-01-20 12:40:00,257] INFO: Iter 4500 Summary: 
[2025-01-20 12:40:00,258] INFO: 	 lr: 0.009999999999999962 	 Training loss: 0.24172003251314164
[2025-01-20 12:40:00,534] INFO: 	 Body Test loss: 0.2096
[2025-01-20 12:40:00,534] INFO: 	 RH Test loss: 0.2680490126001985
[2025-01-20 12:40:00,534] INFO: 	 F1 score: 0
[2025-01-20 12:40:14,929] INFO: Iter 4750 Summary: 
[2025-01-20 12:40:14,929] INFO: 	 lr: 0.009999999999999962 	 Training loss: 0.2402347667813301
[2025-01-20 12:40:15,213] INFO: 	 Body Test loss: 0.20079999999999998
[2025-01-20 12:40:15,213] INFO: 	 RH Test loss: 0.25188627780660905
[2025-01-20 12:40:15,213] INFO: 	 F1 score: 0
[2025-01-20 12:40:29,890] INFO: Iter 5000 Summary: 
[2025-01-20 12:40:29,891] INFO: 	 lr: 0.009999999999999962 	 Training loss: 0.23936695927381516
[2025-01-20 12:40:30,169] INFO: 	 Body Test loss: 0.18719999999999998
[2025-01-20 12:40:30,169] INFO: 	 RH Test loss: 0.23771963396877105
[2025-01-20 12:40:30,169] INFO: 	 F1 score: 0
[2025-01-20 12:40:30,463] INFO: 	 Total number of parameters: 126504
[2025-01-20 12:40:31,196] INFO: Testing with subject ['S3'] 
[2025-01-20 12:40:31,196] INFO: Training with subjects ['S5', 'S6', 'S8', 'S9', 'S4', 'S7', 'S10'] 
[2025-01-20 12:40:46,269] INFO: Iter 250 Summary: 
[2025-01-20 12:40:46,269] INFO: 	 lr: 0.009999999999999962 	 Training loss: 0.7314951300621033
[2025-01-20 12:40:46,610] INFO: 	 Body Test loss: 0.2748
[2025-01-20 12:40:46,610] INFO: 	 RH Test loss: 0.2961191447912026
[2025-01-20 12:40:46,610] INFO: 	 F1 score: 0
[2025-01-20 12:41:01,766] INFO: Iter 500 Summary: 
[2025-01-20 12:41:01,767] INFO: 	 lr: 0.009999999999999962 	 Training loss: 0.3116892799139023
[2025-01-20 12:41:02,103] INFO: 	 Body Test loss: 0.24600000000000002
[2025-01-20 12:41:02,103] INFO: 	 RH Test loss: 0.26933056721154297
[2025-01-20 12:41:02,103] INFO: 	 F1 score: 0
[2025-01-20 12:41:16,692] INFO: Iter 750 Summary: 
[2025-01-20 12:41:16,693] INFO: 	 lr: 0.009999999999999962 	 Training loss: 0.2839798999428749
[2025-01-20 12:41:17,024] INFO: 	 Body Test loss: 0.24200000000000002
[2025-01-20 12:41:17,025] INFO: 	 RH Test loss: 0.26409289324751795
[2025-01-20 12:41:17,025] INFO: 	 F1 score: 0
[2025-01-20 12:41:31,666] INFO: Iter 1000 Summary: 
[2025-01-20 12:41:31,667] INFO: 	 lr: 0.009999999999999962 	 Training loss: 0.27054772871732713
[2025-01-20 12:41:31,997] INFO: 	 Body Test loss: 0.22759999999999997
[2025-01-20 12:41:31,997] INFO: 	 RH Test loss: 0.25313299564436487
[2025-01-20 12:41:31,997] INFO: 	 F1 score: 0
[2025-01-20 12:41:46,854] INFO: Iter 1250 Summary: 
[2025-01-20 12:41:46,854] INFO: 	 lr: 0.009999999999999962 	 Training loss: 0.2658186209797859
[2025-01-20 12:41:47,189] INFO: 	 Body Test loss: 0.2296
[2025-01-20 12:41:47,189] INFO: 	 RH Test loss: 0.25001699917986314
[2025-01-20 12:41:47,189] INFO: 	 F1 score: 0
[2025-01-20 12:42:01,914] INFO: Iter 1500 Summary: 
[2025-01-20 12:42:01,914] INFO: 	 lr: 0.009999999999999962 	 Training loss: 0.2609422158002853
[2025-01-20 12:42:02,245] INFO: 	 Body Test loss: 0.23240000000000002
[2025-01-20 12:42:02,245] INFO: 	 RH Test loss: 0.2538584286676793
[2025-01-20 12:42:02,245] INFO: 	 F1 score: 0
[2025-01-20 12:42:16,993] INFO: Iter 1750 Summary: 
[2025-01-20 12:42:16,993] INFO: 	 lr: 0.009999999999999962 	 Training loss: 0.2580788513422012
[2025-01-20 12:42:17,322] INFO: 	 Body Test loss: 0.22
[2025-01-20 12:42:17,322] INFO: 	 RH Test loss: 0.2461484269433151
[2025-01-20 12:42:17,322] INFO: 	 F1 score: 0
[2025-01-20 12:42:31,988] INFO: Iter 2000 Summary: 
[2025-01-20 12:42:31,988] INFO: 	 lr: 0.009999999999999962 	 Training loss: 0.25573142755031586
[2025-01-20 12:42:32,323] INFO: 	 Body Test loss: 0.23440000000000003
[2025-01-20 12:42:32,323] INFO: 	 RH Test loss: 0.24828027063266023
[2025-01-20 12:42:32,323] INFO: 	 F1 score: 0
[2025-01-20 12:42:47,013] INFO: Iter 2250 Summary: 
[2025-01-20 12:42:47,014] INFO: 	 lr: 0.009999999999999962 	 Training loss: 0.25293461549282076
[2025-01-20 12:42:47,338] INFO: 	 Body Test loss: 0.22279999999999997
[2025-01-20 12:42:47,338] INFO: 	 RH Test loss: 0.2429934993647377
[2025-01-20 12:42:47,338] INFO: 	 F1 score: 0
[2025-01-20 12:43:02,030] INFO: Iter 2500 Summary: 
[2025-01-20 12:43:02,030] INFO: 	 lr: 0.009999999999999962 	 Training loss: 0.2512163127064705
[2025-01-20 12:43:02,357] INFO: 	 Body Test loss: 0.23920000000000002
[2025-01-20 12:43:02,357] INFO: 	 RH Test loss: 0.2698323872190228
[2025-01-20 12:43:02,357] INFO: 	 F1 score: 0
[2025-01-20 12:43:16,877] INFO: Iter 2750 Summary: 
[2025-01-20 12:43:16,877] INFO: 	 lr: 0.009999999999999962 	 Training loss: 0.24842299342155458
[2025-01-20 12:43:17,205] INFO: 	 Body Test loss: 0.22440000000000002
[2025-01-20 12:43:17,205] INFO: 	 RH Test loss: 0.24341861206599233
[2025-01-20 12:43:17,205] INFO: 	 F1 score: 0
[2025-01-20 12:43:31,861] INFO: Iter 3000 Summary: 
[2025-01-20 12:43:31,861] INFO: 	 lr: 0.009999999999999962 	 Training loss: 0.24708127784729003
[2025-01-20 12:43:32,188] INFO: 	 Body Test loss: 0.23440000000000003
[2025-01-20 12:43:32,188] INFO: 	 RH Test loss: 0.2669865654926646
[2025-01-20 12:43:32,188] INFO: 	 F1 score: 0
[2025-01-20 12:43:46,896] INFO: Iter 3250 Summary: 
[2025-01-20 12:43:46,896] INFO: 	 lr: 0.009999999999999962 	 Training loss: 0.2455600889325142
[2025-01-20 12:43:47,225] INFO: 	 Body Test loss: 0.2216
[2025-01-20 12:43:47,225] INFO: 	 RH Test loss: 0.23481936107229248
[2025-01-20 12:43:47,226] INFO: 	 F1 score: 0
[2025-01-20 12:44:01,904] INFO: Iter 3500 Summary: 
[2025-01-20 12:44:01,905] INFO: 	 lr: 0.009999999999999962 	 Training loss: 0.24244603192806244
[2025-01-20 12:44:02,235] INFO: 	 Body Test loss: 0.23800000000000004
[2025-01-20 12:44:02,235] INFO: 	 RH Test loss: 0.24605322582123865
[2025-01-20 12:44:02,235] INFO: 	 F1 score: 0
[2025-01-20 12:44:17,061] INFO: Iter 3750 Summary: 
[2025-01-20 12:44:17,062] INFO: 	 lr: 0.009999999999999962 	 Training loss: 0.24285683619976045
[2025-01-20 12:44:17,389] INFO: 	 Body Test loss: 0.22880000000000003
[2025-01-20 12:44:17,389] INFO: 	 RH Test loss: 0.24458589478561887
[2025-01-20 12:44:17,389] INFO: 	 F1 score: 0
[2025-01-20 12:44:32,061] INFO: Iter 4000 Summary: 
[2025-01-20 12:44:32,062] INFO: 	 lr: 0.009999999999999962 	 Training loss: 0.24179859459400177
[2025-01-20 12:44:32,395] INFO: 	 Body Test loss: 0.21360000000000004
[2025-01-20 12:44:32,395] INFO: 	 RH Test loss: 0.24531929669783556
[2025-01-20 12:44:32,395] INFO: 	 F1 score: 0
[2025-01-20 12:44:47,228] INFO: Iter 4250 Summary: 
[2025-01-20 12:44:47,229] INFO: 	 lr: 0.009999999999999962 	 Training loss: 0.23975592440366744
[2025-01-20 12:44:47,554] INFO: 	 Body Test loss: 0.20800000000000005
[2025-01-20 12:44:47,554] INFO: 	 RH Test loss: 0.23726646529223622
[2025-01-20 12:44:47,554] INFO: 	 F1 score: 0
[2025-01-20 12:45:02,240] INFO: Iter 4500 Summary: 
[2025-01-20 12:45:02,240] INFO: 	 lr: 0.009999999999999962 	 Training loss: 0.23916681855916977
[2025-01-20 12:45:02,567] INFO: 	 Body Test loss: 0.21200000000000002
[2025-01-20 12:45:02,568] INFO: 	 RH Test loss: 0.24319368932182336
[2025-01-20 12:45:02,568] INFO: 	 F1 score: 0
[2025-01-20 12:45:17,152] INFO: Iter 4750 Summary: 
[2025-01-20 12:45:17,152] INFO: 	 lr: 0.009999999999999962 	 Training loss: 0.2378904396891594
[2025-01-20 12:45:17,481] INFO: 	 Body Test loss: 0.214
[2025-01-20 12:45:17,481] INFO: 	 RH Test loss: 0.2397197305904054
[2025-01-20 12:45:17,481] INFO: 	 F1 score: 0
[2025-01-20 12:45:32,286] INFO: Iter 5000 Summary: 
[2025-01-20 12:45:32,286] INFO: 	 lr: 0.009999999999999962 	 Training loss: 0.23688823127746583
[2025-01-20 12:45:32,611] INFO: 	 Body Test loss: 0.2216
[2025-01-20 12:45:32,611] INFO: 	 RH Test loss: 0.2490235005368639
[2025-01-20 12:45:32,611] INFO: 	 F1 score: 0
[2025-01-20 12:45:32,953] INFO: 	 Total number of parameters: 126504
[2025-01-20 12:45:33,668] INFO: Testing with subject ['S6'] 
[2025-01-20 12:45:33,668] INFO: Training with subjects ['S5', 'S3', 'S8', 'S9', 'S4', 'S7', 'S10'] 
[2025-01-20 12:45:48,361] INFO: Iter 250 Summary: 
[2025-01-20 12:45:48,362] INFO: 	 lr: 0.009999999999999962 	 Training loss: 0.6400611470937729
[2025-01-20 12:45:48,699] INFO: 	 Body Test loss: 0.20240000000000002
[2025-01-20 12:45:48,699] INFO: 	 RH Test loss: 0.218255144111435
[2025-01-20 12:45:48,699] INFO: 	 F1 score: 0
[2025-01-20 12:46:03,511] INFO: Iter 500 Summary: 
[2025-01-20 12:46:03,511] INFO: 	 lr: 0.009999999999999962 	 Training loss: 0.2965305500626564
[2025-01-20 12:46:03,846] INFO: 	 Body Test loss: 0.2168
[2025-01-20 12:46:03,846] INFO: 	 RH Test loss: 0.22842528975939458
[2025-01-20 12:46:03,846] INFO: 	 F1 score: 0
[2025-01-20 12:46:18,459] INFO: Iter 750 Summary: 
[2025-01-20 12:46:18,459] INFO: 	 lr: 0.009999999999999962 	 Training loss: 0.27772899782657623
[2025-01-20 12:46:18,792] INFO: 	 Body Test loss: 0.1868
[2025-01-20 12:46:18,792] INFO: 	 RH Test loss: 0.20650291187166353
[2025-01-20 12:46:18,792] INFO: 	 F1 score: 0
[2025-01-20 12:46:33,556] INFO: Iter 1000 Summary: 
[2025-01-20 12:46:33,556] INFO: 	 lr: 0.009999999999999962 	 Training loss: 0.2686441204547882
[2025-01-20 12:46:33,891] INFO: 	 Body Test loss: 0.1852
[2025-01-20 12:46:33,891] INFO: 	 RH Test loss: 0.2052756695414698
[2025-01-20 12:46:33,891] INFO: 	 F1 score: 0
[2025-01-20 12:46:48,601] INFO: Iter 1250 Summary: 
[2025-01-20 12:46:48,601] INFO: 	 lr: 0.009999999999999962 	 Training loss: 0.264491911649704
[2025-01-20 12:46:48,938] INFO: 	 Body Test loss: 0.20520000000000002
[2025-01-20 12:46:48,938] INFO: 	 RH Test loss: 0.21464381701969087
[2025-01-20 12:46:48,938] INFO: 	 F1 score: 0
[2025-01-20 12:47:03,669] INFO: Iter 1500 Summary: 
[2025-01-20 12:47:03,669] INFO: 	 lr: 0.009999999999999962 	 Training loss: 0.25946636390686034
[2025-01-20 12:47:04,003] INFO: 	 Body Test loss: 0.19759999999999997
[2025-01-20 12:47:04,003] INFO: 	 RH Test loss: 0.2229452491165349
[2025-01-20 12:47:04,003] INFO: 	 F1 score: 0
[2025-01-20 12:47:18,792] INFO: Iter 1750 Summary: 
[2025-01-20 12:47:18,792] INFO: 	 lr: 0.009999999999999962 	 Training loss: 0.2566999760270119
[2025-01-20 12:47:19,134] INFO: 	 Body Test loss: 0.1812
[2025-01-20 12:47:19,135] INFO: 	 RH Test loss: 0.20603016982489508
[2025-01-20 12:47:19,135] INFO: 	 F1 score: 0
[2025-01-20 12:47:33,828] INFO: Iter 2000 Summary: 
[2025-01-20 12:47:33,828] INFO: 	 lr: 0.009999999999999962 	 Training loss: 0.2549590839147568
[2025-01-20 12:47:34,168] INFO: 	 Body Test loss: 0.1764
[2025-01-20 12:47:34,168] INFO: 	 RH Test loss: 0.19882908318828785
[2025-01-20 12:47:34,168] INFO: 	 F1 score: 0
[2025-01-20 12:47:48,951] INFO: Iter 2250 Summary: 
[2025-01-20 12:47:48,951] INFO: 	 lr: 0.009999999999999962 	 Training loss: 0.2525435854196548
[2025-01-20 12:47:49,294] INFO: 	 Body Test loss: 0.196
[2025-01-20 12:47:49,294] INFO: 	 RH Test loss: 0.2100652824380982
[2025-01-20 12:47:49,294] INFO: 	 F1 score: 0
[2025-01-20 12:48:03,987] INFO: Iter 2500 Summary: 
[2025-01-20 12:48:03,988] INFO: 	 lr: 0.009999999999999962 	 Training loss: 0.2515399886369705
[2025-01-20 12:48:04,328] INFO: 	 Body Test loss: 0.1808
[2025-01-20 12:48:04,328] INFO: 	 RH Test loss: 0.20264160046662252
[2025-01-20 12:48:04,329] INFO: 	 F1 score: 0
[2025-01-20 12:48:19,048] INFO: Iter 2750 Summary: 
[2025-01-20 12:48:19,048] INFO: 	 lr: 0.009999999999999962 	 Training loss: 0.24983008915185928
[2025-01-20 12:48:19,387] INFO: 	 Body Test loss: 0.2072
[2025-01-20 12:48:19,387] INFO: 	 RH Test loss: 0.23015215658456614
[2025-01-20 12:48:19,387] INFO: 	 F1 score: 0
[2025-01-20 12:48:33,908] INFO: Iter 3000 Summary: 
[2025-01-20 12:48:33,908] INFO: 	 lr: 0.009999999999999962 	 Training loss: 0.24954036629199983
[2025-01-20 12:48:34,238] INFO: 	 Body Test loss: 0.19039999999999999
[2025-01-20 12:48:34,238] INFO: 	 RH Test loss: 0.21846905472177486
[2025-01-20 12:48:34,238] INFO: 	 F1 score: 0
[2025-01-20 12:48:48,674] INFO: Iter 3250 Summary: 
[2025-01-20 12:48:48,675] INFO: 	 lr: 0.009999999999999962 	 Training loss: 0.24898073965311052
[2025-01-20 12:48:49,001] INFO: 	 Body Test loss: 0.20920000000000002
[2025-01-20 12:48:49,001] INFO: 	 RH Test loss: 0.21451658880335525
[2025-01-20 12:48:49,001] INFO: 	 F1 score: 0
[2025-01-20 12:49:03,332] INFO: Iter 3500 Summary: 
[2025-01-20 12:49:03,332] INFO: 	 lr: 0.009999999999999962 	 Training loss: 0.2457643390893936
[2025-01-20 12:49:03,661] INFO: 	 Body Test loss: 0.1812
[2025-01-20 12:49:03,661] INFO: 	 RH Test loss: 0.21049645592184624
[2025-01-20 12:49:03,661] INFO: 	 F1 score: 0
[2025-01-20 12:49:18,105] INFO: Iter 3750 Summary: 
[2025-01-20 12:49:18,105] INFO: 	 lr: 0.009999999999999962 	 Training loss: 0.24629087340831757
[2025-01-20 12:49:18,436] INFO: 	 Body Test loss: 0.1776
[2025-01-20 12:49:18,437] INFO: 	 RH Test loss: 0.19893138512377867
[2025-01-20 12:49:18,437] INFO: 	 F1 score: 0
[2025-01-20 12:49:32,737] INFO: Iter 4000 Summary: 
[2025-01-20 12:49:32,737] INFO: 	 lr: 0.009999999999999962 	 Training loss: 0.243567946434021
[2025-01-20 12:49:33,071] INFO: 	 Body Test loss: 0.18760000000000002
[2025-01-20 12:49:33,071] INFO: 	 RH Test loss: 0.21130743115447287
[2025-01-20 12:49:33,071] INFO: 	 F1 score: 0
[2025-01-20 12:49:47,585] INFO: Iter 4250 Summary: 
[2025-01-20 12:49:47,586] INFO: 	 lr: 0.009999999999999962 	 Training loss: 0.24332336813211441
[2025-01-20 12:49:47,914] INFO: 	 Body Test loss: 0.19560000000000002
[2025-01-20 12:49:47,914] INFO: 	 RH Test loss: 0.22340110262180649
[2025-01-20 12:49:47,914] INFO: 	 F1 score: 0
[2025-01-20 12:50:02,413] INFO: Iter 4500 Summary: 
[2025-01-20 12:50:02,413] INFO: 	 lr: 0.009999999999999962 	 Training loss: 0.24120475625991822
[2025-01-20 12:50:02,748] INFO: 	 Body Test loss: 0.1844
[2025-01-20 12:50:02,748] INFO: 	 RH Test loss: 0.20665792613936187
[2025-01-20 12:50:02,748] INFO: 	 F1 score: 0
[2025-01-20 12:50:17,373] INFO: Iter 4750 Summary: 
[2025-01-20 12:50:17,374] INFO: 	 lr: 0.009999999999999962 	 Training loss: 0.24051498502492905
[2025-01-20 12:50:17,745] INFO: 	 Body Test loss: 0.19879999999999998
[2025-01-20 12:50:17,745] INFO: 	 RH Test loss: 0.22828673823261394
[2025-01-20 12:50:17,745] INFO: 	 F1 score: 0
[2025-01-20 12:50:32,640] INFO: Iter 5000 Summary: 
[2025-01-20 12:50:32,641] INFO: 	 lr: 0.009999999999999962 	 Training loss: 0.24165005391836167
[2025-01-20 12:50:32,974] INFO: 	 Body Test loss: 0.1684
[2025-01-20 12:50:32,975] INFO: 	 RH Test loss: 0.19772809483936485
[2025-01-20 12:50:32,975] INFO: 	 F1 score: 0
[2025-01-20 12:50:33,322] INFO: 	 Total number of parameters: 126504
[2025-01-20 12:50:34,110] INFO: Testing with subject ['S8'] 
[2025-01-20 12:50:34,110] INFO: Training with subjects ['S5', 'S3', 'S6', 'S9', 'S4', 'S7', 'S10'] 
[2025-01-20 12:50:48,579] INFO: Iter 250 Summary: 
[2025-01-20 12:50:48,579] INFO: 	 lr: 0.009999999999999962 	 Training loss: 0.7676249418258667
[2025-01-20 12:50:48,951] INFO: 	 Body Test loss: 0.2396
[2025-01-20 12:50:48,951] INFO: 	 RH Test loss: 0.2965708807013197
[2025-01-20 12:50:48,951] INFO: 	 F1 score: 0
[2025-01-20 12:51:03,606] INFO: Iter 500 Summary: 
[2025-01-20 12:51:03,606] INFO: 	 lr: 0.009999999999999962 	 Training loss: 0.31921999168396
[2025-01-20 12:51:03,991] INFO: 	 Body Test loss: 0.1916
[2025-01-20 12:51:03,991] INFO: 	 RH Test loss: 0.2643648193885457
[2025-01-20 12:51:03,991] INFO: 	 F1 score: 0
[2025-01-20 12:51:18,789] INFO: Iter 750 Summary: 
[2025-01-20 12:51:18,789] INFO: 	 lr: 0.009999999999999962 	 Training loss: 0.2867701507806778
[2025-01-20 12:51:19,167] INFO: 	 Body Test loss: 0.17680000000000004
[2025-01-20 12:51:19,167] INFO: 	 RH Test loss: 0.22958217432276726
[2025-01-20 12:51:19,167] INFO: 	 F1 score: 0
[2025-01-20 12:51:33,828] INFO: Iter 1000 Summary: 
[2025-01-20 12:51:33,828] INFO: 	 lr: 0.009999999999999962 	 Training loss: 0.26946142852306365
[2025-01-20 12:51:34,201] INFO: 	 Body Test loss: 0.1664
[2025-01-20 12:51:34,202] INFO: 	 RH Test loss: 0.20186014561268784
[2025-01-20 12:51:34,202] INFO: 	 F1 score: 0
[2025-01-20 12:51:48,690] INFO: Iter 1250 Summary: 
[2025-01-20 12:51:48,691] INFO: 	 lr: 0.009999999999999962 	 Training loss: 0.2625354542732239
[2025-01-20 12:51:49,065] INFO: 	 Body Test loss: 0.17200000000000004
[2025-01-20 12:51:49,065] INFO: 	 RH Test loss: 0.2197249611378917
[2025-01-20 12:51:49,066] INFO: 	 F1 score: 0
[2025-01-20 12:52:03,439] INFO: Iter 1500 Summary: 
[2025-01-20 12:52:03,439] INFO: 	 lr: 0.009999999999999962 	 Training loss: 0.2574082333445549
[2025-01-20 12:52:03,811] INFO: 	 Body Test loss: 0.17320000000000005
[2025-01-20 12:52:03,811] INFO: 	 RH Test loss: 0.22195841807862673
[2025-01-20 12:52:03,812] INFO: 	 F1 score: 0
[2025-01-20 12:52:18,201] INFO: Iter 1750 Summary: 
[2025-01-20 12:52:18,201] INFO: 	 lr: 0.009999999999999962 	 Training loss: 0.2556952302455902
[2025-01-20 12:52:18,576] INFO: 	 Body Test loss: 0.19200000000000003
[2025-01-20 12:52:18,576] INFO: 	 RH Test loss: 0.24714545233423826
[2025-01-20 12:52:18,576] INFO: 	 F1 score: 0
[2025-01-20 12:52:32,885] INFO: Iter 2000 Summary: 
[2025-01-20 12:52:32,885] INFO: 	 lr: 0.009999999999999962 	 Training loss: 0.25138901925086976
[2025-01-20 12:52:33,258] INFO: 	 Body Test loss: 0.1728
[2025-01-20 12:52:33,258] INFO: 	 RH Test loss: 0.2318913105753267
[2025-01-20 12:52:33,258] INFO: 	 F1 score: 0
[2025-01-20 12:52:47,733] INFO: Iter 2250 Summary: 
[2025-01-20 12:52:47,733] INFO: 	 lr: 0.009999999999999962 	 Training loss: 0.24766517007350922
[2025-01-20 12:52:48,104] INFO: 	 Body Test loss: 0.1632
[2025-01-20 12:52:48,104] INFO: 	 RH Test loss: 0.21532261502232303
[2025-01-20 12:52:48,105] INFO: 	 F1 score: 0
[2025-01-20 12:53:02,569] INFO: Iter 2500 Summary: 
[2025-01-20 12:53:02,569] INFO: 	 lr: 0.009999999999999962 	 Training loss: 0.24578729331493376
[2025-01-20 12:53:02,946] INFO: 	 Body Test loss: 0.19839999999999997
[2025-01-20 12:53:02,947] INFO: 	 RH Test loss: 0.25744198959780584
[2025-01-20 12:53:02,947] INFO: 	 F1 score: 0
[2025-01-20 12:53:17,281] INFO: Iter 2750 Summary: 
[2025-01-20 12:53:17,282] INFO: 	 lr: 0.009999999999999962 	 Training loss: 0.24393335407972336
[2025-01-20 12:53:17,657] INFO: 	 Body Test loss: 0.16720000000000002
[2025-01-20 12:53:17,657] INFO: 	 RH Test loss: 0.22303337067740991
[2025-01-20 12:53:17,657] INFO: 	 F1 score: 0
[2025-01-20 12:53:32,093] INFO: Iter 3000 Summary: 
[2025-01-20 12:53:32,094] INFO: 	 lr: 0.009999999999999962 	 Training loss: 0.24324909269809722
[2025-01-20 12:53:32,468] INFO: 	 Body Test loss: 0.1536
[2025-01-20 12:53:32,468] INFO: 	 RH Test loss: 0.2067115989830392
[2025-01-20 12:53:32,468] INFO: 	 F1 score: 0
[2025-01-20 12:53:46,825] INFO: Iter 3250 Summary: 
[2025-01-20 12:53:46,826] INFO: 	 lr: 0.009999999999999962 	 Training loss: 0.23966071099042893
[2025-01-20 12:53:47,231] INFO: 	 Body Test loss: 0.1444
[2025-01-20 12:53:47,231] INFO: 	 RH Test loss: 0.19825338218614497
[2025-01-20 12:53:47,232] INFO: 	 F1 score: 0
[2025-01-20 12:54:01,639] INFO: Iter 3500 Summary: 
[2025-01-20 12:54:01,640] INFO: 	 lr: 0.009999999999999962 	 Training loss: 0.23962257677316665
[2025-01-20 12:54:02,038] INFO: 	 Body Test loss: 0.1552
[2025-01-20 12:54:02,038] INFO: 	 RH Test loss: 0.21498627774361098
[2025-01-20 12:54:02,038] INFO: 	 F1 score: 0
[2025-01-20 12:54:17,047] INFO: Iter 3750 Summary: 
[2025-01-20 12:54:17,047] INFO: 	 lr: 0.009999999999999962 	 Training loss: 0.2370240302681923
[2025-01-20 12:54:17,424] INFO: 	 Body Test loss: 0.1496
[2025-01-20 12:54:17,424] INFO: 	 RH Test loss: 0.20652241361531562
[2025-01-20 12:54:17,424] INFO: 	 F1 score: 0
[2025-01-20 12:54:31,862] INFO: Iter 4000 Summary: 
[2025-01-20 12:54:31,862] INFO: 	 lr: 0.009999999999999962 	 Training loss: 0.23423320883512497
[2025-01-20 12:54:32,244] INFO: 	 Body Test loss: 0.1524
[2025-01-20 12:54:32,244] INFO: 	 RH Test loss: 0.2094658834207568
[2025-01-20 12:54:32,244] INFO: 	 F1 score: 0
[2025-01-20 12:54:47,195] INFO: Iter 4250 Summary: 
[2025-01-20 12:54:47,196] INFO: 	 lr: 0.009999999999999962 	 Training loss: 0.234021501660347
[2025-01-20 12:54:47,579] INFO: 	 Body Test loss: 0.16760000000000003
[2025-01-20 12:54:47,579] INFO: 	 RH Test loss: 0.2323822919007212
[2025-01-20 12:54:47,579] INFO: 	 F1 score: 0
[2025-01-20 12:55:02,382] INFO: Iter 4500 Summary: 
[2025-01-20 12:55:02,382] INFO: 	 lr: 0.009999999999999962 	 Training loss: 0.23384219098091125
[2025-01-20 12:55:02,768] INFO: 	 Body Test loss: 0.17240000000000003
[2025-01-20 12:55:02,768] INFO: 	 RH Test loss: 0.22964921283181433
[2025-01-20 12:55:02,768] INFO: 	 F1 score: 0
[2025-01-20 12:55:17,441] INFO: Iter 4750 Summary: 
[2025-01-20 12:55:17,442] INFO: 	 lr: 0.009999999999999962 	 Training loss: 0.2306642604470253
[2025-01-20 12:55:17,824] INFO: 	 Body Test loss: 0.17680000000000004
[2025-01-20 12:55:17,824] INFO: 	 RH Test loss: 0.2295794682959165
[2025-01-20 12:55:17,824] INFO: 	 F1 score: 0
[2025-01-20 12:55:32,877] INFO: Iter 5000 Summary: 
[2025-01-20 12:55:32,878] INFO: 	 lr: 0.009999999999999962 	 Training loss: 0.22928280174732207
[2025-01-20 12:55:33,260] INFO: 	 Body Test loss: 0.1876
[2025-01-20 12:55:33,261] INFO: 	 RH Test loss: 0.2551041164085907
[2025-01-20 12:55:33,261] INFO: 	 F1 score: 0
[2025-01-20 12:55:33,666] INFO: 	 Total number of parameters: 126504
[2025-01-20 12:55:34,412] INFO: Testing with subject ['S9'] 
[2025-01-20 12:55:34,412] INFO: Training with subjects ['S5', 'S3', 'S6', 'S8', 'S4', 'S7', 'S10'] 
[2025-01-20 12:55:49,258] INFO: Iter 250 Summary: 
[2025-01-20 12:55:49,258] INFO: 	 lr: 0.009999999999999962 	 Training loss: 0.7707355672121048
[2025-01-20 12:55:49,654] INFO: 	 Body Test loss: 0.3752
[2025-01-20 12:55:49,654] INFO: 	 RH Test loss: 0.4185775487123064
[2025-01-20 12:55:49,654] INFO: 	 F1 score: 0
[2025-01-20 12:56:04,696] INFO: Iter 500 Summary: 
[2025-01-20 12:56:04,696] INFO: 	 lr: 0.009999999999999962 	 Training loss: 0.34765343105793
[2025-01-20 12:56:05,094] INFO: 	 Body Test loss: 0.21599999999999997
[2025-01-20 12:56:05,094] INFO: 	 RH Test loss: 0.2480803607201962
[2025-01-20 12:56:05,094] INFO: 	 F1 score: 0
[2025-01-20 12:56:20,033] INFO: Iter 750 Summary: 
[2025-01-20 12:56:20,034] INFO: 	 lr: 0.009999999999999962 	 Training loss: 0.2959565920829773
[2025-01-20 12:56:20,420] INFO: 	 Body Test loss: 0.2
[2025-01-20 12:56:20,420] INFO: 	 RH Test loss: 0.23092829616399363
[2025-01-20 12:56:20,420] INFO: 	 F1 score: 0
[2025-01-20 12:56:35,356] INFO: Iter 1000 Summary: 
[2025-01-20 12:56:35,356] INFO: 	 lr: 0.009999999999999962 	 Training loss: 0.27507060950994494
[2025-01-20 12:56:35,741] INFO: 	 Body Test loss: 0.20199999999999999
[2025-01-20 12:56:35,741] INFO: 	 RH Test loss: 0.22520687646022622
[2025-01-20 12:56:35,741] INFO: 	 F1 score: 0
[2025-01-20 12:56:50,755] INFO: Iter 1250 Summary: 
[2025-01-20 12:56:50,755] INFO: 	 lr: 0.009999999999999962 	 Training loss: 0.26484648835659025
[2025-01-20 12:56:51,132] INFO: 	 Body Test loss: 0.19
[2025-01-20 12:56:51,132] INFO: 	 RH Test loss: 0.21795693627330168
[2025-01-20 12:56:51,132] INFO: 	 F1 score: 0
[2025-01-20 12:57:05,967] INFO: Iter 1500 Summary: 
[2025-01-20 12:57:05,968] INFO: 	 lr: 0.009999999999999962 	 Training loss: 0.26006484323740003
[2025-01-20 12:57:06,351] INFO: 	 Body Test loss: 0.1832
[2025-01-20 12:57:06,352] INFO: 	 RH Test loss: 0.22001600753028844
[2025-01-20 12:57:06,352] INFO: 	 F1 score: 0
[2025-01-20 12:57:21,342] INFO: Iter 1750 Summary: 
[2025-01-20 12:57:21,342] INFO: 	 lr: 0.009999999999999962 	 Training loss: 0.25721268779039386
[2025-01-20 12:57:21,734] INFO: 	 Body Test loss: 0.1744
[2025-01-20 12:57:21,734] INFO: 	 RH Test loss: 0.2171502704430339
[2025-01-20 12:57:21,734] INFO: 	 F1 score: 0
[2025-01-20 12:57:36,647] INFO: Iter 2000 Summary: 
[2025-01-20 12:57:36,648] INFO: 	 lr: 0.009999999999999962 	 Training loss: 0.2526826428771019
[2025-01-20 12:57:37,042] INFO: 	 Body Test loss: 0.1772
[2025-01-20 12:57:37,042] INFO: 	 RH Test loss: 0.22554287627209466
[2025-01-20 12:57:37,043] INFO: 	 F1 score: 0
[2025-01-20 12:57:52,227] INFO: Iter 2250 Summary: 
[2025-01-20 12:57:52,228] INFO: 	 lr: 0.009999999999999962 	 Training loss: 0.25063218373060225
[2025-01-20 12:57:52,616] INFO: 	 Body Test loss: 0.16880000000000003
[2025-01-20 12:57:52,616] INFO: 	 RH Test loss: 0.20963744728829464
[2025-01-20 12:57:52,616] INFO: 	 F1 score: 0
[2025-01-20 12:58:07,597] INFO: Iter 2500 Summary: 
[2025-01-20 12:58:07,597] INFO: 	 lr: 0.009999999999999962 	 Training loss: 0.2504521334767342
[2025-01-20 12:58:07,990] INFO: 	 Body Test loss: 0.17520000000000002
[2025-01-20 12:58:07,990] INFO: 	 RH Test loss: 0.2142755942445615
[2025-01-20 12:58:07,990] INFO: 	 F1 score: 0
[2025-01-20 12:58:22,815] INFO: Iter 2750 Summary: 
[2025-01-20 12:58:22,815] INFO: 	 lr: 0.009999999999999962 	 Training loss: 0.24956320214271546
[2025-01-20 12:58:23,195] INFO: 	 Body Test loss: 0.17400000000000002
[2025-01-20 12:58:23,195] INFO: 	 RH Test loss: 0.2301180171194587
[2025-01-20 12:58:23,195] INFO: 	 F1 score: 0
[2025-01-20 12:58:38,018] INFO: Iter 3000 Summary: 
[2025-01-20 12:58:38,019] INFO: 	 lr: 0.009999999999999962 	 Training loss: 0.24875430035591126
[2025-01-20 12:58:38,401] INFO: 	 Body Test loss: 0.1808
[2025-01-20 12:58:38,401] INFO: 	 RH Test loss: 0.22619269051557755
[2025-01-20 12:58:38,401] INFO: 	 F1 score: 0
[2025-01-20 12:58:53,224] INFO: Iter 3250 Summary: 
[2025-01-20 12:58:53,224] INFO: 	 lr: 0.009999999999999962 	 Training loss: 0.2467314887046814
[2025-01-20 12:58:53,612] INFO: 	 Body Test loss: 0.1816
[2025-01-20 12:58:53,612] INFO: 	 RH Test loss: 0.21685179731765686
[2025-01-20 12:58:53,612] INFO: 	 F1 score: 0
[2025-01-20 12:59:08,168] INFO: Iter 3500 Summary: 
[2025-01-20 12:59:08,169] INFO: 	 lr: 0.009999999999999962 	 Training loss: 0.2454450485110283
[2025-01-20 12:59:08,546] INFO: 	 Body Test loss: 0.17320000000000005
[2025-01-20 12:59:08,546] INFO: 	 RH Test loss: 0.22108772818207892
[2025-01-20 12:59:08,546] INFO: 	 F1 score: 0
[2025-01-20 12:59:23,024] INFO: Iter 3750 Summary: 
[2025-01-20 12:59:23,025] INFO: 	 lr: 0.009999999999999962 	 Training loss: 0.24501590549945831
[2025-01-20 12:59:23,402] INFO: 	 Body Test loss: 0.17040000000000002
[2025-01-20 12:59:23,402] INFO: 	 RH Test loss: 0.21248978427160128
[2025-01-20 12:59:23,402] INFO: 	 F1 score: 0
[2025-01-20 12:59:37,818] INFO: Iter 4000 Summary: 
[2025-01-20 12:59:37,819] INFO: 	 lr: 0.009999999999999962 	 Training loss: 0.24453050363063814
[2025-01-20 12:59:38,207] INFO: 	 Body Test loss: 0.1856
[2025-01-20 12:59:38,207] INFO: 	 RH Test loss: 0.23470982617488687
[2025-01-20 12:59:38,207] INFO: 	 F1 score: 0
[2025-01-20 12:59:52,997] INFO: Iter 4250 Summary: 
[2025-01-20 12:59:52,997] INFO: 	 lr: 0.009999999999999962 	 Training loss: 0.24334746688604356
[2025-01-20 12:59:53,382] INFO: 	 Body Test loss: 0.1716
[2025-01-20 12:59:53,382] INFO: 	 RH Test loss: 0.21935725482878915
[2025-01-20 12:59:53,382] INFO: 	 F1 score: 0
[2025-01-20 13:00:08,202] INFO: Iter 4500 Summary: 
[2025-01-20 13:00:08,203] INFO: 	 lr: 0.009999999999999962 	 Training loss: 0.2438686947822571
[2025-01-20 13:00:08,580] INFO: 	 Body Test loss: 0.17600000000000002
[2025-01-20 13:00:08,581] INFO: 	 RH Test loss: 0.21931710126836448
[2025-01-20 13:00:08,581] INFO: 	 F1 score: 0
[2025-01-20 13:00:23,068] INFO: Iter 4750 Summary: 
[2025-01-20 13:00:23,068] INFO: 	 lr: 0.009999999999999962 	 Training loss: 0.24290618634223937
[2025-01-20 13:00:23,449] INFO: 	 Body Test loss: 0.1728
[2025-01-20 13:00:23,449] INFO: 	 RH Test loss: 0.21462739610731377
[2025-01-20 13:00:23,449] INFO: 	 F1 score: 0
[2025-01-20 13:00:37,944] INFO: Iter 5000 Summary: 
[2025-01-20 13:00:37,944] INFO: 	 lr: 0.009999999999999962 	 Training loss: 0.24231419402360915
[2025-01-20 13:00:38,321] INFO: 	 Body Test loss: 0.1692
[2025-01-20 13:00:38,322] INFO: 	 RH Test loss: 0.20760257390783554
[2025-01-20 13:00:38,322] INFO: 	 F1 score: 0
[2025-01-20 13:00:38,714] INFO: 	 Total number of parameters: 126504
[2025-01-20 13:00:39,421] INFO: Testing with subject ['S4'] 
[2025-01-20 13:00:39,421] INFO: Training with subjects ['S5', 'S3', 'S6', 'S8', 'S9', 'S7', 'S10'] 
[2025-01-20 13:00:53,999] INFO: Iter 250 Summary: 
[2025-01-20 13:00:53,999] INFO: 	 lr: 0.009999999999999962 	 Training loss: 0.695860598564148
[2025-01-20 13:00:54,288] INFO: 	 Body Test loss: 0.2612
[2025-01-20 13:00:54,288] INFO: 	 RH Test loss: 0.26446059514506054
[2025-01-20 13:00:54,288] INFO: 	 F1 score: 0
[2025-01-20 13:01:08,865] INFO: Iter 500 Summary: 
[2025-01-20 13:01:08,865] INFO: 	 lr: 0.009999999999999962 	 Training loss: 0.3161611658334732
[2025-01-20 13:01:09,145] INFO: 	 Body Test loss: 0.19240000000000002
[2025-01-20 13:01:09,145] INFO: 	 RH Test loss: 0.19531662618897894
[2025-01-20 13:01:09,145] INFO: 	 F1 score: 0
[2025-01-20 13:01:23,669] INFO: Iter 750 Summary: 
[2025-01-20 13:01:23,669] INFO: 	 lr: 0.009999999999999962 	 Training loss: 0.28309773504734037
[2025-01-20 13:01:23,962] INFO: 	 Body Test loss: 0.1812
[2025-01-20 13:01:23,962] INFO: 	 RH Test loss: 0.19320993767538808
[2025-01-20 13:01:23,962] INFO: 	 F1 score: 0
[2025-01-20 13:01:38,616] INFO: Iter 1000 Summary: 
[2025-01-20 13:01:38,616] INFO: 	 lr: 0.009999999999999962 	 Training loss: 0.2695736179947853
[2025-01-20 13:01:38,903] INFO: 	 Body Test loss: 0.16519999999999999
[2025-01-20 13:01:38,903] INFO: 	 RH Test loss: 0.18505130122088914
[2025-01-20 13:01:38,903] INFO: 	 F1 score: 0
[2025-01-20 13:01:53,508] INFO: Iter 1250 Summary: 
[2025-01-20 13:01:53,508] INFO: 	 lr: 0.009999999999999962 	 Training loss: 0.2646827450990677
[2025-01-20 13:01:53,802] INFO: 	 Body Test loss: 0.1764
[2025-01-20 13:01:53,802] INFO: 	 RH Test loss: 0.19534942438417843
[2025-01-20 13:01:53,802] INFO: 	 F1 score: 0
[2025-01-20 13:02:08,395] INFO: Iter 1500 Summary: 
[2025-01-20 13:02:08,395] INFO: 	 lr: 0.009999999999999962 	 Training loss: 0.2620468026399612
[2025-01-20 13:02:08,682] INFO: 	 Body Test loss: 0.17639999999999997
[2025-01-20 13:02:08,682] INFO: 	 RH Test loss: 0.19495128903396833
[2025-01-20 13:02:08,682] INFO: 	 F1 score: 0
[2025-01-20 13:02:23,337] INFO: Iter 1750 Summary: 
[2025-01-20 13:02:23,337] INFO: 	 lr: 0.009999999999999962 	 Training loss: 0.25661650973558425
[2025-01-20 13:02:23,618] INFO: 	 Body Test loss: 0.16760000000000003
[2025-01-20 13:02:23,619] INFO: 	 RH Test loss: 0.186350376531359
[2025-01-20 13:02:23,619] INFO: 	 F1 score: 0
[2025-01-20 13:02:38,170] INFO: Iter 2000 Summary: 
[2025-01-20 13:02:38,171] INFO: 	 lr: 0.009999999999999962 	 Training loss: 0.2544815164208412
[2025-01-20 13:02:38,452] INFO: 	 Body Test loss: 0.17120000000000002
[2025-01-20 13:02:38,452] INFO: 	 RH Test loss: 0.19192474657464065
[2025-01-20 13:02:38,452] INFO: 	 F1 score: 0
[2025-01-20 13:02:52,975] INFO: Iter 2250 Summary: 
[2025-01-20 13:02:52,975] INFO: 	 lr: 0.009999999999999962 	 Training loss: 0.25266450667381285
[2025-01-20 13:02:53,255] INFO: 	 Body Test loss: 0.16440000000000002
[2025-01-20 13:02:53,255] INFO: 	 RH Test loss: 0.18543948693566112
[2025-01-20 13:02:53,255] INFO: 	 F1 score: 0
[2025-01-20 13:03:07,809] INFO: Iter 2500 Summary: 
[2025-01-20 13:03:07,809] INFO: 	 lr: 0.009999999999999962 	 Training loss: 0.2513001011610031
[2025-01-20 13:03:08,095] INFO: 	 Body Test loss: 0.16720000000000002
[2025-01-20 13:03:08,095] INFO: 	 RH Test loss: 0.1745366575376206
[2025-01-20 13:03:08,095] INFO: 	 F1 score: 0
[2025-01-20 13:03:22,637] INFO: Iter 2750 Summary: 
[2025-01-20 13:03:22,637] INFO: 	 lr: 0.009999999999999962 	 Training loss: 0.2503537469506264
[2025-01-20 13:03:22,925] INFO: 	 Body Test loss: 0.1752
[2025-01-20 13:03:22,925] INFO: 	 RH Test loss: 0.18737037133934867
[2025-01-20 13:03:22,925] INFO: 	 F1 score: 0
[2025-01-20 13:03:37,772] INFO: Iter 3000 Summary: 
[2025-01-20 13:03:37,773] INFO: 	 lr: 0.009999999999999962 	 Training loss: 0.2479823241829872
[2025-01-20 13:03:38,065] INFO: 	 Body Test loss: 0.172
[2025-01-20 13:03:38,065] INFO: 	 RH Test loss: 0.1860602046551775
[2025-01-20 13:03:38,066] INFO: 	 F1 score: 0
[2025-01-20 13:03:52,804] INFO: Iter 3250 Summary: 
[2025-01-20 13:03:52,804] INFO: 	 lr: 0.009999999999999962 	 Training loss: 0.24656098532676696
[2025-01-20 13:03:53,084] INFO: 	 Body Test loss: 0.16519999999999999
[2025-01-20 13:03:53,084] INFO: 	 RH Test loss: 0.18349865478188832
[2025-01-20 13:03:53,084] INFO: 	 F1 score: 0
[2025-01-20 13:04:07,888] INFO: Iter 3500 Summary: 
[2025-01-20 13:04:07,888] INFO: 	 lr: 0.009999999999999962 	 Training loss: 0.24553250855207442
[2025-01-20 13:04:08,178] INFO: 	 Body Test loss: 0.16759999999999997
[2025-01-20 13:04:08,178] INFO: 	 RH Test loss: 0.19557716611582518
[2025-01-20 13:04:08,178] INFO: 	 F1 score: 0
[2025-01-20 13:04:23,259] INFO: Iter 3750 Summary: 
[2025-01-20 13:04:23,259] INFO: 	 lr: 0.009999999999999962 	 Training loss: 0.2447232924103737
[2025-01-20 13:04:23,546] INFO: 	 Body Test loss: 0.1636
[2025-01-20 13:04:23,546] INFO: 	 RH Test loss: 0.1948546389496503
[2025-01-20 13:04:23,546] INFO: 	 F1 score: 0
[2025-01-20 13:04:38,238] INFO: Iter 4000 Summary: 
[2025-01-20 13:04:38,239] INFO: 	 lr: 0.009999999999999962 	 Training loss: 0.2433181627392769
[2025-01-20 13:04:38,530] INFO: 	 Body Test loss: 0.18600000000000003
[2025-01-20 13:04:38,530] INFO: 	 RH Test loss: 0.20026850343732505
[2025-01-20 13:04:38,531] INFO: 	 F1 score: 0
[2025-01-20 13:04:53,406] INFO: Iter 4250 Summary: 
[2025-01-20 13:04:53,406] INFO: 	 lr: 0.009999999999999962 	 Training loss: 0.24308128291368483
[2025-01-20 13:04:53,698] INFO: 	 Body Test loss: 0.16080000000000003
[2025-01-20 13:04:53,698] INFO: 	 RH Test loss: 0.1818538231983216
[2025-01-20 13:04:53,698] INFO: 	 F1 score: 0
[2025-01-20 13:05:08,441] INFO: Iter 4500 Summary: 
[2025-01-20 13:05:08,441] INFO: 	 lr: 0.009999999999999962 	 Training loss: 0.24194777101278306
[2025-01-20 13:05:08,728] INFO: 	 Body Test loss: 0.17639999999999997
[2025-01-20 13:05:08,728] INFO: 	 RH Test loss: 0.19167813937393013
[2025-01-20 13:05:08,728] INFO: 	 F1 score: 0
[2025-01-20 13:05:23,393] INFO: Iter 4750 Summary: 
[2025-01-20 13:05:23,393] INFO: 	 lr: 0.009999999999999962 	 Training loss: 0.24064153343439101
[2025-01-20 13:05:23,677] INFO: 	 Body Test loss: 0.1556
[2025-01-20 13:05:23,677] INFO: 	 RH Test loss: 0.19515586146020028
[2025-01-20 13:05:23,678] INFO: 	 F1 score: 0
[2025-01-20 13:05:38,514] INFO: Iter 5000 Summary: 
[2025-01-20 13:05:38,515] INFO: 	 lr: 0.009999999999999962 	 Training loss: 0.24016038894653322
[2025-01-20 13:05:38,807] INFO: 	 Body Test loss: 0.15000000000000002
[2025-01-20 13:05:38,807] INFO: 	 RH Test loss: 0.18991300963098567
[2025-01-20 13:05:38,808] INFO: 	 F1 score: 0
[2025-01-20 13:05:39,131] INFO: 	 Total number of parameters: 126504
[2025-01-20 13:05:39,886] INFO: Testing with subject ['S7'] 
[2025-01-20 13:05:39,887] INFO: Training with subjects ['S5', 'S3', 'S6', 'S8', 'S9', 'S4', 'S10'] 
[2025-01-20 13:05:54,820] INFO: Iter 250 Summary: 
[2025-01-20 13:05:54,820] INFO: 	 lr: 0.009999999999999962 	 Training loss: 0.6521945165395737
[2025-01-20 13:05:55,151] INFO: 	 Body Test loss: 0.21200000000000002
[2025-01-20 13:05:55,151] INFO: 	 RH Test loss: 0.2469507269719068
[2025-01-20 13:05:55,151] INFO: 	 F1 score: 0
[2025-01-20 13:06:09,924] INFO: Iter 500 Summary: 
[2025-01-20 13:06:09,924] INFO: 	 lr: 0.009999999999999962 	 Training loss: 0.2890353062748909
[2025-01-20 13:06:10,248] INFO: 	 Body Test loss: 0.18200000000000002
[2025-01-20 13:06:10,249] INFO: 	 RH Test loss: 0.24023138937529395
[2025-01-20 13:06:10,249] INFO: 	 F1 score: 0
[2025-01-20 13:06:25,109] INFO: Iter 750 Summary: 
[2025-01-20 13:06:25,109] INFO: 	 lr: 0.009999999999999962 	 Training loss: 0.2718473622202873
[2025-01-20 13:06:25,454] INFO: 	 Body Test loss: 0.19
[2025-01-20 13:06:25,454] INFO: 	 RH Test loss: 0.23524896387492913
[2025-01-20 13:06:25,454] INFO: 	 F1 score: 0
[2025-01-20 13:06:40,387] INFO: Iter 1000 Summary: 
[2025-01-20 13:06:40,387] INFO: 	 lr: 0.009999999999999962 	 Training loss: 0.26645461493730543
[2025-01-20 13:06:40,719] INFO: 	 Body Test loss: 0.19
[2025-01-20 13:06:40,720] INFO: 	 RH Test loss: 0.24060477598975688
[2025-01-20 13:06:40,720] INFO: 	 F1 score: 0
[2025-01-20 13:06:55,761] INFO: Iter 1250 Summary: 
[2025-01-20 13:06:55,761] INFO: 	 lr: 0.009999999999999962 	 Training loss: 0.2626099200248718
[2025-01-20 13:06:56,100] INFO: 	 Body Test loss: 0.17639999999999997
[2025-01-20 13:06:56,100] INFO: 	 RH Test loss: 0.23030178978863883
[2025-01-20 13:06:56,100] INFO: 	 F1 score: 0
[2025-01-20 13:07:10,839] INFO: Iter 1500 Summary: 
[2025-01-20 13:07:10,840] INFO: 	 lr: 0.009999999999999962 	 Training loss: 0.2578032990694046
[2025-01-20 13:07:11,170] INFO: 	 Body Test loss: 0.18560000000000001
[2025-01-20 13:07:11,170] INFO: 	 RH Test loss: 0.2246885735567878
[2025-01-20 13:07:11,170] INFO: 	 F1 score: 0
[2025-01-20 13:07:26,256] INFO: Iter 1750 Summary: 
[2025-01-20 13:07:26,256] INFO: 	 lr: 0.009999999999999962 	 Training loss: 0.2522165822982788
[2025-01-20 13:07:26,606] INFO: 	 Body Test loss: 0.18560000000000001
[2025-01-20 13:07:26,606] INFO: 	 RH Test loss: 0.22718663308199716
[2025-01-20 13:07:26,607] INFO: 	 F1 score: 0
[2025-01-20 13:07:41,426] INFO: Iter 2000 Summary: 
[2025-01-20 13:07:41,426] INFO: 	 lr: 0.009999999999999962 	 Training loss: 0.25078015798330305
[2025-01-20 13:07:41,750] INFO: 	 Body Test loss: 0.1932
[2025-01-20 13:07:41,750] INFO: 	 RH Test loss: 0.24666794854051927
[2025-01-20 13:07:41,750] INFO: 	 F1 score: 0
[2025-01-20 13:07:57,093] INFO: Iter 2250 Summary: 
[2025-01-20 13:07:57,094] INFO: 	 lr: 0.009999999999999962 	 Training loss: 0.24814065676927566
[2025-01-20 13:07:57,435] INFO: 	 Body Test loss: 0.172
[2025-01-20 13:07:57,436] INFO: 	 RH Test loss: 0.22380219287030836
[2025-01-20 13:07:57,436] INFO: 	 F1 score: 0
[2025-01-20 13:08:12,756] INFO: Iter 2500 Summary: 
[2025-01-20 13:08:12,756] INFO: 	 lr: 0.009999999999999962 	 Training loss: 0.24685325545072556
[2025-01-20 13:08:13,092] INFO: 	 Body Test loss: 0.1708
[2025-01-20 13:08:13,092] INFO: 	 RH Test loss: 0.21943251364371355
[2025-01-20 13:08:13,092] INFO: 	 F1 score: 0
[2025-01-20 13:08:28,871] INFO: Iter 2750 Summary: 
[2025-01-20 13:08:28,871] INFO: 	 lr: 0.009999999999999962 	 Training loss: 0.2428241540789604
[2025-01-20 13:08:29,232] INFO: 	 Body Test loss: 0.1648
[2025-01-20 13:08:29,232] INFO: 	 RH Test loss: 0.21651294632518994
[2025-01-20 13:08:29,232] INFO: 	 F1 score: 0
[2025-01-20 13:08:44,049] INFO: Iter 3000 Summary: 
[2025-01-20 13:08:44,049] INFO: 	 lr: 0.009999999999999962 	 Training loss: 0.24371019291877746
[2025-01-20 13:08:44,378] INFO: 	 Body Test loss: 0.1668
[2025-01-20 13:08:44,378] INFO: 	 RH Test loss: 0.2255017038303263
[2025-01-20 13:08:44,378] INFO: 	 F1 score: 0
[2025-01-20 13:08:59,281] INFO: Iter 3250 Summary: 
[2025-01-20 13:08:59,281] INFO: 	 lr: 0.009999999999999962 	 Training loss: 0.2406459774374962
[2025-01-20 13:08:59,629] INFO: 	 Body Test loss: 0.16440000000000002
[2025-01-20 13:08:59,629] INFO: 	 RH Test loss: 0.21813059520020203
[2025-01-20 13:08:59,629] INFO: 	 F1 score: 0
[2025-01-20 13:09:14,360] INFO: Iter 3500 Summary: 
[2025-01-20 13:09:14,360] INFO: 	 lr: 0.009999999999999962 	 Training loss: 0.24107317167520523
[2025-01-20 13:09:14,693] INFO: 	 Body Test loss: 0.1684
[2025-01-20 13:09:14,693] INFO: 	 RH Test loss: 0.23067038734520182
[2025-01-20 13:09:14,693] INFO: 	 F1 score: 0
[2025-01-20 13:09:29,507] INFO: Iter 3750 Summary: 
[2025-01-20 13:09:29,507] INFO: 	 lr: 0.009999999999999962 	 Training loss: 0.24005723690986633
[2025-01-20 13:09:29,835] INFO: 	 Body Test loss: 0.1752
[2025-01-20 13:09:29,835] INFO: 	 RH Test loss: 0.2457151236534119
[2025-01-20 13:09:29,835] INFO: 	 F1 score: 0
[2025-01-20 13:09:44,462] INFO: Iter 4000 Summary: 
[2025-01-20 13:09:44,463] INFO: 	 lr: 0.009999999999999962 	 Training loss: 0.2384921977519989
[2025-01-20 13:09:44,790] INFO: 	 Body Test loss: 0.18359999999999999
[2025-01-20 13:09:44,790] INFO: 	 RH Test loss: 0.2418396284650354
[2025-01-20 13:09:44,790] INFO: 	 F1 score: 0
[2025-01-20 13:09:59,278] INFO: Iter 4250 Summary: 
[2025-01-20 13:09:59,278] INFO: 	 lr: 0.009999999999999962 	 Training loss: 0.23969387382268906
[2025-01-20 13:09:59,605] INFO: 	 Body Test loss: 0.15719999999999998
[2025-01-20 13:09:59,605] INFO: 	 RH Test loss: 0.21324185392435863
[2025-01-20 13:09:59,605] INFO: 	 F1 score: 0
[2025-01-20 13:10:14,302] INFO: Iter 4500 Summary: 
[2025-01-20 13:10:14,303] INFO: 	 lr: 0.009999999999999962 	 Training loss: 0.23807518881559372
[2025-01-20 13:10:14,627] INFO: 	 Body Test loss: 0.18400000000000002
[2025-01-20 13:10:14,627] INFO: 	 RH Test loss: 0.26763091362223906
[2025-01-20 13:10:14,627] INFO: 	 F1 score: 0
[2025-01-20 13:10:29,289] INFO: Iter 4750 Summary: 
[2025-01-20 13:10:29,290] INFO: 	 lr: 0.009999999999999962 	 Training loss: 0.23749129730463028
[2025-01-20 13:10:29,616] INFO: 	 Body Test loss: 0.1684
[2025-01-20 13:10:29,616] INFO: 	 RH Test loss: 0.2333014793395996
[2025-01-20 13:10:29,616] INFO: 	 F1 score: 0
[2025-01-20 13:10:44,362] INFO: Iter 5000 Summary: 
[2025-01-20 13:10:44,362] INFO: 	 lr: 0.009999999999999962 	 Training loss: 0.23609206676483155
[2025-01-20 13:10:44,697] INFO: 	 Body Test loss: 0.1664
[2025-01-20 13:10:44,697] INFO: 	 RH Test loss: 0.21479211723103242
[2025-01-20 13:10:44,698] INFO: 	 F1 score: 0
[2025-01-20 13:10:45,046] INFO: 	 Total number of parameters: 126504
[2025-01-20 13:10:45,781] INFO: Testing with subject ['S10'] 
[2025-01-20 13:10:45,781] INFO: Training with subjects ['S5', 'S3', 'S6', 'S8', 'S9', 'S4', 'S7'] 
[2025-01-20 13:11:00,726] INFO: Iter 250 Summary: 
[2025-01-20 13:11:00,726] INFO: 	 lr: 0.009999999999999962 	 Training loss: 0.8135874902009964
[2025-01-20 13:11:01,087] INFO: 	 Body Test loss: 0.21439999999999998
[2025-01-20 13:11:01,087] INFO: 	 RH Test loss: 0.25373389904820887
[2025-01-20 13:11:01,087] INFO: 	 F1 score: 0
[2025-01-20 13:11:15,786] INFO: Iter 500 Summary: 
[2025-01-20 13:11:15,787] INFO: 	 lr: 0.009999999999999962 	 Training loss: 0.3240443053245544
[2025-01-20 13:11:16,119] INFO: 	 Body Test loss: 0.1696
[2025-01-20 13:11:16,119] INFO: 	 RH Test loss: 0.22210091133748203
[2025-01-20 13:11:16,119] INFO: 	 F1 score: 0
[2025-01-20 13:11:30,519] INFO: Iter 750 Summary: 
[2025-01-20 13:11:30,519] INFO: 	 lr: 0.009999999999999962 	 Training loss: 0.29449227714538573
[2025-01-20 13:11:30,851] INFO: 	 Body Test loss: 0.1552
[2025-01-20 13:11:30,851] INFO: 	 RH Test loss: 0.20712810800095238
[2025-01-20 13:11:30,851] INFO: 	 F1 score: 0
[2025-01-20 13:11:45,326] INFO: Iter 1000 Summary: 
[2025-01-20 13:11:45,327] INFO: 	 lr: 0.009999999999999962 	 Training loss: 0.2797343698143959
[2025-01-20 13:11:45,657] INFO: 	 Body Test loss: 0.1376
[2025-01-20 13:11:45,657] INFO: 	 RH Test loss: 0.1892187822094962
[2025-01-20 13:11:45,657] INFO: 	 F1 score: 0
[2025-01-20 13:12:00,406] INFO: Iter 1250 Summary: 
[2025-01-20 13:12:00,406] INFO: 	 lr: 0.009999999999999962 	 Training loss: 0.27373539793491364
[2025-01-20 13:12:00,745] INFO: 	 Body Test loss: 0.1388
[2025-01-20 13:12:00,746] INFO: 	 RH Test loss: 0.19046248372921273
[2025-01-20 13:12:00,746] INFO: 	 F1 score: 0
[2025-01-20 13:12:15,543] INFO: Iter 1500 Summary: 
[2025-01-20 13:12:15,543] INFO: 	 lr: 0.009999999999999962 	 Training loss: 0.26840268009901047
[2025-01-20 13:12:15,887] INFO: 	 Body Test loss: 0.1352
[2025-01-20 13:12:15,887] INFO: 	 RH Test loss: 0.19213289562992483
[2025-01-20 13:12:15,887] INFO: 	 F1 score: 0
[2025-01-20 13:12:30,861] INFO: Iter 1750 Summary: 
[2025-01-20 13:12:30,861] INFO: 	 lr: 0.009999999999999962 	 Training loss: 0.26341975837945936
[2025-01-20 13:12:31,199] INFO: 	 Body Test loss: 0.16400000000000003
[2025-01-20 13:12:31,199] INFO: 	 RH Test loss: 0.19649852710650315
[2025-01-20 13:12:31,200] INFO: 	 F1 score: 0
[2025-01-20 13:12:45,853] INFO: Iter 2000 Summary: 
[2025-01-20 13:12:45,854] INFO: 	 lr: 0.009999999999999962 	 Training loss: 0.25814758223295214
[2025-01-20 13:12:46,192] INFO: 	 Body Test loss: 0.134
[2025-01-20 13:12:46,192] INFO: 	 RH Test loss: 0.1842400946236182
[2025-01-20 13:12:46,192] INFO: 	 F1 score: 0
[2025-01-20 13:13:00,924] INFO: Iter 2250 Summary: 
[2025-01-20 13:13:00,924] INFO: 	 lr: 0.009999999999999962 	 Training loss: 0.25706296002864837
[2025-01-20 13:13:01,268] INFO: 	 Body Test loss: 0.13440000000000002
[2025-01-20 13:13:01,268] INFO: 	 RH Test loss: 0.18378715764720904
[2025-01-20 13:13:01,268] INFO: 	 F1 score: 0
[2025-01-20 13:13:15,904] INFO: Iter 2500 Summary: 
[2025-01-20 13:13:15,904] INFO: 	 lr: 0.009999999999999962 	 Training loss: 0.25297011822462084
[2025-01-20 13:13:16,235] INFO: 	 Body Test loss: 0.13520000000000001
[2025-01-20 13:13:16,235] INFO: 	 RH Test loss: 0.18574986565539986
[2025-01-20 13:13:16,235] INFO: 	 F1 score: 0
[2025-01-20 13:13:30,815] INFO: Iter 2750 Summary: 
[2025-01-20 13:13:30,816] INFO: 	 lr: 0.009999999999999962 	 Training loss: 0.2500059220790863
[2025-01-20 13:13:31,149] INFO: 	 Body Test loss: 0.1308
[2025-01-20 13:13:31,150] INFO: 	 RH Test loss: 0.18236928913547318
[2025-01-20 13:13:31,150] INFO: 	 F1 score: 0
[2025-01-20 13:13:46,048] INFO: Iter 3000 Summary: 
[2025-01-20 13:13:46,048] INFO: 	 lr: 0.009999999999999962 	 Training loss: 0.24985390973091126
[2025-01-20 13:13:46,392] INFO: 	 Body Test loss: 0.12960000000000002
[2025-01-20 13:13:46,393] INFO: 	 RH Test loss: 0.1855073853169591
[2025-01-20 13:13:46,393] INFO: 	 F1 score: 0
[2025-01-20 13:14:01,058] INFO: Iter 3250 Summary: 
[2025-01-20 13:14:01,058] INFO: 	 lr: 0.009999999999999962 	 Training loss: 0.24877332109212874
[2025-01-20 13:14:01,394] INFO: 	 Body Test loss: 0.1336
[2025-01-20 13:14:01,394] INFO: 	 RH Test loss: 0.1852224163706966
[2025-01-20 13:14:01,394] INFO: 	 F1 score: 0
[2025-01-20 13:14:15,830] INFO: Iter 3500 Summary: 
[2025-01-20 13:14:15,830] INFO: 	 lr: 0.009999999999999962 	 Training loss: 0.24667898833751678
[2025-01-20 13:14:16,162] INFO: 	 Body Test loss: 0.1364
[2025-01-20 13:14:16,162] INFO: 	 RH Test loss: 0.1784725268156404
[2025-01-20 13:14:16,162] INFO: 	 F1 score: 0
[2025-01-20 13:14:31,138] INFO: Iter 3750 Summary: 
[2025-01-20 13:14:31,138] INFO: 	 lr: 0.009999999999999962 	 Training loss: 0.24500331741571427
[2025-01-20 13:14:31,484] INFO: 	 Body Test loss: 0.1284
[2025-01-20 13:14:31,484] INFO: 	 RH Test loss: 0.18008790495638677
[2025-01-20 13:14:31,484] INFO: 	 F1 score: 0
[2025-01-20 13:14:46,266] INFO: Iter 4000 Summary: 
[2025-01-20 13:14:46,266] INFO: 	 lr: 0.009999999999999962 	 Training loss: 0.2425900982618332
[2025-01-20 13:14:46,612] INFO: 	 Body Test loss: 0.1264
[2025-01-20 13:14:46,612] INFO: 	 RH Test loss: 0.18132884269903513
[2025-01-20 13:14:46,612] INFO: 	 F1 score: 0
[2025-01-20 13:15:01,781] INFO: Iter 4250 Summary: 
[2025-01-20 13:15:01,781] INFO: 	 lr: 0.009999999999999962 	 Training loss: 0.2424368379712105
[2025-01-20 13:15:02,134] INFO: 	 Body Test loss: 0.12440000000000001
[2025-01-20 13:15:02,134] INFO: 	 RH Test loss: 0.17670843902041433
[2025-01-20 13:15:02,134] INFO: 	 F1 score: 0
[2025-01-20 13:15:16,823] INFO: Iter 4500 Summary: 
[2025-01-20 13:15:16,823] INFO: 	 lr: 0.009999999999999962 	 Training loss: 0.24092684358358382
[2025-01-20 13:15:17,159] INFO: 	 Body Test loss: 0.1268
[2025-01-20 13:15:17,159] INFO: 	 RH Test loss: 0.17971551590386173
[2025-01-20 13:15:17,159] INFO: 	 F1 score: 0
[2025-01-20 13:15:31,819] INFO: Iter 4750 Summary: 
[2025-01-20 13:15:31,819] INFO: 	 lr: 0.009999999999999962 	 Training loss: 0.24032849675416945
[2025-01-20 13:15:32,159] INFO: 	 Body Test loss: 0.1364
[2025-01-20 13:15:32,159] INFO: 	 RH Test loss: 0.1893343327524905
[2025-01-20 13:15:32,159] INFO: 	 F1 score: 0
[2025-01-20 13:15:47,007] INFO: Iter 5000 Summary: 
[2025-01-20 13:15:47,008] INFO: 	 lr: 0.009999999999999962 	 Training loss: 0.23929969084262848
[2025-01-20 13:15:47,359] INFO: 	 Body Test loss: 0.12000000000000002
[2025-01-20 13:15:47,359] INFO: 	 RH Test loss: 0.17060479559517433
[2025-01-20 13:15:47,359] INFO: 	 F1 score: 0
[2025-01-20 13:15:47,727] INFO: 	 Total number of parameters: 126504
[2025-01-20 13:15:47,745] INFO: Mean L2_body is 0.1713
[2025-01-20 13:15:47,745] INFO: Mean L2_right_hand is 0.21531098026482734
[2025-01-20 13:15:47,745] INFO: Under 0.10 is 16.6999994777143
[2025-01-20 13:15:47,745] INFO: Under 0.15 is 39.93333429098129
[2025-01-20 13:15:47,745] INFO: Under 0.20 is 69.10714320838451
[2025-01-20 13:15:47,745] INFO: Under 0.30 is 95.27380988001823
[2025-01-20 13:15:47,745] INFO: Under 0.35 is 99.50000047683716
[2025-01-20 13:15:47,745] INFO: Under 0.40 is 100.0
[2025-01-20 13:15:47,745] INFO: Intention Accuracy is 0.0
[2025-01-20 13:15:47,745] INFO: F1 Score is 0.0
[2025-01-20 13:15:47,745] INFO: F1 Score Binary is 0.0
[2025-01-20 13:15:47,745] INFO: Metrics are {'L2_body': [0.18719999999999998, 0.2216, 0.1684, 0.1876, 0.1692, 0.15000000000000002, 0.1664, 0.12000000000000002], 'L2_right_hand': [0.23771963396877105, 0.2490235005368639, 0.19772809483936485, 0.2551041164085907, 0.20760257390783554, 0.18991300963098567, 0.21479211723103242, 0.17060479559517433], 'under_0.10m': [12.799999117851257, 10.666666179895401, 14.000000059604645, 14.857141673564911, 13.14285546541214, 16.79999977350235, 14.000000059604645, 37.33333349227905], 'under_0.15m': [26.399999856948853, 25.333333015441895, 30.666664242744446, 38.85714411735535, 29.14285957813263, 54.40000295639038, 36.000001430511475, 78.66666913032532], 'under_0.20m': [49.59999918937683, 46.00000083446503, 71.33333086967468, 59.428566694259644, 67.42857694625854, 82.40000009536743, 80.0000011920929, 96.66666984558105], 'under_0.30m': [100.0, 76.66667103767395, 98.66666793823242, 86.8571400642395, 100.0, 100.0, 100.0, 100.0], 'under_0.35m': [100.0, 100.0, 100.0, 96.00000381469727, 100.0, 100.0, 100.0, 100.0], 'under_0.40m': [100.0, 100.0, 100.0, 100.0, 100.0, 100.0, 100.0, 100.0], 'accuracy': [0, 0, 0, 0, 0, 0, 0, 0], 'f1_score': [0, 0, 0, 0, 0, 0, 0, 0], 'f1_score_binary': [0, 0, 0, 0, 0, 0, 0, 0]}
