[2024-12-20 10:28:09,815] INFO: {
    "abs_dir": "/home/gerard/Documents/IRI/Repos/siMLPe/exps/baseline_handover",
    "actions_to_load": "all",
    "batch_size": 256,
    "cos_lr_max": 0.01,
    "cos_lr_min": 1e-05,
    "cos_lr_total_iters": 5000,
    "data_aug": true,
    "deriv_input": true,
    "deriv_output": true,
    "eval_every": 250,
    "handover_anno_dir": "/home/gerard/Documents/IRI/Repos/siMLPe/data/handover/",
    "link_log_file": "/home/gerard/Documents/IRI/Repos/siMLPe/exps/baseline_handover/log/log_last.log",
    "link_val_log_file": "/home/gerard/Documents/IRI/Repos/siMLPe/exps/baseline_handover/log/val_last.log",
    "log_dir": "/home/gerard/Documents/IRI/Repos/siMLPe/exps/baseline_handover/log",
    "log_file": "/home/gerard/Documents/IRI/Repos/siMLPe/exps/baseline_handover/log/log_2024_12_20_10_23_01.log",
    "log_file_leave_one_out": "/home/gerard/Documents/IRI/Repos/siMLPe/exps/baseline_handover/log/log_loo2024_12_20_10_23_01.log",
    "model_pth": null,
    "motion": {
        "dim": 27,
        "handover_input_length": 50,
        "handover_input_length_dct": 50,
        "handover_target_length": 10,
        "handover_target_length_eval": 25,
        "handover_target_length_train": 10
    },
    "motion_fc_in": {
        "activation": "relu",
        "in_features": 27,
        "init_w_trunc_normal": false,
        "out_features": 27,
        "temporal_fc": false,
        "with_norm": false
    },
    "motion_fc_out": {
        "activation": "relu",
        "in_features": 27,
        "init_w_trunc_normal": true,
        "out_features": 27,
        "temporal_fc": false,
        "with_norm": false
    },
    "motion_gcn_in": {
        "do": 0,
        "gcn_in": false,
        "in_features": 27,
        "n_node": 50,
        "num_stage": 0,
        "out_features": 27
    },
    "motion_gcn_out": {
        "do": 0,
        "gcn_out": false,
        "in_features": 27,
        "n_node": 50,
        "num_stage": 0,
        "out_features": 27
    },
    "motion_int": {
        "input_dim": 1,
        "int_cond": false,
        "num_emb": 5,
        "output_dim": 27
    },
    "motion_mlp": {
        "hidden_dim": 27,
        "norm_axis": "spatial",
        "num_layers": 48,
        "seq_len": 50,
        "spatial_fc_only": false,
        "with_normalization": true
    },
    "motion_ree": {
        "embedding_size": 3,
        "gcn_concatenation": false,
        "gcn_do": 0,
        "gcn_n_node": 50,
        "gcn_num_stage": 0,
        "input_dim": 3,
        "ree_concatenation": false,
        "ree_cond": false,
        "ree_sum": false
    },
    "num_workers": 6,
    "only_classification": false,
    "post_dct": false,
    "pre_dct": false,
    "print_every": 250,
    "repo_name": "siMLPe",
    "root_dir": "/home/gerard/Documents/IRI/Repos/siMLPe",
    "save_every": 2500,
    "seed": 304,
    "shift_step": 1,
    "snapshot_dir": "/home/gerard/Documents/IRI/Repos/siMLPe/exps/baseline_handover/log/snapshot",
    "this_dir": "baseline_handover",
    "total_iters": 5000,
    "use_int_class": false,
    "use_loss_layer": false,
    "use_ree_loss": true,
    "use_relative_loss": true,
    "use_relative_loss_rh": false,
    "use_rh_distance_joints_loss": true,
    "use_rh_loss": false,
    "val_log_file": "/home/gerard/Documents/IRI/Repos/siMLPe/exps/baseline_handover/log/val_2024_12_20_10_23_01.log",
    "viz_GCN_folder": false,
    "weight_decay": 0.0001
}
[2024-12-20 10:28:10,501] INFO: Testing with subject ['S10'] 
[2024-12-20 10:28:10,501] INFO: Training with subjects ['S5', 'S3', 'S6', 'S8', 'S9', 'S4', 'S7'] 
[2024-12-20 10:28:24,997] INFO: Iter 250 Summary: 
[2024-12-20 10:28:24,997] INFO: 	 lr: 0.009999999999999962 	 Training loss: 0.8395938448905945
[2024-12-20 10:28:25,331] INFO: 	 Body Test loss: 0.1984
[2024-12-20 10:28:25,332] INFO: 	 RH Test loss: 0.23746232208798415
[2024-12-20 10:28:25,332] INFO: 	 F1 score: 0
[2024-12-20 10:28:39,812] INFO: Iter 500 Summary: 
[2024-12-20 10:28:39,812] INFO: 	 lr: 0.009999999999999962 	 Training loss: 0.28905100405216216
[2024-12-20 10:28:40,147] INFO: 	 Body Test loss: 0.15080000000000002
[2024-12-20 10:28:40,147] INFO: 	 RH Test loss: 0.1962423039796267
[2024-12-20 10:28:40,147] INFO: 	 F1 score: 0
[2024-12-20 10:28:54,504] INFO: Iter 750 Summary: 
[2024-12-20 10:28:54,504] INFO: 	 lr: 0.009999999999999962 	 Training loss: 0.27164653480052947
[2024-12-20 10:28:54,839] INFO: 	 Body Test loss: 0.14279999999999998
[2024-12-20 10:28:54,840] INFO: 	 RH Test loss: 0.20684521527986552
[2024-12-20 10:28:54,840] INFO: 	 F1 score: 0
[2024-12-20 10:29:09,293] INFO: Iter 1000 Summary: 
[2024-12-20 10:29:09,293] INFO: 	 lr: 0.009999999999999962 	 Training loss: 0.26551261872053145
[2024-12-20 10:29:09,622] INFO: 	 Body Test loss: 0.1448
[2024-12-20 10:29:09,622] INFO: 	 RH Test loss: 0.2017010588553983
[2024-12-20 10:29:09,622] INFO: 	 F1 score: 0
[2024-12-20 10:29:24,127] INFO: Iter 1250 Summary: 
[2024-12-20 10:29:24,127] INFO: 	 lr: 0.009999999999999962 	 Training loss: 0.2612658905386925
[2024-12-20 10:29:24,463] INFO: 	 Body Test loss: 0.14600000000000002
[2024-12-20 10:29:24,463] INFO: 	 RH Test loss: 0.18898249263605799
[2024-12-20 10:29:24,463] INFO: 	 F1 score: 0
[2024-12-20 10:29:38,801] INFO: Iter 1500 Summary: 
[2024-12-20 10:29:38,801] INFO: 	 lr: 0.009999999999999962 	 Training loss: 0.25920334392786026
[2024-12-20 10:29:39,131] INFO: 	 Body Test loss: 0.1288
[2024-12-20 10:29:39,132] INFO: 	 RH Test loss: 0.1864731257152295
[2024-12-20 10:29:39,132] INFO: 	 F1 score: 0
[2024-12-20 10:29:53,604] INFO: Iter 1750 Summary: 
[2024-12-20 10:29:53,604] INFO: 	 lr: 0.009999999999999962 	 Training loss: 0.2555732527375221
[2024-12-20 10:29:53,936] INFO: 	 Body Test loss: 0.12960000000000002
[2024-12-20 10:29:53,936] INFO: 	 RH Test loss: 0.18222335678815185
[2024-12-20 10:29:53,936] INFO: 	 F1 score: 0
[2024-12-20 10:30:08,300] INFO: Iter 2000 Summary: 
[2024-12-20 10:30:08,301] INFO: 	 lr: 0.009999999999999962 	 Training loss: 0.2519581649899483
[2024-12-20 10:30:08,631] INFO: 	 Body Test loss: 0.1268
[2024-12-20 10:30:08,631] INFO: 	 RH Test loss: 0.18582345280765503
[2024-12-20 10:30:08,631] INFO: 	 F1 score: 0
[2024-12-20 10:30:23,090] INFO: Iter 2250 Summary: 
[2024-12-20 10:30:23,091] INFO: 	 lr: 0.009999999999999962 	 Training loss: 0.25052589720487595
[2024-12-20 10:30:23,421] INFO: 	 Body Test loss: 0.1484
[2024-12-20 10:30:23,421] INFO: 	 RH Test loss: 0.18726491519570676
[2024-12-20 10:30:23,421] INFO: 	 F1 score: 0
[2024-12-20 10:30:37,904] INFO: Iter 2500 Summary: 
[2024-12-20 10:30:37,904] INFO: 	 lr: 0.009999999999999962 	 Training loss: 0.24911986547708512
[2024-12-20 10:30:38,233] INFO: 	 Body Test loss: 0.1536
[2024-12-20 10:30:38,233] INFO: 	 RH Test loss: 0.18281410465555745
[2024-12-20 10:30:38,233] INFO: 	 F1 score: 0
[2024-12-20 10:30:52,922] INFO: Iter 2750 Summary: 
[2024-12-20 10:30:52,922] INFO: 	 lr: 0.009999999999999962 	 Training loss: 0.24862600231170653
[2024-12-20 10:30:53,254] INFO: 	 Body Test loss: 0.13440000000000002
[2024-12-20 10:30:53,254] INFO: 	 RH Test loss: 0.20114933739023763
[2024-12-20 10:30:53,254] INFO: 	 F1 score: 0
[2024-12-20 10:31:07,711] INFO: Iter 3000 Summary: 
[2024-12-20 10:31:07,711] INFO: 	 lr: 0.009999999999999962 	 Training loss: 0.24670533937215805
[2024-12-20 10:31:08,044] INFO: 	 Body Test loss: 0.124
[2024-12-20 10:31:08,044] INFO: 	 RH Test loss: 0.18637057116537384
[2024-12-20 10:31:08,044] INFO: 	 F1 score: 0
[2024-12-20 10:31:22,492] INFO: Iter 3250 Summary: 
[2024-12-20 10:31:22,492] INFO: 	 lr: 0.009999999999999962 	 Training loss: 0.24804503679275514
[2024-12-20 10:31:22,826] INFO: 	 Body Test loss: 0.1232
[2024-12-20 10:31:22,827] INFO: 	 RH Test loss: 0.18702715160432926
[2024-12-20 10:31:22,827] INFO: 	 F1 score: 0
[2024-12-20 10:31:37,190] INFO: Iter 3500 Summary: 
[2024-12-20 10:31:37,191] INFO: 	 lr: 0.009999999999999962 	 Training loss: 0.24707335293292998
[2024-12-20 10:31:37,525] INFO: 	 Body Test loss: 0.1448
[2024-12-20 10:31:37,525] INFO: 	 RH Test loss: 0.18268067688324563
[2024-12-20 10:31:37,525] INFO: 	 F1 score: 0
[2024-12-20 10:31:51,953] INFO: Iter 3750 Summary: 
[2024-12-20 10:31:51,953] INFO: 	 lr: 0.009999999999999962 	 Training loss: 0.247003198325634
[2024-12-20 10:31:52,287] INFO: 	 Body Test loss: 0.12480000000000001
[2024-12-20 10:31:52,288] INFO: 	 RH Test loss: 0.17939574015698814
[2024-12-20 10:31:52,288] INFO: 	 F1 score: 0
[2024-12-20 10:32:06,661] INFO: Iter 4000 Summary: 
[2024-12-20 10:32:06,661] INFO: 	 lr: 0.009999999999999962 	 Training loss: 0.24715854853391647
[2024-12-20 10:32:06,995] INFO: 	 Body Test loss: 0.1292
[2024-12-20 10:32:06,995] INFO: 	 RH Test loss: 0.17991200958073303
[2024-12-20 10:32:06,995] INFO: 	 F1 score: 0
[2024-12-20 10:32:21,433] INFO: Iter 4250 Summary: 
[2024-12-20 10:32:21,433] INFO: 	 lr: 0.009999999999999962 	 Training loss: 0.24588480788469314
[2024-12-20 10:32:21,762] INFO: 	 Body Test loss: 0.12359999999999999
[2024-12-20 10:32:21,762] INFO: 	 RH Test loss: 0.18213976779916727
[2024-12-20 10:32:21,762] INFO: 	 F1 score: 0
[2024-12-20 10:32:36,222] INFO: Iter 4500 Summary: 
[2024-12-20 10:32:36,222] INFO: 	 lr: 0.009999999999999962 	 Training loss: 0.24417092168331148
[2024-12-20 10:32:36,555] INFO: 	 Body Test loss: 0.1368
[2024-12-20 10:32:36,555] INFO: 	 RH Test loss: 0.1789301983121341
[2024-12-20 10:32:36,556] INFO: 	 F1 score: 0
[2024-12-20 10:32:50,919] INFO: Iter 4750 Summary: 
[2024-12-20 10:32:50,919] INFO: 	 lr: 0.009999999999999962 	 Training loss: 0.24581754130125047
[2024-12-20 10:32:51,247] INFO: 	 Body Test loss: 0.12359999999999999
[2024-12-20 10:32:51,248] INFO: 	 RH Test loss: 0.17799269484422753
[2024-12-20 10:32:51,248] INFO: 	 F1 score: 0
[2024-12-20 10:33:05,833] INFO: Iter 5000 Summary: 
[2024-12-20 10:33:05,833] INFO: 	 lr: 0.009999999999999962 	 Training loss: 0.24299143308401108
[2024-12-20 10:33:06,171] INFO: 	 Body Test loss: 0.12120000000000002
[2024-12-20 10:33:06,171] INFO: 	 RH Test loss: 0.1782462695938825
[2024-12-20 10:33:06,172] INFO: 	 F1 score: 0
[2024-12-20 10:33:06,524] INFO: 	 Total number of parameters: 126504
[2024-12-20 10:33:07,222] INFO: Testing with subject ['S5'] 
[2024-12-20 10:33:07,222] INFO: Training with subjects ['S10', 'S3', 'S6', 'S8', 'S9', 'S4', 'S7'] 
[2024-12-20 10:33:22,135] INFO: Iter 250 Summary: 
[2024-12-20 10:33:22,135] INFO: 	 lr: 0.009999999999999962 	 Training loss: 0.5488972160816192
[2024-12-20 10:33:22,413] INFO: 	 Body Test loss: 0.19840000000000002
[2024-12-20 10:33:22,413] INFO: 	 RH Test loss: 0.24734978598794988
[2024-12-20 10:33:22,413] INFO: 	 F1 score: 0
[2024-12-20 10:33:36,930] INFO: Iter 500 Summary: 
[2024-12-20 10:33:36,930] INFO: 	 lr: 0.009999999999999962 	 Training loss: 0.29619373166561125
[2024-12-20 10:33:37,212] INFO: 	 Body Test loss: 0.20079999999999998
[2024-12-20 10:33:37,212] INFO: 	 RH Test loss: 0.24843577509936568
[2024-12-20 10:33:37,213] INFO: 	 F1 score: 0
[2024-12-20 10:33:51,664] INFO: Iter 750 Summary: 
[2024-12-20 10:33:51,664] INFO: 	 lr: 0.009999999999999962 	 Training loss: 0.26983769541978836
[2024-12-20 10:33:51,941] INFO: 	 Body Test loss: 0.19200000000000003
[2024-12-20 10:33:51,941] INFO: 	 RH Test loss: 0.24480452604310943
[2024-12-20 10:33:51,941] INFO: 	 F1 score: 0
[2024-12-20 10:34:06,552] INFO: Iter 1000 Summary: 
[2024-12-20 10:34:06,552] INFO: 	 lr: 0.009999999999999962 	 Training loss: 0.2633759267926216
[2024-12-20 10:34:06,824] INFO: 	 Body Test loss: 0.19119999999999998
[2024-12-20 10:34:06,824] INFO: 	 RH Test loss: 0.2434225747401239
[2024-12-20 10:34:06,825] INFO: 	 F1 score: 0
[2024-12-20 10:34:21,278] INFO: Iter 1250 Summary: 
[2024-12-20 10:34:21,278] INFO: 	 lr: 0.009999999999999962 	 Training loss: 0.2584280679821968
[2024-12-20 10:34:21,555] INFO: 	 Body Test loss: 0.1996
[2024-12-20 10:34:21,556] INFO: 	 RH Test loss: 0.26579955109573994
[2024-12-20 10:34:21,556] INFO: 	 F1 score: 0
[2024-12-20 10:34:35,954] INFO: Iter 1500 Summary: 
[2024-12-20 10:34:35,954] INFO: 	 lr: 0.009999999999999962 	 Training loss: 0.2553798153400421
[2024-12-20 10:34:36,231] INFO: 	 Body Test loss: 0.17679999999999998
[2024-12-20 10:34:36,231] INFO: 	 RH Test loss: 0.2320284973226715
[2024-12-20 10:34:36,231] INFO: 	 F1 score: 0
[2024-12-20 10:34:50,847] INFO: Iter 1750 Summary: 
[2024-12-20 10:34:50,847] INFO: 	 lr: 0.009999999999999962 	 Training loss: 0.2522799348831177
[2024-12-20 10:34:51,125] INFO: 	 Body Test loss: 0.19560000000000002
[2024-12-20 10:34:51,126] INFO: 	 RH Test loss: 0.24303660154770693
[2024-12-20 10:34:51,126] INFO: 	 F1 score: 0
[2024-12-20 10:35:05,580] INFO: Iter 2000 Summary: 
[2024-12-20 10:35:05,580] INFO: 	 lr: 0.009999999999999962 	 Training loss: 0.24909972190856933
[2024-12-20 10:35:05,861] INFO: 	 Body Test loss: 0.1744
[2024-12-20 10:35:05,862] INFO: 	 RH Test loss: 0.23184317453545344
[2024-12-20 10:35:05,862] INFO: 	 F1 score: 0
[2024-12-20 10:35:20,277] INFO: Iter 2250 Summary: 
[2024-12-20 10:35:20,277] INFO: 	 lr: 0.009999999999999962 	 Training loss: 0.2475106071829796
[2024-12-20 10:35:20,555] INFO: 	 Body Test loss: 0.1884
[2024-12-20 10:35:20,555] INFO: 	 RH Test loss: 0.2383694471362677
[2024-12-20 10:35:20,555] INFO: 	 F1 score: 0
[2024-12-20 10:35:35,151] INFO: Iter 2500 Summary: 
[2024-12-20 10:35:35,152] INFO: 	 lr: 0.009999999999999962 	 Training loss: 0.24566238522529601
[2024-12-20 10:35:35,429] INFO: 	 Body Test loss: 0.18280000000000002
[2024-12-20 10:35:35,430] INFO: 	 RH Test loss: 0.22405929585975634
[2024-12-20 10:35:35,430] INFO: 	 F1 score: 0
[2024-12-20 10:35:50,240] INFO: Iter 2750 Summary: 
[2024-12-20 10:35:50,240] INFO: 	 lr: 0.009999999999999962 	 Training loss: 0.24457849323749542
[2024-12-20 10:35:50,516] INFO: 	 Body Test loss: 0.18
[2024-12-20 10:35:50,516] INFO: 	 RH Test loss: 0.22946842354546756
[2024-12-20 10:35:50,517] INFO: 	 F1 score: 0
[2024-12-20 10:36:04,965] INFO: Iter 3000 Summary: 
[2024-12-20 10:36:04,965] INFO: 	 lr: 0.009999999999999962 	 Training loss: 0.24218073683977126
[2024-12-20 10:36:05,243] INFO: 	 Body Test loss: 0.1832
[2024-12-20 10:36:05,243] INFO: 	 RH Test loss: 0.22815110906878322
[2024-12-20 10:36:05,244] INFO: 	 F1 score: 0
[2024-12-20 10:36:19,830] INFO: Iter 3250 Summary: 
[2024-12-20 10:36:19,830] INFO: 	 lr: 0.009999999999999962 	 Training loss: 0.24026283264160156
[2024-12-20 10:36:20,105] INFO: 	 Body Test loss: 0.18160000000000004
[2024-12-20 10:36:20,105] INFO: 	 RH Test loss: 0.23043798700055274
[2024-12-20 10:36:20,105] INFO: 	 F1 score: 0
[2024-12-20 10:36:34,544] INFO: Iter 3500 Summary: 
[2024-12-20 10:36:34,544] INFO: 	 lr: 0.009999999999999962 	 Training loss: 0.23952562975883485
[2024-12-20 10:36:34,825] INFO: 	 Body Test loss: 0.1736
[2024-12-20 10:36:34,826] INFO: 	 RH Test loss: 0.23013715357069914
[2024-12-20 10:36:34,826] INFO: 	 F1 score: 0
[2024-12-20 10:36:49,264] INFO: Iter 3750 Summary: 
[2024-12-20 10:36:49,264] INFO: 	 lr: 0.009999999999999962 	 Training loss: 0.23871618342399598
[2024-12-20 10:36:49,539] INFO: 	 Body Test loss: 0.17480000000000004
[2024-12-20 10:36:49,539] INFO: 	 RH Test loss: 0.21975584677348656
[2024-12-20 10:36:49,539] INFO: 	 F1 score: 0
[2024-12-20 10:37:04,153] INFO: Iter 4000 Summary: 
[2024-12-20 10:37:04,154] INFO: 	 lr: 0.009999999999999962 	 Training loss: 0.23640297752618789
[2024-12-20 10:37:04,432] INFO: 	 Body Test loss: 0.1752
[2024-12-20 10:37:04,432] INFO: 	 RH Test loss: 0.23075555527445657
[2024-12-20 10:37:04,432] INFO: 	 F1 score: 0
[2024-12-20 10:37:18,864] INFO: Iter 4250 Summary: 
[2024-12-20 10:37:18,864] INFO: 	 lr: 0.009999999999999962 	 Training loss: 0.23537587422132492
[2024-12-20 10:37:19,140] INFO: 	 Body Test loss: 0.17920000000000003
[2024-12-20 10:37:19,140] INFO: 	 RH Test loss: 0.22844661630462704
[2024-12-20 10:37:19,140] INFO: 	 F1 score: 0
[2024-12-20 10:37:33,555] INFO: Iter 4500 Summary: 
[2024-12-20 10:37:33,555] INFO: 	 lr: 0.009999999999999962 	 Training loss: 0.2353382837176323
[2024-12-20 10:37:33,830] INFO: 	 Body Test loss: 0.174
[2024-12-20 10:37:33,830] INFO: 	 RH Test loss: 0.22752592436073069
[2024-12-20 10:37:33,830] INFO: 	 F1 score: 0
[2024-12-20 10:37:48,452] INFO: Iter 4750 Summary: 
[2024-12-20 10:37:48,453] INFO: 	 lr: 0.009999999999999962 	 Training loss: 0.2315694872736931
[2024-12-20 10:37:48,727] INFO: 	 Body Test loss: 0.1824
[2024-12-20 10:37:48,728] INFO: 	 RH Test loss: 0.24048776695073404
[2024-12-20 10:37:48,728] INFO: 	 F1 score: 0
[2024-12-20 10:38:03,545] INFO: Iter 5000 Summary: 
[2024-12-20 10:38:03,545] INFO: 	 lr: 0.009999999999999962 	 Training loss: 0.23123284262418747
[2024-12-20 10:38:03,824] INFO: 	 Body Test loss: 0.1824
[2024-12-20 10:38:03,824] INFO: 	 RH Test loss: 0.23590476667859608
[2024-12-20 10:38:03,825] INFO: 	 F1 score: 0
[2024-12-20 10:38:04,126] INFO: 	 Total number of parameters: 126504
[2024-12-20 10:38:04,823] INFO: Testing with subject ['S3'] 
[2024-12-20 10:38:04,824] INFO: Training with subjects ['S10', 'S5', 'S6', 'S8', 'S9', 'S4', 'S7'] 
[2024-12-20 10:38:19,350] INFO: Iter 250 Summary: 
[2024-12-20 10:38:19,350] INFO: 	 lr: 0.009999999999999962 	 Training loss: 0.7688642494678497
[2024-12-20 10:38:19,677] INFO: 	 Body Test loss: 0.28119999999999995
[2024-12-20 10:38:19,677] INFO: 	 RH Test loss: 0.2931644391005133
[2024-12-20 10:38:19,677] INFO: 	 F1 score: 0
[2024-12-20 10:38:34,233] INFO: Iter 500 Summary: 
[2024-12-20 10:38:34,233] INFO: 	 lr: 0.009999999999999962 	 Training loss: 0.3006132962703705
[2024-12-20 10:38:34,560] INFO: 	 Body Test loss: 0.24480000000000002
[2024-12-20 10:38:34,560] INFO: 	 RH Test loss: 0.281034799385647
[2024-12-20 10:38:34,560] INFO: 	 F1 score: 0
[2024-12-20 10:38:48,945] INFO: Iter 750 Summary: 
[2024-12-20 10:38:48,945] INFO: 	 lr: 0.009999999999999962 	 Training loss: 0.2793781057596207
[2024-12-20 10:38:49,274] INFO: 	 Body Test loss: 0.2304
[2024-12-20 10:38:49,275] INFO: 	 RH Test loss: 0.25942760563689055
[2024-12-20 10:38:49,275] INFO: 	 F1 score: 0
[2024-12-20 10:39:03,819] INFO: Iter 1000 Summary: 
[2024-12-20 10:39:03,819] INFO: 	 lr: 0.009999999999999962 	 Training loss: 0.2695608680844307
[2024-12-20 10:39:04,150] INFO: 	 Body Test loss: 0.24
[2024-12-20 10:39:04,150] INFO: 	 RH Test loss: 0.27004904306907307
[2024-12-20 10:39:04,150] INFO: 	 F1 score: 0
[2024-12-20 10:39:18,619] INFO: Iter 1250 Summary: 
[2024-12-20 10:39:18,619] INFO: 	 lr: 0.009999999999999962 	 Training loss: 0.2658528692126274
[2024-12-20 10:39:18,950] INFO: 	 Body Test loss: 0.22119999999999998
[2024-12-20 10:39:18,950] INFO: 	 RH Test loss: 0.24553988016624106
[2024-12-20 10:39:18,950] INFO: 	 F1 score: 0
[2024-12-20 10:39:33,403] INFO: Iter 1500 Summary: 
[2024-12-20 10:39:33,403] INFO: 	 lr: 0.009999999999999962 	 Training loss: 0.2619694266319275
[2024-12-20 10:39:33,752] INFO: 	 Body Test loss: 0.2512
[2024-12-20 10:39:33,752] INFO: 	 RH Test loss: 0.2600203318718337
[2024-12-20 10:39:33,753] INFO: 	 F1 score: 0
[2024-12-20 10:39:48,556] INFO: Iter 1750 Summary: 
[2024-12-20 10:39:48,556] INFO: 	 lr: 0.009999999999999962 	 Training loss: 0.2591380299925804
[2024-12-20 10:39:48,882] INFO: 	 Body Test loss: 0.2432
[2024-12-20 10:39:48,882] INFO: 	 RH Test loss: 0.2625455464085063
[2024-12-20 10:39:48,882] INFO: 	 F1 score: 0
[2024-12-20 10:40:03,468] INFO: Iter 2000 Summary: 
[2024-12-20 10:40:03,468] INFO: 	 lr: 0.009999999999999962 	 Training loss: 0.2559962760210037
[2024-12-20 10:40:03,800] INFO: 	 Body Test loss: 0.21999999999999997
[2024-12-20 10:40:03,800] INFO: 	 RH Test loss: 0.2329315318441823
[2024-12-20 10:40:03,800] INFO: 	 F1 score: 0
[2024-12-20 10:40:18,419] INFO: Iter 2250 Summary: 
[2024-12-20 10:40:18,419] INFO: 	 lr: 0.009999999999999962 	 Training loss: 0.2526475147008896
[2024-12-20 10:40:18,745] INFO: 	 Body Test loss: 0.23079999999999998
[2024-12-20 10:40:18,745] INFO: 	 RH Test loss: 0.25091275551888154
[2024-12-20 10:40:18,745] INFO: 	 F1 score: 0
[2024-12-20 10:40:33,362] INFO: Iter 2500 Summary: 
[2024-12-20 10:40:33,362] INFO: 	 lr: 0.009999999999999962 	 Training loss: 0.25092982351779936
[2024-12-20 10:40:33,686] INFO: 	 Body Test loss: 0.22039999999999998
[2024-12-20 10:40:33,686] INFO: 	 RH Test loss: 0.24710205841280544
[2024-12-20 10:40:33,686] INFO: 	 F1 score: 0
[2024-12-20 10:40:48,513] INFO: Iter 2750 Summary: 
[2024-12-20 10:40:48,513] INFO: 	 lr: 0.009999999999999962 	 Training loss: 0.25079688066244127
[2024-12-20 10:40:48,843] INFO: 	 Body Test loss: 0.21679999999999996
[2024-12-20 10:40:48,843] INFO: 	 RH Test loss: 0.23176470885464073
[2024-12-20 10:40:48,843] INFO: 	 F1 score: 0
[2024-12-20 10:41:03,498] INFO: Iter 3000 Summary: 
[2024-12-20 10:41:03,498] INFO: 	 lr: 0.009999999999999962 	 Training loss: 0.24885782688856126
[2024-12-20 10:41:03,825] INFO: 	 Body Test loss: 0.21000000000000005
[2024-12-20 10:41:03,826] INFO: 	 RH Test loss: 0.23662821582436921
[2024-12-20 10:41:03,826] INFO: 	 F1 score: 0
[2024-12-20 10:41:18,466] INFO: Iter 3250 Summary: 
[2024-12-20 10:41:18,466] INFO: 	 lr: 0.009999999999999962 	 Training loss: 0.2480272195339203
[2024-12-20 10:41:18,792] INFO: 	 Body Test loss: 0.23839999999999997
[2024-12-20 10:41:18,792] INFO: 	 RH Test loss: 0.25718878169794457
[2024-12-20 10:41:18,792] INFO: 	 F1 score: 0
[2024-12-20 10:41:33,278] INFO: Iter 3500 Summary: 
[2024-12-20 10:41:33,278] INFO: 	 lr: 0.009999999999999962 	 Training loss: 0.24833184552192689
[2024-12-20 10:41:33,611] INFO: 	 Body Test loss: 0.2208
[2024-12-20 10:41:33,611] INFO: 	 RH Test loss: 0.25070180414306437
[2024-12-20 10:41:33,611] INFO: 	 F1 score: 0
[2024-12-20 10:41:48,228] INFO: Iter 3750 Summary: 
[2024-12-20 10:41:48,228] INFO: 	 lr: 0.009999999999999962 	 Training loss: 0.2450951501727104
[2024-12-20 10:41:48,551] INFO: 	 Body Test loss: 0.21719999999999998
[2024-12-20 10:41:48,551] INFO: 	 RH Test loss: 0.256314954239076
[2024-12-20 10:41:48,551] INFO: 	 F1 score: 0
[2024-12-20 10:42:03,144] INFO: Iter 4000 Summary: 
[2024-12-20 10:42:03,144] INFO: 	 lr: 0.009999999999999962 	 Training loss: 0.24476780837774276
[2024-12-20 10:42:03,470] INFO: 	 Body Test loss: 0.23079999999999995
[2024-12-20 10:42:03,470] INFO: 	 RH Test loss: 0.27538221109669736
[2024-12-20 10:42:03,470] INFO: 	 F1 score: 0
[2024-12-20 10:42:18,130] INFO: Iter 4250 Summary: 
[2024-12-20 10:42:18,130] INFO: 	 lr: 0.009999999999999962 	 Training loss: 0.24407215625047685
[2024-12-20 10:42:18,455] INFO: 	 Body Test loss: 0.2348
[2024-12-20 10:42:18,455] INFO: 	 RH Test loss: 0.2500575731744219
[2024-12-20 10:42:18,455] INFO: 	 F1 score: 0
[2024-12-20 10:42:33,053] INFO: Iter 4500 Summary: 
[2024-12-20 10:42:33,053] INFO: 	 lr: 0.009999999999999962 	 Training loss: 0.24544632053375245
[2024-12-20 10:42:33,383] INFO: 	 Body Test loss: 0.2076
[2024-12-20 10:42:33,383] INFO: 	 RH Test loss: 0.23443817844203593
[2024-12-20 10:42:33,383] INFO: 	 F1 score: 0
[2024-12-20 10:42:48,019] INFO: Iter 4750 Summary: 
[2024-12-20 10:42:48,019] INFO: 	 lr: 0.009999999999999962 	 Training loss: 0.2419929385781288
[2024-12-20 10:42:48,344] INFO: 	 Body Test loss: 0.22080000000000002
[2024-12-20 10:42:48,344] INFO: 	 RH Test loss: 0.2504134826681765
[2024-12-20 10:42:48,344] INFO: 	 F1 score: 0
[2024-12-20 10:43:03,328] INFO: Iter 5000 Summary: 
[2024-12-20 10:43:03,328] INFO: 	 lr: 0.009999999999999962 	 Training loss: 0.2418360623717308
[2024-12-20 10:43:03,654] INFO: 	 Body Test loss: 0.23520000000000002
[2024-12-20 10:43:03,654] INFO: 	 RH Test loss: 0.28086745458787304
[2024-12-20 10:43:03,654] INFO: 	 F1 score: 0
[2024-12-20 10:43:03,995] INFO: 	 Total number of parameters: 126504
[2024-12-20 10:43:04,750] INFO: Testing with subject ['S6'] 
[2024-12-20 10:43:04,751] INFO: Training with subjects ['S10', 'S5', 'S3', 'S8', 'S9', 'S4', 'S7'] 
[2024-12-20 10:43:19,411] INFO: Iter 250 Summary: 
[2024-12-20 10:43:19,411] INFO: 	 lr: 0.009999999999999962 	 Training loss: 0.8260840138196945
[2024-12-20 10:43:19,741] INFO: 	 Body Test loss: 0.24680000000000002
[2024-12-20 10:43:19,742] INFO: 	 RH Test loss: 0.25698393087217486
[2024-12-20 10:43:19,742] INFO: 	 F1 score: 0
[2024-12-20 10:43:34,367] INFO: Iter 500 Summary: 
[2024-12-20 10:43:34,367] INFO: 	 lr: 0.009999999999999962 	 Training loss: 0.3135020555257797
[2024-12-20 10:43:34,703] INFO: 	 Body Test loss: 0.20839999999999997
[2024-12-20 10:43:34,703] INFO: 	 RH Test loss: 0.22060990449667955
[2024-12-20 10:43:34,703] INFO: 	 F1 score: 0
[2024-12-20 10:43:49,175] INFO: Iter 750 Summary: 
[2024-12-20 10:43:49,175] INFO: 	 lr: 0.009999999999999962 	 Training loss: 0.28120815443992614
[2024-12-20 10:43:49,508] INFO: 	 Body Test loss: 0.20360000000000003
[2024-12-20 10:43:49,508] INFO: 	 RH Test loss: 0.22891434472497607
[2024-12-20 10:43:49,508] INFO: 	 F1 score: 0
[2024-12-20 10:44:04,114] INFO: Iter 1000 Summary: 
[2024-12-20 10:44:04,115] INFO: 	 lr: 0.009999999999999962 	 Training loss: 0.26678421700000765
[2024-12-20 10:44:04,443] INFO: 	 Body Test loss: 0.19880000000000003
[2024-12-20 10:44:04,444] INFO: 	 RH Test loss: 0.22362349936802314
[2024-12-20 10:44:04,444] INFO: 	 F1 score: 0
[2024-12-20 10:44:19,047] INFO: Iter 1250 Summary: 
[2024-12-20 10:44:19,047] INFO: 	 lr: 0.009999999999999962 	 Training loss: 0.26285343772172926
[2024-12-20 10:44:19,379] INFO: 	 Body Test loss: 0.1772
[2024-12-20 10:44:19,379] INFO: 	 RH Test loss: 0.2017175721665577
[2024-12-20 10:44:19,379] INFO: 	 F1 score: 0
[2024-12-20 10:44:34,271] INFO: Iter 1500 Summary: 
[2024-12-20 10:44:34,272] INFO: 	 lr: 0.009999999999999962 	 Training loss: 0.25912752735614775
[2024-12-20 10:44:34,610] INFO: 	 Body Test loss: 0.21239999999999998
[2024-12-20 10:44:34,610] INFO: 	 RH Test loss: 0.23654699612577054
[2024-12-20 10:44:34,610] INFO: 	 F1 score: 0
[2024-12-20 10:44:49,354] INFO: Iter 1750 Summary: 
[2024-12-20 10:44:49,354] INFO: 	 lr: 0.009999999999999962 	 Training loss: 0.2554064719080925
[2024-12-20 10:44:49,693] INFO: 	 Body Test loss: 0.198
[2024-12-20 10:44:49,693] INFO: 	 RH Test loss: 0.22748389375845812
[2024-12-20 10:44:49,693] INFO: 	 F1 score: 0
[2024-12-20 10:45:04,443] INFO: Iter 2000 Summary: 
[2024-12-20 10:45:04,444] INFO: 	 lr: 0.009999999999999962 	 Training loss: 0.25460684424638746
[2024-12-20 10:45:04,775] INFO: 	 Body Test loss: 0.2112
[2024-12-20 10:45:04,775] INFO: 	 RH Test loss: 0.23160489469807385
[2024-12-20 10:45:04,775] INFO: 	 F1 score: 0
[2024-12-20 10:45:19,660] INFO: Iter 2250 Summary: 
[2024-12-20 10:45:19,660] INFO: 	 lr: 0.009999999999999962 	 Training loss: 0.252899951338768
[2024-12-20 10:45:19,995] INFO: 	 Body Test loss: 0.20680000000000004
[2024-12-20 10:45:19,995] INFO: 	 RH Test loss: 0.22686629941134054
[2024-12-20 10:45:19,995] INFO: 	 F1 score: 0
[2024-12-20 10:45:34,960] INFO: Iter 2500 Summary: 
[2024-12-20 10:45:34,960] INFO: 	 lr: 0.009999999999999962 	 Training loss: 0.25007707518339156
[2024-12-20 10:45:35,299] INFO: 	 Body Test loss: 0.19640000000000002
[2024-12-20 10:45:35,299] INFO: 	 RH Test loss: 0.2216030319673092
[2024-12-20 10:45:35,299] INFO: 	 F1 score: 0
[2024-12-20 10:45:50,518] INFO: Iter 2750 Summary: 
[2024-12-20 10:45:50,573] INFO: 	 lr: 0.009999999999999962 	 Training loss: 0.2516764512658119
[2024-12-20 10:45:50,926] INFO: 	 Body Test loss: 0.1932
[2024-12-20 10:45:50,926] INFO: 	 RH Test loss: 0.22019666282977354
[2024-12-20 10:45:50,926] INFO: 	 F1 score: 0
[2024-12-20 10:46:05,975] INFO: Iter 3000 Summary: 
[2024-12-20 10:46:05,996] INFO: 	 lr: 0.009999999999999962 	 Training loss: 0.2493062834739685
[2024-12-20 10:46:06,333] INFO: 	 Body Test loss: 0.23440000000000005
[2024-12-20 10:46:06,333] INFO: 	 RH Test loss: 0.2414894837198114
[2024-12-20 10:46:06,333] INFO: 	 F1 score: 0
[2024-12-20 10:46:21,430] INFO: Iter 3250 Summary: 
[2024-12-20 10:46:21,453] INFO: 	 lr: 0.009999999999999962 	 Training loss: 0.24909004151821137
[2024-12-20 10:46:21,858] INFO: 	 Body Test loss: 0.2076
[2024-12-20 10:46:21,869] INFO: 	 RH Test loss: 0.2128865765677268
[2024-12-20 10:46:21,869] INFO: 	 F1 score: 0
[2024-12-20 10:46:36,746] INFO: Iter 3500 Summary: 
[2024-12-20 10:46:36,760] INFO: 	 lr: 0.009999999999999962 	 Training loss: 0.24744805705547332
[2024-12-20 10:46:37,097] INFO: 	 Body Test loss: 0.1876
[2024-12-20 10:46:37,097] INFO: 	 RH Test loss: 0.2190397465310573
[2024-12-20 10:46:37,097] INFO: 	 F1 score: 0
[2024-12-20 10:46:52,323] INFO: Iter 3750 Summary: 
[2024-12-20 10:46:52,333] INFO: 	 lr: 0.009999999999999962 	 Training loss: 0.2478564731478691
[2024-12-20 10:46:52,708] INFO: 	 Body Test loss: 0.1968
[2024-12-20 10:46:52,708] INFO: 	 RH Test loss: 0.23097180336509943
[2024-12-20 10:46:52,708] INFO: 	 F1 score: 0
[2024-12-20 10:47:07,337] INFO: Iter 4000 Summary: 
[2024-12-20 10:47:07,338] INFO: 	 lr: 0.009999999999999962 	 Training loss: 0.2472904099225998
[2024-12-20 10:47:07,703] INFO: 	 Body Test loss: 0.19560000000000002
[2024-12-20 10:47:07,703] INFO: 	 RH Test loss: 0.22320530000365707
[2024-12-20 10:47:07,704] INFO: 	 F1 score: 0
[2024-12-20 10:47:22,249] INFO: Iter 4250 Summary: 
[2024-12-20 10:47:22,249] INFO: 	 lr: 0.009999999999999962 	 Training loss: 0.24882299983501435
[2024-12-20 10:47:22,595] INFO: 	 Body Test loss: 0.20119999999999996
[2024-12-20 10:47:22,595] INFO: 	 RH Test loss: 0.2292782096758424
[2024-12-20 10:47:22,595] INFO: 	 F1 score: 0
[2024-12-20 10:47:37,198] INFO: Iter 4500 Summary: 
[2024-12-20 10:47:37,198] INFO: 	 lr: 0.009999999999999962 	 Training loss: 0.24688061273097991
[2024-12-20 10:47:37,540] INFO: 	 Body Test loss: 0.1936
[2024-12-20 10:47:37,540] INFO: 	 RH Test loss: 0.22516534596559284
[2024-12-20 10:47:37,541] INFO: 	 F1 score: 0
[2024-12-20 10:47:52,005] INFO: Iter 4750 Summary: 
[2024-12-20 10:47:52,005] INFO: 	 lr: 0.009999999999999962 	 Training loss: 0.24561984062194825
[2024-12-20 10:47:52,342] INFO: 	 Body Test loss: 0.24200000000000002
[2024-12-20 10:47:52,342] INFO: 	 RH Test loss: 0.2566064680389112
[2024-12-20 10:47:52,342] INFO: 	 F1 score: 0
[2024-12-20 10:48:07,033] INFO: Iter 5000 Summary: 
[2024-12-20 10:48:07,034] INFO: 	 lr: 0.009999999999999962 	 Training loss: 0.2450194438099861
[2024-12-20 10:48:07,369] INFO: 	 Body Test loss: 0.19079999999999997
[2024-12-20 10:48:07,369] INFO: 	 RH Test loss: 0.22100325543968524
[2024-12-20 10:48:07,369] INFO: 	 F1 score: 0
[2024-12-20 10:48:07,770] INFO: 	 Total number of parameters: 126504
[2024-12-20 10:48:08,534] INFO: Testing with subject ['S8'] 
[2024-12-20 10:48:08,534] INFO: Training with subjects ['S10', 'S5', 'S3', 'S6', 'S9', 'S4', 'S7'] 
[2024-12-20 10:48:23,179] INFO: Iter 250 Summary: 
[2024-12-20 10:48:23,179] INFO: 	 lr: 0.009999999999999962 	 Training loss: 0.7253630213737488
[2024-12-20 10:48:23,559] INFO: 	 Body Test loss: 0.288
[2024-12-20 10:48:23,559] INFO: 	 RH Test loss: 0.3436078144380968
[2024-12-20 10:48:23,559] INFO: 	 F1 score: 0
[2024-12-20 10:48:38,351] INFO: Iter 500 Summary: 
[2024-12-20 10:48:38,351] INFO: 	 lr: 0.009999999999999962 	 Training loss: 0.31872812139987944
[2024-12-20 10:48:38,734] INFO: 	 Body Test loss: 0.1968
[2024-12-20 10:48:38,734] INFO: 	 RH Test loss: 0.25951713840066637
[2024-12-20 10:48:38,735] INFO: 	 F1 score: 0
[2024-12-20 10:48:53,232] INFO: Iter 750 Summary: 
[2024-12-20 10:48:53,232] INFO: 	 lr: 0.009999999999999962 	 Training loss: 0.2802449876666069
[2024-12-20 10:48:53,617] INFO: 	 Body Test loss: 0.20879999999999999
[2024-12-20 10:48:53,617] INFO: 	 RH Test loss: 0.2634349003306564
[2024-12-20 10:48:53,617] INFO: 	 F1 score: 0
[2024-12-20 10:49:08,225] INFO: Iter 1000 Summary: 
[2024-12-20 10:49:08,225] INFO: 	 lr: 0.009999999999999962 	 Training loss: 0.2709485458135605
[2024-12-20 10:49:08,604] INFO: 	 Body Test loss: 0.17
[2024-12-20 10:49:08,604] INFO: 	 RH Test loss: 0.22134772842416836
[2024-12-20 10:49:08,604] INFO: 	 F1 score: 0
[2024-12-20 10:49:23,214] INFO: Iter 1250 Summary: 
[2024-12-20 10:49:23,214] INFO: 	 lr: 0.009999999999999962 	 Training loss: 0.26726371139287947
[2024-12-20 10:49:23,598] INFO: 	 Body Test loss: 0.1744
[2024-12-20 10:49:23,599] INFO: 	 RH Test loss: 0.23284781642164332
[2024-12-20 10:49:23,599] INFO: 	 F1 score: 0
[2024-12-20 10:49:38,136] INFO: Iter 1500 Summary: 
[2024-12-20 10:49:38,136] INFO: 	 lr: 0.009999999999999962 	 Training loss: 0.26429736721515656
[2024-12-20 10:49:38,516] INFO: 	 Body Test loss: 0.1812
[2024-12-20 10:49:38,516] INFO: 	 RH Test loss: 0.24085080116161472
[2024-12-20 10:49:38,516] INFO: 	 F1 score: 0
[2024-12-20 10:49:53,298] INFO: Iter 1750 Summary: 
[2024-12-20 10:49:53,298] INFO: 	 lr: 0.009999999999999962 	 Training loss: 0.2591320406794548
[2024-12-20 10:49:53,677] INFO: 	 Body Test loss: 0.1892
[2024-12-20 10:49:53,678] INFO: 	 RH Test loss: 0.23325919125482478
[2024-12-20 10:49:53,678] INFO: 	 F1 score: 0
[2024-12-20 10:50:08,296] INFO: Iter 2000 Summary: 
[2024-12-20 10:50:08,297] INFO: 	 lr: 0.009999999999999962 	 Training loss: 0.2549231731295586
[2024-12-20 10:50:08,674] INFO: 	 Body Test loss: 0.16
[2024-12-20 10:50:08,674] INFO: 	 RH Test loss: 0.218223993775226
[2024-12-20 10:50:08,674] INFO: 	 F1 score: 0
[2024-12-20 10:50:23,410] INFO: Iter 2250 Summary: 
[2024-12-20 10:50:23,411] INFO: 	 lr: 0.009999999999999962 	 Training loss: 0.2522047946453094
[2024-12-20 10:50:23,789] INFO: 	 Body Test loss: 0.162
[2024-12-20 10:50:23,789] INFO: 	 RH Test loss: 0.20914642656780308
[2024-12-20 10:50:23,790] INFO: 	 F1 score: 0
[2024-12-20 10:50:38,378] INFO: Iter 2500 Summary: 
[2024-12-20 10:50:38,378] INFO: 	 lr: 0.009999999999999962 	 Training loss: 0.24988228690624237
[2024-12-20 10:50:38,757] INFO: 	 Body Test loss: 0.16000000000000003
[2024-12-20 10:50:38,757] INFO: 	 RH Test loss: 0.21046036099606857
[2024-12-20 10:50:38,758] INFO: 	 F1 score: 0
[2024-12-20 10:50:53,825] INFO: Iter 2750 Summary: 
[2024-12-20 10:50:53,826] INFO: 	 lr: 0.009999999999999962 	 Training loss: 0.24628157144784926
[2024-12-20 10:50:54,203] INFO: 	 Body Test loss: 0.1728
[2024-12-20 10:50:54,203] INFO: 	 RH Test loss: 0.23035945527799784
[2024-12-20 10:50:54,204] INFO: 	 F1 score: 0
[2024-12-20 10:51:08,960] INFO: Iter 3000 Summary: 
[2024-12-20 10:51:08,960] INFO: 	 lr: 0.009999999999999962 	 Training loss: 0.24606575071811676
[2024-12-20 10:51:09,337] INFO: 	 Body Test loss: 0.1588
[2024-12-20 10:51:09,338] INFO: 	 RH Test loss: 0.22217623460202737
[2024-12-20 10:51:09,338] INFO: 	 F1 score: 0
[2024-12-20 10:51:24,078] INFO: Iter 3250 Summary: 
[2024-12-20 10:51:24,079] INFO: 	 lr: 0.009999999999999962 	 Training loss: 0.2446793030500412
[2024-12-20 10:51:24,456] INFO: 	 Body Test loss: 0.1732
[2024-12-20 10:51:24,457] INFO: 	 RH Test loss: 0.23227890515207342
[2024-12-20 10:51:24,457] INFO: 	 F1 score: 0
[2024-12-20 10:51:38,999] INFO: Iter 3500 Summary: 
[2024-12-20 10:51:38,999] INFO: 	 lr: 0.009999999999999962 	 Training loss: 0.24254026591777803
[2024-12-20 10:51:39,379] INFO: 	 Body Test loss: 0.17520000000000002
[2024-12-20 10:51:39,379] INFO: 	 RH Test loss: 0.22971214974256848
[2024-12-20 10:51:39,379] INFO: 	 F1 score: 0
[2024-12-20 10:51:53,921] INFO: Iter 3750 Summary: 
[2024-12-20 10:51:53,922] INFO: 	 lr: 0.009999999999999962 	 Training loss: 0.24153507453203202
[2024-12-20 10:51:54,298] INFO: 	 Body Test loss: 0.1948
[2024-12-20 10:51:54,298] INFO: 	 RH Test loss: 0.2562057425483348
[2024-12-20 10:51:54,298] INFO: 	 F1 score: 0
[2024-12-20 10:52:08,817] INFO: Iter 4000 Summary: 
[2024-12-20 10:52:08,817] INFO: 	 lr: 0.009999999999999962 	 Training loss: 0.2398163672685623
[2024-12-20 10:52:09,197] INFO: 	 Body Test loss: 0.17160000000000003
[2024-12-20 10:52:09,197] INFO: 	 RH Test loss: 0.23263924240165149
[2024-12-20 10:52:09,197] INFO: 	 F1 score: 0
[2024-12-20 10:52:23,825] INFO: Iter 4250 Summary: 
[2024-12-20 10:52:23,825] INFO: 	 lr: 0.009999999999999962 	 Training loss: 0.23925659102201463
[2024-12-20 10:52:24,203] INFO: 	 Body Test loss: 0.15680000000000002
[2024-12-20 10:52:24,203] INFO: 	 RH Test loss: 0.21044059125242068
[2024-12-20 10:52:24,203] INFO: 	 F1 score: 0
[2024-12-20 10:52:38,731] INFO: Iter 4500 Summary: 
[2024-12-20 10:52:38,731] INFO: 	 lr: 0.009999999999999962 	 Training loss: 0.23744558173418046
[2024-12-20 10:52:39,108] INFO: 	 Body Test loss: 0.16560000000000002
[2024-12-20 10:52:39,108] INFO: 	 RH Test loss: 0.2169395768492288
[2024-12-20 10:52:39,108] INFO: 	 F1 score: 0
[2024-12-20 10:52:53,521] INFO: Iter 4750 Summary: 
[2024-12-20 10:52:53,521] INFO: 	 lr: 0.009999999999999962 	 Training loss: 0.2367400603890419
[2024-12-20 10:52:53,901] INFO: 	 Body Test loss: 0.17040000000000002
[2024-12-20 10:52:53,901] INFO: 	 RH Test loss: 0.22550681792818927
[2024-12-20 10:52:53,901] INFO: 	 F1 score: 0
[2024-12-20 10:53:08,560] INFO: Iter 5000 Summary: 
[2024-12-20 10:53:08,560] INFO: 	 lr: 0.009999999999999962 	 Training loss: 0.23473836421966554
[2024-12-20 10:53:08,937] INFO: 	 Body Test loss: 0.1588
[2024-12-20 10:53:08,938] INFO: 	 RH Test loss: 0.21345650903824293
[2024-12-20 10:53:08,938] INFO: 	 F1 score: 0
[2024-12-20 10:53:09,333] INFO: 	 Total number of parameters: 126504
[2024-12-20 10:53:10,029] INFO: Testing with subject ['S9'] 
[2024-12-20 10:53:10,029] INFO: Training with subjects ['S10', 'S5', 'S3', 'S6', 'S8', 'S4', 'S7'] 
[2024-12-20 10:53:24,589] INFO: Iter 250 Summary: 
[2024-12-20 10:53:24,589] INFO: 	 lr: 0.009999999999999962 	 Training loss: 0.6066545950174331
[2024-12-20 10:53:24,969] INFO: 	 Body Test loss: 0.2284
[2024-12-20 10:53:24,969] INFO: 	 RH Test loss: 0.2687879391595406
[2024-12-20 10:53:24,969] INFO: 	 F1 score: 0
[2024-12-20 10:53:39,597] INFO: Iter 500 Summary: 
[2024-12-20 10:53:39,597] INFO: 	 lr: 0.009999999999999962 	 Training loss: 0.2945603060722351
[2024-12-20 10:53:39,972] INFO: 	 Body Test loss: 0.19799999999999998
[2024-12-20 10:53:39,972] INFO: 	 RH Test loss: 0.2243752984774959
[2024-12-20 10:53:39,973] INFO: 	 F1 score: 0
[2024-12-20 10:53:54,446] INFO: Iter 750 Summary: 
[2024-12-20 10:53:54,447] INFO: 	 lr: 0.009999999999999962 	 Training loss: 0.27188150584697723
[2024-12-20 10:53:54,824] INFO: 	 Body Test loss: 0.19640000000000002
[2024-12-20 10:53:54,824] INFO: 	 RH Test loss: 0.22938368907752696
[2024-12-20 10:53:54,824] INFO: 	 F1 score: 0
[2024-12-20 10:54:09,473] INFO: Iter 1000 Summary: 
[2024-12-20 10:54:09,473] INFO: 	 lr: 0.009999999999999962 	 Training loss: 0.2655371422767639
[2024-12-20 10:54:09,851] INFO: 	 Body Test loss: 0.20000000000000004
[2024-12-20 10:54:09,851] INFO: 	 RH Test loss: 0.22807401400574412
[2024-12-20 10:54:09,851] INFO: 	 F1 score: 0
[2024-12-20 10:54:24,316] INFO: Iter 1250 Summary: 
[2024-12-20 10:54:24,317] INFO: 	 lr: 0.009999999999999962 	 Training loss: 0.2577885286808014
[2024-12-20 10:54:24,696] INFO: 	 Body Test loss: 0.19160000000000005
[2024-12-20 10:54:24,697] INFO: 	 RH Test loss: 0.22466715347128524
[2024-12-20 10:54:24,697] INFO: 	 F1 score: 0
[2024-12-20 10:54:39,132] INFO: Iter 1500 Summary: 
[2024-12-20 10:54:39,132] INFO: 	 lr: 0.009999999999999962 	 Training loss: 0.2573172402381897
[2024-12-20 10:54:39,510] INFO: 	 Body Test loss: 0.1928
[2024-12-20 10:54:39,511] INFO: 	 RH Test loss: 0.22148810164569177
[2024-12-20 10:54:39,511] INFO: 	 F1 score: 0
[2024-12-20 10:54:54,104] INFO: Iter 1750 Summary: 
[2024-12-20 10:54:54,104] INFO: 	 lr: 0.009999999999999962 	 Training loss: 0.2524142797589302
[2024-12-20 10:54:54,478] INFO: 	 Body Test loss: 0.17800000000000002
[2024-12-20 10:54:54,478] INFO: 	 RH Test loss: 0.22359046536988367
[2024-12-20 10:54:54,478] INFO: 	 F1 score: 0
[2024-12-20 10:55:09,008] INFO: Iter 2000 Summary: 
[2024-12-20 10:55:09,008] INFO: 	 lr: 0.009999999999999962 	 Training loss: 0.24952184349298479
[2024-12-20 10:55:09,388] INFO: 	 Body Test loss: 0.184
[2024-12-20 10:55:09,389] INFO: 	 RH Test loss: 0.2355232425882095
[2024-12-20 10:55:09,389] INFO: 	 F1 score: 0
[2024-12-20 10:55:23,949] INFO: Iter 2250 Summary: 
[2024-12-20 10:55:23,949] INFO: 	 lr: 0.009999999999999962 	 Training loss: 0.24932523036003112
[2024-12-20 10:55:24,330] INFO: 	 Body Test loss: 0.17920000000000003
[2024-12-20 10:55:24,330] INFO: 	 RH Test loss: 0.20941654159004336
[2024-12-20 10:55:24,330] INFO: 	 F1 score: 0
[2024-12-20 10:55:38,861] INFO: Iter 2500 Summary: 
[2024-12-20 10:55:38,862] INFO: 	 lr: 0.009999999999999962 	 Training loss: 0.24705493748188018
[2024-12-20 10:55:39,245] INFO: 	 Body Test loss: 0.1776
[2024-12-20 10:55:39,245] INFO: 	 RH Test loss: 0.21936760655375825
[2024-12-20 10:55:39,245] INFO: 	 F1 score: 0
[2024-12-20 10:55:54,047] INFO: Iter 2750 Summary: 
[2024-12-20 10:55:54,047] INFO: 	 lr: 0.009999999999999962 	 Training loss: 0.24562880790233613
[2024-12-20 10:55:54,427] INFO: 	 Body Test loss: 0.1884
[2024-12-20 10:55:54,428] INFO: 	 RH Test loss: 0.21569248017754084
[2024-12-20 10:55:54,428] INFO: 	 F1 score: 0
[2024-12-20 10:56:09,007] INFO: Iter 3000 Summary: 
[2024-12-20 10:56:09,007] INFO: 	 lr: 0.009999999999999962 	 Training loss: 0.24281799697875978
[2024-12-20 10:56:09,382] INFO: 	 Body Test loss: 0.1884
[2024-12-20 10:56:09,383] INFO: 	 RH Test loss: 0.22156004440739918
[2024-12-20 10:56:09,383] INFO: 	 F1 score: 0
[2024-12-20 10:56:24,014] INFO: Iter 3250 Summary: 
[2024-12-20 10:56:24,014] INFO: 	 lr: 0.009999999999999962 	 Training loss: 0.2426740198135376
[2024-12-20 10:56:24,387] INFO: 	 Body Test loss: 0.17520000000000002
[2024-12-20 10:56:24,387] INFO: 	 RH Test loss: 0.21187417099217548
[2024-12-20 10:56:24,387] INFO: 	 F1 score: 0
[2024-12-20 10:56:38,858] INFO: Iter 3500 Summary: 
[2024-12-20 10:56:38,858] INFO: 	 lr: 0.009999999999999962 	 Training loss: 0.2420367652773857
[2024-12-20 10:56:39,234] INFO: 	 Body Test loss: 0.1696
[2024-12-20 10:56:39,235] INFO: 	 RH Test loss: 0.2104719521901379
[2024-12-20 10:56:39,235] INFO: 	 F1 score: 0
[2024-12-20 10:56:53,804] INFO: Iter 3750 Summary: 
[2024-12-20 10:56:53,804] INFO: 	 lr: 0.009999999999999962 	 Training loss: 0.24124626070261002
[2024-12-20 10:56:54,187] INFO: 	 Body Test loss: 0.17
[2024-12-20 10:56:54,187] INFO: 	 RH Test loss: 0.21053346208736282
[2024-12-20 10:56:54,187] INFO: 	 F1 score: 0
[2024-12-20 10:57:08,551] INFO: Iter 4000 Summary: 
[2024-12-20 10:57:08,551] INFO: 	 lr: 0.009999999999999962 	 Training loss: 0.2407075810432434
[2024-12-20 10:57:08,928] INFO: 	 Body Test loss: 0.1764
[2024-12-20 10:57:08,928] INFO: 	 RH Test loss: 0.22559986557491393
[2024-12-20 10:57:08,928] INFO: 	 F1 score: 0
[2024-12-20 10:57:23,539] INFO: Iter 4250 Summary: 
[2024-12-20 10:57:23,539] INFO: 	 lr: 0.009999999999999962 	 Training loss: 0.24005182546377182
[2024-12-20 10:57:23,914] INFO: 	 Body Test loss: 0.1728
[2024-12-20 10:57:23,914] INFO: 	 RH Test loss: 0.20622846096271594
[2024-12-20 10:57:23,914] INFO: 	 F1 score: 0
[2024-12-20 10:57:38,515] INFO: Iter 4500 Summary: 
[2024-12-20 10:57:38,515] INFO: 	 lr: 0.009999999999999962 	 Training loss: 0.2388988119363785
[2024-12-20 10:57:38,901] INFO: 	 Body Test loss: 0.17560000000000003
[2024-12-20 10:57:38,901] INFO: 	 RH Test loss: 0.2090877879512117
[2024-12-20 10:57:38,901] INFO: 	 F1 score: 0
[2024-12-20 10:57:53,276] INFO: Iter 4750 Summary: 
[2024-12-20 10:57:53,276] INFO: 	 lr: 0.009999999999999962 	 Training loss: 0.23710458087921144
[2024-12-20 10:57:53,659] INFO: 	 Body Test loss: 0.17520000000000002
[2024-12-20 10:57:53,659] INFO: 	 RH Test loss: 0.20838594610040836
[2024-12-20 10:57:53,659] INFO: 	 F1 score: 0
[2024-12-20 10:58:08,167] INFO: Iter 5000 Summary: 
[2024-12-20 10:58:08,168] INFO: 	 lr: 0.009999999999999962 	 Training loss: 0.23736198699474334
[2024-12-20 10:58:08,600] INFO: 	 Body Test loss: 0.17
[2024-12-20 10:58:08,600] INFO: 	 RH Test loss: 0.204584289054348
[2024-12-20 10:58:08,601] INFO: 	 F1 score: 0
[2024-12-20 10:58:08,991] INFO: 	 Total number of parameters: 126504
[2024-12-20 10:58:09,677] INFO: Testing with subject ['S4'] 
[2024-12-20 10:58:09,678] INFO: Training with subjects ['S10', 'S5', 'S3', 'S6', 'S8', 'S9', 'S7'] 
[2024-12-20 10:58:24,265] INFO: Iter 250 Summary: 
[2024-12-20 10:58:24,265] INFO: 	 lr: 0.009999999999999962 	 Training loss: 0.6752098801136017
[2024-12-20 10:58:24,545] INFO: 	 Body Test loss: 0.1916
[2024-12-20 10:58:24,546] INFO: 	 RH Test loss: 0.19775351258832505
[2024-12-20 10:58:24,546] INFO: 	 F1 score: 0
[2024-12-20 10:58:39,059] INFO: Iter 500 Summary: 
[2024-12-20 10:58:39,059] INFO: 	 lr: 0.009999999999999962 	 Training loss: 0.2816408356428146
[2024-12-20 10:58:39,339] INFO: 	 Body Test loss: 0.1724
[2024-12-20 10:58:39,339] INFO: 	 RH Test loss: 0.18908499291936884
[2024-12-20 10:58:39,339] INFO: 	 F1 score: 0
[2024-12-20 10:58:53,712] INFO: Iter 750 Summary: 
[2024-12-20 10:58:53,712] INFO: 	 lr: 0.009999999999999962 	 Training loss: 0.2681564835906029
[2024-12-20 10:58:53,996] INFO: 	 Body Test loss: 0.18200000000000002
[2024-12-20 10:58:53,996] INFO: 	 RH Test loss: 0.2089674725289007
[2024-12-20 10:58:53,996] INFO: 	 F1 score: 0
[2024-12-20 10:59:08,596] INFO: Iter 1000 Summary: 
[2024-12-20 10:59:08,596] INFO: 	 lr: 0.009999999999999962 	 Training loss: 0.2636779029965401
[2024-12-20 10:59:08,881] INFO: 	 Body Test loss: 0.1696
[2024-12-20 10:59:08,881] INFO: 	 RH Test loss: 0.1944274649549355
[2024-12-20 10:59:08,882] INFO: 	 F1 score: 0
[2024-12-20 10:59:23,442] INFO: Iter 1250 Summary: 
[2024-12-20 10:59:23,442] INFO: 	 lr: 0.009999999999999962 	 Training loss: 0.25979019886255267
[2024-12-20 10:59:23,740] INFO: 	 Body Test loss: 0.17559999999999998
[2024-12-20 10:59:23,740] INFO: 	 RH Test loss: 0.2160536937619355
[2024-12-20 10:59:23,740] INFO: 	 F1 score: 0
[2024-12-20 10:59:38,188] INFO: Iter 1500 Summary: 
[2024-12-20 10:59:38,189] INFO: 	 lr: 0.009999999999999962 	 Training loss: 0.25858157384395597
[2024-12-20 10:59:38,535] INFO: 	 Body Test loss: 0.16160000000000005
[2024-12-20 10:59:38,535] INFO: 	 RH Test loss: 0.19018013091613667
[2024-12-20 10:59:38,535] INFO: 	 F1 score: 0
[2024-12-20 10:59:53,120] INFO: Iter 1750 Summary: 
[2024-12-20 10:59:53,121] INFO: 	 lr: 0.009999999999999962 	 Training loss: 0.25547608715295794
[2024-12-20 10:59:53,446] INFO: 	 Body Test loss: 0.16240000000000002
[2024-12-20 10:59:53,446] INFO: 	 RH Test loss: 0.19460105504785377
[2024-12-20 10:59:53,446] INFO: 	 F1 score: 0
[2024-12-20 11:00:08,182] INFO: Iter 2000 Summary: 
[2024-12-20 11:00:08,182] INFO: 	 lr: 0.009999999999999962 	 Training loss: 0.2522731068134308
[2024-12-20 11:00:08,555] INFO: 	 Body Test loss: 0.1592
[2024-12-20 11:00:08,555] INFO: 	 RH Test loss: 0.18398363361641443
[2024-12-20 11:00:08,555] INFO: 	 F1 score: 0
[2024-12-20 11:00:23,768] INFO: Iter 2250 Summary: 
[2024-12-20 11:00:23,768] INFO: 	 lr: 0.009999999999999962 	 Training loss: 0.248087171792984
[2024-12-20 11:00:24,052] INFO: 	 Body Test loss: 0.15480000000000002
[2024-12-20 11:00:24,052] INFO: 	 RH Test loss: 0.18584107840473607
[2024-12-20 11:00:24,052] INFO: 	 F1 score: 0
[2024-12-20 11:00:38,599] INFO: Iter 2500 Summary: 
[2024-12-20 11:00:38,599] INFO: 	 lr: 0.009999999999999962 	 Training loss: 0.2480564078092575
[2024-12-20 11:00:38,883] INFO: 	 Body Test loss: 0.16959999999999997
[2024-12-20 11:00:38,883] INFO: 	 RH Test loss: 0.1992592186118665
[2024-12-20 11:00:38,883] INFO: 	 F1 score: 0
[2024-12-20 11:00:53,624] INFO: Iter 2750 Summary: 
[2024-12-20 11:00:53,624] INFO: 	 lr: 0.009999999999999962 	 Training loss: 0.245420052587986
[2024-12-20 11:00:53,916] INFO: 	 Body Test loss: 0.1616
[2024-12-20 11:00:53,916] INFO: 	 RH Test loss: 0.1895518198908848
[2024-12-20 11:00:53,916] INFO: 	 F1 score: 0
[2024-12-20 11:01:08,486] INFO: Iter 3000 Summary: 
[2024-12-20 11:01:08,486] INFO: 	 lr: 0.009999999999999962 	 Training loss: 0.24221577966213226
[2024-12-20 11:01:08,774] INFO: 	 Body Test loss: 0.168
[2024-12-20 11:01:08,774] INFO: 	 RH Test loss: 0.20128780185881712
[2024-12-20 11:01:08,774] INFO: 	 F1 score: 0
[2024-12-20 11:01:23,204] INFO: Iter 3250 Summary: 
[2024-12-20 11:01:23,205] INFO: 	 lr: 0.009999999999999962 	 Training loss: 0.2415541667342186
[2024-12-20 11:01:23,526] INFO: 	 Body Test loss: 0.16400000000000003
[2024-12-20 11:01:23,526] INFO: 	 RH Test loss: 0.18716717687038062
[2024-12-20 11:01:23,526] INFO: 	 F1 score: 0
[2024-12-20 11:01:37,842] INFO: Iter 3500 Summary: 
[2024-12-20 11:01:37,842] INFO: 	 lr: 0.009999999999999962 	 Training loss: 0.24040169489383698
[2024-12-20 11:01:38,134] INFO: 	 Body Test loss: 0.15480000000000002
[2024-12-20 11:01:38,134] INFO: 	 RH Test loss: 0.1923026576976996
[2024-12-20 11:01:38,134] INFO: 	 F1 score: 0
[2024-12-20 11:01:52,694] INFO: Iter 3750 Summary: 
[2024-12-20 11:01:52,694] INFO: 	 lr: 0.009999999999999962 	 Training loss: 0.23764404755830765
[2024-12-20 11:01:52,976] INFO: 	 Body Test loss: 0.15360000000000001
[2024-12-20 11:01:52,977] INFO: 	 RH Test loss: 0.1894499780790024
[2024-12-20 11:01:52,977] INFO: 	 F1 score: 0
[2024-12-20 11:02:07,455] INFO: Iter 4000 Summary: 
[2024-12-20 11:02:07,455] INFO: 	 lr: 0.009999999999999962 	 Training loss: 0.23770829975605012
[2024-12-20 11:02:07,739] INFO: 	 Body Test loss: 0.1636
[2024-12-20 11:02:07,739] INFO: 	 RH Test loss: 0.19327976811266023
[2024-12-20 11:02:07,739] INFO: 	 F1 score: 0
[2024-12-20 11:02:22,263] INFO: Iter 4250 Summary: 
[2024-12-20 11:02:22,264] INFO: 	 lr: 0.009999999999999962 	 Training loss: 0.23659727048873902
[2024-12-20 11:02:22,550] INFO: 	 Body Test loss: 0.1528
[2024-12-20 11:02:22,550] INFO: 	 RH Test loss: 0.18093514304184638
[2024-12-20 11:02:22,550] INFO: 	 F1 score: 0
[2024-12-20 11:02:37,105] INFO: Iter 4500 Summary: 
[2024-12-20 11:02:37,105] INFO: 	 lr: 0.009999999999999962 	 Training loss: 0.23419741612672806
[2024-12-20 11:02:37,389] INFO: 	 Body Test loss: 0.154
[2024-12-20 11:02:37,389] INFO: 	 RH Test loss: 0.17943391946041604
[2024-12-20 11:02:37,389] INFO: 	 F1 score: 0
[2024-12-20 11:02:51,843] INFO: Iter 4750 Summary: 
[2024-12-20 11:02:51,843] INFO: 	 lr: 0.009999999999999962 	 Training loss: 0.23312297141551971
[2024-12-20 11:02:52,124] INFO: 	 Body Test loss: 0.16760000000000003
[2024-12-20 11:02:52,124] INFO: 	 RH Test loss: 0.1837973462533715
[2024-12-20 11:02:52,124] INFO: 	 F1 score: 0
[2024-12-20 11:03:06,683] INFO: Iter 5000 Summary: 
[2024-12-20 11:03:06,684] INFO: 	 lr: 0.009999999999999962 	 Training loss: 0.23205496084690094
[2024-12-20 11:03:06,968] INFO: 	 Body Test loss: 0.1532
[2024-12-20 11:03:06,968] INFO: 	 RH Test loss: 0.1810634068013023
[2024-12-20 11:03:06,968] INFO: 	 F1 score: 0
[2024-12-20 11:03:07,270] INFO: 	 Total number of parameters: 126504
[2024-12-20 11:03:07,982] INFO: Testing with subject ['S7'] 
[2024-12-20 11:03:07,982] INFO: Training with subjects ['S10', 'S5', 'S3', 'S6', 'S8', 'S9', 'S4'] 
[2024-12-20 11:03:22,552] INFO: Iter 250 Summary: 
[2024-12-20 11:03:22,553] INFO: 	 lr: 0.009999999999999962 	 Training loss: 0.581969260931015
[2024-12-20 11:03:22,878] INFO: 	 Body Test loss: 0.21159999999999995
[2024-12-20 11:03:22,878] INFO: 	 RH Test loss: 0.26853516765201796
[2024-12-20 11:03:22,878] INFO: 	 F1 score: 0
[2024-12-20 11:03:37,481] INFO: Iter 500 Summary: 
[2024-12-20 11:03:37,481] INFO: 	 lr: 0.009999999999999962 	 Training loss: 0.29486719000339506
[2024-12-20 11:03:37,809] INFO: 	 Body Test loss: 0.1904
[2024-12-20 11:03:37,810] INFO: 	 RH Test loss: 0.2492816465882694
[2024-12-20 11:03:37,810] INFO: 	 F1 score: 0
[2024-12-20 11:03:52,242] INFO: Iter 750 Summary: 
[2024-12-20 11:03:52,243] INFO: 	 lr: 0.009999999999999962 	 Training loss: 0.26926220059394834
[2024-12-20 11:03:52,572] INFO: 	 Body Test loss: 0.1824
[2024-12-20 11:03:52,572] INFO: 	 RH Test loss: 0.2376820705497966
[2024-12-20 11:03:52,572] INFO: 	 F1 score: 0
[2024-12-20 11:04:07,181] INFO: Iter 1000 Summary: 
[2024-12-20 11:04:07,181] INFO: 	 lr: 0.009999999999999962 	 Training loss: 0.26089618176221846
[2024-12-20 11:04:07,509] INFO: 	 Body Test loss: 0.18799999999999997
[2024-12-20 11:04:07,509] INFO: 	 RH Test loss: 0.22305686719978557
[2024-12-20 11:04:07,509] INFO: 	 F1 score: 0
[2024-12-20 11:04:22,134] INFO: Iter 1250 Summary: 
[2024-12-20 11:04:22,135] INFO: 	 lr: 0.009999999999999962 	 Training loss: 0.2574283802509308
[2024-12-20 11:04:22,464] INFO: 	 Body Test loss: 0.18200000000000002
[2024-12-20 11:04:22,464] INFO: 	 RH Test loss: 0.2317467844065498
[2024-12-20 11:04:22,464] INFO: 	 F1 score: 0
[2024-12-20 11:04:36,907] INFO: Iter 1500 Summary: 
[2024-12-20 11:04:36,907] INFO: 	 lr: 0.009999999999999962 	 Training loss: 0.2523492735624313
[2024-12-20 11:04:37,234] INFO: 	 Body Test loss: 0.1868
[2024-12-20 11:04:37,234] INFO: 	 RH Test loss: 0.24334342155737038
[2024-12-20 11:04:37,234] INFO: 	 F1 score: 0
[2024-12-20 11:04:51,782] INFO: Iter 1750 Summary: 
[2024-12-20 11:04:51,782] INFO: 	 lr: 0.009999999999999962 	 Training loss: 0.24903651356697082
[2024-12-20 11:04:52,107] INFO: 	 Body Test loss: 0.1736
[2024-12-20 11:04:52,108] INFO: 	 RH Test loss: 0.23019258292983558
[2024-12-20 11:04:52,108] INFO: 	 F1 score: 0
[2024-12-20 11:05:06,588] INFO: Iter 2000 Summary: 
[2024-12-20 11:05:06,588] INFO: 	 lr: 0.009999999999999962 	 Training loss: 0.24796556514501572
[2024-12-20 11:05:06,913] INFO: 	 Body Test loss: 0.16440000000000002
[2024-12-20 11:05:06,913] INFO: 	 RH Test loss: 0.21734270360890556
[2024-12-20 11:05:06,913] INFO: 	 F1 score: 0
[2024-12-20 11:05:21,428] INFO: Iter 2250 Summary: 
[2024-12-20 11:05:21,428] INFO: 	 lr: 0.009999999999999962 	 Training loss: 0.24438538700342177
[2024-12-20 11:05:21,754] INFO: 	 Body Test loss: 0.16879999999999998
[2024-12-20 11:05:21,755] INFO: 	 RH Test loss: 0.23677033420871282
[2024-12-20 11:05:21,755] INFO: 	 F1 score: 0
[2024-12-20 11:05:36,271] INFO: Iter 2500 Summary: 
[2024-12-20 11:05:36,271] INFO: 	 lr: 0.009999999999999962 	 Training loss: 0.24206227219104767
[2024-12-20 11:05:36,596] INFO: 	 Body Test loss: 0.17400000000000002
[2024-12-20 11:05:36,596] INFO: 	 RH Test loss: 0.23569912554236017
[2024-12-20 11:05:36,597] INFO: 	 F1 score: 0
[2024-12-20 11:05:51,457] INFO: Iter 2750 Summary: 
[2024-12-20 11:05:51,457] INFO: 	 lr: 0.009999999999999962 	 Training loss: 0.24127556610107423
[2024-12-20 11:05:51,785] INFO: 	 Body Test loss: 0.1832
[2024-12-20 11:05:51,786] INFO: 	 RH Test loss: 0.2188482655777651
[2024-12-20 11:05:51,786] INFO: 	 F1 score: 0
[2024-12-20 11:06:06,284] INFO: Iter 3000 Summary: 
[2024-12-20 11:06:06,284] INFO: 	 lr: 0.009999999999999962 	 Training loss: 0.23969021105766297
[2024-12-20 11:06:06,608] INFO: 	 Body Test loss: 0.162
[2024-12-20 11:06:06,609] INFO: 	 RH Test loss: 0.22669841648550595
[2024-12-20 11:06:06,609] INFO: 	 F1 score: 0
[2024-12-20 11:06:21,233] INFO: Iter 3250 Summary: 
[2024-12-20 11:06:21,233] INFO: 	 lr: 0.009999999999999962 	 Training loss: 0.23723642885684967
[2024-12-20 11:06:21,557] INFO: 	 Body Test loss: 0.16400000000000003
[2024-12-20 11:06:21,558] INFO: 	 RH Test loss: 0.22708468526251174
[2024-12-20 11:06:21,558] INFO: 	 F1 score: 0
[2024-12-20 11:06:35,942] INFO: Iter 3500 Summary: 
[2024-12-20 11:06:35,942] INFO: 	 lr: 0.009999999999999962 	 Training loss: 0.23678857058286668
[2024-12-20 11:06:36,271] INFO: 	 Body Test loss: 0.1576
[2024-12-20 11:06:36,272] INFO: 	 RH Test loss: 0.2149652461865369
[2024-12-20 11:06:36,272] INFO: 	 F1 score: 0
[2024-12-20 11:06:50,840] INFO: Iter 3750 Summary: 
[2024-12-20 11:06:50,840] INFO: 	 lr: 0.009999999999999962 	 Training loss: 0.23585306459665298
[2024-12-20 11:06:51,166] INFO: 	 Body Test loss: 0.1592
[2024-12-20 11:06:51,166] INFO: 	 RH Test loss: 0.21197410427121557
[2024-12-20 11:06:51,166] INFO: 	 F1 score: 0
[2024-12-20 11:07:05,555] INFO: Iter 4000 Summary: 
[2024-12-20 11:07:05,555] INFO: 	 lr: 0.009999999999999962 	 Training loss: 0.2326372252702713
[2024-12-20 11:07:05,882] INFO: 	 Body Test loss: 0.17120000000000002
[2024-12-20 11:07:05,882] INFO: 	 RH Test loss: 0.23282234496930065
[2024-12-20 11:07:05,882] INFO: 	 F1 score: 0
[2024-12-20 11:07:20,455] INFO: Iter 4250 Summary: 
[2024-12-20 11:07:20,455] INFO: 	 lr: 0.009999999999999962 	 Training loss: 0.2314435714483261
[2024-12-20 11:07:20,777] INFO: 	 Body Test loss: 0.1724
[2024-12-20 11:07:20,778] INFO: 	 RH Test loss: 0.23425951572025525
[2024-12-20 11:07:20,778] INFO: 	 F1 score: 0
[2024-12-20 11:07:35,360] INFO: Iter 4500 Summary: 
[2024-12-20 11:07:35,361] INFO: 	 lr: 0.009999999999999962 	 Training loss: 0.2302705894112587
[2024-12-20 11:07:35,695] INFO: 	 Body Test loss: 0.1576
[2024-12-20 11:07:35,695] INFO: 	 RH Test loss: 0.21964282247599434
[2024-12-20 11:07:35,695] INFO: 	 F1 score: 0
[2024-12-20 11:07:50,115] INFO: Iter 4750 Summary: 
[2024-12-20 11:07:50,115] INFO: 	 lr: 0.009999999999999962 	 Training loss: 0.2295392998456955
[2024-12-20 11:07:50,441] INFO: 	 Body Test loss: 0.18000000000000005
[2024-12-20 11:07:50,441] INFO: 	 RH Test loss: 0.2579026638059055
[2024-12-20 11:07:50,441] INFO: 	 F1 score: 0
[2024-12-20 11:08:04,948] INFO: Iter 5000 Summary: 
[2024-12-20 11:08:04,948] INFO: 	 lr: 0.009999999999999962 	 Training loss: 0.22899553388357163
[2024-12-20 11:08:05,274] INFO: 	 Body Test loss: 0.15960000000000002
[2024-12-20 11:08:05,274] INFO: 	 RH Test loss: 0.22060270783480476
[2024-12-20 11:08:05,274] INFO: 	 F1 score: 0
[2024-12-20 11:08:05,619] INFO: 	 Total number of parameters: 126504
[2024-12-20 11:08:05,629] INFO: Mean L2_body is 0.1714
[2024-12-20 11:08:05,629] INFO: Mean L2_right_hand is 0.21696608237859186
[2024-12-20 11:08:05,629] INFO: Under 0.10 is 16.02380918338895
[2024-12-20 11:08:05,629] INFO: Under 0.15 is 39.697620272636414
[2024-12-20 11:08:05,629] INFO: Under 0.20 is 67.65952408313751
[2024-12-20 11:08:05,629] INFO: Under 0.30 is 96.71428576111794
[2024-12-20 11:08:05,629] INFO: Intention Accuracy is 0.0
[2024-12-20 11:08:05,629] INFO: F1 Score is 0.0
[2024-12-20 11:08:05,629] INFO: Metrics are {'L2_body': [0.12120000000000002, 0.1824, 0.23520000000000002, 0.19079999999999997, 0.1588, 0.17, 0.1532, 0.15960000000000002], 'L2_right_hand': [0.1782462695938825, 0.23590476667859608, 0.28086745458787304, 0.22100325543968524, 0.21345650903824293, 0.204584289054348, 0.1810634068013023, 0.22060270783480476], 'under_0.10m': [27.3333340883255, 12.799999117851257, 11.999999731779099, 13.333334028720856, 17.714284360408783, 13.14285546541214, 19.200000166893005, 12.666666507720947], 'under_0.15m': [76.66667103767395, 26.399999856948853, 26.66666805744171, 26.000002026557922, 42.28571355342865, 31.42857253551483, 52.799999713897705, 35.333335399627686], 'under_0.20m': [93.33333373069763, 56.00000023841858, 46.00000083446503, 43.33333671092987, 67.99999475479126, 65.14285802841187, 76.80000066757202, 92.66666769981384], 'under_0.30m': [100.0, 100.0, 81.99999928474426, 98.00000190734863, 100.0, 93.71428489685059, 100.0, 100.0], 'accuracy': [0, 0, 0, 0, 0, 0, 0, 0], 'f1_score': [0, 0, 0, 0, 0, 0, 0, 0]}
