[2025-01-21 12:41:11,616] INFO: {
    "abs_dir": "/home/gerard/Documents/IRI/Repos/siMLPe/exps/baseline_handover",
    "actions_to_load": "all",
    "batch_size": 256,
    "classifier": {
        "flatten": true
    },
    "cos_lr_max": 0.01,
    "cos_lr_min": 1e-05,
    "cos_lr_total_iters": 5000,
    "cosine_lr": true,
    "data_aug": true,
    "deriv_input": true,
    "deriv_output": true,
    "eval_condition_with_classifier_int": false,
    "eval_every": 250,
    "handover_anno_dir": "/home/gerard/Documents/IRI/Repos/siMLPe/data/handover/",
    "link_log_file": "/home/gerard/Documents/IRI/Repos/siMLPe/exps/baseline_handover/log/log_last.log",
    "link_val_log_file": "/home/gerard/Documents/IRI/Repos/siMLPe/exps/baseline_handover/log/val_last.log",
    "log_dir": "/home/gerard/Documents/IRI/Repos/siMLPe/exps/baseline_handover/log",
    "log_file": "/home/gerard/Documents/IRI/Repos/siMLPe/exps/baseline_handover/log/log_2025_01_21_12_35_47.log",
    "log_file_leave_one_out": "/home/gerard/Documents/IRI/Repos/siMLPe/exps/baseline_handover/log/log_loo2025_01_21_12_35_47.log",
    "model_pth": null,
    "motion": {
        "dim": 27,
        "handover_input_length": 50,
        "handover_input_length_dct": 50,
        "handover_target_length": 10,
        "handover_target_length_eval": 25,
        "handover_target_length_train": 10
    },
    "motion_fc_in": {
        "activation": "relu",
        "in_features": 27,
        "init_w_trunc_normal": false,
        "out_features": 27,
        "temporal_fc": false,
        "with_norm": false
    },
    "motion_fc_out": {
        "activation": "relu",
        "in_features": 27,
        "init_w_trunc_normal": true,
        "out_features": 27,
        "temporal_fc": false,
        "with_norm": false
    },
    "motion_gcn_in": {
        "do": 0,
        "gcn_in": false,
        "in_features": 27,
        "n_node": 50,
        "num_stage": 0,
        "out_features": 27
    },
    "motion_gcn_out": {
        "do": 0,
        "gcn_out": false,
        "in_features": 27,
        "n_node": 50,
        "num_stage": 0,
        "out_features": 27
    },
    "motion_int": {
        "binary": true,
        "input_dim": 1,
        "int_cond": true,
        "num_emb": 2,
        "output_dim": 27
    },
    "motion_mlp": {
        "hidden_dim": 27,
        "norm_axis": "spatial",
        "num_layers": 48,
        "seq_len": 50,
        "spatial_fc_only": false,
        "with_normalization": true
    },
    "motion_ree": {
        "embedding_size": 3,
        "gcn_concatenation": false,
        "gcn_do": 0,
        "gcn_n_node": 50,
        "gcn_num_stage": 0,
        "input_dim": 3,
        "ree_concatenation": false,
        "ree_cond": false,
        "ree_sum": false
    },
    "num_workers": 6,
    "only_classification": false,
    "post_dct": false,
    "pre_dct": false,
    "print_every": 250,
    "repo_name": "siMLPe",
    "root_dir": "/home/gerard/Documents/IRI/Repos/siMLPe",
    "save_every": 5000,
    "seed": 304,
    "shift_step": 1,
    "snapshot_dir": "/home/gerard/Documents/IRI/Repos/siMLPe/exps/baseline_handover/log/snapshot",
    "this_dir": "baseline_handover",
    "total_iters": 5000,
    "use_colab_loss": true,
    "use_int_class": false,
    "use_loss_layer": false,
    "use_ree_loss": true,
    "use_relative_loss": true,
    "use_relative_loss_rh": true,
    "use_rh_distance_joints_loss": true,
    "use_rh_loss": true,
    "val_log_file": "/home/gerard/Documents/IRI/Repos/siMLPe/exps/baseline_handover/log/val_2025_01_21_12_35_47.log",
    "viz_GCN_folder": false,
    "weight_decay": 0.0001
}
[2025-01-21 12:41:12,314] INFO: Testing with subject ['S5'] 
[2025-01-21 12:41:12,314] INFO: Training with subjects ['S3', 'S6', 'S8', 'S9', 'S4', 'S7', 'S10'] 
[2025-01-21 12:41:28,088] INFO: Iter 250 Summary: 
[2025-01-21 12:41:28,089] INFO: 	 lr: 0.009999999999999962 	 Training loss: 1.4007023811340331
[2025-01-21 12:41:28,369] INFO: 	 Body Test loss: 0.22839999999999996
[2025-01-21 12:41:28,370] INFO: 	 RH Test loss: 0.26619768283097495
[2025-01-21 12:41:28,370] INFO: 	 F1 score: 0
[2025-01-21 12:41:43,967] INFO: Iter 500 Summary: 
[2025-01-21 12:41:43,967] INFO: 	 lr: 0.009999999999999962 	 Training loss: 0.7687843642234802
[2025-01-21 12:41:44,252] INFO: 	 Body Test loss: 0.21040000000000003
[2025-01-21 12:41:44,252] INFO: 	 RH Test loss: 0.2556724792494166
[2025-01-21 12:41:44,253] INFO: 	 F1 score: 0
[2025-01-21 12:41:59,756] INFO: Iter 750 Summary: 
[2025-01-21 12:41:59,756] INFO: 	 lr: 0.009999999999999962 	 Training loss: 0.7290555860996246
[2025-01-21 12:42:00,038] INFO: 	 Body Test loss: 0.19039999999999999
[2025-01-21 12:42:00,038] INFO: 	 RH Test loss: 0.2468293527640817
[2025-01-21 12:42:00,038] INFO: 	 F1 score: 0
[2025-01-21 12:42:15,798] INFO: Iter 1000 Summary: 
[2025-01-21 12:42:15,798] INFO: 	 lr: 0.009999999999999962 	 Training loss: 0.7186562478542328
[2025-01-21 12:42:16,078] INFO: 	 Body Test loss: 0.18760000000000002
[2025-01-21 12:42:16,078] INFO: 	 RH Test loss: 0.24484725804902494
[2025-01-21 12:42:16,078] INFO: 	 F1 score: 0
[2025-01-21 12:42:31,722] INFO: Iter 1250 Summary: 
[2025-01-21 12:42:31,722] INFO: 	 lr: 0.009999999999999962 	 Training loss: 0.7027312483787537
[2025-01-21 12:42:32,004] INFO: 	 Body Test loss: 0.18600000000000003
[2025-01-21 12:42:32,004] INFO: 	 RH Test loss: 0.24108579426736337
[2025-01-21 12:42:32,004] INFO: 	 F1 score: 0
[2025-01-21 12:42:47,437] INFO: Iter 1500 Summary: 
[2025-01-21 12:42:47,437] INFO: 	 lr: 0.009999999999999962 	 Training loss: 0.6933792226314545
[2025-01-21 12:42:47,721] INFO: 	 Body Test loss: 0.17999999999999997
[2025-01-21 12:42:47,721] INFO: 	 RH Test loss: 0.22347733958191246
[2025-01-21 12:42:47,721] INFO: 	 F1 score: 0
[2025-01-21 12:43:03,405] INFO: Iter 1750 Summary: 
[2025-01-21 12:43:03,405] INFO: 	 lr: 0.009999999999999962 	 Training loss: 0.6848982918262482
[2025-01-21 12:43:03,692] INFO: 	 Body Test loss: 0.1804
[2025-01-21 12:43:03,692] INFO: 	 RH Test loss: 0.24144055268922873
[2025-01-21 12:43:03,692] INFO: 	 F1 score: 0
[2025-01-21 12:43:19,221] INFO: Iter 2000 Summary: 
[2025-01-21 12:43:19,221] INFO: 	 lr: 0.009999999999999962 	 Training loss: 0.6807539010047913
[2025-01-21 12:43:19,594] INFO: 	 Body Test loss: 0.1824
[2025-01-21 12:43:19,595] INFO: 	 RH Test loss: 0.22244641083147193
[2025-01-21 12:43:19,595] INFO: 	 F1 score: 0
[2025-01-21 12:43:35,089] INFO: Iter 2250 Summary: 
[2025-01-21 12:43:35,089] INFO: 	 lr: 0.009999999999999962 	 Training loss: 0.6729122099876403
[2025-01-21 12:43:35,374] INFO: 	 Body Test loss: 0.16720000000000002
[2025-01-21 12:43:35,375] INFO: 	 RH Test loss: 0.21582550274833526
[2025-01-21 12:43:35,375] INFO: 	 F1 score: 0
[2025-01-21 12:43:51,142] INFO: Iter 2500 Summary: 
[2025-01-21 12:43:51,142] INFO: 	 lr: 0.009999999999999962 	 Training loss: 0.6713433105945588
[2025-01-21 12:43:51,422] INFO: 	 Body Test loss: 0.17679999999999998
[2025-01-21 12:43:51,422] INFO: 	 RH Test loss: 0.23801697544392397
[2025-01-21 12:43:51,423] INFO: 	 F1 score: 0
[2025-01-21 12:44:06,944] INFO: Iter 2750 Summary: 
[2025-01-21 12:44:06,944] INFO: 	 lr: 0.009999999999999962 	 Training loss: 0.6631864626407623
[2025-01-21 12:44:07,223] INFO: 	 Body Test loss: 0.1724
[2025-01-21 12:44:07,224] INFO: 	 RH Test loss: 0.22223214846325093
[2025-01-21 12:44:07,224] INFO: 	 F1 score: 0
[2025-01-21 12:44:22,719] INFO: Iter 3000 Summary: 
[2025-01-21 12:44:22,719] INFO: 	 lr: 0.009999999999999962 	 Training loss: 0.6629408180713654
[2025-01-21 12:44:23,001] INFO: 	 Body Test loss: 0.1848
[2025-01-21 12:44:23,002] INFO: 	 RH Test loss: 0.22380758398525163
[2025-01-21 12:44:23,002] INFO: 	 F1 score: 0
[2025-01-21 12:44:38,683] INFO: Iter 3250 Summary: 
[2025-01-21 12:44:38,684] INFO: 	 lr: 0.009999999999999962 	 Training loss: 0.6554781241416932
[2025-01-21 12:44:38,963] INFO: 	 Body Test loss: 0.1812
[2025-01-21 12:44:38,963] INFO: 	 RH Test loss: 0.25066107049664643
[2025-01-21 12:44:38,964] INFO: 	 F1 score: 0
[2025-01-21 12:44:54,447] INFO: Iter 3500 Summary: 
[2025-01-21 12:44:54,447] INFO: 	 lr: 0.009999999999999962 	 Training loss: 0.6521905813217163
[2025-01-21 12:44:54,728] INFO: 	 Body Test loss: 0.1752
[2025-01-21 12:44:54,728] INFO: 	 RH Test loss: 0.21724811762838858
[2025-01-21 12:44:54,728] INFO: 	 F1 score: 0
[2025-01-21 12:45:10,242] INFO: Iter 3750 Summary: 
[2025-01-21 12:45:10,242] INFO: 	 lr: 0.009999999999999962 	 Training loss: 0.6521352503299713
[2025-01-21 12:45:10,529] INFO: 	 Body Test loss: 0.1684
[2025-01-21 12:45:10,529] INFO: 	 RH Test loss: 0.20810049149463591
[2025-01-21 12:45:10,529] INFO: 	 F1 score: 0
[2025-01-21 12:45:26,145] INFO: Iter 4000 Summary: 
[2025-01-21 12:45:26,145] INFO: 	 lr: 0.009999999999999962 	 Training loss: 0.644579363822937
[2025-01-21 12:45:26,427] INFO: 	 Body Test loss: 0.1848
[2025-01-21 12:45:26,427] INFO: 	 RH Test loss: 0.2429392689990826
[2025-01-21 12:45:26,427] INFO: 	 F1 score: 0
[2025-01-21 12:45:42,006] INFO: Iter 4250 Summary: 
[2025-01-21 12:45:42,007] INFO: 	 lr: 0.009999999999999962 	 Training loss: 0.6387402970790863
[2025-01-21 12:45:42,288] INFO: 	 Body Test loss: 0.17679999999999996
[2025-01-21 12:45:42,288] INFO: 	 RH Test loss: 0.252976812331852
[2025-01-21 12:45:42,288] INFO: 	 F1 score: 0
[2025-01-21 12:45:57,735] INFO: Iter 4500 Summary: 
[2025-01-21 12:45:57,735] INFO: 	 lr: 0.009999999999999962 	 Training loss: 0.6331355750560761
[2025-01-21 12:45:58,020] INFO: 	 Body Test loss: 0.1744
[2025-01-21 12:45:58,021] INFO: 	 RH Test loss: 0.21276437673791307
[2025-01-21 12:45:58,021] INFO: 	 F1 score: 0
[2025-01-21 12:46:13,763] INFO: Iter 4750 Summary: 
[2025-01-21 12:46:13,763] INFO: 	 lr: 0.009999999999999962 	 Training loss: 0.6278721332550049
[2025-01-21 12:46:14,047] INFO: 	 Body Test loss: 0.18880000000000002
[2025-01-21 12:46:14,048] INFO: 	 RH Test loss: 0.23249256315522396
[2025-01-21 12:46:14,048] INFO: 	 F1 score: 0
[2025-01-21 12:46:29,588] INFO: Iter 5000 Summary: 
[2025-01-21 12:46:29,589] INFO: 	 lr: 0.009999999999999962 	 Training loss: 0.6249760038852692
[2025-01-21 12:46:29,874] INFO: 	 Body Test loss: 0.176
[2025-01-21 12:46:29,874] INFO: 	 RH Test loss: 0.2058967569443653
[2025-01-21 12:46:29,874] INFO: 	 F1 score: 0
[2025-01-21 12:46:30,174] INFO: 	 Total number of parameters: 126558
[2025-01-21 12:46:30,901] INFO: Testing with subject ['S3'] 
[2025-01-21 12:46:30,901] INFO: Training with subjects ['S5', 'S6', 'S8', 'S9', 'S4', 'S7', 'S10'] 
[2025-01-21 12:46:46,566] INFO: Iter 250 Summary: 
[2025-01-21 12:46:46,567] INFO: 	 lr: 0.009999999999999962 	 Training loss: 1.9710122842788695
[2025-01-21 12:46:46,896] INFO: 	 Body Test loss: 0.326
[2025-01-21 12:46:46,896] INFO: 	 RH Test loss: 0.3297277726003411
[2025-01-21 12:46:46,896] INFO: 	 F1 score: 0
[2025-01-21 12:47:02,776] INFO: Iter 500 Summary: 
[2025-01-21 12:47:02,776] INFO: 	 lr: 0.009999999999999962 	 Training loss: 0.8990191698074341
[2025-01-21 12:47:03,104] INFO: 	 Body Test loss: 0.2672
[2025-01-21 12:47:03,105] INFO: 	 RH Test loss: 0.2703380668271344
[2025-01-21 12:47:03,105] INFO: 	 F1 score: 0
[2025-01-21 12:47:18,708] INFO: Iter 750 Summary: 
[2025-01-21 12:47:18,708] INFO: 	 lr: 0.009999999999999962 	 Training loss: 0.791323600769043
[2025-01-21 12:47:19,042] INFO: 	 Body Test loss: 0.2292
[2025-01-21 12:47:19,042] INFO: 	 RH Test loss: 0.25052839947611183
[2025-01-21 12:47:19,042] INFO: 	 F1 score: 0
[2025-01-21 12:47:34,975] INFO: Iter 1000 Summary: 
[2025-01-21 12:47:34,975] INFO: 	 lr: 0.009999999999999962 	 Training loss: 0.7586287765502929
[2025-01-21 12:47:35,313] INFO: 	 Body Test loss: 0.2368
[2025-01-21 12:47:35,314] INFO: 	 RH Test loss: 0.26657675987644136
[2025-01-21 12:47:35,314] INFO: 	 F1 score: 0
[2025-01-21 12:47:50,991] INFO: Iter 1250 Summary: 
[2025-01-21 12:47:50,991] INFO: 	 lr: 0.009999999999999962 	 Training loss: 0.7431962440013885
[2025-01-21 12:47:51,321] INFO: 	 Body Test loss: 0.21919999999999998
[2025-01-21 12:47:51,322] INFO: 	 RH Test loss: 0.24559860824098043
[2025-01-21 12:47:51,322] INFO: 	 F1 score: 0
[2025-01-21 12:48:06,798] INFO: Iter 1500 Summary: 
[2025-01-21 12:48:06,798] INFO: 	 lr: 0.009999999999999962 	 Training loss: 0.727815915107727
[2025-01-21 12:48:07,128] INFO: 	 Body Test loss: 0.24240000000000003
[2025-01-21 12:48:07,128] INFO: 	 RH Test loss: 0.2428164627040621
[2025-01-21 12:48:07,128] INFO: 	 F1 score: 0
[2025-01-21 12:48:22,806] INFO: Iter 1750 Summary: 
[2025-01-21 12:48:22,806] INFO: 	 lr: 0.009999999999999962 	 Training loss: 0.7165076062679291
[2025-01-21 12:48:23,138] INFO: 	 Body Test loss: 0.2248
[2025-01-21 12:48:23,138] INFO: 	 RH Test loss: 0.2541999100378273
[2025-01-21 12:48:23,138] INFO: 	 F1 score: 0
[2025-01-21 12:48:38,630] INFO: Iter 2000 Summary: 
[2025-01-21 12:48:38,631] INFO: 	 lr: 0.009999999999999962 	 Training loss: 0.7112919409275055
[2025-01-21 12:48:38,963] INFO: 	 Body Test loss: 0.2096
[2025-01-21 12:48:38,963] INFO: 	 RH Test loss: 0.23518791094287286
[2025-01-21 12:48:38,963] INFO: 	 F1 score: 0
[2025-01-21 12:48:54,585] INFO: Iter 2250 Summary: 
[2025-01-21 12:48:54,585] INFO: 	 lr: 0.009999999999999962 	 Training loss: 0.7056766767501831
[2025-01-21 12:48:54,917] INFO: 	 Body Test loss: 0.22639999999999996
[2025-01-21 12:48:54,917] INFO: 	 RH Test loss: 0.24297961390990863
[2025-01-21 12:48:54,917] INFO: 	 F1 score: 0
[2025-01-21 12:49:10,601] INFO: Iter 2500 Summary: 
[2025-01-21 12:49:10,601] INFO: 	 lr: 0.009999999999999962 	 Training loss: 0.6988978786468506
[2025-01-21 12:49:10,934] INFO: 	 Body Test loss: 0.23
[2025-01-21 12:49:10,934] INFO: 	 RH Test loss: 0.22921281023328038
[2025-01-21 12:49:10,934] INFO: 	 F1 score: 0
[2025-01-21 12:49:26,533] INFO: Iter 2750 Summary: 
[2025-01-21 12:49:26,533] INFO: 	 lr: 0.009999999999999962 	 Training loss: 0.6960969407558442
[2025-01-21 12:49:26,863] INFO: 	 Body Test loss: 0.2208
[2025-01-21 12:49:26,863] INFO: 	 RH Test loss: 0.23948006109528674
[2025-01-21 12:49:26,863] INFO: 	 F1 score: 0
[2025-01-21 12:49:42,628] INFO: Iter 3000 Summary: 
[2025-01-21 12:49:42,628] INFO: 	 lr: 0.009999999999999962 	 Training loss: 0.691664371728897
[2025-01-21 12:49:42,964] INFO: 	 Body Test loss: 0.2132
[2025-01-21 12:49:42,965] INFO: 	 RH Test loss: 0.22763223663197543
[2025-01-21 12:49:42,965] INFO: 	 F1 score: 0
[2025-01-21 12:49:58,679] INFO: Iter 3250 Summary: 
[2025-01-21 12:49:58,679] INFO: 	 lr: 0.009999999999999962 	 Training loss: 0.6871417002677918
[2025-01-21 12:49:59,013] INFO: 	 Body Test loss: 0.22959999999999997
[2025-01-21 12:49:59,013] INFO: 	 RH Test loss: 0.22673814007882986
[2025-01-21 12:49:59,013] INFO: 	 F1 score: 0
[2025-01-21 12:50:14,663] INFO: Iter 3500 Summary: 
[2025-01-21 12:50:14,663] INFO: 	 lr: 0.009999999999999962 	 Training loss: 0.6846197912693024
[2025-01-21 12:50:14,995] INFO: 	 Body Test loss: 0.23
[2025-01-21 12:50:14,996] INFO: 	 RH Test loss: 0.27230378358745866
[2025-01-21 12:50:14,996] INFO: 	 F1 score: 0
[2025-01-21 12:50:30,720] INFO: Iter 3750 Summary: 
[2025-01-21 12:50:30,720] INFO: 	 lr: 0.009999999999999962 	 Training loss: 0.6812037451267242
[2025-01-21 12:50:31,057] INFO: 	 Body Test loss: 0.22639999999999996
[2025-01-21 12:50:31,057] INFO: 	 RH Test loss: 0.23836847048871823
[2025-01-21 12:50:31,057] INFO: 	 F1 score: 0
[2025-01-21 12:50:46,958] INFO: Iter 4000 Summary: 
[2025-01-21 12:50:46,958] INFO: 	 lr: 0.009999999999999962 	 Training loss: 0.6821610388755799
[2025-01-21 12:50:47,291] INFO: 	 Body Test loss: 0.228
[2025-01-21 12:50:47,291] INFO: 	 RH Test loss: 0.2381318378088337
[2025-01-21 12:50:47,291] INFO: 	 F1 score: 0
[2025-01-21 12:51:02,857] INFO: Iter 4250 Summary: 
[2025-01-21 12:51:02,857] INFO: 	 lr: 0.009999999999999962 	 Training loss: 0.6801643645763398
[2025-01-21 12:51:03,190] INFO: 	 Body Test loss: 0.22679999999999997
[2025-01-21 12:51:03,190] INFO: 	 RH Test loss: 0.22864373092204782
[2025-01-21 12:51:03,190] INFO: 	 F1 score: 0
[2025-01-21 12:51:18,774] INFO: Iter 4500 Summary: 
[2025-01-21 12:51:18,774] INFO: 	 lr: 0.009999999999999962 	 Training loss: 0.6717162659168243
[2025-01-21 12:51:19,109] INFO: 	 Body Test loss: 0.21719999999999998
[2025-01-21 12:51:19,110] INFO: 	 RH Test loss: 0.22558978269467542
[2025-01-21 12:51:19,110] INFO: 	 F1 score: 0
[2025-01-21 12:51:34,551] INFO: Iter 4750 Summary: 
[2025-01-21 12:51:34,551] INFO: 	 lr: 0.009999999999999962 	 Training loss: 0.6718646132946015
[2025-01-21 12:51:34,880] INFO: 	 Body Test loss: 0.20800000000000002
[2025-01-21 12:51:34,881] INFO: 	 RH Test loss: 0.2182777258996877
[2025-01-21 12:51:34,881] INFO: 	 F1 score: 0
[2025-01-21 12:51:50,440] INFO: Iter 5000 Summary: 
[2025-01-21 12:51:50,440] INFO: 	 lr: 0.009999999999999962 	 Training loss: 0.6661904053688049
[2025-01-21 12:51:50,778] INFO: 	 Body Test loss: 0.2036
[2025-01-21 12:51:50,779] INFO: 	 RH Test loss: 0.2288942238283301
[2025-01-21 12:51:50,779] INFO: 	 F1 score: 0
[2025-01-21 12:51:51,127] INFO: 	 Total number of parameters: 126558
[2025-01-21 12:51:51,836] INFO: Testing with subject ['S6'] 
[2025-01-21 12:51:51,836] INFO: Training with subjects ['S5', 'S3', 'S8', 'S9', 'S4', 'S7', 'S10'] 
[2025-01-21 12:52:07,368] INFO: Iter 250 Summary: 
[2025-01-21 12:52:07,368] INFO: 	 lr: 0.009999999999999962 	 Training loss: 1.4976093456745148
[2025-01-21 12:52:07,705] INFO: 	 Body Test loss: 0.29359999999999997
[2025-01-21 12:52:07,705] INFO: 	 RH Test loss: 0.3009651130331851
[2025-01-21 12:52:07,705] INFO: 	 F1 score: 0
[2025-01-21 12:52:23,275] INFO: Iter 500 Summary: 
[2025-01-21 12:52:23,275] INFO: 	 lr: 0.009999999999999962 	 Training loss: 0.8250240774154664
[2025-01-21 12:52:23,611] INFO: 	 Body Test loss: 0.2164
[2025-01-21 12:52:23,611] INFO: 	 RH Test loss: 0.24737498044641498
[2025-01-21 12:52:23,611] INFO: 	 F1 score: 0
[2025-01-21 12:52:39,081] INFO: Iter 750 Summary: 
[2025-01-21 12:52:39,081] INFO: 	 lr: 0.009999999999999962 	 Training loss: 0.7575930869579315
[2025-01-21 12:52:39,421] INFO: 	 Body Test loss: 0.1928
[2025-01-21 12:52:39,421] INFO: 	 RH Test loss: 0.21755128333408755
[2025-01-21 12:52:39,421] INFO: 	 F1 score: 0
[2025-01-21 12:52:54,984] INFO: Iter 1000 Summary: 
[2025-01-21 12:52:54,985] INFO: 	 lr: 0.009999999999999962 	 Training loss: 0.7335968647003174
[2025-01-21 12:52:55,321] INFO: 	 Body Test loss: 0.2132
[2025-01-21 12:52:55,321] INFO: 	 RH Test loss: 0.24374428403361226
[2025-01-21 12:52:55,321] INFO: 	 F1 score: 0
[2025-01-21 12:53:10,931] INFO: Iter 1250 Summary: 
[2025-01-21 12:53:10,931] INFO: 	 lr: 0.009999999999999962 	 Training loss: 0.7180424902439118
[2025-01-21 12:53:11,268] INFO: 	 Body Test loss: 0.2268
[2025-01-21 12:53:11,268] INFO: 	 RH Test loss: 0.25481008182635223
[2025-01-21 12:53:11,268] INFO: 	 F1 score: 0
[2025-01-21 12:53:26,734] INFO: Iter 1500 Summary: 
[2025-01-21 12:53:26,734] INFO: 	 lr: 0.009999999999999962 	 Training loss: 0.7071894392967224
[2025-01-21 12:53:27,071] INFO: 	 Body Test loss: 0.24080000000000001
[2025-01-21 12:53:27,071] INFO: 	 RH Test loss: 0.27370318883747147
[2025-01-21 12:53:27,071] INFO: 	 F1 score: 0
[2025-01-21 12:53:42,673] INFO: Iter 1750 Summary: 
[2025-01-21 12:53:42,674] INFO: 	 lr: 0.009999999999999962 	 Training loss: 0.7011168880462646
[2025-01-21 12:53:43,009] INFO: 	 Body Test loss: 0.1864
[2025-01-21 12:53:43,010] INFO: 	 RH Test loss: 0.20460074222528163
[2025-01-21 12:53:43,010] INFO: 	 F1 score: 0
[2025-01-21 12:53:58,374] INFO: Iter 2000 Summary: 
[2025-01-21 12:53:58,375] INFO: 	 lr: 0.009999999999999962 	 Training loss: 0.7001547763347625
[2025-01-21 12:53:58,710] INFO: 	 Body Test loss: 0.17559999999999998
[2025-01-21 12:53:58,710] INFO: 	 RH Test loss: 0.20129831282776128
[2025-01-21 12:53:58,710] INFO: 	 F1 score: 0
[2025-01-21 12:54:14,298] INFO: Iter 2250 Summary: 
[2025-01-21 12:54:14,298] INFO: 	 lr: 0.009999999999999962 	 Training loss: 0.6918128809928894
[2025-01-21 12:54:14,636] INFO: 	 Body Test loss: 0.18
[2025-01-21 12:54:14,636] INFO: 	 RH Test loss: 0.2207780563521483
[2025-01-21 12:54:14,636] INFO: 	 F1 score: 0
[2025-01-21 12:54:30,180] INFO: Iter 2500 Summary: 
[2025-01-21 12:54:30,180] INFO: 	 lr: 0.009999999999999962 	 Training loss: 0.6880764245986939
[2025-01-21 12:54:30,525] INFO: 	 Body Test loss: 0.18080000000000002
[2025-01-21 12:54:30,525] INFO: 	 RH Test loss: 0.19789035525759005
[2025-01-21 12:54:30,525] INFO: 	 F1 score: 0
[2025-01-21 12:54:45,991] INFO: Iter 2750 Summary: 
[2025-01-21 12:54:45,991] INFO: 	 lr: 0.009999999999999962 	 Training loss: 0.6858630874156952
[2025-01-21 12:54:46,325] INFO: 	 Body Test loss: 0.1732
[2025-01-21 12:54:46,325] INFO: 	 RH Test loss: 0.19510543591020532
[2025-01-21 12:54:46,325] INFO: 	 F1 score: 0
[2025-01-21 12:55:01,917] INFO: Iter 3000 Summary: 
[2025-01-21 12:55:01,917] INFO: 	 lr: 0.009999999999999962 	 Training loss: 0.6806949121952057
[2025-01-21 12:55:02,254] INFO: 	 Body Test loss: 0.17840000000000003
[2025-01-21 12:55:02,255] INFO: 	 RH Test loss: 0.21088877543542028
[2025-01-21 12:55:02,255] INFO: 	 F1 score: 0
[2025-01-21 12:55:17,818] INFO: Iter 3250 Summary: 
[2025-01-21 12:55:17,819] INFO: 	 lr: 0.009999999999999962 	 Training loss: 0.6778999993801117
[2025-01-21 12:55:18,161] INFO: 	 Body Test loss: 0.17680000000000004
[2025-01-21 12:55:18,162] INFO: 	 RH Test loss: 0.2198892899707632
[2025-01-21 12:55:18,162] INFO: 	 F1 score: 0
[2025-01-21 12:55:33,588] INFO: Iter 3500 Summary: 
[2025-01-21 12:55:33,589] INFO: 	 lr: 0.009999999999999962 	 Training loss: 0.6768129484653473
[2025-01-21 12:55:33,925] INFO: 	 Body Test loss: 0.1776
[2025-01-21 12:55:33,925] INFO: 	 RH Test loss: 0.21114435655147695
[2025-01-21 12:55:33,925] INFO: 	 F1 score: 0
[2025-01-21 12:55:49,455] INFO: Iter 3750 Summary: 
[2025-01-21 12:55:49,455] INFO: 	 lr: 0.009999999999999962 	 Training loss: 0.6743409402370453
[2025-01-21 12:55:49,793] INFO: 	 Body Test loss: 0.17
[2025-01-21 12:55:49,793] INFO: 	 RH Test loss: 0.1960185435304237
[2025-01-21 12:55:49,793] INFO: 	 F1 score: 0
[2025-01-21 12:56:05,238] INFO: Iter 4000 Summary: 
[2025-01-21 12:56:05,238] INFO: 	 lr: 0.009999999999999962 	 Training loss: 0.6735767071247101
[2025-01-21 12:56:05,584] INFO: 	 Body Test loss: 0.19
[2025-01-21 12:56:05,584] INFO: 	 RH Test loss: 0.23043419116498992
[2025-01-21 12:56:05,584] INFO: 	 F1 score: 0
[2025-01-21 12:56:21,122] INFO: Iter 4250 Summary: 
[2025-01-21 12:56:21,122] INFO: 	 lr: 0.009999999999999962 	 Training loss: 0.671833902835846
[2025-01-21 12:56:21,465] INFO: 	 Body Test loss: 0.1736
[2025-01-21 12:56:21,465] INFO: 	 RH Test loss: 0.19747230973354607
[2025-01-21 12:56:21,465] INFO: 	 F1 score: 0
[2025-01-21 12:56:37,079] INFO: Iter 4500 Summary: 
[2025-01-21 12:56:37,079] INFO: 	 lr: 0.009999999999999962 	 Training loss: 0.669825978755951
[2025-01-21 12:56:37,413] INFO: 	 Body Test loss: 0.19640000000000002
[2025-01-21 12:56:37,413] INFO: 	 RH Test loss: 0.2228497575115408
[2025-01-21 12:56:37,413] INFO: 	 F1 score: 0
[2025-01-21 12:56:52,863] INFO: Iter 4750 Summary: 
[2025-01-21 12:56:52,863] INFO: 	 lr: 0.009999999999999962 	 Training loss: 0.6655515894889832
[2025-01-21 12:56:53,204] INFO: 	 Body Test loss: 0.2088
[2025-01-21 12:56:53,204] INFO: 	 RH Test loss: 0.2511041284292406
[2025-01-21 12:56:53,204] INFO: 	 F1 score: 0
[2025-01-21 12:57:08,831] INFO: Iter 5000 Summary: 
[2025-01-21 12:57:08,831] INFO: 	 lr: 0.009999999999999962 	 Training loss: 0.6572734055519104
[2025-01-21 12:57:09,176] INFO: 	 Body Test loss: 0.17319999999999997
[2025-01-21 12:57:09,176] INFO: 	 RH Test loss: 0.20667859681490836
[2025-01-21 12:57:09,176] INFO: 	 F1 score: 0
[2025-01-21 12:57:09,538] INFO: 	 Total number of parameters: 126558
[2025-01-21 12:57:10,320] INFO: Testing with subject ['S8'] 
[2025-01-21 12:57:10,321] INFO: Training with subjects ['S5', 'S3', 'S6', 'S9', 'S4', 'S7', 'S10'] 
[2025-01-21 12:57:25,903] INFO: Iter 250 Summary: 
[2025-01-21 12:57:25,903] INFO: 	 lr: 0.009999999999999962 	 Training loss: 4.290578979969025
[2025-01-21 12:57:26,285] INFO: 	 Body Test loss: 0.5612
[2025-01-21 12:57:26,285] INFO: 	 RH Test loss: 0.5749991957787002
[2025-01-21 12:57:26,285] INFO: 	 F1 score: 0
[2025-01-21 12:57:41,827] INFO: Iter 500 Summary: 
[2025-01-21 12:57:41,827] INFO: 	 lr: 0.009999999999999962 	 Training loss: 1.077836618900299
[2025-01-21 12:57:42,209] INFO: 	 Body Test loss: 0.2608
[2025-01-21 12:57:42,209] INFO: 	 RH Test loss: 0.30316258745169455
[2025-01-21 12:57:42,209] INFO: 	 F1 score: 0
[2025-01-21 12:57:57,614] INFO: Iter 750 Summary: 
[2025-01-21 12:57:57,615] INFO: 	 lr: 0.009999999999999962 	 Training loss: 0.8623138964176178
[2025-01-21 12:57:57,996] INFO: 	 Body Test loss: 0.21039999999999995
[2025-01-21 12:57:57,997] INFO: 	 RH Test loss: 0.2506360031075081
[2025-01-21 12:57:57,997] INFO: 	 F1 score: 0
[2025-01-21 12:58:13,586] INFO: Iter 1000 Summary: 
[2025-01-21 12:58:13,586] INFO: 	 lr: 0.009999999999999962 	 Training loss: 0.803537755727768
[2025-01-21 12:58:13,964] INFO: 	 Body Test loss: 0.19680000000000003
[2025-01-21 12:58:13,965] INFO: 	 RH Test loss: 0.24196332343579538
[2025-01-21 12:58:13,965] INFO: 	 F1 score: 0
[2025-01-21 12:58:29,530] INFO: Iter 1250 Summary: 
[2025-01-21 12:58:29,530] INFO: 	 lr: 0.009999999999999962 	 Training loss: 0.7667540752887726
[2025-01-21 12:58:29,912] INFO: 	 Body Test loss: 0.1832
[2025-01-21 12:58:29,912] INFO: 	 RH Test loss: 0.21740622819520966
[2025-01-21 12:58:29,912] INFO: 	 F1 score: 0
[2025-01-21 12:58:45,346] INFO: Iter 1500 Summary: 
[2025-01-21 12:58:45,346] INFO: 	 lr: 0.009999999999999962 	 Training loss: 0.7559881205558777
[2025-01-21 12:58:45,727] INFO: 	 Body Test loss: 0.1852
[2025-01-21 12:58:45,727] INFO: 	 RH Test loss: 0.2281223874848796
[2025-01-21 12:58:45,727] INFO: 	 F1 score: 0
[2025-01-21 12:59:01,220] INFO: Iter 1750 Summary: 
[2025-01-21 12:59:01,220] INFO: 	 lr: 0.009999999999999962 	 Training loss: 0.7348651716709137
[2025-01-21 12:59:01,602] INFO: 	 Body Test loss: 0.1832
[2025-01-21 12:59:01,602] INFO: 	 RH Test loss: 0.23020011853811423
[2025-01-21 12:59:01,602] INFO: 	 F1 score: 0
[2025-01-21 12:59:17,030] INFO: Iter 2000 Summary: 
[2025-01-21 12:59:17,030] INFO: 	 lr: 0.009999999999999962 	 Training loss: 0.7273093705177307
[2025-01-21 12:59:17,416] INFO: 	 Body Test loss: 0.19
[2025-01-21 12:59:17,416] INFO: 	 RH Test loss: 0.22503039129434968
[2025-01-21 12:59:17,416] INFO: 	 F1 score: 0
[2025-01-21 12:59:33,024] INFO: Iter 2250 Summary: 
[2025-01-21 12:59:33,024] INFO: 	 lr: 0.009999999999999962 	 Training loss: 0.7190940997600556
[2025-01-21 12:59:33,406] INFO: 	 Body Test loss: 0.1804
[2025-01-21 12:59:33,407] INFO: 	 RH Test loss: 0.21760410122667215
[2025-01-21 12:59:33,407] INFO: 	 F1 score: 0
[2025-01-21 12:59:48,973] INFO: Iter 2500 Summary: 
[2025-01-21 12:59:48,973] INFO: 	 lr: 0.009999999999999962 	 Training loss: 0.7168007047176361
[2025-01-21 12:59:49,357] INFO: 	 Body Test loss: 0.2184
[2025-01-21 12:59:49,358] INFO: 	 RH Test loss: 0.2590884615101802
[2025-01-21 12:59:49,358] INFO: 	 F1 score: 0
[2025-01-21 13:00:04,761] INFO: Iter 2750 Summary: 
[2025-01-21 13:00:04,761] INFO: 	 lr: 0.009999999999999962 	 Training loss: 0.7072017109394073
[2025-01-21 13:00:05,140] INFO: 	 Body Test loss: 0.17880000000000001
[2025-01-21 13:00:05,140] INFO: 	 RH Test loss: 0.2168327124322992
[2025-01-21 13:00:05,140] INFO: 	 F1 score: 0
[2025-01-21 13:00:20,816] INFO: Iter 3000 Summary: 
[2025-01-21 13:00:20,817] INFO: 	 lr: 0.009999999999999962 	 Training loss: 0.7052207434177399
[2025-01-21 13:00:21,201] INFO: 	 Body Test loss: 0.1716
[2025-01-21 13:00:21,201] INFO: 	 RH Test loss: 0.22440488710211265
[2025-01-21 13:00:21,201] INFO: 	 F1 score: 0
[2025-01-21 13:00:37,050] INFO: Iter 3250 Summary: 
[2025-01-21 13:00:37,050] INFO: 	 lr: 0.009999999999999962 	 Training loss: 0.7010221202373504
[2025-01-21 13:00:37,434] INFO: 	 Body Test loss: 0.16759999999999997
[2025-01-21 13:00:37,434] INFO: 	 RH Test loss: 0.21345312754513335
[2025-01-21 13:00:37,434] INFO: 	 F1 score: 0
[2025-01-21 13:00:53,357] INFO: Iter 3500 Summary: 
[2025-01-21 13:00:53,358] INFO: 	 lr: 0.009999999999999962 	 Training loss: 0.6932797162532807
[2025-01-21 13:00:53,735] INFO: 	 Body Test loss: 0.19079999999999997
[2025-01-21 13:00:53,736] INFO: 	 RH Test loss: 0.23329525529287323
[2025-01-21 13:00:53,736] INFO: 	 F1 score: 0
[2025-01-21 13:01:09,631] INFO: Iter 3750 Summary: 
[2025-01-21 13:01:09,632] INFO: 	 lr: 0.009999999999999962 	 Training loss: 0.6882147378921509
[2025-01-21 13:01:10,008] INFO: 	 Body Test loss: 0.16759999999999997
[2025-01-21 13:01:10,008] INFO: 	 RH Test loss: 0.21225201977890745
[2025-01-21 13:01:10,008] INFO: 	 F1 score: 0
[2025-01-21 13:01:26,242] INFO: Iter 4000 Summary: 
[2025-01-21 13:01:26,242] INFO: 	 lr: 0.009999999999999962 	 Training loss: 0.688254337310791
[2025-01-21 13:01:26,677] INFO: 	 Body Test loss: 0.17360000000000003
[2025-01-21 13:01:26,677] INFO: 	 RH Test loss: 0.22063770116726758
[2025-01-21 13:01:26,677] INFO: 	 F1 score: 0
[2025-01-21 13:01:42,767] INFO: Iter 4250 Summary: 
[2025-01-21 13:01:42,767] INFO: 	 lr: 0.009999999999999962 	 Training loss: 0.680510353565216
[2025-01-21 13:01:43,151] INFO: 	 Body Test loss: 0.1804
[2025-01-21 13:01:43,151] INFO: 	 RH Test loss: 0.22169086018497455
[2025-01-21 13:01:43,151] INFO: 	 F1 score: 0
[2025-01-21 13:01:58,895] INFO: Iter 4500 Summary: 
[2025-01-21 13:01:58,895] INFO: 	 lr: 0.009999999999999962 	 Training loss: 0.6785489993095398
[2025-01-21 13:01:59,278] INFO: 	 Body Test loss: 0.1616
[2025-01-21 13:01:59,279] INFO: 	 RH Test loss: 0.1986091766249323
[2025-01-21 13:01:59,279] INFO: 	 F1 score: 0
[2025-01-21 13:02:14,869] INFO: Iter 4750 Summary: 
[2025-01-21 13:02:14,869] INFO: 	 lr: 0.009999999999999962 	 Training loss: 0.6748839502334595
[2025-01-21 13:02:15,259] INFO: 	 Body Test loss: 0.15320000000000003
[2025-01-21 13:02:15,259] INFO: 	 RH Test loss: 0.1910319670381714
[2025-01-21 13:02:15,259] INFO: 	 F1 score: 0
[2025-01-21 13:02:30,940] INFO: Iter 5000 Summary: 
[2025-01-21 13:02:30,940] INFO: 	 lr: 0.009999999999999962 	 Training loss: 0.673538271188736
[2025-01-21 13:02:31,321] INFO: 	 Body Test loss: 0.1512
[2025-01-21 13:02:31,321] INFO: 	 RH Test loss: 0.18026940150585222
[2025-01-21 13:02:31,322] INFO: 	 F1 score: 0
[2025-01-21 13:02:31,719] INFO: 	 Total number of parameters: 126558
[2025-01-21 13:02:32,439] INFO: Testing with subject ['S9'] 
[2025-01-21 13:02:32,439] INFO: Training with subjects ['S5', 'S3', 'S6', 'S8', 'S4', 'S7', 'S10'] 
[2025-01-21 13:02:47,992] INFO: Iter 250 Summary: 
[2025-01-21 13:02:47,992] INFO: 	 lr: 0.009999999999999962 	 Training loss: 4.98272411775589
[2025-01-21 13:02:48,382] INFO: 	 Body Test loss: 0.5428000000000001
[2025-01-21 13:02:48,383] INFO: 	 RH Test loss: 0.628750590185448
[2025-01-21 13:02:48,383] INFO: 	 F1 score: 0
[2025-01-21 13:03:04,254] INFO: Iter 500 Summary: 
[2025-01-21 13:03:04,254] INFO: 	 lr: 0.009999999999999962 	 Training loss: 1.3538842396736146
[2025-01-21 13:03:04,650] INFO: 	 Body Test loss: 0.3876
[2025-01-21 13:03:04,650] INFO: 	 RH Test loss: 0.37647152581220844
[2025-01-21 13:03:04,650] INFO: 	 F1 score: 0
[2025-01-21 13:03:20,643] INFO: Iter 750 Summary: 
[2025-01-21 13:03:20,644] INFO: 	 lr: 0.009999999999999962 	 Training loss: 0.9859802553653717
[2025-01-21 13:03:21,034] INFO: 	 Body Test loss: 0.2508
[2025-01-21 13:03:21,034] INFO: 	 RH Test loss: 0.27994168288681015
[2025-01-21 13:03:21,034] INFO: 	 F1 score: 0
[2025-01-21 13:03:36,911] INFO: Iter 1000 Summary: 
[2025-01-21 13:03:36,912] INFO: 	 lr: 0.009999999999999962 	 Training loss: 0.8250002551078797
[2025-01-21 13:03:37,304] INFO: 	 Body Test loss: 0.2076
[2025-01-21 13:03:37,304] INFO: 	 RH Test loss: 0.21844931592383093
[2025-01-21 13:03:37,304] INFO: 	 F1 score: 0
[2025-01-21 13:03:53,402] INFO: Iter 1250 Summary: 
[2025-01-21 13:03:53,402] INFO: 	 lr: 0.009999999999999962 	 Training loss: 0.777171546459198
[2025-01-21 13:03:53,795] INFO: 	 Body Test loss: 0.20559999999999998
[2025-01-21 13:03:53,795] INFO: 	 RH Test loss: 0.23736210076033995
[2025-01-21 13:03:53,795] INFO: 	 F1 score: 0
[2025-01-21 13:04:09,718] INFO: Iter 1500 Summary: 
[2025-01-21 13:04:09,718] INFO: 	 lr: 0.009999999999999962 	 Training loss: 0.7488734829425812
[2025-01-21 13:04:10,129] INFO: 	 Body Test loss: 0.2004
[2025-01-21 13:04:10,130] INFO: 	 RH Test loss: 0.21560748904312532
[2025-01-21 13:04:10,130] INFO: 	 F1 score: 0
[2025-01-21 13:04:26,536] INFO: Iter 1750 Summary: 
[2025-01-21 13:04:26,536] INFO: 	 lr: 0.009999999999999962 	 Training loss: 0.7352826120853424
[2025-01-21 13:04:26,946] INFO: 	 Body Test loss: 0.18799999999999997
[2025-01-21 13:04:26,946] INFO: 	 RH Test loss: 0.20725282072278664
[2025-01-21 13:04:26,946] INFO: 	 F1 score: 0
[2025-01-21 13:04:42,684] INFO: Iter 2000 Summary: 
[2025-01-21 13:04:42,684] INFO: 	 lr: 0.009999999999999962 	 Training loss: 0.7200714309215546
[2025-01-21 13:04:43,063] INFO: 	 Body Test loss: 0.18280000000000002
[2025-01-21 13:04:43,063] INFO: 	 RH Test loss: 0.19445161062931807
[2025-01-21 13:04:43,064] INFO: 	 F1 score: 0
[2025-01-21 13:04:59,013] INFO: Iter 2250 Summary: 
[2025-01-21 13:04:59,014] INFO: 	 lr: 0.009999999999999962 	 Training loss: 0.7129371011257172
[2025-01-21 13:04:59,405] INFO: 	 Body Test loss: 0.1864
[2025-01-21 13:04:59,405] INFO: 	 RH Test loss: 0.20555116692040662
[2025-01-21 13:04:59,405] INFO: 	 F1 score: 0
[2025-01-21 13:05:15,028] INFO: Iter 2500 Summary: 
[2025-01-21 13:05:15,029] INFO: 	 lr: 0.009999999999999962 	 Training loss: 0.7066917450428009
[2025-01-21 13:05:15,411] INFO: 	 Body Test loss: 0.1812
[2025-01-21 13:05:15,411] INFO: 	 RH Test loss: 0.1978950093187401
[2025-01-21 13:05:15,411] INFO: 	 F1 score: 0
[2025-01-21 13:05:31,033] INFO: Iter 2750 Summary: 
[2025-01-21 13:05:31,033] INFO: 	 lr: 0.009999999999999962 	 Training loss: 0.6996876022815705
[2025-01-21 13:05:31,462] INFO: 	 Body Test loss: 0.1868
[2025-01-21 13:05:31,462] INFO: 	 RH Test loss: 0.2044409549280834
[2025-01-21 13:05:31,462] INFO: 	 F1 score: 0
[2025-01-21 13:05:47,397] INFO: Iter 3000 Summary: 
[2025-01-21 13:05:47,397] INFO: 	 lr: 0.009999999999999962 	 Training loss: 0.6942932517528534
[2025-01-21 13:05:47,794] INFO: 	 Body Test loss: 0.20680000000000004
[2025-01-21 13:05:47,794] INFO: 	 RH Test loss: 0.22991752746244742
[2025-01-21 13:05:47,794] INFO: 	 F1 score: 0
[2025-01-21 13:06:04,927] INFO: Iter 3250 Summary: 
[2025-01-21 13:06:04,927] INFO: 	 lr: 0.009999999999999962 	 Training loss: 0.6952911870479583
[2025-01-21 13:06:05,326] INFO: 	 Body Test loss: 0.1812
[2025-01-21 13:06:05,326] INFO: 	 RH Test loss: 0.2037122512605983
[2025-01-21 13:06:05,326] INFO: 	 F1 score: 0
[2025-01-21 13:06:21,419] INFO: Iter 3500 Summary: 
[2025-01-21 13:06:21,420] INFO: 	 lr: 0.009999999999999962 	 Training loss: 0.6851277496814728
[2025-01-21 13:06:21,802] INFO: 	 Body Test loss: 0.18080000000000002
[2025-01-21 13:06:21,802] INFO: 	 RH Test loss: 0.20255489730003617
[2025-01-21 13:06:21,802] INFO: 	 F1 score: 0
[2025-01-21 13:06:38,135] INFO: Iter 3750 Summary: 
[2025-01-21 13:06:38,136] INFO: 	 lr: 0.009999999999999962 	 Training loss: 0.6833456494808197
[2025-01-21 13:06:38,550] INFO: 	 Body Test loss: 0.17240000000000003
[2025-01-21 13:06:38,550] INFO: 	 RH Test loss: 0.18540935122061192
[2025-01-21 13:06:38,550] INFO: 	 F1 score: 0
[2025-01-21 13:06:54,927] INFO: Iter 4000 Summary: 
[2025-01-21 13:06:54,928] INFO: 	 lr: 0.009999999999999962 	 Training loss: 0.6757446227073669
[2025-01-21 13:06:55,315] INFO: 	 Body Test loss: 0.17440000000000005
[2025-01-21 13:06:55,315] INFO: 	 RH Test loss: 0.19423836993102267
[2025-01-21 13:06:55,315] INFO: 	 F1 score: 0
[2025-01-21 13:07:11,592] INFO: Iter 4250 Summary: 
[2025-01-21 13:07:11,593] INFO: 	 lr: 0.009999999999999962 	 Training loss: 0.6745441846847534
[2025-01-21 13:07:11,976] INFO: 	 Body Test loss: 0.18560000000000001
[2025-01-21 13:07:11,977] INFO: 	 RH Test loss: 0.2149083195528384
[2025-01-21 13:07:11,977] INFO: 	 F1 score: 0
[2025-01-21 13:07:28,115] INFO: Iter 4500 Summary: 
[2025-01-21 13:07:28,115] INFO: 	 lr: 0.009999999999999962 	 Training loss: 0.6723142907619476
[2025-01-21 13:07:28,536] INFO: 	 Body Test loss: 0.17240000000000003
[2025-01-21 13:07:28,537] INFO: 	 RH Test loss: 0.2030308217574769
[2025-01-21 13:07:28,537] INFO: 	 F1 score: 0
[2025-01-21 13:07:44,188] INFO: Iter 4750 Summary: 
[2025-01-21 13:07:44,188] INFO: 	 lr: 0.009999999999999962 	 Training loss: 0.6674120447635651
[2025-01-21 13:07:44,571] INFO: 	 Body Test loss: 0.1704
[2025-01-21 13:07:44,571] INFO: 	 RH Test loss: 0.19507529934494758
[2025-01-21 13:07:44,571] INFO: 	 F1 score: 0
[2025-01-21 13:08:00,662] INFO: Iter 5000 Summary: 
[2025-01-21 13:08:00,663] INFO: 	 lr: 0.009999999999999962 	 Training loss: 0.6635567097663879
[2025-01-21 13:08:01,048] INFO: 	 Body Test loss: 0.16519999999999999
[2025-01-21 13:08:01,048] INFO: 	 RH Test loss: 0.18417188877186472
[2025-01-21 13:08:01,048] INFO: 	 F1 score: 0
[2025-01-21 13:08:01,449] INFO: 	 Total number of parameters: 126558
[2025-01-21 13:08:02,209] INFO: Testing with subject ['S4'] 
[2025-01-21 13:08:02,209] INFO: Training with subjects ['S5', 'S3', 'S6', 'S8', 'S9', 'S7', 'S10'] 
[2025-01-21 13:08:18,389] INFO: Iter 250 Summary: 
[2025-01-21 13:08:18,389] INFO: 	 lr: 0.009999999999999962 	 Training loss: 1.3851749095916748
[2025-01-21 13:08:18,683] INFO: 	 Body Test loss: 0.24479999999999996
[2025-01-21 13:08:18,683] INFO: 	 RH Test loss: 0.23857346870950263
[2025-01-21 13:08:18,683] INFO: 	 F1 score: 0
[2025-01-21 13:08:34,961] INFO: Iter 500 Summary: 
[2025-01-21 13:08:34,962] INFO: 	 lr: 0.009999999999999962 	 Training loss: 0.785665200471878
[2025-01-21 13:08:35,254] INFO: 	 Body Test loss: 0.18960000000000002
[2025-01-21 13:08:35,255] INFO: 	 RH Test loss: 0.19766284559271874
[2025-01-21 13:08:35,255] INFO: 	 F1 score: 0
[2025-01-21 13:08:50,864] INFO: Iter 750 Summary: 
[2025-01-21 13:08:50,864] INFO: 	 lr: 0.009999999999999962 	 Training loss: 0.7497483117580414
[2025-01-21 13:08:51,155] INFO: 	 Body Test loss: 0.1888
[2025-01-21 13:08:51,155] INFO: 	 RH Test loss: 0.19904429625836392
[2025-01-21 13:08:51,155] INFO: 	 F1 score: 0
[2025-01-21 13:09:06,755] INFO: Iter 1000 Summary: 
[2025-01-21 13:09:06,755] INFO: 	 lr: 0.009999999999999962 	 Training loss: 0.7259089639186859
[2025-01-21 13:09:07,048] INFO: 	 Body Test loss: 0.1724
[2025-01-21 13:09:07,049] INFO: 	 RH Test loss: 0.1897921418593782
[2025-01-21 13:09:07,049] INFO: 	 F1 score: 0
[2025-01-21 13:09:22,774] INFO: Iter 1250 Summary: 
[2025-01-21 13:09:22,774] INFO: 	 lr: 0.009999999999999962 	 Training loss: 0.7115072000026703
[2025-01-21 13:09:23,062] INFO: 	 Body Test loss: 0.1692
[2025-01-21 13:09:23,062] INFO: 	 RH Test loss: 0.1832415551840768
[2025-01-21 13:09:23,062] INFO: 	 F1 score: 0
[2025-01-21 13:09:38,514] INFO: Iter 1500 Summary: 
[2025-01-21 13:09:38,514] INFO: 	 lr: 0.009999999999999962 	 Training loss: 0.701461410999298
[2025-01-21 13:09:38,803] INFO: 	 Body Test loss: 0.1684
[2025-01-21 13:09:38,803] INFO: 	 RH Test loss: 0.17883747669578187
[2025-01-21 13:09:38,803] INFO: 	 F1 score: 0
[2025-01-21 13:09:54,373] INFO: Iter 1750 Summary: 
[2025-01-21 13:09:54,374] INFO: 	 lr: 0.009999999999999962 	 Training loss: 0.694547929763794
[2025-01-21 13:09:54,663] INFO: 	 Body Test loss: 0.172
[2025-01-21 13:09:54,664] INFO: 	 RH Test loss: 0.18645346834789195
[2025-01-21 13:09:54,664] INFO: 	 F1 score: 0
[2025-01-21 13:10:10,085] INFO: Iter 2000 Summary: 
[2025-01-21 13:10:10,086] INFO: 	 lr: 0.009999999999999962 	 Training loss: 0.6885558340549469
[2025-01-21 13:10:10,377] INFO: 	 Body Test loss: 0.17319999999999997
[2025-01-21 13:10:10,377] INFO: 	 RH Test loss: 0.20550066011545098
[2025-01-21 13:10:10,377] INFO: 	 F1 score: 0
[2025-01-21 13:10:26,013] INFO: Iter 2250 Summary: 
[2025-01-21 13:10:26,013] INFO: 	 lr: 0.009999999999999962 	 Training loss: 0.6847668392658234
[2025-01-21 13:10:26,307] INFO: 	 Body Test loss: 0.17720000000000002
[2025-01-21 13:10:26,307] INFO: 	 RH Test loss: 0.18352425166763234
[2025-01-21 13:10:26,307] INFO: 	 F1 score: 0
[2025-01-21 13:10:41,865] INFO: Iter 2500 Summary: 
[2025-01-21 13:10:41,865] INFO: 	 lr: 0.009999999999999962 	 Training loss: 0.6792339308261871
[2025-01-21 13:10:42,150] INFO: 	 Body Test loss: 0.1848
[2025-01-21 13:10:42,150] INFO: 	 RH Test loss: 0.18343478293945215
[2025-01-21 13:10:42,150] INFO: 	 F1 score: 0
[2025-01-21 13:10:57,599] INFO: Iter 2750 Summary: 
[2025-01-21 13:10:57,599] INFO: 	 lr: 0.009999999999999962 	 Training loss: 0.6752302176952362
[2025-01-21 13:10:57,891] INFO: 	 Body Test loss: 0.1588
[2025-01-21 13:10:57,891] INFO: 	 RH Test loss: 0.1723950528548616
[2025-01-21 13:10:57,891] INFO: 	 F1 score: 0
[2025-01-21 13:11:13,467] INFO: Iter 3000 Summary: 
[2025-01-21 13:11:13,467] INFO: 	 lr: 0.009999999999999962 	 Training loss: 0.6726988890171051
[2025-01-21 13:11:13,753] INFO: 	 Body Test loss: 0.1612
[2025-01-21 13:11:13,753] INFO: 	 RH Test loss: 0.17733340475468895
[2025-01-21 13:11:13,753] INFO: 	 F1 score: 0
[2025-01-21 13:11:29,320] INFO: Iter 3250 Summary: 
[2025-01-21 13:11:29,320] INFO: 	 lr: 0.009999999999999962 	 Training loss: 0.6678923354148865
[2025-01-21 13:11:29,613] INFO: 	 Body Test loss: 0.15560000000000002
[2025-01-21 13:11:29,614] INFO: 	 RH Test loss: 0.18125637337246286
[2025-01-21 13:11:29,614] INFO: 	 F1 score: 0
[2025-01-21 13:11:45,056] INFO: Iter 3500 Summary: 
[2025-01-21 13:11:45,056] INFO: 	 lr: 0.009999999999999962 	 Training loss: 0.6648055295944214
[2025-01-21 13:11:45,342] INFO: 	 Body Test loss: 0.15639999999999998
[2025-01-21 13:11:45,343] INFO: 	 RH Test loss: 0.1852743377874082
[2025-01-21 13:11:45,343] INFO: 	 F1 score: 0
[2025-01-21 13:12:00,902] INFO: Iter 3750 Summary: 
[2025-01-21 13:12:00,902] INFO: 	 lr: 0.009999999999999962 	 Training loss: 0.6615620133876801
[2025-01-21 13:12:01,191] INFO: 	 Body Test loss: 0.1556
[2025-01-21 13:12:01,192] INFO: 	 RH Test loss: 0.19257535463110032
[2025-01-21 13:12:01,192] INFO: 	 F1 score: 0
[2025-01-21 13:12:16,621] INFO: Iter 4000 Summary: 
[2025-01-21 13:12:16,621] INFO: 	 lr: 0.009999999999999962 	 Training loss: 0.6533454446792603
[2025-01-21 13:12:16,908] INFO: 	 Body Test loss: 0.158
[2025-01-21 13:12:16,908] INFO: 	 RH Test loss: 0.19888618510087594
[2025-01-21 13:12:16,908] INFO: 	 F1 score: 0
[2025-01-21 13:12:32,479] INFO: Iter 4250 Summary: 
[2025-01-21 13:12:32,479] INFO: 	 lr: 0.009999999999999962 	 Training loss: 0.6449409952163696
[2025-01-21 13:12:32,771] INFO: 	 Body Test loss: 0.15839999999999999
[2025-01-21 13:12:32,771] INFO: 	 RH Test loss: 0.21142921076967844
[2025-01-21 13:12:32,771] INFO: 	 F1 score: 0
[2025-01-21 13:12:48,397] INFO: Iter 4500 Summary: 
[2025-01-21 13:12:48,397] INFO: 	 lr: 0.009999999999999962 	 Training loss: 0.6467201230525971
[2025-01-21 13:12:48,685] INFO: 	 Body Test loss: 0.1572
[2025-01-21 13:12:48,685] INFO: 	 RH Test loss: 0.2054495945479567
[2025-01-21 13:12:48,685] INFO: 	 F1 score: 0
[2025-01-21 13:13:04,117] INFO: Iter 4750 Summary: 
[2025-01-21 13:13:04,118] INFO: 	 lr: 0.009999999999999962 	 Training loss: 0.6401367111206054
[2025-01-21 13:13:04,405] INFO: 	 Body Test loss: 0.162
[2025-01-21 13:13:04,405] INFO: 	 RH Test loss: 0.1966111472096828
[2025-01-21 13:13:04,405] INFO: 	 F1 score: 0
[2025-01-21 13:13:19,989] INFO: Iter 5000 Summary: 
[2025-01-21 13:13:19,990] INFO: 	 lr: 0.009999999999999962 	 Training loss: 0.6362732322216034
[2025-01-21 13:13:20,283] INFO: 	 Body Test loss: 0.15439999999999998
[2025-01-21 13:13:20,283] INFO: 	 RH Test loss: 0.187868781191906
[2025-01-21 13:13:20,283] INFO: 	 F1 score: 0
[2025-01-21 13:13:20,593] INFO: 	 Total number of parameters: 126558
[2025-01-21 13:13:21,318] INFO: Testing with subject ['S7'] 
[2025-01-21 13:13:21,318] INFO: Training with subjects ['S5', 'S3', 'S6', 'S8', 'S9', 'S4', 'S10'] 
[2025-01-21 13:13:37,017] INFO: Iter 250 Summary: 
[2025-01-21 13:13:37,017] INFO: 	 lr: 0.009999999999999962 	 Training loss: 1.284678581237793
[2025-01-21 13:13:37,353] INFO: 	 Body Test loss: 0.21320000000000003
[2025-01-21 13:13:37,353] INFO: 	 RH Test loss: 0.2519216181670918
[2025-01-21 13:13:37,353] INFO: 	 F1 score: 0
[2025-01-21 13:13:52,895] INFO: Iter 500 Summary: 
[2025-01-21 13:13:52,895] INFO: 	 lr: 0.009999999999999962 	 Training loss: 0.7770298869609833
[2025-01-21 13:13:53,226] INFO: 	 Body Test loss: 0.20680000000000004
[2025-01-21 13:13:53,226] INFO: 	 RH Test loss: 0.2358788200125975
[2025-01-21 13:13:53,226] INFO: 	 F1 score: 0
[2025-01-21 13:14:08,601] INFO: Iter 750 Summary: 
[2025-01-21 13:14:08,602] INFO: 	 lr: 0.009999999999999962 	 Training loss: 0.7355559921264648
[2025-01-21 13:14:08,935] INFO: 	 Body Test loss: 0.19
[2025-01-21 13:14:08,936] INFO: 	 RH Test loss: 0.2331058734374888
[2025-01-21 13:14:08,936] INFO: 	 F1 score: 0
[2025-01-21 13:14:24,483] INFO: Iter 1000 Summary: 
[2025-01-21 13:14:24,483] INFO: 	 lr: 0.009999999999999962 	 Training loss: 0.7169924879074097
[2025-01-21 13:14:24,818] INFO: 	 Body Test loss: 0.17559999999999998
[2025-01-21 13:14:24,819] INFO: 	 RH Test loss: 0.21932951873891493
[2025-01-21 13:14:24,819] INFO: 	 F1 score: 0
[2025-01-21 13:14:40,414] INFO: Iter 1250 Summary: 
[2025-01-21 13:14:40,415] INFO: 	 lr: 0.009999999999999962 	 Training loss: 0.7001600410938263
[2025-01-21 13:14:40,750] INFO: 	 Body Test loss: 0.18760000000000002
[2025-01-21 13:14:40,750] INFO: 	 RH Test loss: 0.232538416168269
[2025-01-21 13:14:40,750] INFO: 	 F1 score: 0
[2025-01-21 13:14:56,268] INFO: Iter 1500 Summary: 
[2025-01-21 13:14:56,268] INFO: 	 lr: 0.009999999999999962 	 Training loss: 0.6913993360996247
[2025-01-21 13:14:56,604] INFO: 	 Body Test loss: 0.17559999999999998
[2025-01-21 13:14:56,604] INFO: 	 RH Test loss: 0.2202665943818934
[2025-01-21 13:14:56,604] INFO: 	 F1 score: 0
[2025-01-21 13:15:12,419] INFO: Iter 1750 Summary: 
[2025-01-21 13:15:12,419] INFO: 	 lr: 0.009999999999999962 	 Training loss: 0.6836469702720642
[2025-01-21 13:15:12,754] INFO: 	 Body Test loss: 0.17040000000000002
[2025-01-21 13:15:12,754] INFO: 	 RH Test loss: 0.21095382782992197
[2025-01-21 13:15:12,755] INFO: 	 F1 score: 0
[2025-01-21 13:15:28,666] INFO: Iter 2000 Summary: 
[2025-01-21 13:15:28,667] INFO: 	 lr: 0.009999999999999962 	 Training loss: 0.6767683367729187
[2025-01-21 13:15:28,999] INFO: 	 Body Test loss: 0.172
[2025-01-21 13:15:29,000] INFO: 	 RH Test loss: 0.2169184677039876
[2025-01-21 13:15:29,000] INFO: 	 F1 score: 0
[2025-01-21 13:15:45,256] INFO: Iter 2250 Summary: 
[2025-01-21 13:15:45,256] INFO: 	 lr: 0.009999999999999962 	 Training loss: 0.668960928440094
[2025-01-21 13:15:45,732] INFO: 	 Body Test loss: 0.1716
[2025-01-21 13:15:45,732] INFO: 	 RH Test loss: 0.21570984296237722
[2025-01-21 13:15:45,732] INFO: 	 F1 score: 0
[2025-01-21 13:16:01,254] INFO: Iter 2500 Summary: 
[2025-01-21 13:16:01,255] INFO: 	 lr: 0.009999999999999962 	 Training loss: 0.6648562822341919
[2025-01-21 13:16:01,595] INFO: 	 Body Test loss: 0.16879999999999998
[2025-01-21 13:16:01,595] INFO: 	 RH Test loss: 0.21081136695076438
[2025-01-21 13:16:01,595] INFO: 	 F1 score: 0
[2025-01-21 13:16:17,056] INFO: Iter 2750 Summary: 
[2025-01-21 13:16:17,056] INFO: 	 lr: 0.009999999999999962 	 Training loss: 0.662825920343399
[2025-01-21 13:16:17,388] INFO: 	 Body Test loss: 0.1936
[2025-01-21 13:16:17,388] INFO: 	 RH Test loss: 0.2390228788011214
[2025-01-21 13:16:17,389] INFO: 	 F1 score: 0
[2025-01-21 13:16:32,955] INFO: Iter 3000 Summary: 
[2025-01-21 13:16:32,955] INFO: 	 lr: 0.009999999999999962 	 Training loss: 0.6577369647026062
[2025-01-21 13:16:33,289] INFO: 	 Body Test loss: 0.1612
[2025-01-21 13:16:33,289] INFO: 	 RH Test loss: 0.2081862604267457
[2025-01-21 13:16:33,289] INFO: 	 F1 score: 0
[2025-01-21 13:16:48,845] INFO: Iter 3250 Summary: 
[2025-01-21 13:16:48,845] INFO: 	 lr: 0.009999999999999962 	 Training loss: 0.6539501821994782
[2025-01-21 13:16:49,174] INFO: 	 Body Test loss: 0.1588
[2025-01-21 13:16:49,174] INFO: 	 RH Test loss: 0.19633930242762848
[2025-01-21 13:16:49,174] INFO: 	 F1 score: 0
[2025-01-21 13:17:04,732] INFO: Iter 3500 Summary: 
[2025-01-21 13:17:04,732] INFO: 	 lr: 0.009999999999999962 	 Training loss: 0.6517503838539124
[2025-01-21 13:17:05,066] INFO: 	 Body Test loss: 0.1624
[2025-01-21 13:17:05,067] INFO: 	 RH Test loss: 0.20287181342349336
[2025-01-21 13:17:05,067] INFO: 	 F1 score: 0
[2025-01-21 13:17:20,613] INFO: Iter 3750 Summary: 
[2025-01-21 13:17:20,613] INFO: 	 lr: 0.009999999999999962 	 Training loss: 0.6430664360523224
[2025-01-21 13:17:20,946] INFO: 	 Body Test loss: 0.16959999999999997
[2025-01-21 13:17:20,947] INFO: 	 RH Test loss: 0.21042334365844728
[2025-01-21 13:17:20,947] INFO: 	 F1 score: 0
[2025-01-21 13:17:36,393] INFO: Iter 4000 Summary: 
[2025-01-21 13:17:36,394] INFO: 	 lr: 0.009999999999999962 	 Training loss: 0.6433441598415375
[2025-01-21 13:17:36,726] INFO: 	 Body Test loss: 0.1604
[2025-01-21 13:17:36,727] INFO: 	 RH Test loss: 0.2079182969822603
[2025-01-21 13:17:36,727] INFO: 	 F1 score: 0
[2025-01-21 13:17:52,299] INFO: Iter 4250 Summary: 
[2025-01-21 13:17:52,300] INFO: 	 lr: 0.009999999999999962 	 Training loss: 0.6413371822834015
[2025-01-21 13:17:52,632] INFO: 	 Body Test loss: 0.16080000000000003
[2025-01-21 13:17:52,632] INFO: 	 RH Test loss: 0.21046189556402317
[2025-01-21 13:17:52,632] INFO: 	 F1 score: 0
[2025-01-21 13:18:08,177] INFO: Iter 4500 Summary: 
[2025-01-21 13:18:08,177] INFO: 	 lr: 0.009999999999999962 	 Training loss: 0.6369324026107788
[2025-01-21 13:18:08,509] INFO: 	 Body Test loss: 0.17799999999999996
[2025-01-21 13:18:08,509] INFO: 	 RH Test loss: 0.2184555107565487
[2025-01-21 13:18:08,509] INFO: 	 F1 score: 0
[2025-01-21 13:18:23,926] INFO: Iter 4750 Summary: 
[2025-01-21 13:18:23,926] INFO: 	 lr: 0.009999999999999962 	 Training loss: 0.6330929317474365
[2025-01-21 13:18:24,257] INFO: 	 Body Test loss: 0.16720000000000002
[2025-01-21 13:18:24,257] INFO: 	 RH Test loss: 0.2126645603881163
[2025-01-21 13:18:24,257] INFO: 	 F1 score: 0
[2025-01-21 13:18:39,802] INFO: Iter 5000 Summary: 
[2025-01-21 13:18:39,802] INFO: 	 lr: 0.009999999999999962 	 Training loss: 0.63209579205513
[2025-01-21 13:18:40,133] INFO: 	 Body Test loss: 0.16879999999999998
[2025-01-21 13:18:40,133] INFO: 	 RH Test loss: 0.20736783842479478
[2025-01-21 13:18:40,133] INFO: 	 F1 score: 0
[2025-01-21 13:18:40,486] INFO: 	 Total number of parameters: 126558
[2025-01-21 13:18:41,209] INFO: Testing with subject ['S10'] 
[2025-01-21 13:18:41,209] INFO: Training with subjects ['S5', 'S3', 'S6', 'S8', 'S9', 'S4', 'S7'] 
[2025-01-21 13:18:56,767] INFO: Iter 250 Summary: 
[2025-01-21 13:18:56,767] INFO: 	 lr: 0.009999999999999962 	 Training loss: 1.9108664860725404
[2025-01-21 13:18:57,110] INFO: 	 Body Test loss: 0.2192
[2025-01-21 13:18:57,110] INFO: 	 RH Test loss: 0.26269830555298435
[2025-01-21 13:18:57,110] INFO: 	 F1 score: 0
[2025-01-21 13:19:12,626] INFO: Iter 500 Summary: 
[2025-01-21 13:19:12,626] INFO: 	 lr: 0.009999999999999962 	 Training loss: 0.8821322455406189
[2025-01-21 13:19:12,966] INFO: 	 Body Test loss: 0.15320000000000003
[2025-01-21 13:19:12,966] INFO: 	 RH Test loss: 0.19723499818281695
[2025-01-21 13:19:12,966] INFO: 	 F1 score: 0
[2025-01-21 13:19:28,415] INFO: Iter 750 Summary: 
[2025-01-21 13:19:28,415] INFO: 	 lr: 0.009999999999999962 	 Training loss: 0.819761156797409
[2025-01-21 13:19:28,751] INFO: 	 Body Test loss: 0.16240000000000002
[2025-01-21 13:19:28,751] INFO: 	 RH Test loss: 0.19047062544126486
[2025-01-21 13:19:28,751] INFO: 	 F1 score: 0
[2025-01-21 13:19:44,308] INFO: Iter 1000 Summary: 
[2025-01-21 13:19:44,309] INFO: 	 lr: 0.009999999999999962 	 Training loss: 0.7680023286342621
[2025-01-21 13:19:44,647] INFO: 	 Body Test loss: 0.162
[2025-01-21 13:19:44,648] INFO: 	 RH Test loss: 0.19173121398473902
[2025-01-21 13:19:44,648] INFO: 	 F1 score: 0
[2025-01-21 13:20:00,227] INFO: Iter 1250 Summary: 
[2025-01-21 13:20:00,227] INFO: 	 lr: 0.009999999999999962 	 Training loss: 0.7506324908733368
[2025-01-21 13:20:00,561] INFO: 	 Body Test loss: 0.15080000000000002
[2025-01-21 13:20:00,561] INFO: 	 RH Test loss: 0.1844063308416319
[2025-01-21 13:20:00,561] INFO: 	 F1 score: 0
[2025-01-21 13:20:16,004] INFO: Iter 1500 Summary: 
[2025-01-21 13:20:16,004] INFO: 	 lr: 0.009999999999999962 	 Training loss: 0.7308527801036835
[2025-01-21 13:20:16,341] INFO: 	 Body Test loss: 0.14800000000000002
[2025-01-21 13:20:16,341] INFO: 	 RH Test loss: 0.18771807863692608
[2025-01-21 13:20:16,342] INFO: 	 F1 score: 0
[2025-01-21 13:20:31,934] INFO: Iter 1750 Summary: 
[2025-01-21 13:20:31,934] INFO: 	 lr: 0.009999999999999962 	 Training loss: 0.7224006595611572
[2025-01-21 13:20:32,268] INFO: 	 Body Test loss: 0.1292
[2025-01-21 13:20:32,269] INFO: 	 RH Test loss: 0.16423142779957164
[2025-01-21 13:20:32,269] INFO: 	 F1 score: 0
[2025-01-21 13:20:47,741] INFO: Iter 2000 Summary: 
[2025-01-21 13:20:47,742] INFO: 	 lr: 0.009999999999999962 	 Training loss: 0.7124173154830933
[2025-01-21 13:20:48,079] INFO: 	 Body Test loss: 0.17920000000000003
[2025-01-21 13:20:48,080] INFO: 	 RH Test loss: 0.17901750271642175
[2025-01-21 13:20:48,080] INFO: 	 F1 score: 0
[2025-01-21 13:21:03,623] INFO: Iter 2250 Summary: 
[2025-01-21 13:21:03,623] INFO: 	 lr: 0.009999999999999962 	 Training loss: 0.7046651079654693
[2025-01-21 13:21:03,967] INFO: 	 Body Test loss: 0.15
[2025-01-21 13:21:03,967] INFO: 	 RH Test loss: 0.17311415473948494
[2025-01-21 13:21:03,967] INFO: 	 F1 score: 0
[2025-01-21 13:21:19,567] INFO: Iter 2500 Summary: 
[2025-01-21 13:21:19,568] INFO: 	 lr: 0.009999999999999962 	 Training loss: 0.6996209185123443
[2025-01-21 13:21:19,909] INFO: 	 Body Test loss: 0.14
[2025-01-21 13:21:19,909] INFO: 	 RH Test loss: 0.16830777585999038
[2025-01-21 13:21:19,909] INFO: 	 F1 score: 0
[2025-01-21 13:21:35,371] INFO: Iter 2750 Summary: 
[2025-01-21 13:21:35,372] INFO: 	 lr: 0.009999999999999962 	 Training loss: 0.6961419179439544
[2025-01-21 13:21:35,714] INFO: 	 Body Test loss: 0.1436
[2025-01-21 13:21:35,715] INFO: 	 RH Test loss: 0.1857829212157194
[2025-01-21 13:21:35,715] INFO: 	 F1 score: 0
[2025-01-21 13:21:51,291] INFO: Iter 3000 Summary: 
[2025-01-21 13:21:51,291] INFO: 	 lr: 0.009999999999999962 	 Training loss: 0.6947239620685577
[2025-01-21 13:21:51,627] INFO: 	 Body Test loss: 0.1512
[2025-01-21 13:21:51,627] INFO: 	 RH Test loss: 0.17195686505845756
[2025-01-21 13:21:51,627] INFO: 	 F1 score: 0
[2025-01-21 13:22:07,176] INFO: Iter 3250 Summary: 
[2025-01-21 13:22:07,177] INFO: 	 lr: 0.009999999999999962 	 Training loss: 0.6853209292888641
[2025-01-21 13:22:07,516] INFO: 	 Body Test loss: 0.1288
[2025-01-21 13:22:07,516] INFO: 	 RH Test loss: 0.1568994279078544
[2025-01-21 13:22:07,516] INFO: 	 F1 score: 0
[2025-01-21 13:22:22,997] INFO: Iter 3500 Summary: 
[2025-01-21 13:22:22,998] INFO: 	 lr: 0.009999999999999962 	 Training loss: 0.6867884678840637
[2025-01-21 13:22:23,337] INFO: 	 Body Test loss: 0.1636
[2025-01-21 13:22:23,338] INFO: 	 RH Test loss: 0.17511866979362548
[2025-01-21 13:22:23,338] INFO: 	 F1 score: 0
[2025-01-21 13:22:38,821] INFO: Iter 3750 Summary: 
[2025-01-21 13:22:38,821] INFO: 	 lr: 0.009999999999999962 	 Training loss: 0.6836387302875518
[2025-01-21 13:22:39,163] INFO: 	 Body Test loss: 0.1316
[2025-01-21 13:22:39,164] INFO: 	 RH Test loss: 0.1565576323464554
[2025-01-21 13:22:39,164] INFO: 	 F1 score: 0
[2025-01-21 13:22:54,571] INFO: Iter 4000 Summary: 
[2025-01-21 13:22:54,572] INFO: 	 lr: 0.009999999999999962 	 Training loss: 0.6780461981296539
[2025-01-21 13:22:54,914] INFO: 	 Body Test loss: 0.14560000000000003
[2025-01-21 13:22:54,914] INFO: 	 RH Test loss: 0.16574396314699785
[2025-01-21 13:22:54,915] INFO: 	 F1 score: 0
[2025-01-21 13:23:10,576] INFO: Iter 4250 Summary: 
[2025-01-21 13:23:10,576] INFO: 	 lr: 0.009999999999999962 	 Training loss: 0.6709608190059662
[2025-01-21 13:23:10,919] INFO: 	 Body Test loss: 0.13
[2025-01-21 13:23:10,919] INFO: 	 RH Test loss: 0.15475771767377197
[2025-01-21 13:23:10,919] INFO: 	 F1 score: 0
[2025-01-21 13:23:26,603] INFO: Iter 4500 Summary: 
[2025-01-21 13:23:26,603] INFO: 	 lr: 0.009999999999999962 	 Training loss: 0.6708634850978852
[2025-01-21 13:23:26,939] INFO: 	 Body Test loss: 0.1308
[2025-01-21 13:23:26,940] INFO: 	 RH Test loss: 0.16262825695279545
[2025-01-21 13:23:26,940] INFO: 	 F1 score: 0
[2025-01-21 13:23:42,388] INFO: Iter 4750 Summary: 
[2025-01-21 13:23:42,388] INFO: 	 lr: 0.009999999999999962 	 Training loss: 0.6665187256336212
[2025-01-21 13:23:42,726] INFO: 	 Body Test loss: 0.136
[2025-01-21 13:23:42,726] INFO: 	 RH Test loss: 0.16695000995289194
[2025-01-21 13:23:42,727] INFO: 	 F1 score: 0
[2025-01-21 13:23:58,272] INFO: Iter 5000 Summary: 
[2025-01-21 13:23:58,272] INFO: 	 lr: 0.009999999999999962 	 Training loss: 0.6641247143745422
[2025-01-21 13:23:58,615] INFO: 	 Body Test loss: 0.128
[2025-01-21 13:23:58,615] INFO: 	 RH Test loss: 0.15488682693029568
[2025-01-21 13:23:58,615] INFO: 	 F1 score: 0
[2025-01-21 13:23:58,971] INFO: 	 Total number of parameters: 126558
[2025-01-21 13:23:58,987] INFO: Mean L2_body is 0.16505000000000003
[2025-01-21 13:23:58,987] INFO: Mean L2_right_hand is 0.19450428930153965
[2025-01-21 13:23:58,987] INFO: Under 0.10 is 14.957142528146505
[2025-01-21 13:23:58,987] INFO: Under 0.15 is 39.36904817819595
[2025-01-21 13:23:58,987] INFO: Under 0.20 is 70.65952345728874
[2025-01-21 13:23:58,987] INFO: Under 0.30 is 98.35714250802994
[2025-01-21 13:23:58,987] INFO: Under 0.35 is 99.33333396911621
[2025-01-21 13:23:58,987] INFO: Under 0.40 is 99.83333349227905
[2025-01-21 13:23:58,987] INFO: Intention Accuracy is 0.0
[2025-01-21 13:23:58,987] INFO: F1 Score is 0.0
[2025-01-21 13:23:58,987] INFO: F1 Score Binary is 0.0
[2025-01-21 13:23:58,987] INFO: Metrics are {'L2_body': [0.176, 0.2036, 0.17319999999999997, 0.1512, 0.16519999999999999, 0.15439999999999998, 0.16879999999999998, 0.128], 'L2_right_hand': [0.2058967569443653, 0.2288942238283301, 0.20667859681490836, 0.18026940150585222, 0.18417188877186472, 0.187868781191906, 0.20736783842479478, 0.15488682693029568], 'under_0.10m': [12.799999117851257, 11.999999731779099, 11.33333370089531, 18.285714089870453, 12.57142722606659, 15.999999642372131, 11.33333370089531, 25.333333015441895], 'under_0.15m': [26.399999856948853, 28.66666615009308, 26.66666805744171, 45.14285922050476, 37.142857909202576, 53.60000133514404, 28.00000011920929, 69.33333277702332], 'under_0.20m': [54.40000295639038, 56.00000023841858, 61.33332848548889, 78.85714173316956, 70.28571367263794, 74.40000176429749, 75.99999904632568, 93.99999976158142], 'under_0.30m': [100.0, 92.00000166893005, 100.0, 100.0, 94.85713839530945, 100.0, 100.0, 100.0], 'under_0.35m': [100.0, 94.66667175292969, 100.0, 100.0, 100.0, 100.0, 100.0, 100.0], 'under_0.40m': [100.0, 98.66666793823242, 100.0, 100.0, 100.0, 100.0, 100.0, 100.0], 'accuracy': [0, 0, 0, 0, 0, 0, 0, 0], 'f1_score': [0, 0, 0, 0, 0, 0, 0, 0], 'f1_score_binary': [0, 0, 0, 0, 0, 0, 0, 0]}
