[2025-01-20 13:40:26,977] INFO: {
    "abs_dir": "/home/gerard/Documents/IRI/Repos/siMLPe/exps/baseline_handover",
    "actions_to_load": "all",
    "batch_size": 256,
    "classifier": {
        "flatten": true
    },
    "cos_lr_max": 0.01,
    "cos_lr_min": 1e-05,
    "cos_lr_total_iters": 5000,
    "cosine_lr": true,
    "data_aug": true,
    "deriv_input": true,
    "deriv_output": true,
    "eval_condition_with_classifier_int": false,
    "eval_every": 250,
    "handover_anno_dir": "/home/gerard/Documents/IRI/Repos/siMLPe/data/handover/",
    "link_log_file": "/home/gerard/Documents/IRI/Repos/siMLPe/exps/baseline_handover/log/log_last.log",
    "link_val_log_file": "/home/gerard/Documents/IRI/Repos/siMLPe/exps/baseline_handover/log/val_last.log",
    "log_dir": "/home/gerard/Documents/IRI/Repos/siMLPe/exps/baseline_handover/log",
    "log_file": "/home/gerard/Documents/IRI/Repos/siMLPe/exps/baseline_handover/log/log_2025_01_20_13_35_22.log",
    "log_file_leave_one_out": "/home/gerard/Documents/IRI/Repos/siMLPe/exps/baseline_handover/log/log_loo2025_01_20_13_35_22.log",
    "model_pth": null,
    "motion": {
        "dim": 27,
        "handover_input_length": 50,
        "handover_input_length_dct": 50,
        "handover_target_length": 10,
        "handover_target_length_eval": 25,
        "handover_target_length_train": 10
    },
    "motion_fc_in": {
        "activation": "relu",
        "in_features": 27,
        "init_w_trunc_normal": false,
        "out_features": 27,
        "temporal_fc": false,
        "with_norm": false
    },
    "motion_fc_out": {
        "activation": "relu",
        "in_features": 27,
        "init_w_trunc_normal": true,
        "out_features": 27,
        "temporal_fc": false,
        "with_norm": false
    },
    "motion_gcn_in": {
        "do": 0,
        "gcn_in": false,
        "in_features": 27,
        "n_node": 50,
        "num_stage": 0,
        "out_features": 27
    },
    "motion_gcn_out": {
        "do": 0,
        "gcn_out": false,
        "in_features": 27,
        "n_node": 50,
        "num_stage": 0,
        "out_features": 27
    },
    "motion_int": {
        "binary": true,
        "input_dim": 1,
        "int_cond": true,
        "num_emb": 2,
        "output_dim": 27
    },
    "motion_mlp": {
        "hidden_dim": 27,
        "norm_axis": "spatial",
        "num_layers": 48,
        "seq_len": 50,
        "spatial_fc_only": false,
        "with_normalization": true
    },
    "motion_ree": {
        "embedding_size": 3,
        "gcn_concatenation": false,
        "gcn_do": 0,
        "gcn_n_node": 50,
        "gcn_num_stage": 0,
        "input_dim": 3,
        "ree_concatenation": false,
        "ree_cond": false,
        "ree_sum": false
    },
    "num_workers": 6,
    "only_classification": false,
    "post_dct": false,
    "pre_dct": false,
    "print_every": 250,
    "repo_name": "siMLPe",
    "root_dir": "/home/gerard/Documents/IRI/Repos/siMLPe",
    "save_every": 5000,
    "seed": 304,
    "shift_step": 1,
    "snapshot_dir": "/home/gerard/Documents/IRI/Repos/siMLPe/exps/baseline_handover/log/snapshot",
    "this_dir": "baseline_handover",
    "total_iters": 5000,
    "use_colab_loss": false,
    "use_int_class": false,
    "use_loss_layer": false,
    "use_ree_loss": false,
    "use_relative_loss": true,
    "use_relative_loss_rh": false,
    "use_rh_distance_joints_loss": false,
    "use_rh_loss": false,
    "val_log_file": "/home/gerard/Documents/IRI/Repos/siMLPe/exps/baseline_handover/log/val_2025_01_20_13_35_22.log",
    "viz_GCN_folder": false,
    "weight_decay": 0.0001
}
[2025-01-20 13:40:27,666] INFO: Testing with subject ['S5'] 
[2025-01-20 13:40:27,666] INFO: Training with subjects ['S3', 'S6', 'S8', 'S9', 'S4', 'S7', 'S10'] 
[2025-01-20 13:40:42,401] INFO: Iter 250 Summary: 
[2025-01-20 13:40:42,401] INFO: 	 lr: 0.009999999999999962 	 Training loss: 1.221540297627449
[2025-01-20 13:40:42,683] INFO: 	 Body Test loss: 0.29
[2025-01-20 13:40:42,683] INFO: 	 RH Test loss: 0.3368623813649696
[2025-01-20 13:40:42,684] INFO: 	 F1 score: 0
[2025-01-20 13:40:57,218] INFO: Iter 500 Summary: 
[2025-01-20 13:40:57,218] INFO: 	 lr: 0.009999999999999962 	 Training loss: 0.3799906063079834
[2025-01-20 13:40:57,497] INFO: 	 Body Test loss: 0.21760000000000002
[2025-01-20 13:40:57,498] INFO: 	 RH Test loss: 0.2610755138294487
[2025-01-20 13:40:57,498] INFO: 	 F1 score: 0
[2025-01-20 13:41:12,056] INFO: Iter 750 Summary: 
[2025-01-20 13:41:12,056] INFO: 	 lr: 0.009999999999999962 	 Training loss: 0.3192835130691528
[2025-01-20 13:41:12,343] INFO: 	 Body Test loss: 0.1972
[2025-01-20 13:41:12,344] INFO: 	 RH Test loss: 0.24857892411401497
[2025-01-20 13:41:12,344] INFO: 	 F1 score: 0
[2025-01-20 13:41:27,399] INFO: Iter 1000 Summary: 
[2025-01-20 13:41:27,400] INFO: 	 lr: 0.009999999999999962 	 Training loss: 0.2899905706644058
[2025-01-20 13:41:27,684] INFO: 	 Body Test loss: 0.188
[2025-01-20 13:41:27,684] INFO: 	 RH Test loss: 0.2412667284405638
[2025-01-20 13:41:27,684] INFO: 	 F1 score: 0
[2025-01-20 13:41:42,513] INFO: Iter 1250 Summary: 
[2025-01-20 13:41:42,513] INFO: 	 lr: 0.009999999999999962 	 Training loss: 0.27409994637966156
[2025-01-20 13:41:42,802] INFO: 	 Body Test loss: 0.1888
[2025-01-20 13:41:42,803] INFO: 	 RH Test loss: 0.2419207539378634
[2025-01-20 13:41:42,803] INFO: 	 F1 score: 0
[2025-01-20 13:41:57,794] INFO: Iter 1500 Summary: 
[2025-01-20 13:41:57,794] INFO: 	 lr: 0.009999999999999962 	 Training loss: 0.2687979736328125
[2025-01-20 13:41:58,086] INFO: 	 Body Test loss: 0.1788
[2025-01-20 13:41:58,086] INFO: 	 RH Test loss: 0.2316019431478887
[2025-01-20 13:41:58,086] INFO: 	 F1 score: 0
[2025-01-20 13:42:12,958] INFO: Iter 1750 Summary: 
[2025-01-20 13:42:12,958] INFO: 	 lr: 0.009999999999999962 	 Training loss: 0.26530785685777664
[2025-01-20 13:42:13,243] INFO: 	 Body Test loss: 0.1744
[2025-01-20 13:42:13,243] INFO: 	 RH Test loss: 0.23816364322573322
[2025-01-20 13:42:13,244] INFO: 	 F1 score: 0
[2025-01-20 13:42:27,943] INFO: Iter 2000 Summary: 
[2025-01-20 13:42:27,943] INFO: 	 lr: 0.009999999999999962 	 Training loss: 0.263434238910675
[2025-01-20 13:42:28,239] INFO: 	 Body Test loss: 0.1764
[2025-01-20 13:42:28,239] INFO: 	 RH Test loss: 0.2377154158518601
[2025-01-20 13:42:28,239] INFO: 	 F1 score: 0
[2025-01-20 13:42:43,163] INFO: Iter 2250 Summary: 
[2025-01-20 13:42:43,163] INFO: 	 lr: 0.009999999999999962 	 Training loss: 0.2585099231004715
[2025-01-20 13:42:43,450] INFO: 	 Body Test loss: 0.1812
[2025-01-20 13:42:43,450] INFO: 	 RH Test loss: 0.23896547790061637
[2025-01-20 13:42:43,450] INFO: 	 F1 score: 0
[2025-01-20 13:42:58,562] INFO: Iter 2500 Summary: 
[2025-01-20 13:42:58,562] INFO: 	 lr: 0.009999999999999962 	 Training loss: 0.2588267304301262
[2025-01-20 13:42:58,848] INFO: 	 Body Test loss: 0.1848
[2025-01-20 13:42:58,848] INFO: 	 RH Test loss: 0.23804899602646887
[2025-01-20 13:42:58,848] INFO: 	 F1 score: 0
[2025-01-20 13:43:13,774] INFO: Iter 2750 Summary: 
[2025-01-20 13:43:13,774] INFO: 	 lr: 0.009999999999999962 	 Training loss: 0.2545804795026779
[2025-01-20 13:43:14,062] INFO: 	 Body Test loss: 0.2016
[2025-01-20 13:43:14,062] INFO: 	 RH Test loss: 0.25650977211751885
[2025-01-20 13:43:14,062] INFO: 	 F1 score: 0
[2025-01-20 13:43:29,064] INFO: Iter 3000 Summary: 
[2025-01-20 13:43:29,064] INFO: 	 lr: 0.009999999999999962 	 Training loss: 0.25370053470134735
[2025-01-20 13:43:29,360] INFO: 	 Body Test loss: 0.1832
[2025-01-20 13:43:29,361] INFO: 	 RH Test loss: 0.2337583677130927
[2025-01-20 13:43:29,361] INFO: 	 F1 score: 0
[2025-01-20 13:43:44,272] INFO: Iter 3250 Summary: 
[2025-01-20 13:43:44,272] INFO: 	 lr: 0.009999999999999962 	 Training loss: 0.2507345866560936
[2025-01-20 13:43:44,566] INFO: 	 Body Test loss: 0.19640000000000002
[2025-01-20 13:43:44,566] INFO: 	 RH Test loss: 0.2531002204593679
[2025-01-20 13:43:44,566] INFO: 	 F1 score: 0
[2025-01-20 13:43:59,431] INFO: Iter 3500 Summary: 
[2025-01-20 13:43:59,431] INFO: 	 lr: 0.009999999999999962 	 Training loss: 0.24762289106845856
[2025-01-20 13:43:59,721] INFO: 	 Body Test loss: 0.17559999999999998
[2025-01-20 13:43:59,721] INFO: 	 RH Test loss: 0.22832664722600143
[2025-01-20 13:43:59,721] INFO: 	 F1 score: 0
[2025-01-20 13:44:14,255] INFO: Iter 3750 Summary: 
[2025-01-20 13:44:14,255] INFO: 	 lr: 0.009999999999999962 	 Training loss: 0.24691529953479766
[2025-01-20 13:44:14,539] INFO: 	 Body Test loss: 0.17559999999999998
[2025-01-20 13:44:14,539] INFO: 	 RH Test loss: 0.23333653441451396
[2025-01-20 13:44:14,539] INFO: 	 F1 score: 0
[2025-01-20 13:44:29,200] INFO: Iter 4000 Summary: 
[2025-01-20 13:44:29,200] INFO: 	 lr: 0.009999999999999962 	 Training loss: 0.24384044790267945
[2025-01-20 13:44:29,479] INFO: 	 Body Test loss: 0.1808
[2025-01-20 13:44:29,479] INFO: 	 RH Test loss: 0.23632846113167288
[2025-01-20 13:44:29,479] INFO: 	 F1 score: 0
[2025-01-20 13:44:44,130] INFO: Iter 4250 Summary: 
[2025-01-20 13:44:44,130] INFO: 	 lr: 0.009999999999999962 	 Training loss: 0.24022832798957824
[2025-01-20 13:44:44,411] INFO: 	 Body Test loss: 0.1812
[2025-01-20 13:44:44,411] INFO: 	 RH Test loss: 0.241310778503144
[2025-01-20 13:44:44,411] INFO: 	 F1 score: 0
[2025-01-20 13:44:58,991] INFO: Iter 4500 Summary: 
[2025-01-20 13:44:58,991] INFO: 	 lr: 0.009999999999999962 	 Training loss: 0.23842660117149353
[2025-01-20 13:44:59,274] INFO: 	 Body Test loss: 0.17679999999999998
[2025-01-20 13:44:59,274] INFO: 	 RH Test loss: 0.2218354215913016
[2025-01-20 13:44:59,274] INFO: 	 F1 score: 0
[2025-01-20 13:45:13,955] INFO: Iter 4750 Summary: 
[2025-01-20 13:45:13,955] INFO: 	 lr: 0.009999999999999962 	 Training loss: 0.23670877176523208
[2025-01-20 13:45:14,240] INFO: 	 Body Test loss: 0.1784
[2025-01-20 13:45:14,240] INFO: 	 RH Test loss: 0.23250119142515227
[2025-01-20 13:45:14,240] INFO: 	 F1 score: 0
[2025-01-20 13:45:28,865] INFO: Iter 5000 Summary: 
[2025-01-20 13:45:28,865] INFO: 	 lr: 0.009999999999999962 	 Training loss: 0.23464918595552445
[2025-01-20 13:45:29,147] INFO: 	 Body Test loss: 0.1708
[2025-01-20 13:45:29,147] INFO: 	 RH Test loss: 0.2148134791786838
[2025-01-20 13:45:29,147] INFO: 	 F1 score: 0
[2025-01-20 13:45:29,442] INFO: 	 Total number of parameters: 126558
[2025-01-20 13:45:30,162] INFO: Testing with subject ['S3'] 
[2025-01-20 13:45:30,162] INFO: Training with subjects ['S5', 'S6', 'S8', 'S9', 'S4', 'S7', 'S10'] 
[2025-01-20 13:45:44,921] INFO: Iter 250 Summary: 
[2025-01-20 13:45:44,921] INFO: 	 lr: 0.009999999999999962 	 Training loss: 0.8046190168857574
[2025-01-20 13:45:45,261] INFO: 	 Body Test loss: 0.3408
[2025-01-20 13:45:45,261] INFO: 	 RH Test loss: 0.3391641995986063
[2025-01-20 13:45:45,261] INFO: 	 F1 score: 0
[2025-01-20 13:46:00,455] INFO: Iter 500 Summary: 
[2025-01-20 13:46:00,455] INFO: 	 lr: 0.009999999999999962 	 Training loss: 0.33568693649768827
[2025-01-20 13:46:00,791] INFO: 	 Body Test loss: 0.23039999999999997
[2025-01-20 13:46:00,791] INFO: 	 RH Test loss: 0.25232351518469637
[2025-01-20 13:46:00,791] INFO: 	 F1 score: 0
[2025-01-20 13:46:15,591] INFO: Iter 750 Summary: 
[2025-01-20 13:46:15,592] INFO: 	 lr: 0.009999999999999962 	 Training loss: 0.2954699096083641
[2025-01-20 13:46:15,925] INFO: 	 Body Test loss: 0.2216
[2025-01-20 13:46:15,925] INFO: 	 RH Test loss: 0.2424725076583217
[2025-01-20 13:46:15,925] INFO: 	 F1 score: 0
[2025-01-20 13:46:31,058] INFO: Iter 1000 Summary: 
[2025-01-20 13:46:31,058] INFO: 	 lr: 0.009999999999999962 	 Training loss: 0.2784413789510727
[2025-01-20 13:46:31,406] INFO: 	 Body Test loss: 0.23079999999999998
[2025-01-20 13:46:31,406] INFO: 	 RH Test loss: 0.2517961005357817
[2025-01-20 13:46:31,406] INFO: 	 F1 score: 0
[2025-01-20 13:46:46,537] INFO: Iter 1250 Summary: 
[2025-01-20 13:46:46,538] INFO: 	 lr: 0.009999999999999962 	 Training loss: 0.2693831197619438
[2025-01-20 13:46:46,877] INFO: 	 Body Test loss: 0.21360000000000004
[2025-01-20 13:46:46,877] INFO: 	 RH Test loss: 0.24215512347725582
[2025-01-20 13:46:46,877] INFO: 	 F1 score: 0
[2025-01-20 13:47:01,720] INFO: Iter 1500 Summary: 
[2025-01-20 13:47:01,720] INFO: 	 lr: 0.009999999999999962 	 Training loss: 0.2639641126394272
[2025-01-20 13:47:02,053] INFO: 	 Body Test loss: 0.21760000000000002
[2025-01-20 13:47:02,053] INFO: 	 RH Test loss: 0.23757961306687211
[2025-01-20 13:47:02,053] INFO: 	 F1 score: 0
[2025-01-20 13:47:17,278] INFO: Iter 1750 Summary: 
[2025-01-20 13:47:17,278] INFO: 	 lr: 0.009999999999999962 	 Training loss: 0.2593289585113525
[2025-01-20 13:47:17,627] INFO: 	 Body Test loss: 0.23440000000000003
[2025-01-20 13:47:17,628] INFO: 	 RH Test loss: 0.2488827679668668
[2025-01-20 13:47:17,628] INFO: 	 F1 score: 0
[2025-01-20 13:47:32,663] INFO: Iter 2000 Summary: 
[2025-01-20 13:47:32,663] INFO: 	 lr: 0.009999999999999962 	 Training loss: 0.2564706353545189
[2025-01-20 13:47:32,998] INFO: 	 Body Test loss: 0.20799999999999996
[2025-01-20 13:47:32,998] INFO: 	 RH Test loss: 0.23010275272444297
[2025-01-20 13:47:32,998] INFO: 	 F1 score: 0
[2025-01-20 13:47:47,999] INFO: Iter 2250 Summary: 
[2025-01-20 13:47:47,999] INFO: 	 lr: 0.009999999999999962 	 Training loss: 0.2547410506606102
[2025-01-20 13:47:48,334] INFO: 	 Body Test loss: 0.21959999999999996
[2025-01-20 13:47:48,334] INFO: 	 RH Test loss: 0.23566416559622727
[2025-01-20 13:47:48,334] INFO: 	 F1 score: 0
[2025-01-20 13:48:03,440] INFO: Iter 2500 Summary: 
[2025-01-20 13:48:03,440] INFO: 	 lr: 0.009999999999999962 	 Training loss: 0.2507957807779312
[2025-01-20 13:48:03,772] INFO: 	 Body Test loss: 0.23759999999999998
[2025-01-20 13:48:03,772] INFO: 	 RH Test loss: 0.24521318066156167
[2025-01-20 13:48:03,772] INFO: 	 F1 score: 0
[2025-01-20 13:48:18,825] INFO: Iter 2750 Summary: 
[2025-01-20 13:48:18,825] INFO: 	 lr: 0.009999999999999962 	 Training loss: 0.2501507778167725
[2025-01-20 13:48:19,164] INFO: 	 Body Test loss: 0.22399999999999998
[2025-01-20 13:48:19,165] INFO: 	 RH Test loss: 0.2602343730840078
[2025-01-20 13:48:19,165] INFO: 	 F1 score: 0
[2025-01-20 13:48:34,278] INFO: Iter 3000 Summary: 
[2025-01-20 13:48:34,278] INFO: 	 lr: 0.009999999999999962 	 Training loss: 0.2488417772054672
[2025-01-20 13:48:34,645] INFO: 	 Body Test loss: 0.2188
[2025-01-20 13:48:34,645] INFO: 	 RH Test loss: 0.23802166336252611
[2025-01-20 13:48:34,646] INFO: 	 F1 score: 0
[2025-01-20 13:48:49,799] INFO: Iter 3250 Summary: 
[2025-01-20 13:48:49,799] INFO: 	 lr: 0.009999999999999962 	 Training loss: 0.24632743412256242
[2025-01-20 13:48:50,136] INFO: 	 Body Test loss: 0.2148
[2025-01-20 13:48:50,136] INFO: 	 RH Test loss: 0.2412904739235823
[2025-01-20 13:48:50,136] INFO: 	 F1 score: 0
[2025-01-20 13:49:04,823] INFO: Iter 3500 Summary: 
[2025-01-20 13:49:04,823] INFO: 	 lr: 0.009999999999999962 	 Training loss: 0.24505415457487106
[2025-01-20 13:49:05,158] INFO: 	 Body Test loss: 0.21760000000000002
[2025-01-20 13:49:05,158] INFO: 	 RH Test loss: 0.255668654283368
[2025-01-20 13:49:05,158] INFO: 	 F1 score: 0
[2025-01-20 13:49:20,245] INFO: Iter 3750 Summary: 
[2025-01-20 13:49:20,245] INFO: 	 lr: 0.009999999999999962 	 Training loss: 0.2432208805680275
[2025-01-20 13:49:20,582] INFO: 	 Body Test loss: 0.2548
[2025-01-20 13:49:20,582] INFO: 	 RH Test loss: 0.27717876339967157
[2025-01-20 13:49:20,582] INFO: 	 F1 score: 0
[2025-01-20 13:49:35,703] INFO: Iter 4000 Summary: 
[2025-01-20 13:49:35,703] INFO: 	 lr: 0.009999999999999962 	 Training loss: 0.2432719670534134
[2025-01-20 13:49:36,041] INFO: 	 Body Test loss: 0.2488
[2025-01-20 13:49:36,041] INFO: 	 RH Test loss: 0.26035909525217243
[2025-01-20 13:49:36,041] INFO: 	 F1 score: 0
[2025-01-20 13:49:50,956] INFO: Iter 4250 Summary: 
[2025-01-20 13:49:50,957] INFO: 	 lr: 0.009999999999999962 	 Training loss: 0.24285165071487427
[2025-01-20 13:49:51,292] INFO: 	 Body Test loss: 0.22279999999999997
[2025-01-20 13:49:51,292] INFO: 	 RH Test loss: 0.2401619693519846
[2025-01-20 13:49:51,292] INFO: 	 F1 score: 0
[2025-01-20 13:50:06,606] INFO: Iter 4500 Summary: 
[2025-01-20 13:50:06,607] INFO: 	 lr: 0.009999999999999962 	 Training loss: 0.2391140424609184
[2025-01-20 13:50:06,949] INFO: 	 Body Test loss: 0.19519999999999998
[2025-01-20 13:50:06,950] INFO: 	 RH Test loss: 0.2183086028560051
[2025-01-20 13:50:06,950] INFO: 	 F1 score: 0
[2025-01-20 13:50:21,846] INFO: Iter 4750 Summary: 
[2025-01-20 13:50:21,846] INFO: 	 lr: 0.009999999999999962 	 Training loss: 0.23763466107845307
[2025-01-20 13:50:22,178] INFO: 	 Body Test loss: 0.20320000000000005
[2025-01-20 13:50:22,179] INFO: 	 RH Test loss: 0.22003234615498798
[2025-01-20 13:50:22,179] INFO: 	 F1 score: 0
[2025-01-20 13:50:37,090] INFO: Iter 5000 Summary: 
[2025-01-20 13:50:37,090] INFO: 	 lr: 0.009999999999999962 	 Training loss: 0.235252798974514
[2025-01-20 13:50:37,419] INFO: 	 Body Test loss: 0.2032
[2025-01-20 13:50:37,419] INFO: 	 RH Test loss: 0.22435368031173314
[2025-01-20 13:50:37,419] INFO: 	 F1 score: 0
[2025-01-20 13:50:37,760] INFO: 	 Total number of parameters: 126558
[2025-01-20 13:50:38,460] INFO: Testing with subject ['S6'] 
[2025-01-20 13:50:38,460] INFO: Training with subjects ['S5', 'S3', 'S8', 'S9', 'S4', 'S7', 'S10'] 
[2025-01-20 13:50:53,048] INFO: Iter 250 Summary: 
[2025-01-20 13:50:53,048] INFO: 	 lr: 0.009999999999999962 	 Training loss: 0.6254727059602737
[2025-01-20 13:50:53,382] INFO: 	 Body Test loss: 0.20600000000000002
[2025-01-20 13:50:53,382] INFO: 	 RH Test loss: 0.23429750956523596
[2025-01-20 13:50:53,382] INFO: 	 F1 score: 0
[2025-01-20 13:51:08,161] INFO: Iter 500 Summary: 
[2025-01-20 13:51:08,161] INFO: 	 lr: 0.009999999999999962 	 Training loss: 0.2995447313785553
[2025-01-20 13:51:08,503] INFO: 	 Body Test loss: 0.188
[2025-01-20 13:51:08,503] INFO: 	 RH Test loss: 0.20606064385493705
[2025-01-20 13:51:08,503] INFO: 	 F1 score: 0
[2025-01-20 13:51:23,049] INFO: Iter 750 Summary: 
[2025-01-20 13:51:23,049] INFO: 	 lr: 0.009999999999999962 	 Training loss: 0.2738828672170639
[2025-01-20 13:51:23,387] INFO: 	 Body Test loss: 0.17880000000000001
[2025-01-20 13:51:23,388] INFO: 	 RH Test loss: 0.20311353696517842
[2025-01-20 13:51:23,388] INFO: 	 F1 score: 0
[2025-01-20 13:51:38,046] INFO: Iter 1000 Summary: 
[2025-01-20 13:51:38,046] INFO: 	 lr: 0.009999999999999962 	 Training loss: 0.264268490254879
[2025-01-20 13:51:38,381] INFO: 	 Body Test loss: 0.18200000000000002
[2025-01-20 13:51:38,382] INFO: 	 RH Test loss: 0.2024429365124161
[2025-01-20 13:51:38,382] INFO: 	 F1 score: 0
[2025-01-20 13:51:53,004] INFO: Iter 1250 Summary: 
[2025-01-20 13:51:53,004] INFO: 	 lr: 0.009999999999999962 	 Training loss: 0.2565310809612274
[2025-01-20 13:51:53,341] INFO: 	 Body Test loss: 0.21440000000000003
[2025-01-20 13:51:53,341] INFO: 	 RH Test loss: 0.24073026858015362
[2025-01-20 13:51:53,341] INFO: 	 F1 score: 0
[2025-01-20 13:52:07,882] INFO: Iter 1500 Summary: 
[2025-01-20 13:52:07,883] INFO: 	 lr: 0.009999999999999962 	 Training loss: 0.25336489230394366
[2025-01-20 13:52:08,217] INFO: 	 Body Test loss: 0.20679999999999998
[2025-01-20 13:52:08,217] INFO: 	 RH Test loss: 0.23536359899184284
[2025-01-20 13:52:08,217] INFO: 	 F1 score: 0
[2025-01-20 13:52:22,878] INFO: Iter 1750 Summary: 
[2025-01-20 13:52:22,878] INFO: 	 lr: 0.009999999999999962 	 Training loss: 0.24966769069433212
[2025-01-20 13:52:23,213] INFO: 	 Body Test loss: 0.18
[2025-01-20 13:52:23,213] INFO: 	 RH Test loss: 0.2034909169031396
[2025-01-20 13:52:23,213] INFO: 	 F1 score: 0
[2025-01-20 13:52:37,732] INFO: Iter 2000 Summary: 
[2025-01-20 13:52:37,733] INFO: 	 lr: 0.009999999999999962 	 Training loss: 0.24822134411334992
[2025-01-20 13:52:38,067] INFO: 	 Body Test loss: 0.18200000000000002
[2025-01-20 13:52:38,067] INFO: 	 RH Test loss: 0.2004521162761057
[2025-01-20 13:52:38,067] INFO: 	 F1 score: 0
[2025-01-20 13:52:52,705] INFO: Iter 2250 Summary: 
[2025-01-20 13:52:52,705] INFO: 	 lr: 0.009999999999999962 	 Training loss: 0.2454026077389717
[2025-01-20 13:52:53,042] INFO: 	 Body Test loss: 0.18
[2025-01-20 13:52:53,043] INFO: 	 RH Test loss: 0.22045230228825893
[2025-01-20 13:52:53,043] INFO: 	 F1 score: 0
[2025-01-20 13:53:07,877] INFO: Iter 2500 Summary: 
[2025-01-20 13:53:07,877] INFO: 	 lr: 0.009999999999999962 	 Training loss: 0.24414889681339264
[2025-01-20 13:53:08,217] INFO: 	 Body Test loss: 0.18600000000000003
[2025-01-20 13:53:08,217] INFO: 	 RH Test loss: 0.2173489635848477
[2025-01-20 13:53:08,217] INFO: 	 F1 score: 0
[2025-01-20 13:53:22,927] INFO: Iter 2750 Summary: 
[2025-01-20 13:53:22,927] INFO: 	 lr: 0.009999999999999962 	 Training loss: 0.24213972926139832
[2025-01-20 13:53:23,267] INFO: 	 Body Test loss: 0.18600000000000003
[2025-01-20 13:53:23,268] INFO: 	 RH Test loss: 0.2094282808316879
[2025-01-20 13:53:23,268] INFO: 	 F1 score: 0
[2025-01-20 13:53:38,086] INFO: Iter 3000 Summary: 
[2025-01-20 13:53:38,086] INFO: 	 lr: 0.009999999999999962 	 Training loss: 0.23999579095840454
[2025-01-20 13:53:38,427] INFO: 	 Body Test loss: 0.20120000000000002
[2025-01-20 13:53:38,428] INFO: 	 RH Test loss: 0.22291588158353082
[2025-01-20 13:53:38,428] INFO: 	 F1 score: 0
[2025-01-20 13:53:53,371] INFO: Iter 3250 Summary: 
[2025-01-20 13:53:53,371] INFO: 	 lr: 0.009999999999999962 	 Training loss: 0.23806269550323486
[2025-01-20 13:53:53,709] INFO: 	 Body Test loss: 0.1876
[2025-01-20 13:53:53,710] INFO: 	 RH Test loss: 0.21523624587156867
[2025-01-20 13:53:53,710] INFO: 	 F1 score: 0
[2025-01-20 13:54:08,891] INFO: Iter 3500 Summary: 
[2025-01-20 13:54:08,891] INFO: 	 lr: 0.009999999999999962 	 Training loss: 0.23819715613126755
[2025-01-20 13:54:09,240] INFO: 	 Body Test loss: 0.1732
[2025-01-20 13:54:09,241] INFO: 	 RH Test loss: 0.19742916856027334
[2025-01-20 13:54:09,241] INFO: 	 F1 score: 0
[2025-01-20 13:54:24,334] INFO: Iter 3750 Summary: 
[2025-01-20 13:54:24,334] INFO: 	 lr: 0.009999999999999962 	 Training loss: 0.23525359988212585
[2025-01-20 13:54:24,685] INFO: 	 Body Test loss: 0.18359999999999999
[2025-01-20 13:54:24,686] INFO: 	 RH Test loss: 0.2072268220924972
[2025-01-20 13:54:24,686] INFO: 	 F1 score: 0
[2025-01-20 13:54:39,656] INFO: Iter 4000 Summary: 
[2025-01-20 13:54:39,656] INFO: 	 lr: 0.009999999999999962 	 Training loss: 0.23370785981416703
[2025-01-20 13:54:40,001] INFO: 	 Body Test loss: 0.22560000000000002
[2025-01-20 13:54:40,002] INFO: 	 RH Test loss: 0.24453379593208616
[2025-01-20 13:54:40,002] INFO: 	 F1 score: 0
[2025-01-20 13:54:55,140] INFO: Iter 4250 Summary: 
[2025-01-20 13:54:55,140] INFO: 	 lr: 0.009999999999999962 	 Training loss: 0.23258386904001235
[2025-01-20 13:54:55,475] INFO: 	 Body Test loss: 0.17560000000000003
[2025-01-20 13:54:55,475] INFO: 	 RH Test loss: 0.19293932211545847
[2025-01-20 13:54:55,475] INFO: 	 F1 score: 0
[2025-01-20 13:55:10,344] INFO: Iter 4500 Summary: 
[2025-01-20 13:55:10,344] INFO: 	 lr: 0.009999999999999962 	 Training loss: 0.23102544701099395
[2025-01-20 13:55:10,686] INFO: 	 Body Test loss: 0.18479999999999996
[2025-01-20 13:55:10,686] INFO: 	 RH Test loss: 0.20207727667081862
[2025-01-20 13:55:10,686] INFO: 	 F1 score: 0
[2025-01-20 13:55:25,697] INFO: Iter 4750 Summary: 
[2025-01-20 13:55:25,698] INFO: 	 lr: 0.009999999999999962 	 Training loss: 0.22741720587015152
[2025-01-20 13:55:26,042] INFO: 	 Body Test loss: 0.1968
[2025-01-20 13:55:26,042] INFO: 	 RH Test loss: 0.20627285076720608
[2025-01-20 13:55:26,042] INFO: 	 F1 score: 0
[2025-01-20 13:55:41,011] INFO: Iter 5000 Summary: 
[2025-01-20 13:55:41,011] INFO: 	 lr: 0.009999999999999962 	 Training loss: 0.2248245626091957
[2025-01-20 13:55:41,351] INFO: 	 Body Test loss: 0.19039999999999999
[2025-01-20 13:55:41,352] INFO: 	 RH Test loss: 0.1991289701866223
[2025-01-20 13:55:41,352] INFO: 	 F1 score: 0
[2025-01-20 13:55:41,704] INFO: 	 Total number of parameters: 126558
[2025-01-20 13:55:42,511] INFO: Testing with subject ['S8'] 
[2025-01-20 13:55:42,511] INFO: Training with subjects ['S5', 'S3', 'S6', 'S9', 'S4', 'S7', 'S10'] 
[2025-01-20 13:55:57,305] INFO: Iter 250 Summary: 
[2025-01-20 13:55:57,305] INFO: 	 lr: 0.009999999999999962 	 Training loss: 1.5688704257011414
[2025-01-20 13:55:57,689] INFO: 	 Body Test loss: 0.576
[2025-01-20 13:55:57,689] INFO: 	 RH Test loss: 0.6574660994964523
[2025-01-20 13:55:57,689] INFO: 	 F1 score: 0
[2025-01-20 13:56:12,685] INFO: Iter 500 Summary: 
[2025-01-20 13:56:12,685] INFO: 	 lr: 0.009999999999999962 	 Training loss: 0.5288724838495255
[2025-01-20 13:56:13,075] INFO: 	 Body Test loss: 0.2512
[2025-01-20 13:56:13,075] INFO: 	 RH Test loss: 0.29137216268918975
[2025-01-20 13:56:13,075] INFO: 	 F1 score: 0
[2025-01-20 13:56:27,762] INFO: Iter 750 Summary: 
[2025-01-20 13:56:27,763] INFO: 	 lr: 0.009999999999999962 	 Training loss: 0.3452244648933411
[2025-01-20 13:56:28,148] INFO: 	 Body Test loss: 0.18200000000000002
[2025-01-20 13:56:28,148] INFO: 	 RH Test loss: 0.23590990577596863
[2025-01-20 13:56:28,148] INFO: 	 F1 score: 0
[2025-01-20 13:56:43,038] INFO: Iter 1000 Summary: 
[2025-01-20 13:56:43,038] INFO: 	 lr: 0.009999999999999962 	 Training loss: 0.28969271808862684
[2025-01-20 13:56:43,418] INFO: 	 Body Test loss: 0.1844
[2025-01-20 13:56:43,418] INFO: 	 RH Test loss: 0.2466584860137488
[2025-01-20 13:56:43,418] INFO: 	 F1 score: 0
[2025-01-20 13:56:58,375] INFO: Iter 1250 Summary: 
[2025-01-20 13:56:58,376] INFO: 	 lr: 0.009999999999999962 	 Training loss: 0.26997088819742204
[2025-01-20 13:56:58,767] INFO: 	 Body Test loss: 0.1824
[2025-01-20 13:56:58,768] INFO: 	 RH Test loss: 0.23413466319629467
[2025-01-20 13:56:58,768] INFO: 	 F1 score: 0
[2025-01-20 13:57:13,591] INFO: Iter 1500 Summary: 
[2025-01-20 13:57:13,591] INFO: 	 lr: 0.009999999999999962 	 Training loss: 0.26577391010522844
[2025-01-20 13:57:13,976] INFO: 	 Body Test loss: 0.1728
[2025-01-20 13:57:13,976] INFO: 	 RH Test loss: 0.22710800320135252
[2025-01-20 13:57:13,976] INFO: 	 F1 score: 0
[2025-01-20 13:57:28,864] INFO: Iter 1750 Summary: 
[2025-01-20 13:57:28,864] INFO: 	 lr: 0.009999999999999962 	 Training loss: 0.25803117579221724
[2025-01-20 13:57:29,257] INFO: 	 Body Test loss: 0.16920000000000002
[2025-01-20 13:57:29,257] INFO: 	 RH Test loss: 0.21441692754964084
[2025-01-20 13:57:29,257] INFO: 	 F1 score: 0
[2025-01-20 13:57:44,079] INFO: Iter 2000 Summary: 
[2025-01-20 13:57:44,080] INFO: 	 lr: 0.009999999999999962 	 Training loss: 0.25443752670288083
[2025-01-20 13:57:44,472] INFO: 	 Body Test loss: 0.19119999999999998
[2025-01-20 13:57:44,472] INFO: 	 RH Test loss: 0.24055240667737102
[2025-01-20 13:57:44,472] INFO: 	 F1 score: 0
[2025-01-20 13:57:59,410] INFO: Iter 2250 Summary: 
[2025-01-20 13:57:59,410] INFO: 	 lr: 0.009999999999999962 	 Training loss: 0.2535565438270569
[2025-01-20 13:57:59,794] INFO: 	 Body Test loss: 0.16440000000000002
[2025-01-20 13:57:59,794] INFO: 	 RH Test loss: 0.21197444648526478
[2025-01-20 13:57:59,794] INFO: 	 F1 score: 0
[2025-01-20 13:58:14,913] INFO: Iter 2500 Summary: 
[2025-01-20 13:58:14,913] INFO: 	 lr: 0.009999999999999962 	 Training loss: 0.2520779529213905
[2025-01-20 13:58:15,304] INFO: 	 Body Test loss: 0.1764
[2025-01-20 13:58:15,304] INFO: 	 RH Test loss: 0.23325808074672516
[2025-01-20 13:58:15,304] INFO: 	 F1 score: 0
[2025-01-20 13:58:30,226] INFO: Iter 2750 Summary: 
[2025-01-20 13:58:30,227] INFO: 	 lr: 0.009999999999999962 	 Training loss: 0.24898582339286804
[2025-01-20 13:58:30,610] INFO: 	 Body Test loss: 0.1656
[2025-01-20 13:58:30,610] INFO: 	 RH Test loss: 0.21035774047188555
[2025-01-20 13:58:30,611] INFO: 	 F1 score: 0
[2025-01-20 13:58:45,562] INFO: Iter 3000 Summary: 
[2025-01-20 13:58:45,562] INFO: 	 lr: 0.009999999999999962 	 Training loss: 0.24767884385585784
[2025-01-20 13:58:45,959] INFO: 	 Body Test loss: 0.1656
[2025-01-20 13:58:45,959] INFO: 	 RH Test loss: 0.2291888603515529
[2025-01-20 13:58:45,959] INFO: 	 F1 score: 0
[2025-01-20 13:59:00,746] INFO: Iter 3250 Summary: 
[2025-01-20 13:59:00,746] INFO: 	 lr: 0.009999999999999962 	 Training loss: 0.24551692628860475
[2025-01-20 13:59:01,131] INFO: 	 Body Test loss: 0.16399999999999998
[2025-01-20 13:59:01,131] INFO: 	 RH Test loss: 0.21528016026734703
[2025-01-20 13:59:01,131] INFO: 	 F1 score: 0
[2025-01-20 13:59:15,745] INFO: Iter 3500 Summary: 
[2025-01-20 13:59:15,745] INFO: 	 lr: 0.009999999999999962 	 Training loss: 0.2429624897837639
[2025-01-20 13:59:16,128] INFO: 	 Body Test loss: 0.1588
[2025-01-20 13:59:16,129] INFO: 	 RH Test loss: 0.21807938536708843
[2025-01-20 13:59:16,129] INFO: 	 F1 score: 0
[2025-01-20 13:59:31,199] INFO: Iter 3750 Summary: 
[2025-01-20 13:59:31,199] INFO: 	 lr: 0.009999999999999962 	 Training loss: 0.2411650002002716
[2025-01-20 13:59:31,595] INFO: 	 Body Test loss: 0.17920000000000003
[2025-01-20 13:59:31,595] INFO: 	 RH Test loss: 0.23952311347653943
[2025-01-20 13:59:31,595] INFO: 	 F1 score: 0
[2025-01-20 13:59:46,360] INFO: Iter 4000 Summary: 
[2025-01-20 13:59:46,360] INFO: 	 lr: 0.009999999999999962 	 Training loss: 0.24231228017807008
[2025-01-20 13:59:46,757] INFO: 	 Body Test loss: 0.1524
[2025-01-20 13:59:46,757] INFO: 	 RH Test loss: 0.20987692830244303
[2025-01-20 13:59:46,758] INFO: 	 F1 score: 0
[2025-01-20 14:00:01,708] INFO: Iter 4250 Summary: 
[2025-01-20 14:00:01,708] INFO: 	 lr: 0.009999999999999962 	 Training loss: 0.23908009213209153
[2025-01-20 14:00:02,092] INFO: 	 Body Test loss: 0.16440000000000002
[2025-01-20 14:00:02,092] INFO: 	 RH Test loss: 0.22553606040231525
[2025-01-20 14:00:02,092] INFO: 	 F1 score: 0
[2025-01-20 14:00:16,865] INFO: Iter 4500 Summary: 
[2025-01-20 14:00:16,865] INFO: 	 lr: 0.009999999999999962 	 Training loss: 0.238477933883667
[2025-01-20 14:00:17,250] INFO: 	 Body Test loss: 0.1476
[2025-01-20 14:00:17,251] INFO: 	 RH Test loss: 0.1971346207589887
[2025-01-20 14:00:17,251] INFO: 	 F1 score: 0
[2025-01-20 14:00:32,104] INFO: Iter 4750 Summary: 
[2025-01-20 14:00:32,104] INFO: 	 lr: 0.009999999999999962 	 Training loss: 0.23656968212127685
[2025-01-20 14:00:32,493] INFO: 	 Body Test loss: 0.1664
[2025-01-20 14:00:32,493] INFO: 	 RH Test loss: 0.22768935652163524
[2025-01-20 14:00:32,493] INFO: 	 F1 score: 0
[2025-01-20 14:00:47,504] INFO: Iter 5000 Summary: 
[2025-01-20 14:00:47,505] INFO: 	 lr: 0.009999999999999962 	 Training loss: 0.23603012746572494
[2025-01-20 14:00:47,891] INFO: 	 Body Test loss: 0.1504
[2025-01-20 14:00:47,891] INFO: 	 RH Test loss: 0.20367308874874934
[2025-01-20 14:00:47,891] INFO: 	 F1 score: 0
[2025-01-20 14:00:48,302] INFO: 	 Total number of parameters: 126558
[2025-01-20 14:00:49,041] INFO: Testing with subject ['S9'] 
[2025-01-20 14:00:49,041] INFO: Training with subjects ['S5', 'S3', 'S6', 'S8', 'S4', 'S7', 'S10'] 
[2025-01-20 14:01:04,003] INFO: Iter 250 Summary: 
[2025-01-20 14:01:04,003] INFO: 	 lr: 0.009999999999999962 	 Training loss: 0.9432005083560944
[2025-01-20 14:01:04,406] INFO: 	 Body Test loss: 0.2492
[2025-01-20 14:01:04,406] INFO: 	 RH Test loss: 0.2880570401468432
[2025-01-20 14:01:04,406] INFO: 	 F1 score: 0
[2025-01-20 14:01:19,549] INFO: Iter 500 Summary: 
[2025-01-20 14:01:19,550] INFO: 	 lr: 0.009999999999999962 	 Training loss: 0.31099887228012085
[2025-01-20 14:01:19,936] INFO: 	 Body Test loss: 0.22799999999999998
[2025-01-20 14:01:19,937] INFO: 	 RH Test loss: 0.2920328498272641
[2025-01-20 14:01:19,937] INFO: 	 F1 score: 0
[2025-01-20 14:01:34,636] INFO: Iter 750 Summary: 
[2025-01-20 14:01:34,636] INFO: 	 lr: 0.009999999999999962 	 Training loss: 0.2781394364833832
[2025-01-20 14:01:35,021] INFO: 	 Body Test loss: 0.18799999999999997
[2025-01-20 14:01:35,021] INFO: 	 RH Test loss: 0.22393150023178918
[2025-01-20 14:01:35,021] INFO: 	 F1 score: 0
[2025-01-20 14:01:49,918] INFO: Iter 1000 Summary: 
[2025-01-20 14:01:49,918] INFO: 	 lr: 0.009999999999999962 	 Training loss: 0.26567769050598145
[2025-01-20 14:01:50,308] INFO: 	 Body Test loss: 0.1816
[2025-01-20 14:01:50,308] INFO: 	 RH Test loss: 0.21588401976736218
[2025-01-20 14:01:50,308] INFO: 	 F1 score: 0
[2025-01-20 14:02:05,287] INFO: Iter 1250 Summary: 
[2025-01-20 14:02:05,287] INFO: 	 lr: 0.009999999999999962 	 Training loss: 0.26120301795005796
[2025-01-20 14:02:05,669] INFO: 	 Body Test loss: 0.1816
[2025-01-20 14:02:05,669] INFO: 	 RH Test loss: 0.21959876809292386
[2025-01-20 14:02:05,670] INFO: 	 F1 score: 0
[2025-01-20 14:02:20,341] INFO: Iter 1500 Summary: 
[2025-01-20 14:02:20,341] INFO: 	 lr: 0.009999999999999962 	 Training loss: 0.25420354878902435
[2025-01-20 14:02:20,730] INFO: 	 Body Test loss: 0.17880000000000001
[2025-01-20 14:02:20,730] INFO: 	 RH Test loss: 0.20431131795809548
[2025-01-20 14:02:20,730] INFO: 	 F1 score: 0
[2025-01-20 14:02:35,482] INFO: Iter 1750 Summary: 
[2025-01-20 14:02:35,482] INFO: 	 lr: 0.009999999999999962 	 Training loss: 0.2542180061340332
[2025-01-20 14:02:35,868] INFO: 	 Body Test loss: 0.1776
[2025-01-20 14:02:35,868] INFO: 	 RH Test loss: 0.2097967971098675
[2025-01-20 14:02:35,868] INFO: 	 F1 score: 0
[2025-01-20 14:02:50,494] INFO: Iter 2000 Summary: 
[2025-01-20 14:02:50,494] INFO: 	 lr: 0.009999999999999962 	 Training loss: 0.25006272608041763
[2025-01-20 14:02:50,878] INFO: 	 Body Test loss: 0.1732
[2025-01-20 14:02:50,878] INFO: 	 RH Test loss: 0.2090560607268831
[2025-01-20 14:02:50,878] INFO: 	 F1 score: 0
[2025-01-20 14:03:05,658] INFO: Iter 2250 Summary: 
[2025-01-20 14:03:05,658] INFO: 	 lr: 0.009999999999999962 	 Training loss: 0.24851209038496017
[2025-01-20 14:03:06,058] INFO: 	 Body Test loss: 0.17840000000000003
[2025-01-20 14:03:06,058] INFO: 	 RH Test loss: 0.20364873944896542
[2025-01-20 14:03:06,059] INFO: 	 F1 score: 0
[2025-01-20 14:03:21,148] INFO: Iter 2500 Summary: 
[2025-01-20 14:03:21,148] INFO: 	 lr: 0.009999999999999962 	 Training loss: 0.24746093529462815
[2025-01-20 14:03:21,541] INFO: 	 Body Test loss: 0.17400000000000002
[2025-01-20 14:03:21,542] INFO: 	 RH Test loss: 0.20216832501802173
[2025-01-20 14:03:21,542] INFO: 	 F1 score: 0
[2025-01-20 14:03:36,453] INFO: Iter 2750 Summary: 
[2025-01-20 14:03:36,453] INFO: 	 lr: 0.009999999999999962 	 Training loss: 0.24531469911336898
[2025-01-20 14:03:36,841] INFO: 	 Body Test loss: 0.1776
[2025-01-20 14:03:36,842] INFO: 	 RH Test loss: 0.20595269266724736
[2025-01-20 14:03:36,842] INFO: 	 F1 score: 0
[2025-01-20 14:03:51,897] INFO: Iter 3000 Summary: 
[2025-01-20 14:03:51,897] INFO: 	 lr: 0.009999999999999962 	 Training loss: 0.2436700429916382
[2025-01-20 14:03:52,293] INFO: 	 Body Test loss: 0.17679999999999998
[2025-01-20 14:03:52,293] INFO: 	 RH Test loss: 0.20019902476338047
[2025-01-20 14:03:52,293] INFO: 	 F1 score: 0
[2025-01-20 14:04:07,277] INFO: Iter 3250 Summary: 
[2025-01-20 14:04:07,277] INFO: 	 lr: 0.009999999999999962 	 Training loss: 0.2444022628068924
[2025-01-20 14:04:07,663] INFO: 	 Body Test loss: 0.1812
[2025-01-20 14:04:07,663] INFO: 	 RH Test loss: 0.20494889106726735
[2025-01-20 14:04:07,663] INFO: 	 F1 score: 0
[2025-01-20 14:04:22,445] INFO: Iter 3500 Summary: 
[2025-01-20 14:04:22,445] INFO: 	 lr: 0.009999999999999962 	 Training loss: 0.2403614503145218
[2025-01-20 14:04:22,837] INFO: 	 Body Test loss: 0.17680000000000004
[2025-01-20 14:04:22,837] INFO: 	 RH Test loss: 0.20864741757679106
[2025-01-20 14:04:22,837] INFO: 	 F1 score: 0
[2025-01-20 14:04:37,985] INFO: Iter 3750 Summary: 
[2025-01-20 14:04:37,985] INFO: 	 lr: 0.009999999999999962 	 Training loss: 0.2394989595413208
[2025-01-20 14:04:38,380] INFO: 	 Body Test loss: 0.1864
[2025-01-20 14:04:38,380] INFO: 	 RH Test loss: 0.22283298102885965
[2025-01-20 14:04:38,380] INFO: 	 F1 score: 0
[2025-01-20 14:04:53,324] INFO: Iter 4000 Summary: 
[2025-01-20 14:04:53,324] INFO: 	 lr: 0.009999999999999962 	 Training loss: 0.23852646327018737
[2025-01-20 14:04:53,715] INFO: 	 Body Test loss: 0.16639999999999996
[2025-01-20 14:04:53,715] INFO: 	 RH Test loss: 0.20075804833308847
[2025-01-20 14:04:53,715] INFO: 	 F1 score: 0
[2025-01-20 14:05:08,682] INFO: Iter 4250 Summary: 
[2025-01-20 14:05:08,682] INFO: 	 lr: 0.009999999999999962 	 Training loss: 0.2368110600709915
[2025-01-20 14:05:09,081] INFO: 	 Body Test loss: 0.16879999999999998
[2025-01-20 14:05:09,081] INFO: 	 RH Test loss: 0.19703946715125706
[2025-01-20 14:05:09,081] INFO: 	 F1 score: 0
[2025-01-20 14:05:24,104] INFO: Iter 4500 Summary: 
[2025-01-20 14:05:24,104] INFO: 	 lr: 0.009999999999999962 	 Training loss: 0.2373701308965683
[2025-01-20 14:05:24,530] INFO: 	 Body Test loss: 0.1796
[2025-01-20 14:05:24,530] INFO: 	 RH Test loss: 0.21412960936093836
[2025-01-20 14:05:24,530] INFO: 	 F1 score: 0
[2025-01-20 14:05:39,403] INFO: Iter 4750 Summary: 
[2025-01-20 14:05:39,404] INFO: 	 lr: 0.009999999999999962 	 Training loss: 0.23463021272420884
[2025-01-20 14:05:39,806] INFO: 	 Body Test loss: 0.16599999999999998
[2025-01-20 14:05:39,806] INFO: 	 RH Test loss: 0.1917779913756203
[2025-01-20 14:05:39,806] INFO: 	 F1 score: 0
[2025-01-20 14:05:54,774] INFO: Iter 5000 Summary: 
[2025-01-20 14:05:54,775] INFO: 	 lr: 0.009999999999999962 	 Training loss: 0.2329186378121376
[2025-01-20 14:05:55,165] INFO: 	 Body Test loss: 0.1604
[2025-01-20 14:05:55,166] INFO: 	 RH Test loss: 0.18494596196289823
[2025-01-20 14:05:55,166] INFO: 	 F1 score: 0
[2025-01-20 14:05:55,574] INFO: 	 Total number of parameters: 126558
[2025-01-20 14:05:56,312] INFO: Testing with subject ['S4'] 
[2025-01-20 14:05:56,312] INFO: Training with subjects ['S5', 'S3', 'S6', 'S8', 'S9', 'S7', 'S10'] 
[2025-01-20 14:06:11,284] INFO: Iter 250 Summary: 
[2025-01-20 14:06:11,284] INFO: 	 lr: 0.009999999999999962 	 Training loss: 0.8247218308448792
[2025-01-20 14:06:11,580] INFO: 	 Body Test loss: 0.2416
[2025-01-20 14:06:11,580] INFO: 	 RH Test loss: 0.2240237437755704
[2025-01-20 14:06:11,580] INFO: 	 F1 score: 0
[2025-01-20 14:06:26,673] INFO: Iter 500 Summary: 
[2025-01-20 14:06:26,674] INFO: 	 lr: 0.009999999999999962 	 Training loss: 0.30837724316120146
[2025-01-20 14:06:26,966] INFO: 	 Body Test loss: 0.21960000000000002
[2025-01-20 14:06:26,966] INFO: 	 RH Test loss: 0.20958346421871782
[2025-01-20 14:06:26,966] INFO: 	 F1 score: 0
[2025-01-20 14:06:41,885] INFO: Iter 750 Summary: 
[2025-01-20 14:06:41,886] INFO: 	 lr: 0.009999999999999962 	 Training loss: 0.27698881751298904
[2025-01-20 14:06:42,183] INFO: 	 Body Test loss: 0.1636
[2025-01-20 14:06:42,184] INFO: 	 RH Test loss: 0.17299391568983602
[2025-01-20 14:06:42,184] INFO: 	 F1 score: 0
[2025-01-20 14:06:57,174] INFO: Iter 1000 Summary: 
[2025-01-20 14:06:57,174] INFO: 	 lr: 0.009999999999999962 	 Training loss: 0.26710563331842424
[2025-01-20 14:06:57,460] INFO: 	 Body Test loss: 0.1716
[2025-01-20 14:06:57,460] INFO: 	 RH Test loss: 0.18932163815129135
[2025-01-20 14:06:57,460] INFO: 	 F1 score: 0
[2025-01-20 14:07:12,297] INFO: Iter 1250 Summary: 
[2025-01-20 14:07:12,297] INFO: 	 lr: 0.009999999999999962 	 Training loss: 0.26071927094459535
[2025-01-20 14:07:12,590] INFO: 	 Body Test loss: 0.172
[2025-01-20 14:07:12,591] INFO: 	 RH Test loss: 0.17628170313513064
[2025-01-20 14:07:12,591] INFO: 	 F1 score: 0
[2025-01-20 14:07:27,422] INFO: Iter 1500 Summary: 
[2025-01-20 14:07:27,422] INFO: 	 lr: 0.009999999999999962 	 Training loss: 0.2571213408112526
[2025-01-20 14:07:27,711] INFO: 	 Body Test loss: 0.17680000000000004
[2025-01-20 14:07:27,711] INFO: 	 RH Test loss: 0.1942257635440229
[2025-01-20 14:07:27,711] INFO: 	 F1 score: 0
[2025-01-20 14:07:42,599] INFO: Iter 1750 Summary: 
[2025-01-20 14:07:42,599] INFO: 	 lr: 0.009999999999999962 	 Training loss: 0.25340066343545914
[2025-01-20 14:07:42,891] INFO: 	 Body Test loss: 0.17400000000000002
[2025-01-20 14:07:42,891] INFO: 	 RH Test loss: 0.1781975046060427
[2025-01-20 14:07:42,891] INFO: 	 F1 score: 0
[2025-01-20 14:07:57,769] INFO: Iter 2000 Summary: 
[2025-01-20 14:07:57,769] INFO: 	 lr: 0.009999999999999962 	 Training loss: 0.25128276139497757
[2025-01-20 14:07:58,064] INFO: 	 Body Test loss: 0.172
[2025-01-20 14:07:58,064] INFO: 	 RH Test loss: 0.20032079779925027
[2025-01-20 14:07:58,064] INFO: 	 F1 score: 0
[2025-01-20 14:08:13,115] INFO: Iter 2250 Summary: 
[2025-01-20 14:08:13,115] INFO: 	 lr: 0.009999999999999962 	 Training loss: 0.24899443596601487
[2025-01-20 14:08:13,416] INFO: 	 Body Test loss: 0.156
[2025-01-20 14:08:13,416] INFO: 	 RH Test loss: 0.17461576733597028
[2025-01-20 14:08:13,416] INFO: 	 F1 score: 0
[2025-01-20 14:08:28,255] INFO: Iter 2500 Summary: 
[2025-01-20 14:08:28,256] INFO: 	 lr: 0.009999999999999962 	 Training loss: 0.24639396971464156
[2025-01-20 14:08:28,548] INFO: 	 Body Test loss: 0.168
[2025-01-20 14:08:28,549] INFO: 	 RH Test loss: 0.1820718627628031
[2025-01-20 14:08:28,549] INFO: 	 F1 score: 0
[2025-01-20 14:08:43,466] INFO: Iter 2750 Summary: 
[2025-01-20 14:08:43,466] INFO: 	 lr: 0.009999999999999962 	 Training loss: 0.2457918288707733
[2025-01-20 14:08:43,768] INFO: 	 Body Test loss: 0.1524
[2025-01-20 14:08:43,768] INFO: 	 RH Test loss: 0.1703074630913271
[2025-01-20 14:08:43,768] INFO: 	 F1 score: 0
[2025-01-20 14:08:58,878] INFO: Iter 3000 Summary: 
[2025-01-20 14:08:58,878] INFO: 	 lr: 0.009999999999999962 	 Training loss: 0.24352114206552505
[2025-01-20 14:08:59,177] INFO: 	 Body Test loss: 0.1532
[2025-01-20 14:08:59,178] INFO: 	 RH Test loss: 0.174483426720935
[2025-01-20 14:08:59,178] INFO: 	 F1 score: 0
[2025-01-20 14:09:14,154] INFO: Iter 3250 Summary: 
[2025-01-20 14:09:14,154] INFO: 	 lr: 0.009999999999999962 	 Training loss: 0.24221048069000245
[2025-01-20 14:09:14,446] INFO: 	 Body Test loss: 0.154
[2025-01-20 14:09:14,446] INFO: 	 RH Test loss: 0.17484333230007618
[2025-01-20 14:09:14,446] INFO: 	 F1 score: 0
[2025-01-20 14:09:29,317] INFO: Iter 3500 Summary: 
[2025-01-20 14:09:29,318] INFO: 	 lr: 0.009999999999999962 	 Training loss: 0.2416970465183258
[2025-01-20 14:09:29,609] INFO: 	 Body Test loss: 0.1532
[2025-01-20 14:09:29,610] INFO: 	 RH Test loss: 0.17942669470974015
[2025-01-20 14:09:29,610] INFO: 	 F1 score: 0
[2025-01-20 14:09:44,469] INFO: Iter 3750 Summary: 
[2025-01-20 14:09:44,469] INFO: 	 lr: 0.009999999999999962 	 Training loss: 0.24081633913516998
[2025-01-20 14:09:44,763] INFO: 	 Body Test loss: 0.15080000000000002
[2025-01-20 14:09:44,763] INFO: 	 RH Test loss: 0.1900284522369234
[2025-01-20 14:09:44,763] INFO: 	 F1 score: 0
[2025-01-20 14:09:59,569] INFO: Iter 4000 Summary: 
[2025-01-20 14:09:59,569] INFO: 	 lr: 0.009999999999999962 	 Training loss: 0.2376703137755394
[2025-01-20 14:09:59,863] INFO: 	 Body Test loss: 0.156
[2025-01-20 14:09:59,863] INFO: 	 RH Test loss: 0.18419513548422095
[2025-01-20 14:09:59,863] INFO: 	 F1 score: 0
[2025-01-20 14:10:14,787] INFO: Iter 4250 Summary: 
[2025-01-20 14:10:14,788] INFO: 	 lr: 0.009999999999999962 	 Training loss: 0.23458553236722945
[2025-01-20 14:10:15,077] INFO: 	 Body Test loss: 0.1592
[2025-01-20 14:10:15,077] INFO: 	 RH Test loss: 0.1944932822929772
[2025-01-20 14:10:15,077] INFO: 	 F1 score: 0
[2025-01-20 14:10:30,135] INFO: Iter 4500 Summary: 
[2025-01-20 14:10:30,135] INFO: 	 lr: 0.009999999999999962 	 Training loss: 0.2355536917448044
[2025-01-20 14:10:30,423] INFO: 	 Body Test loss: 0.1476
[2025-01-20 14:10:30,423] INFO: 	 RH Test loss: 0.17854982845865716
[2025-01-20 14:10:30,423] INFO: 	 F1 score: 0
[2025-01-20 14:10:45,093] INFO: Iter 4750 Summary: 
[2025-01-20 14:10:45,093] INFO: 	 lr: 0.009999999999999962 	 Training loss: 0.23413991522789002
[2025-01-20 14:10:45,383] INFO: 	 Body Test loss: 0.156
[2025-01-20 14:10:45,383] INFO: 	 RH Test loss: 0.1797259221084821
[2025-01-20 14:10:45,383] INFO: 	 F1 score: 0
[2025-01-20 14:11:00,128] INFO: Iter 5000 Summary: 
[2025-01-20 14:11:00,128] INFO: 	 lr: 0.009999999999999962 	 Training loss: 0.23190316092967986
[2025-01-20 14:11:00,414] INFO: 	 Body Test loss: 0.15639999999999998
[2025-01-20 14:11:00,415] INFO: 	 RH Test loss: 0.17990753902831227
[2025-01-20 14:11:00,415] INFO: 	 F1 score: 0
[2025-01-20 14:11:00,725] INFO: 	 Total number of parameters: 126558
[2025-01-20 14:11:01,437] INFO: Testing with subject ['S7'] 
[2025-01-20 14:11:01,437] INFO: Training with subjects ['S5', 'S3', 'S6', 'S8', 'S9', 'S4', 'S10'] 
[2025-01-20 14:11:16,312] INFO: Iter 250 Summary: 
[2025-01-20 14:11:16,312] INFO: 	 lr: 0.009999999999999962 	 Training loss: 2.230269883155823
[2025-01-20 14:11:16,652] INFO: 	 Body Test loss: 0.6528
[2025-01-20 14:11:16,653] INFO: 	 RH Test loss: 0.7166465505712172
[2025-01-20 14:11:16,653] INFO: 	 F1 score: 0
[2025-01-20 14:11:31,704] INFO: Iter 500 Summary: 
[2025-01-20 14:11:31,705] INFO: 	 lr: 0.009999999999999962 	 Training loss: 0.501946685910225
[2025-01-20 14:11:32,051] INFO: 	 Body Test loss: 0.2532
[2025-01-20 14:11:32,051] INFO: 	 RH Test loss: 0.2733063094615936
[2025-01-20 14:11:32,051] INFO: 	 F1 score: 0
[2025-01-20 14:11:46,858] INFO: Iter 750 Summary: 
[2025-01-20 14:11:46,858] INFO: 	 lr: 0.009999999999999962 	 Training loss: 0.32646536111831664
[2025-01-20 14:11:47,191] INFO: 	 Body Test loss: 0.2028
[2025-01-20 14:11:47,192] INFO: 	 RH Test loss: 0.23591616747659797
[2025-01-20 14:11:47,192] INFO: 	 F1 score: 0
[2025-01-20 14:12:02,226] INFO: Iter 1000 Summary: 
[2025-01-20 14:12:02,227] INFO: 	 lr: 0.009999999999999962 	 Training loss: 0.2940635917186737
[2025-01-20 14:12:02,575] INFO: 	 Body Test loss: 0.18960000000000002
[2025-01-20 14:12:02,575] INFO: 	 RH Test loss: 0.23322596495992998
[2025-01-20 14:12:02,575] INFO: 	 F1 score: 0
[2025-01-20 14:12:17,898] INFO: Iter 1250 Summary: 
[2025-01-20 14:12:17,898] INFO: 	 lr: 0.009999999999999962 	 Training loss: 0.2782788438796997
[2025-01-20 14:12:18,234] INFO: 	 Body Test loss: 0.18960000000000002
[2025-01-20 14:12:18,234] INFO: 	 RH Test loss: 0.2347700947032255
[2025-01-20 14:12:18,234] INFO: 	 F1 score: 0
[2025-01-20 14:12:33,394] INFO: Iter 1500 Summary: 
[2025-01-20 14:12:33,395] INFO: 	 lr: 0.009999999999999962 	 Training loss: 0.27314326453208926
[2025-01-20 14:12:33,735] INFO: 	 Body Test loss: 0.1868
[2025-01-20 14:12:33,736] INFO: 	 RH Test loss: 0.23122038057271171
[2025-01-20 14:12:33,736] INFO: 	 F1 score: 0
[2025-01-20 14:12:49,757] INFO: Iter 1750 Summary: 
[2025-01-20 14:12:49,757] INFO: 	 lr: 0.009999999999999962 	 Training loss: 0.2677761324644089
[2025-01-20 14:12:50,112] INFO: 	 Body Test loss: 0.1888
[2025-01-20 14:12:50,112] INFO: 	 RH Test loss: 0.24733605808370254
[2025-01-20 14:12:50,112] INFO: 	 F1 score: 0
[2025-01-20 14:13:05,069] INFO: Iter 2000 Summary: 
[2025-01-20 14:13:05,069] INFO: 	 lr: 0.009999999999999962 	 Training loss: 0.26591771590709684
[2025-01-20 14:13:05,409] INFO: 	 Body Test loss: 0.18400000000000002
[2025-01-20 14:13:05,409] INFO: 	 RH Test loss: 0.22868350495310388
[2025-01-20 14:13:05,409] INFO: 	 F1 score: 0
[2025-01-20 14:13:20,187] INFO: Iter 2250 Summary: 
[2025-01-20 14:13:20,187] INFO: 	 lr: 0.009999999999999962 	 Training loss: 0.26211683863401414
[2025-01-20 14:13:20,518] INFO: 	 Body Test loss: 0.176
[2025-01-20 14:13:20,518] INFO: 	 RH Test loss: 0.23215766974056465
[2025-01-20 14:13:20,518] INFO: 	 F1 score: 0
[2025-01-20 14:13:35,393] INFO: Iter 2500 Summary: 
[2025-01-20 14:13:35,393] INFO: 	 lr: 0.009999999999999962 	 Training loss: 0.2590888463258743
[2025-01-20 14:13:35,729] INFO: 	 Body Test loss: 0.1788
[2025-01-20 14:13:35,730] INFO: 	 RH Test loss: 0.2375878662081326
[2025-01-20 14:13:35,730] INFO: 	 F1 score: 0
[2025-01-20 14:13:50,378] INFO: Iter 2750 Summary: 
[2025-01-20 14:13:50,378] INFO: 	 lr: 0.009999999999999962 	 Training loss: 0.2575795238018036
[2025-01-20 14:13:50,711] INFO: 	 Body Test loss: 0.192
[2025-01-20 14:13:50,711] INFO: 	 RH Test loss: 0.25262615092361673
[2025-01-20 14:13:50,711] INFO: 	 F1 score: 0
[2025-01-20 14:14:05,623] INFO: Iter 3000 Summary: 
[2025-01-20 14:14:05,623] INFO: 	 lr: 0.009999999999999962 	 Training loss: 0.25641704189777376
[2025-01-20 14:14:05,961] INFO: 	 Body Test loss: 0.1824
[2025-01-20 14:14:05,961] INFO: 	 RH Test loss: 0.23252950864679675
[2025-01-20 14:14:05,961] INFO: 	 F1 score: 0
[2025-01-20 14:14:20,739] INFO: Iter 3250 Summary: 
[2025-01-20 14:14:20,739] INFO: 	 lr: 0.009999999999999962 	 Training loss: 0.25388973659276964
[2025-01-20 14:14:21,073] INFO: 	 Body Test loss: 0.1772
[2025-01-20 14:14:21,073] INFO: 	 RH Test loss: 0.22843373736213235
[2025-01-20 14:14:21,073] INFO: 	 F1 score: 0
[2025-01-20 14:14:35,976] INFO: Iter 3500 Summary: 
[2025-01-20 14:14:35,977] INFO: 	 lr: 0.009999999999999962 	 Training loss: 0.2527949124574661
[2025-01-20 14:14:36,324] INFO: 	 Body Test loss: 0.1844
[2025-01-20 14:14:36,324] INFO: 	 RH Test loss: 0.24381781357877394
[2025-01-20 14:14:36,324] INFO: 	 F1 score: 0
[2025-01-20 14:14:51,193] INFO: Iter 3750 Summary: 
[2025-01-20 14:14:51,194] INFO: 	 lr: 0.009999999999999962 	 Training loss: 0.2482295318245888
[2025-01-20 14:14:51,532] INFO: 	 Body Test loss: 0.18000000000000005
[2025-01-20 14:14:51,532] INFO: 	 RH Test loss: 0.22755541196991416
[2025-01-20 14:14:51,532] INFO: 	 F1 score: 0
[2025-01-20 14:15:06,191] INFO: Iter 4000 Summary: 
[2025-01-20 14:15:06,191] INFO: 	 lr: 0.009999999999999962 	 Training loss: 0.2468029888868332
[2025-01-20 14:15:06,527] INFO: 	 Body Test loss: 0.17279999999999998
[2025-01-20 14:15:06,527] INFO: 	 RH Test loss: 0.21945550550432766
[2025-01-20 14:15:06,527] INFO: 	 F1 score: 0
[2025-01-20 14:15:21,232] INFO: Iter 4250 Summary: 
[2025-01-20 14:15:21,233] INFO: 	 lr: 0.009999999999999962 	 Training loss: 0.24593584406375885
[2025-01-20 14:15:21,562] INFO: 	 Body Test loss: 0.17
[2025-01-20 14:15:21,562] INFO: 	 RH Test loss: 0.2143919790352092
[2025-01-20 14:15:21,563] INFO: 	 F1 score: 0
[2025-01-20 14:15:36,317] INFO: Iter 4500 Summary: 
[2025-01-20 14:15:36,317] INFO: 	 lr: 0.009999999999999962 	 Training loss: 0.24351543802022935
[2025-01-20 14:15:36,652] INFO: 	 Body Test loss: 0.172
[2025-01-20 14:15:36,652] INFO: 	 RH Test loss: 0.22068277668952946
[2025-01-20 14:15:36,652] INFO: 	 F1 score: 0
[2025-01-20 14:15:51,765] INFO: Iter 4750 Summary: 
[2025-01-20 14:15:51,765] INFO: 	 lr: 0.009999999999999962 	 Training loss: 0.24098021668195724
[2025-01-20 14:15:52,111] INFO: 	 Body Test loss: 0.17800000000000002
[2025-01-20 14:15:52,111] INFO: 	 RH Test loss: 0.24442918959785906
[2025-01-20 14:15:52,111] INFO: 	 F1 score: 0
[2025-01-20 14:16:08,851] INFO: Iter 5000 Summary: 
[2025-01-20 14:16:08,851] INFO: 	 lr: 0.009999999999999962 	 Training loss: 0.2399731345176697
[2025-01-20 14:16:09,206] INFO: 	 Body Test loss: 0.17800000000000002
[2025-01-20 14:16:09,206] INFO: 	 RH Test loss: 0.23271697470721076
[2025-01-20 14:16:09,206] INFO: 	 F1 score: 0
[2025-01-20 14:16:09,586] INFO: 	 Total number of parameters: 126558
[2025-01-20 14:16:10,439] INFO: Testing with subject ['S10'] 
[2025-01-20 14:16:10,440] INFO: Training with subjects ['S5', 'S3', 'S6', 'S8', 'S9', 'S4', 'S7'] 
[2025-01-20 14:16:25,562] INFO: Iter 250 Summary: 
[2025-01-20 14:16:25,563] INFO: 	 lr: 0.009999999999999962 	 Training loss: 0.5165674438476563
[2025-01-20 14:16:25,912] INFO: 	 Body Test loss: 0.14639999999999997
[2025-01-20 14:16:25,912] INFO: 	 RH Test loss: 0.19942919891399455
[2025-01-20 14:16:25,912] INFO: 	 F1 score: 0
[2025-01-20 14:16:41,426] INFO: Iter 500 Summary: 
[2025-01-20 14:16:41,426] INFO: 	 lr: 0.009999999999999962 	 Training loss: 0.2761975345015526
[2025-01-20 14:16:41,774] INFO: 	 Body Test loss: 0.1436
[2025-01-20 14:16:41,774] INFO: 	 RH Test loss: 0.1744751372219117
[2025-01-20 14:16:41,774] INFO: 	 F1 score: 0
[2025-01-20 14:16:56,836] INFO: Iter 750 Summary: 
[2025-01-20 14:16:56,836] INFO: 	 lr: 0.009999999999999962 	 Training loss: 0.2659365568757057
[2025-01-20 14:16:57,181] INFO: 	 Body Test loss: 0.1264
[2025-01-20 14:16:57,181] INFO: 	 RH Test loss: 0.1765670054149365
[2025-01-20 14:16:57,181] INFO: 	 F1 score: 0
[2025-01-20 14:17:12,265] INFO: Iter 1000 Summary: 
[2025-01-20 14:17:12,265] INFO: 	 lr: 0.009999999999999962 	 Training loss: 0.25907686895132065
[2025-01-20 14:17:12,603] INFO: 	 Body Test loss: 0.1432
[2025-01-20 14:17:12,603] INFO: 	 RH Test loss: 0.1859954635236546
[2025-01-20 14:17:12,603] INFO: 	 F1 score: 0
[2025-01-20 14:17:27,499] INFO: Iter 1250 Summary: 
[2025-01-20 14:17:27,500] INFO: 	 lr: 0.009999999999999962 	 Training loss: 0.25801752239465714
[2025-01-20 14:17:27,848] INFO: 	 Body Test loss: 0.1368
[2025-01-20 14:17:27,848] INFO: 	 RH Test loss: 0.17714046344284182
[2025-01-20 14:17:27,848] INFO: 	 F1 score: 0
[2025-01-20 14:17:42,922] INFO: Iter 1500 Summary: 
[2025-01-20 14:17:42,922] INFO: 	 lr: 0.009999999999999962 	 Training loss: 0.2521321812868118
[2025-01-20 14:17:43,269] INFO: 	 Body Test loss: 0.124
[2025-01-20 14:17:43,270] INFO: 	 RH Test loss: 0.17721255767443947
[2025-01-20 14:17:43,270] INFO: 	 F1 score: 0
[2025-01-20 14:17:58,291] INFO: Iter 1750 Summary: 
[2025-01-20 14:17:58,291] INFO: 	 lr: 0.009999999999999962 	 Training loss: 0.24895818781852722
[2025-01-20 14:17:58,636] INFO: 	 Body Test loss: 0.128
[2025-01-20 14:17:58,637] INFO: 	 RH Test loss: 0.17345618669651755
[2025-01-20 14:17:58,637] INFO: 	 F1 score: 0
[2025-01-20 14:18:13,515] INFO: Iter 2000 Summary: 
[2025-01-20 14:18:13,516] INFO: 	 lr: 0.009999999999999962 	 Training loss: 0.24467240291833878
[2025-01-20 14:18:13,862] INFO: 	 Body Test loss: 0.1328
[2025-01-20 14:18:13,862] INFO: 	 RH Test loss: 0.16974319821875286
[2025-01-20 14:18:13,862] INFO: 	 F1 score: 0
[2025-01-20 14:18:28,842] INFO: Iter 2250 Summary: 
[2025-01-20 14:18:28,843] INFO: 	 lr: 0.009999999999999962 	 Training loss: 0.24223955392837523
[2025-01-20 14:18:29,198] INFO: 	 Body Test loss: 0.1252
[2025-01-20 14:18:29,198] INFO: 	 RH Test loss: 0.1759548005978923
[2025-01-20 14:18:29,198] INFO: 	 F1 score: 0
[2025-01-20 14:18:44,185] INFO: Iter 2500 Summary: 
[2025-01-20 14:18:44,185] INFO: 	 lr: 0.009999999999999962 	 Training loss: 0.2391511408686638
[2025-01-20 14:18:44,535] INFO: 	 Body Test loss: 0.1228
[2025-01-20 14:18:44,535] INFO: 	 RH Test loss: 0.17305398975193664
[2025-01-20 14:18:44,535] INFO: 	 F1 score: 0
[2025-01-20 14:18:59,553] INFO: Iter 2750 Summary: 
[2025-01-20 14:18:59,554] INFO: 	 lr: 0.009999999999999962 	 Training loss: 0.23619597655534744
[2025-01-20 14:18:59,908] INFO: 	 Body Test loss: 0.12119999999999999
[2025-01-20 14:18:59,908] INFO: 	 RH Test loss: 0.17193010533808348
[2025-01-20 14:18:59,908] INFO: 	 F1 score: 0
[2025-01-20 14:19:14,898] INFO: Iter 3000 Summary: 
[2025-01-20 14:19:14,898] INFO: 	 lr: 0.009999999999999962 	 Training loss: 0.2364111402630806
[2025-01-20 14:19:15,237] INFO: 	 Body Test loss: 0.14880000000000002
[2025-01-20 14:19:15,237] INFO: 	 RH Test loss: 0.18052026562125886
[2025-01-20 14:19:15,238] INFO: 	 F1 score: 0
[2025-01-20 14:19:30,237] INFO: Iter 3250 Summary: 
[2025-01-20 14:19:30,237] INFO: 	 lr: 0.009999999999999962 	 Training loss: 0.2322594929933548
[2025-01-20 14:19:30,586] INFO: 	 Body Test loss: 0.13440000000000002
[2025-01-20 14:19:30,586] INFO: 	 RH Test loss: 0.1689589620227656
[2025-01-20 14:19:30,586] INFO: 	 F1 score: 0
[2025-01-20 14:19:45,426] INFO: Iter 3500 Summary: 
[2025-01-20 14:19:45,427] INFO: 	 lr: 0.009999999999999962 	 Training loss: 0.23148851346969604
[2025-01-20 14:19:45,767] INFO: 	 Body Test loss: 0.1208
[2025-01-20 14:19:45,767] INFO: 	 RH Test loss: 0.16931446426170918
[2025-01-20 14:19:45,768] INFO: 	 F1 score: 0
[2025-01-20 14:20:00,765] INFO: Iter 3750 Summary: 
[2025-01-20 14:20:00,766] INFO: 	 lr: 0.009999999999999962 	 Training loss: 0.22921704417467118
[2025-01-20 14:20:01,105] INFO: 	 Body Test loss: 0.12359999999999999
[2025-01-20 14:20:01,105] INFO: 	 RH Test loss: 0.17040588089914033
[2025-01-20 14:20:01,105] INFO: 	 F1 score: 0
[2025-01-20 14:20:16,001] INFO: Iter 4000 Summary: 
[2025-01-20 14:20:16,001] INFO: 	 lr: 0.009999999999999962 	 Training loss: 0.22696728765964508
[2025-01-20 14:20:16,347] INFO: 	 Body Test loss: 0.14400000000000002
[2025-01-20 14:20:16,347] INFO: 	 RH Test loss: 0.1760821088549191
[2025-01-20 14:20:16,347] INFO: 	 F1 score: 0
[2025-01-20 14:20:31,228] INFO: Iter 4250 Summary: 
[2025-01-20 14:20:31,228] INFO: 	 lr: 0.009999999999999962 	 Training loss: 0.2238361119031906
[2025-01-20 14:20:31,572] INFO: 	 Body Test loss: 0.12560000000000002
[2025-01-20 14:20:31,572] INFO: 	 RH Test loss: 0.16924389416192845
[2025-01-20 14:20:31,572] INFO: 	 F1 score: 0
[2025-01-20 14:20:46,607] INFO: Iter 4500 Summary: 
[2025-01-20 14:20:46,607] INFO: 	 lr: 0.009999999999999962 	 Training loss: 0.22306190913915633
[2025-01-20 14:20:46,944] INFO: 	 Body Test loss: 0.1204
[2025-01-20 14:20:46,944] INFO: 	 RH Test loss: 0.16511607721817398
[2025-01-20 14:20:46,944] INFO: 	 F1 score: 0
[2025-01-20 14:21:01,816] INFO: Iter 4750 Summary: 
[2025-01-20 14:21:01,816] INFO: 	 lr: 0.009999999999999962 	 Training loss: 0.22155428177118303
[2025-01-20 14:21:02,154] INFO: 	 Body Test loss: 0.1216
[2025-01-20 14:21:02,155] INFO: 	 RH Test loss: 0.1622383445813308
[2025-01-20 14:21:02,155] INFO: 	 F1 score: 0
[2025-01-20 14:21:17,198] INFO: Iter 5000 Summary: 
[2025-01-20 14:21:17,198] INFO: 	 lr: 0.009999999999999962 	 Training loss: 0.22027524608373641
[2025-01-20 14:21:17,557] INFO: 	 Body Test loss: 0.1312
[2025-01-20 14:21:17,557] INFO: 	 RH Test loss: 0.16292800886243503
[2025-01-20 14:21:17,557] INFO: 	 F1 score: 0
[2025-01-20 14:21:17,913] INFO: 	 Total number of parameters: 126558
[2025-01-20 14:21:17,925] INFO: Mean L2_body is 0.1676
[2025-01-20 14:21:17,925] INFO: Mean L2_right_hand is 0.20030846287333062
[2025-01-20 14:21:17,925] INFO: Under 0.10 is 14.297618623822927
[2025-01-20 14:21:17,925] INFO: Under 0.15 is 38.49047664552927
[2025-01-20 14:21:17,925] INFO: Under 0.20 is 71.65714502334595
[2025-01-20 14:21:17,925] INFO: Under 0.30 is 97.67857044935226
[2025-01-20 14:21:17,925] INFO: Under 0.35 is 99.6666669845581
[2025-01-20 14:21:17,925] INFO: Under 0.40 is 100.0
[2025-01-20 14:21:17,925] INFO: Intention Accuracy is 0.0
[2025-01-20 14:21:17,925] INFO: F1 Score is 0.0
[2025-01-20 14:21:17,925] INFO: F1 Score Binary is 0.0
[2025-01-20 14:21:17,926] INFO: Metrics are {'L2_body': [0.1708, 0.2032, 0.19039999999999999, 0.1504, 0.1604, 0.15639999999999998, 0.17800000000000002, 0.1312], 'L2_right_hand': [0.2148134791786838, 0.22435368031173314, 0.1991289701866223, 0.20367308874874934, 0.18494596196289823, 0.17990753902831227, 0.23271697470721076, 0.16292800886243503], 'under_0.10m': [12.799999117851257, 11.999999731779099, 11.33333370089531, 17.142856121063232, 12.57142722606659, 15.199999511241913, 10.666666179895401, 22.66666740179062], 'under_0.15m': [28.00000309944153, 26.666665077209473, 22.66666442155838, 43.42857301235199, 39.42857086658478, 54.40000295639038, 25.999999046325684, 67.33333468437195], 'under_0.20m': [70.40000557899475, 52.000004053115845, 52.666670083999634, 77.7142882347107, 73.14286231994629, 75.99999904632568, 71.33333086967468, 100.0], 'under_0.30m': [100.0, 88.66665959358215, 97.33333587646484, 95.42856812477112, 100.0, 100.0, 100.0, 100.0], 'under_0.35m': [100.0, 97.33333587646484, 100.0, 100.0, 100.0, 100.0, 100.0, 100.0], 'under_0.40m': [100.0, 100.0, 100.0, 100.0, 100.0, 100.0, 100.0, 100.0], 'accuracy': [0, 0, 0, 0, 0, 0, 0, 0], 'f1_score': [0, 0, 0, 0, 0, 0, 0, 0], 'f1_score_binary': [0, 0, 0, 0, 0, 0, 0, 0]}
