[2024-12-23 13:14:40,349] INFO: {
    "abs_dir": "/home/gerard/Documents/IRI/Repos/siMLPe/exps/baseline_handover",
    "actions_to_load": "all",
    "batch_size": 256,
    "classifier": {
        "flatten": false,
        "focal_loss": false
    },
    "cos_lr_max": 0.01,
    "cos_lr_min": 1e-05,
    "cos_lr_total_iters": 5000,
    "data_aug": true,
    "deriv_input": true,
    "deriv_output": true,
    "eval_every": 250,
    "handover_anno_dir": "/home/gerard/Documents/IRI/Repos/siMLPe/data/handover/",
    "link_log_file": "/home/gerard/Documents/IRI/Repos/siMLPe/exps/baseline_handover/log/log_last.log",
    "link_val_log_file": "/home/gerard/Documents/IRI/Repos/siMLPe/exps/baseline_handover/log/val_last.log",
    "log_dir": "/home/gerard/Documents/IRI/Repos/siMLPe/exps/baseline_handover/log",
    "log_file": "/home/gerard/Documents/IRI/Repos/siMLPe/exps/baseline_handover/log/log_2024_12_23_13_09_20.log",
    "log_file_leave_one_out": "/home/gerard/Documents/IRI/Repos/siMLPe/exps/baseline_handover/log/log_loo2024_12_23_13_09_20.log",
    "model_pth": null,
    "motion": {
        "dim": 27,
        "handover_input_length": 50,
        "handover_input_length_dct": 50,
        "handover_target_length": 10,
        "handover_target_length_eval": 25,
        "handover_target_length_train": 10
    },
    "motion_fc_in": {
        "activation": "relu",
        "in_features": 27,
        "init_w_trunc_normal": false,
        "out_features": 27,
        "temporal_fc": false,
        "with_norm": false
    },
    "motion_fc_out": {
        "activation": "relu",
        "in_features": 27,
        "init_w_trunc_normal": true,
        "out_features": 27,
        "temporal_fc": false,
        "with_norm": false
    },
    "motion_gcn_in": {
        "do": 0,
        "gcn_in": false,
        "in_features": 27,
        "n_node": 50,
        "num_stage": 0,
        "out_features": 27
    },
    "motion_gcn_out": {
        "do": 0,
        "gcn_out": false,
        "in_features": 27,
        "n_node": 50,
        "num_stage": 0,
        "out_features": 27
    },
    "motion_int": {
        "input_dim": 1,
        "int_cond": false,
        "num_emb": 5,
        "output_dim": 27
    },
    "motion_mlp": {
        "hidden_dim": 27,
        "norm_axis": "spatial",
        "num_layers": 48,
        "seq_len": 50,
        "spatial_fc_only": false,
        "with_normalization": true
    },
    "motion_ree": {
        "embedding_size": 3,
        "gcn_concatenation": false,
        "gcn_do": 0,
        "gcn_n_node": 50,
        "gcn_num_stage": 0,
        "input_dim": 3,
        "ree_concatenation": false,
        "ree_cond": false,
        "ree_sum": false
    },
    "num_workers": 6,
    "only_classification": false,
    "post_dct": false,
    "pre_dct": false,
    "print_every": 250,
    "repo_name": "siMLPe",
    "root_dir": "/home/gerard/Documents/IRI/Repos/siMLPe",
    "save_every": 2500,
    "seed": 304,
    "shift_step": 1,
    "snapshot_dir": "/home/gerard/Documents/IRI/Repos/siMLPe/exps/baseline_handover/log/snapshot",
    "this_dir": "baseline_handover",
    "total_iters": 5000,
    "use_int_class": false,
    "use_loss_layer": false,
    "use_ree_loss": true,
    "use_relative_loss": true,
    "use_relative_loss_rh": false,
    "use_rh_distance_joints_loss": true,
    "use_rh_loss": false,
    "val_log_file": "/home/gerard/Documents/IRI/Repos/siMLPe/exps/baseline_handover/log/val_2024_12_23_13_09_20.log",
    "viz_GCN_folder": false,
    "weight_decay": 0.0001
}
[2024-12-23 13:14:41,023] INFO: Testing with subject ['S10'] 
[2024-12-23 13:14:41,023] INFO: Training with subjects ['S5', 'S3', 'S6', 'S8', 'S9', 'S4', 'S7'] 
[2024-12-23 13:14:56,582] INFO: Iter 250 Summary: 
[2024-12-23 13:14:56,582] INFO: 	 lr: 0.009999999999999962 	 Training loss: 0.9766984310150146
[2024-12-23 13:14:56,918] INFO: 	 Body Test loss: 0.24919999999999998
[2024-12-23 13:14:56,919] INFO: 	 RH Test loss: 0.2824627225523809
[2024-12-23 13:14:56,919] INFO: 	 F1 score: 0
[2024-12-23 13:15:12,397] INFO: Iter 500 Summary: 
[2024-12-23 13:15:12,397] INFO: 	 lr: 0.009999999999999962 	 Training loss: 0.41125112962722776
[2024-12-23 13:15:12,738] INFO: 	 Body Test loss: 0.1672
[2024-12-23 13:15:12,738] INFO: 	 RH Test loss: 0.2180073995826658
[2024-12-23 13:15:12,738] INFO: 	 F1 score: 0
[2024-12-23 13:15:28,012] INFO: Iter 750 Summary: 
[2024-12-23 13:15:28,012] INFO: 	 lr: 0.009999999999999962 	 Training loss: 0.3811021929979324
[2024-12-23 13:15:28,350] INFO: 	 Body Test loss: 0.15600000000000003
[2024-12-23 13:15:28,350] INFO: 	 RH Test loss: 0.19972241921858352
[2024-12-23 13:15:28,350] INFO: 	 F1 score: 0
[2024-12-23 13:15:43,769] INFO: Iter 1000 Summary: 
[2024-12-23 13:15:43,770] INFO: 	 lr: 0.009999999999999962 	 Training loss: 0.3525216579437256
[2024-12-23 13:15:44,105] INFO: 	 Body Test loss: 0.14800000000000002
[2024-12-23 13:15:44,105] INFO: 	 RH Test loss: 0.2076511205195067
[2024-12-23 13:15:44,105] INFO: 	 F1 score: 0
[2024-12-23 13:15:59,552] INFO: Iter 1250 Summary: 
[2024-12-23 13:15:59,552] INFO: 	 lr: 0.009999999999999962 	 Training loss: 0.3338902679681778
[2024-12-23 13:15:59,887] INFO: 	 Body Test loss: 0.13480000000000003
[2024-12-23 13:15:59,887] INFO: 	 RH Test loss: 0.18906407923737834
[2024-12-23 13:15:59,887] INFO: 	 F1 score: 0
[2024-12-23 13:16:15,167] INFO: Iter 1500 Summary: 
[2024-12-23 13:16:15,167] INFO: 	 lr: 0.009999999999999962 	 Training loss: 0.32734089863300325
[2024-12-23 13:16:15,507] INFO: 	 Body Test loss: 0.134
[2024-12-23 13:16:15,507] INFO: 	 RH Test loss: 0.18044562836323888
[2024-12-23 13:16:15,507] INFO: 	 F1 score: 0
[2024-12-23 13:16:30,981] INFO: Iter 1750 Summary: 
[2024-12-23 13:16:30,981] INFO: 	 lr: 0.009999999999999962 	 Training loss: 0.32198897409439087
[2024-12-23 13:16:31,322] INFO: 	 Body Test loss: 0.13640000000000002
[2024-12-23 13:16:31,322] INFO: 	 RH Test loss: 0.18174982541192006
[2024-12-23 13:16:31,322] INFO: 	 F1 score: 0
[2024-12-23 13:16:46,617] INFO: Iter 2000 Summary: 
[2024-12-23 13:16:46,617] INFO: 	 lr: 0.009999999999999962 	 Training loss: 0.3164421070814133
[2024-12-23 13:16:46,954] INFO: 	 Body Test loss: 0.1264
[2024-12-23 13:16:46,954] INFO: 	 RH Test loss: 0.17823680420552404
[2024-12-23 13:16:46,954] INFO: 	 F1 score: 0
[2024-12-23 13:17:02,386] INFO: Iter 2250 Summary: 
[2024-12-23 13:17:02,386] INFO: 	 lr: 0.009999999999999962 	 Training loss: 0.3122474533319473
[2024-12-23 13:17:02,720] INFO: 	 Body Test loss: 0.1308
[2024-12-23 13:17:02,720] INFO: 	 RH Test loss: 0.18099257906606375
[2024-12-23 13:17:02,721] INFO: 	 F1 score: 0
[2024-12-23 13:17:18,174] INFO: Iter 2500 Summary: 
[2024-12-23 13:17:18,174] INFO: 	 lr: 0.009999999999999962 	 Training loss: 0.3103865418434143
[2024-12-23 13:17:18,513] INFO: 	 Body Test loss: 0.13520000000000001
[2024-12-23 13:17:18,513] INFO: 	 RH Test loss: 0.18661020198801
[2024-12-23 13:17:18,513] INFO: 	 F1 score: 0
[2024-12-23 13:17:34,205] INFO: Iter 2750 Summary: 
[2024-12-23 13:17:34,205] INFO: 	 lr: 0.009999999999999962 	 Training loss: 0.30765996146202085
[2024-12-23 13:17:34,542] INFO: 	 Body Test loss: 0.152
[2024-12-23 13:17:34,542] INFO: 	 RH Test loss: 0.21299563037462468
[2024-12-23 13:17:34,542] INFO: 	 F1 score: 0
[2024-12-23 13:17:49,994] INFO: Iter 3000 Summary: 
[2024-12-23 13:17:49,994] INFO: 	 lr: 0.009999999999999962 	 Training loss: 0.30510694479942324
[2024-12-23 13:17:50,330] INFO: 	 Body Test loss: 0.12440000000000001
[2024-12-23 13:17:50,330] INFO: 	 RH Test loss: 0.1761833336202238
[2024-12-23 13:17:50,331] INFO: 	 F1 score: 0
[2024-12-23 13:18:05,771] INFO: Iter 3250 Summary: 
[2024-12-23 13:18:05,771] INFO: 	 lr: 0.009999999999999962 	 Training loss: 0.3031870768070221
[2024-12-23 13:18:06,109] INFO: 	 Body Test loss: 0.1184
[2024-12-23 13:18:06,109] INFO: 	 RH Test loss: 0.17540632870571674
[2024-12-23 13:18:06,109] INFO: 	 F1 score: 0
[2024-12-23 13:18:21,421] INFO: Iter 3500 Summary: 
[2024-12-23 13:18:21,421] INFO: 	 lr: 0.009999999999999962 	 Training loss: 0.30224780201911927
[2024-12-23 13:18:21,756] INFO: 	 Body Test loss: 0.1392
[2024-12-23 13:18:21,756] INFO: 	 RH Test loss: 0.18891944799869845
[2024-12-23 13:18:21,756] INFO: 	 F1 score: 0
[2024-12-23 13:18:37,184] INFO: Iter 3750 Summary: 
[2024-12-23 13:18:37,184] INFO: 	 lr: 0.009999999999999962 	 Training loss: 0.30055262315273285
[2024-12-23 13:18:37,524] INFO: 	 Body Test loss: 0.1272
[2024-12-23 13:18:37,524] INFO: 	 RH Test loss: 0.1762216792750293
[2024-12-23 13:18:37,524] INFO: 	 F1 score: 0
[2024-12-23 13:18:52,835] INFO: Iter 4000 Summary: 
[2024-12-23 13:18:52,835] INFO: 	 lr: 0.009999999999999962 	 Training loss: 0.29904254019260407
[2024-12-23 13:18:53,173] INFO: 	 Body Test loss: 0.12560000000000002
[2024-12-23 13:18:53,173] INFO: 	 RH Test loss: 0.17115225981089696
[2024-12-23 13:18:53,173] INFO: 	 F1 score: 0
[2024-12-23 13:19:08,652] INFO: Iter 4250 Summary: 
[2024-12-23 13:19:08,652] INFO: 	 lr: 0.009999999999999962 	 Training loss: 0.2963886779546738
[2024-12-23 13:19:08,993] INFO: 	 Body Test loss: 0.13720000000000002
[2024-12-23 13:19:08,994] INFO: 	 RH Test loss: 0.1834045620595128
[2024-12-23 13:19:08,994] INFO: 	 F1 score: 0
[2024-12-23 13:19:24,390] INFO: Iter 4500 Summary: 
[2024-12-23 13:19:24,390] INFO: 	 lr: 0.009999999999999962 	 Training loss: 0.295210902929306
[2024-12-23 13:19:24,733] INFO: 	 Body Test loss: 0.12440000000000001
[2024-12-23 13:19:24,733] INFO: 	 RH Test loss: 0.18429263635115187
[2024-12-23 13:19:24,733] INFO: 	 F1 score: 0
[2024-12-23 13:19:40,052] INFO: Iter 4750 Summary: 
[2024-12-23 13:19:40,052] INFO: 	 lr: 0.009999999999999962 	 Training loss: 0.2944281830787659
[2024-12-23 13:19:40,417] INFO: 	 Body Test loss: 0.1184
[2024-12-23 13:19:40,417] INFO: 	 RH Test loss: 0.17445549570824487
[2024-12-23 13:19:40,417] INFO: 	 F1 score: 0
[2024-12-23 13:19:55,858] INFO: Iter 5000 Summary: 
[2024-12-23 13:19:55,859] INFO: 	 lr: 0.009999999999999962 	 Training loss: 0.29023350644111634
[2024-12-23 13:19:56,202] INFO: 	 Body Test loss: 0.14279999999999998
[2024-12-23 13:19:56,202] INFO: 	 RH Test loss: 0.18529547033231122
[2024-12-23 13:19:56,202] INFO: 	 F1 score: 0
[2024-12-23 13:19:56,555] INFO: 	 Total number of parameters: 126504
[2024-12-23 13:19:57,252] INFO: Testing with subject ['S5'] 
[2024-12-23 13:19:57,252] INFO: Training with subjects ['S10', 'S3', 'S6', 'S8', 'S9', 'S4', 'S7'] 
[2024-12-23 13:20:12,834] INFO: Iter 250 Summary: 
[2024-12-23 13:20:12,834] INFO: 	 lr: 0.009999999999999962 	 Training loss: 0.7911142165660858
[2024-12-23 13:20:13,120] INFO: 	 Body Test loss: 0.21559999999999999
[2024-12-23 13:20:13,120] INFO: 	 RH Test loss: 0.27067219561263517
[2024-12-23 13:20:13,120] INFO: 	 F1 score: 0
[2024-12-23 13:20:28,462] INFO: Iter 500 Summary: 
[2024-12-23 13:20:28,462] INFO: 	 lr: 0.009999999999999962 	 Training loss: 0.3890999493598938
[2024-12-23 13:20:28,742] INFO: 	 Body Test loss: 0.19039999999999999
[2024-12-23 13:20:28,743] INFO: 	 RH Test loss: 0.24894799956727495
[2024-12-23 13:20:28,743] INFO: 	 F1 score: 0
[2024-12-23 13:20:44,009] INFO: Iter 750 Summary: 
[2024-12-23 13:20:44,010] INFO: 	 lr: 0.009999999999999962 	 Training loss: 0.3472751866579056
[2024-12-23 13:20:44,292] INFO: 	 Body Test loss: 0.2048
[2024-12-23 13:20:44,292] INFO: 	 RH Test loss: 0.25220928575662993
[2024-12-23 13:20:44,293] INFO: 	 F1 score: 0
[2024-12-23 13:20:59,791] INFO: Iter 1000 Summary: 
[2024-12-23 13:20:59,791] INFO: 	 lr: 0.009999999999999962 	 Training loss: 0.3369681780338287
[2024-12-23 13:21:00,077] INFO: 	 Body Test loss: 0.1996
[2024-12-23 13:21:00,077] INFO: 	 RH Test loss: 0.2524383077844041
[2024-12-23 13:21:00,077] INFO: 	 F1 score: 0
[2024-12-23 13:21:15,445] INFO: Iter 1250 Summary: 
[2024-12-23 13:21:15,446] INFO: 	 lr: 0.009999999999999962 	 Training loss: 0.3306191589832306
[2024-12-23 13:21:15,731] INFO: 	 Body Test loss: 0.20679999999999998
[2024-12-23 13:21:15,731] INFO: 	 RH Test loss: 0.2684474009200529
[2024-12-23 13:21:15,731] INFO: 	 F1 score: 0
[2024-12-23 13:21:31,074] INFO: Iter 1500 Summary: 
[2024-12-23 13:21:31,074] INFO: 	 lr: 0.009999999999999962 	 Training loss: 0.32595138216018676
[2024-12-23 13:21:31,361] INFO: 	 Body Test loss: 0.20079999999999998
[2024-12-23 13:21:31,361] INFO: 	 RH Test loss: 0.2497561830078892
[2024-12-23 13:21:31,361] INFO: 	 F1 score: 0
[2024-12-23 13:21:46,790] INFO: Iter 1750 Summary: 
[2024-12-23 13:21:46,790] INFO: 	 lr: 0.009999999999999962 	 Training loss: 0.32160303235054016
[2024-12-23 13:21:47,075] INFO: 	 Body Test loss: 0.2168
[2024-12-23 13:21:47,075] INFO: 	 RH Test loss: 0.2692254431157823
[2024-12-23 13:21:47,075] INFO: 	 F1 score: 0
[2024-12-23 13:22:02,403] INFO: Iter 2000 Summary: 
[2024-12-23 13:22:02,403] INFO: 	 lr: 0.009999999999999962 	 Training loss: 0.3175755970478058
[2024-12-23 13:22:02,691] INFO: 	 Body Test loss: 0.1936
[2024-12-23 13:22:02,691] INFO: 	 RH Test loss: 0.26073723592706816
[2024-12-23 13:22:02,691] INFO: 	 F1 score: 0
[2024-12-23 13:22:18,042] INFO: Iter 2250 Summary: 
[2024-12-23 13:22:18,042] INFO: 	 lr: 0.009999999999999962 	 Training loss: 0.31581503176689146
[2024-12-23 13:22:18,327] INFO: 	 Body Test loss: 0.19640000000000002
[2024-12-23 13:22:18,327] INFO: 	 RH Test loss: 0.24021396828725053
[2024-12-23 13:22:18,327] INFO: 	 F1 score: 0
[2024-12-23 13:22:33,735] INFO: Iter 2500 Summary: 
[2024-12-23 13:22:33,735] INFO: 	 lr: 0.009999999999999962 	 Training loss: 0.31315832149982453
[2024-12-23 13:22:34,016] INFO: 	 Body Test loss: 0.196
[2024-12-23 13:22:34,016] INFO: 	 RH Test loss: 0.23344728836251336
[2024-12-23 13:22:34,017] INFO: 	 F1 score: 0
[2024-12-23 13:22:49,583] INFO: Iter 2750 Summary: 
[2024-12-23 13:22:49,583] INFO: 	 lr: 0.009999999999999962 	 Training loss: 0.31279422533512113
[2024-12-23 13:22:49,868] INFO: 	 Body Test loss: 0.18600000000000003
[2024-12-23 13:22:49,868] INFO: 	 RH Test loss: 0.23751623643364894
[2024-12-23 13:22:49,868] INFO: 	 F1 score: 0
[2024-12-23 13:23:05,158] INFO: Iter 3000 Summary: 
[2024-12-23 13:23:05,158] INFO: 	 lr: 0.009999999999999962 	 Training loss: 0.3105534337759018
[2024-12-23 13:23:05,443] INFO: 	 Body Test loss: 0.1972
[2024-12-23 13:23:05,443] INFO: 	 RH Test loss: 0.25329936522341717
[2024-12-23 13:23:05,443] INFO: 	 F1 score: 0
[2024-12-23 13:23:20,922] INFO: Iter 3250 Summary: 
[2024-12-23 13:23:20,923] INFO: 	 lr: 0.009999999999999962 	 Training loss: 0.3079065343141556
[2024-12-23 13:23:21,206] INFO: 	 Body Test loss: 0.17840000000000003
[2024-12-23 13:23:21,206] INFO: 	 RH Test loss: 0.23876557834700576
[2024-12-23 13:23:21,206] INFO: 	 F1 score: 0
[2024-12-23 13:23:36,514] INFO: Iter 3500 Summary: 
[2024-12-23 13:23:36,515] INFO: 	 lr: 0.009999999999999962 	 Training loss: 0.307997331738472
[2024-12-23 13:23:36,801] INFO: 	 Body Test loss: 0.1708
[2024-12-23 13:23:36,801] INFO: 	 RH Test loss: 0.2339570226960379
[2024-12-23 13:23:36,801] INFO: 	 F1 score: 0
[2024-12-23 13:23:52,101] INFO: Iter 3750 Summary: 
[2024-12-23 13:23:52,101] INFO: 	 lr: 0.009999999999999962 	 Training loss: 0.30836014926433564
[2024-12-23 13:23:52,386] INFO: 	 Body Test loss: 0.19520000000000004
[2024-12-23 13:23:52,386] INFO: 	 RH Test loss: 0.22786359584952173
[2024-12-23 13:23:52,386] INFO: 	 F1 score: 0
[2024-12-23 13:24:07,810] INFO: Iter 4000 Summary: 
[2024-12-23 13:24:07,810] INFO: 	 lr: 0.009999999999999962 	 Training loss: 0.3057623462677002
[2024-12-23 13:24:08,093] INFO: 	 Body Test loss: 0.1796
[2024-12-23 13:24:08,093] INFO: 	 RH Test loss: 0.23046983811328825
[2024-12-23 13:24:08,093] INFO: 	 F1 score: 0
[2024-12-23 13:24:23,396] INFO: Iter 4250 Summary: 
[2024-12-23 13:24:23,396] INFO: 	 lr: 0.009999999999999962 	 Training loss: 0.30592244446277617
[2024-12-23 13:24:23,679] INFO: 	 Body Test loss: 0.18200000000000002
[2024-12-23 13:24:23,680] INFO: 	 RH Test loss: 0.23674257278442387
[2024-12-23 13:24:23,680] INFO: 	 F1 score: 0
[2024-12-23 13:24:38,956] INFO: Iter 4500 Summary: 
[2024-12-23 13:24:38,956] INFO: 	 lr: 0.009999999999999962 	 Training loss: 0.3053138135671616
[2024-12-23 13:24:39,238] INFO: 	 Body Test loss: 0.1972
[2024-12-23 13:24:39,238] INFO: 	 RH Test loss: 0.2665112128334799
[2024-12-23 13:24:39,238] INFO: 	 F1 score: 0
[2024-12-23 13:24:54,677] INFO: Iter 4750 Summary: 
[2024-12-23 13:24:54,677] INFO: 	 lr: 0.009999999999999962 	 Training loss: 0.3013255717754364
[2024-12-23 13:24:54,958] INFO: 	 Body Test loss: 0.19
[2024-12-23 13:24:54,959] INFO: 	 RH Test loss: 0.24813180365297055
[2024-12-23 13:24:54,959] INFO: 	 F1 score: 0
[2024-12-23 13:25:10,331] INFO: Iter 5000 Summary: 
[2024-12-23 13:25:10,331] INFO: 	 lr: 0.009999999999999962 	 Training loss: 0.3021711688041687
[2024-12-23 13:25:10,670] INFO: 	 Body Test loss: 0.2028
[2024-12-23 13:25:10,670] INFO: 	 RH Test loss: 0.26499960770940867
[2024-12-23 13:25:10,670] INFO: 	 F1 score: 0
[2024-12-23 13:25:10,970] INFO: 	 Total number of parameters: 126504
[2024-12-23 13:25:11,665] INFO: Testing with subject ['S3'] 
[2024-12-23 13:25:11,665] INFO: Training with subjects ['S10', 'S5', 'S6', 'S8', 'S9', 'S4', 'S7'] 
[2024-12-23 13:25:27,111] INFO: Iter 250 Summary: 
[2024-12-23 13:25:27,111] INFO: 	 lr: 0.009999999999999962 	 Training loss: 1.1101784644126893
[2024-12-23 13:25:27,446] INFO: 	 Body Test loss: 0.3368
[2024-12-23 13:25:27,446] INFO: 	 RH Test loss: 0.3413859909106597
[2024-12-23 13:25:27,446] INFO: 	 F1 score: 0
[2024-12-23 13:25:42,883] INFO: Iter 500 Summary: 
[2024-12-23 13:25:42,884] INFO: 	 lr: 0.009999999999999962 	 Training loss: 0.42031407022476197
[2024-12-23 13:25:43,212] INFO: 	 Body Test loss: 0.3072
[2024-12-23 13:25:43,213] INFO: 	 RH Test loss: 0.3150797741326681
[2024-12-23 13:25:43,213] INFO: 	 F1 score: 0
[2024-12-23 13:25:58,544] INFO: Iter 750 Summary: 
[2024-12-23 13:25:58,544] INFO: 	 lr: 0.009999999999999962 	 Training loss: 0.3950922499895096
[2024-12-23 13:25:58,872] INFO: 	 Body Test loss: 0.2704
[2024-12-23 13:25:58,872] INFO: 	 RH Test loss: 0.27184645884706893
[2024-12-23 13:25:58,873] INFO: 	 F1 score: 0
[2024-12-23 13:26:14,380] INFO: Iter 1000 Summary: 
[2024-12-23 13:26:14,380] INFO: 	 lr: 0.009999999999999962 	 Training loss: 0.36037249875068667
[2024-12-23 13:26:14,711] INFO: 	 Body Test loss: 0.234
[2024-12-23 13:26:14,711] INFO: 	 RH Test loss: 0.26623662118105007
[2024-12-23 13:26:14,711] INFO: 	 F1 score: 0
[2024-12-23 13:26:30,180] INFO: Iter 1250 Summary: 
[2024-12-23 13:26:30,181] INFO: 	 lr: 0.009999999999999962 	 Training loss: 0.33796992027759554
[2024-12-23 13:26:30,512] INFO: 	 Body Test loss: 0.21960000000000002
[2024-12-23 13:26:30,513] INFO: 	 RH Test loss: 0.24409334635806587
[2024-12-23 13:26:30,513] INFO: 	 F1 score: 0
[2024-12-23 13:26:45,824] INFO: Iter 1500 Summary: 
[2024-12-23 13:26:45,825] INFO: 	 lr: 0.009999999999999962 	 Training loss: 0.32885249650478365
[2024-12-23 13:26:46,159] INFO: 	 Body Test loss: 0.24239999999999998
[2024-12-23 13:26:46,159] INFO: 	 RH Test loss: 0.23930909485615273
[2024-12-23 13:26:46,159] INFO: 	 F1 score: 0
[2024-12-23 13:27:01,614] INFO: Iter 1750 Summary: 
[2024-12-23 13:27:01,614] INFO: 	 lr: 0.009999999999999962 	 Training loss: 0.32435609996318815
[2024-12-23 13:27:01,942] INFO: 	 Body Test loss: 0.2764
[2024-12-23 13:27:01,943] INFO: 	 RH Test loss: 0.2953731310475629
[2024-12-23 13:27:01,943] INFO: 	 F1 score: 0
[2024-12-23 13:27:17,231] INFO: Iter 2000 Summary: 
[2024-12-23 13:27:17,231] INFO: 	 lr: 0.009999999999999962 	 Training loss: 0.32148782479763033
[2024-12-23 13:27:17,568] INFO: 	 Body Test loss: 0.22719999999999996
[2024-12-23 13:27:17,569] INFO: 	 RH Test loss: 0.2537241953485322
[2024-12-23 13:27:17,569] INFO: 	 F1 score: 0
[2024-12-23 13:27:33,076] INFO: Iter 2250 Summary: 
[2024-12-23 13:27:33,076] INFO: 	 lr: 0.009999999999999962 	 Training loss: 0.31688042414188383
[2024-12-23 13:27:33,412] INFO: 	 Body Test loss: 0.22920000000000001
[2024-12-23 13:27:33,412] INFO: 	 RH Test loss: 0.25659702315791494
[2024-12-23 13:27:33,412] INFO: 	 F1 score: 0
[2024-12-23 13:27:48,832] INFO: Iter 2500 Summary: 
[2024-12-23 13:27:48,833] INFO: 	 lr: 0.009999999999999962 	 Training loss: 0.3147252472639084
[2024-12-23 13:27:49,162] INFO: 	 Body Test loss: 0.2164
[2024-12-23 13:27:49,162] INFO: 	 RH Test loss: 0.2374216767956483
[2024-12-23 13:27:49,162] INFO: 	 F1 score: 0
[2024-12-23 13:28:04,821] INFO: Iter 2750 Summary: 
[2024-12-23 13:28:04,822] INFO: 	 lr: 0.009999999999999962 	 Training loss: 0.31519006073474887
[2024-12-23 13:28:05,154] INFO: 	 Body Test loss: 0.2188
[2024-12-23 13:28:05,154] INFO: 	 RH Test loss: 0.23850046566605926
[2024-12-23 13:28:05,154] INFO: 	 F1 score: 0
[2024-12-23 13:28:20,578] INFO: Iter 3000 Summary: 
[2024-12-23 13:28:20,579] INFO: 	 lr: 0.009999999999999962 	 Training loss: 0.3130115349292755
[2024-12-23 13:28:20,911] INFO: 	 Body Test loss: 0.228
[2024-12-23 13:28:20,911] INFO: 	 RH Test loss: 0.26428982275490315
[2024-12-23 13:28:20,911] INFO: 	 F1 score: 0
[2024-12-23 13:28:36,404] INFO: Iter 3250 Summary: 
[2024-12-23 13:28:36,404] INFO: 	 lr: 0.009999999999999962 	 Training loss: 0.31191125404834746
[2024-12-23 13:28:36,735] INFO: 	 Body Test loss: 0.23
[2024-12-23 13:28:36,735] INFO: 	 RH Test loss: 0.24232954753489655
[2024-12-23 13:28:36,735] INFO: 	 F1 score: 0
[2024-12-23 13:28:52,089] INFO: Iter 3500 Summary: 
[2024-12-23 13:28:52,090] INFO: 	 lr: 0.009999999999999962 	 Training loss: 0.31192771351337434
[2024-12-23 13:28:52,418] INFO: 	 Body Test loss: 0.2168
[2024-12-23 13:28:52,418] INFO: 	 RH Test loss: 0.25509427919488664
[2024-12-23 13:28:52,418] INFO: 	 F1 score: 0
[2024-12-23 13:29:07,838] INFO: Iter 3750 Summary: 
[2024-12-23 13:29:07,838] INFO: 	 lr: 0.009999999999999962 	 Training loss: 0.3099054354429245
[2024-12-23 13:29:08,171] INFO: 	 Body Test loss: 0.20720000000000002
[2024-12-23 13:29:08,172] INFO: 	 RH Test loss: 0.2495745438535408
[2024-12-23 13:29:08,172] INFO: 	 F1 score: 0
[2024-12-23 13:29:23,457] INFO: Iter 4000 Summary: 
[2024-12-23 13:29:23,457] INFO: 	 lr: 0.009999999999999962 	 Training loss: 0.30851956582069395
[2024-12-23 13:29:23,787] INFO: 	 Body Test loss: 0.2208
[2024-12-23 13:29:23,787] INFO: 	 RH Test loss: 0.25836739143936294
[2024-12-23 13:29:23,787] INFO: 	 F1 score: 0
[2024-12-23 13:29:39,189] INFO: Iter 4250 Summary: 
[2024-12-23 13:29:39,189] INFO: 	 lr: 0.009999999999999962 	 Training loss: 0.3070780457258224
[2024-12-23 13:29:39,519] INFO: 	 Body Test loss: 0.21760000000000002
[2024-12-23 13:29:39,519] INFO: 	 RH Test loss: 0.2297112788714671
[2024-12-23 13:29:39,519] INFO: 	 F1 score: 0
[2024-12-23 13:29:55,087] INFO: Iter 4500 Summary: 
[2024-12-23 13:29:55,088] INFO: 	 lr: 0.009999999999999962 	 Training loss: 0.309134880065918
[2024-12-23 13:29:55,421] INFO: 	 Body Test loss: 0.22039999999999998
[2024-12-23 13:29:55,421] INFO: 	 RH Test loss: 0.23582978793861645
[2024-12-23 13:29:55,421] INFO: 	 F1 score: 0
[2024-12-23 13:30:11,226] INFO: Iter 4750 Summary: 
[2024-12-23 13:30:11,226] INFO: 	 lr: 0.009999999999999962 	 Training loss: 0.3047659698724747
[2024-12-23 13:30:11,557] INFO: 	 Body Test loss: 0.2184
[2024-12-23 13:30:11,558] INFO: 	 RH Test loss: 0.2581615937152298
[2024-12-23 13:30:11,558] INFO: 	 F1 score: 0
[2024-12-23 13:30:27,359] INFO: Iter 5000 Summary: 
[2024-12-23 13:30:27,359] INFO: 	 lr: 0.009999999999999962 	 Training loss: 0.30511828446388245
[2024-12-23 13:30:27,698] INFO: 	 Body Test loss: 0.23759999999999998
[2024-12-23 13:30:27,699] INFO: 	 RH Test loss: 0.26796194483866503
[2024-12-23 13:30:27,699] INFO: 	 F1 score: 0
[2024-12-23 13:30:28,060] INFO: 	 Total number of parameters: 126504
[2024-12-23 13:30:28,830] INFO: Testing with subject ['S6'] 
[2024-12-23 13:30:28,830] INFO: Training with subjects ['S10', 'S5', 'S3', 'S8', 'S9', 'S4', 'S7'] 
[2024-12-23 13:30:44,306] INFO: Iter 250 Summary: 
[2024-12-23 13:30:44,306] INFO: 	 lr: 0.009999999999999962 	 Training loss: 0.9097011985778809
[2024-12-23 13:30:44,646] INFO: 	 Body Test loss: 0.2608
[2024-12-23 13:30:44,646] INFO: 	 RH Test loss: 0.28310747764994443
[2024-12-23 13:30:44,646] INFO: 	 F1 score: 0
[2024-12-23 13:31:00,108] INFO: Iter 500 Summary: 
[2024-12-23 13:31:00,108] INFO: 	 lr: 0.009999999999999962 	 Training loss: 0.4206258286237717
[2024-12-23 13:31:00,446] INFO: 	 Body Test loss: 0.2164
[2024-12-23 13:31:00,446] INFO: 	 RH Test loss: 0.23724780235342713
[2024-12-23 13:31:00,446] INFO: 	 F1 score: 0
[2024-12-23 13:31:15,847] INFO: Iter 750 Summary: 
[2024-12-23 13:31:15,847] INFO: 	 lr: 0.009999999999999962 	 Training loss: 0.3835140997171402
[2024-12-23 13:31:16,192] INFO: 	 Body Test loss: 0.19880000000000003
[2024-12-23 13:31:16,192] INFO: 	 RH Test loss: 0.22711886044566182
[2024-12-23 13:31:16,192] INFO: 	 F1 score: 0
[2024-12-23 13:31:31,743] INFO: Iter 1000 Summary: 
[2024-12-23 13:31:31,743] INFO: 	 lr: 0.009999999999999962 	 Training loss: 0.34806311202049256
[2024-12-23 13:31:32,079] INFO: 	 Body Test loss: 0.18880000000000002
[2024-12-23 13:31:32,079] INFO: 	 RH Test loss: 0.22493325352179527
[2024-12-23 13:31:32,079] INFO: 	 F1 score: 0
[2024-12-23 13:31:47,520] INFO: Iter 1250 Summary: 
[2024-12-23 13:31:47,520] INFO: 	 lr: 0.009999999999999962 	 Training loss: 0.3398018171787262
[2024-12-23 13:31:47,855] INFO: 	 Body Test loss: 0.2104
[2024-12-23 13:31:47,856] INFO: 	 RH Test loss: 0.2466872187613136
[2024-12-23 13:31:47,856] INFO: 	 F1 score: 0
[2024-12-23 13:32:03,125] INFO: Iter 1500 Summary: 
[2024-12-23 13:32:03,125] INFO: 	 lr: 0.009999999999999962 	 Training loss: 0.33208233988285063
[2024-12-23 13:32:03,460] INFO: 	 Body Test loss: 0.20679999999999998
[2024-12-23 13:32:03,460] INFO: 	 RH Test loss: 0.2148616462530092
[2024-12-23 13:32:03,460] INFO: 	 F1 score: 0
[2024-12-23 13:32:18,876] INFO: Iter 1750 Summary: 
[2024-12-23 13:32:18,876] INFO: 	 lr: 0.009999999999999962 	 Training loss: 0.3258551211357117
[2024-12-23 13:32:19,215] INFO: 	 Body Test loss: 0.2212
[2024-12-23 13:32:19,215] INFO: 	 RH Test loss: 0.24843959004706131
[2024-12-23 13:32:19,215] INFO: 	 F1 score: 0
[2024-12-23 13:32:34,528] INFO: Iter 2000 Summary: 
[2024-12-23 13:32:34,528] INFO: 	 lr: 0.009999999999999962 	 Training loss: 0.3238045920133591
[2024-12-23 13:32:34,868] INFO: 	 Body Test loss: 0.1884
[2024-12-23 13:32:34,868] INFO: 	 RH Test loss: 0.21181335590117278
[2024-12-23 13:32:34,868] INFO: 	 F1 score: 0
[2024-12-23 13:32:50,322] INFO: Iter 2250 Summary: 
[2024-12-23 13:32:50,323] INFO: 	 lr: 0.009999999999999962 	 Training loss: 0.31916918444633485
[2024-12-23 13:32:50,657] INFO: 	 Body Test loss: 0.20440000000000003
[2024-12-23 13:32:50,658] INFO: 	 RH Test loss: 0.22933823685965687
[2024-12-23 13:32:50,658] INFO: 	 F1 score: 0
[2024-12-23 13:33:06,053] INFO: Iter 2500 Summary: 
[2024-12-23 13:33:06,053] INFO: 	 lr: 0.009999999999999962 	 Training loss: 0.3164423290491104
[2024-12-23 13:33:06,388] INFO: 	 Body Test loss: 0.20240000000000002
[2024-12-23 13:33:06,389] INFO: 	 RH Test loss: 0.23394389049462191
[2024-12-23 13:33:06,389] INFO: 	 F1 score: 0
[2024-12-23 13:33:22,078] INFO: Iter 2750 Summary: 
[2024-12-23 13:33:22,078] INFO: 	 lr: 0.009999999999999962 	 Training loss: 0.3166803014278412
[2024-12-23 13:33:22,416] INFO: 	 Body Test loss: 0.17520000000000002
[2024-12-23 13:33:22,416] INFO: 	 RH Test loss: 0.1959683452715789
[2024-12-23 13:33:22,416] INFO: 	 F1 score: 0
[2024-12-23 13:33:37,839] INFO: Iter 3000 Summary: 
[2024-12-23 13:33:37,839] INFO: 	 lr: 0.009999999999999962 	 Training loss: 0.3130718288421631
[2024-12-23 13:33:38,186] INFO: 	 Body Test loss: 0.236
[2024-12-23 13:33:38,186] INFO: 	 RH Test loss: 0.25969552685885033
[2024-12-23 13:33:38,186] INFO: 	 F1 score: 0
[2024-12-23 13:33:53,678] INFO: Iter 3250 Summary: 
[2024-12-23 13:33:53,678] INFO: 	 lr: 0.009999999999999962 	 Training loss: 0.312688016295433
[2024-12-23 13:33:54,017] INFO: 	 Body Test loss: 0.2152
[2024-12-23 13:33:54,018] INFO: 	 RH Test loss: 0.24269868978560377
[2024-12-23 13:33:54,018] INFO: 	 F1 score: 0
[2024-12-23 13:34:09,359] INFO: Iter 3500 Summary: 
[2024-12-23 13:34:09,359] INFO: 	 lr: 0.009999999999999962 	 Training loss: 0.3100373010635376
[2024-12-23 13:34:09,696] INFO: 	 Body Test loss: 0.1868
[2024-12-23 13:34:09,696] INFO: 	 RH Test loss: 0.21956024884851458
[2024-12-23 13:34:09,696] INFO: 	 F1 score: 0
[2024-12-23 13:34:25,251] INFO: Iter 3750 Summary: 
[2024-12-23 13:34:25,252] INFO: 	 lr: 0.009999999999999962 	 Training loss: 0.3088789792060852
[2024-12-23 13:34:25,599] INFO: 	 Body Test loss: 0.20439999999999997
[2024-12-23 13:34:25,599] INFO: 	 RH Test loss: 0.2329609316709756
[2024-12-23 13:34:25,599] INFO: 	 F1 score: 0
[2024-12-23 13:34:40,919] INFO: Iter 4000 Summary: 
[2024-12-23 13:34:40,919] INFO: 	 lr: 0.009999999999999962 	 Training loss: 0.3097804878950119
[2024-12-23 13:34:41,278] INFO: 	 Body Test loss: 0.18
[2024-12-23 13:34:41,279] INFO: 	 RH Test loss: 0.2031536349650121
[2024-12-23 13:34:41,279] INFO: 	 F1 score: 0
[2024-12-23 13:34:56,787] INFO: Iter 4250 Summary: 
[2024-12-23 13:34:56,787] INFO: 	 lr: 0.009999999999999962 	 Training loss: 0.3091376588344574
[2024-12-23 13:34:57,126] INFO: 	 Body Test loss: 0.16599999999999998
[2024-12-23 13:34:57,126] INFO: 	 RH Test loss: 0.18764541409410299
[2024-12-23 13:34:57,126] INFO: 	 F1 score: 0
[2024-12-23 13:35:12,630] INFO: Iter 4500 Summary: 
[2024-12-23 13:35:12,630] INFO: 	 lr: 0.009999999999999962 	 Training loss: 0.3076161836385727
[2024-12-23 13:35:12,973] INFO: 	 Body Test loss: 0.1824
[2024-12-23 13:35:12,974] INFO: 	 RH Test loss: 0.21237308515243428
[2024-12-23 13:35:12,974] INFO: 	 F1 score: 0
[2024-12-23 13:35:28,308] INFO: Iter 4750 Summary: 
[2024-12-23 13:35:28,309] INFO: 	 lr: 0.009999999999999962 	 Training loss: 0.3052955595254898
[2024-12-23 13:35:28,644] INFO: 	 Body Test loss: 0.18800000000000006
[2024-12-23 13:35:28,644] INFO: 	 RH Test loss: 0.22053274624324853
[2024-12-23 13:35:28,644] INFO: 	 F1 score: 0
[2024-12-23 13:35:44,143] INFO: Iter 5000 Summary: 
[2024-12-23 13:35:44,143] INFO: 	 lr: 0.009999999999999962 	 Training loss: 0.30442850875854494
[2024-12-23 13:35:44,490] INFO: 	 Body Test loss: 0.19039999999999999
[2024-12-23 13:35:44,490] INFO: 	 RH Test loss: 0.22046226509292538
[2024-12-23 13:35:44,491] INFO: 	 F1 score: 0
[2024-12-23 13:35:44,844] INFO: 	 Total number of parameters: 126504
[2024-12-23 13:35:45,557] INFO: Testing with subject ['S8'] 
[2024-12-23 13:35:45,558] INFO: Training with subjects ['S10', 'S5', 'S3', 'S6', 'S9', 'S4', 'S7'] 
[2024-12-23 13:36:01,022] INFO: Iter 250 Summary: 
[2024-12-23 13:36:01,022] INFO: 	 lr: 0.009999999999999962 	 Training loss: 0.7393134108781815
[2024-12-23 13:36:01,402] INFO: 	 Body Test loss: 0.2716
[2024-12-23 13:36:01,403] INFO: 	 RH Test loss: 0.32792449859888184
[2024-12-23 13:36:01,403] INFO: 	 F1 score: 0
[2024-12-23 13:36:16,908] INFO: Iter 500 Summary: 
[2024-12-23 13:36:16,908] INFO: 	 lr: 0.009999999999999962 	 Training loss: 0.4019389717578888
[2024-12-23 13:36:17,288] INFO: 	 Body Test loss: 0.1948
[2024-12-23 13:36:17,288] INFO: 	 RH Test loss: 0.23714192906314838
[2024-12-23 13:36:17,289] INFO: 	 F1 score: 0
[2024-12-23 13:36:32,703] INFO: Iter 750 Summary: 
[2024-12-23 13:36:32,703] INFO: 	 lr: 0.009999999999999962 	 Training loss: 0.36853282248973845
[2024-12-23 13:36:33,087] INFO: 	 Body Test loss: 0.1984
[2024-12-23 13:36:33,088] INFO: 	 RH Test loss: 0.24191152423695292
[2024-12-23 13:36:33,088] INFO: 	 F1 score: 0
[2024-12-23 13:36:48,553] INFO: Iter 1000 Summary: 
[2024-12-23 13:36:48,554] INFO: 	 lr: 0.009999999999999962 	 Training loss: 0.3443594652414322
[2024-12-23 13:36:48,938] INFO: 	 Body Test loss: 0.1728
[2024-12-23 13:36:48,938] INFO: 	 RH Test loss: 0.2250861562349334
[2024-12-23 13:36:48,938] INFO: 	 F1 score: 0
[2024-12-23 13:37:04,366] INFO: Iter 1250 Summary: 
[2024-12-23 13:37:04,367] INFO: 	 lr: 0.009999999999999962 	 Training loss: 0.3342302577495575
[2024-12-23 13:37:04,746] INFO: 	 Body Test loss: 0.17800000000000002
[2024-12-23 13:37:04,746] INFO: 	 RH Test loss: 0.22335839184765852
[2024-12-23 13:37:04,747] INFO: 	 F1 score: 0
[2024-12-23 13:37:20,073] INFO: Iter 1500 Summary: 
[2024-12-23 13:37:20,073] INFO: 	 lr: 0.009999999999999962 	 Training loss: 0.32722315287590026
[2024-12-23 13:37:20,454] INFO: 	 Body Test loss: 0.17400000000000002
[2024-12-23 13:37:20,454] INFO: 	 RH Test loss: 0.23172515104940017
[2024-12-23 13:37:20,454] INFO: 	 F1 score: 0
[2024-12-23 13:37:35,931] INFO: Iter 1750 Summary: 
[2024-12-23 13:37:35,932] INFO: 	 lr: 0.009999999999999962 	 Training loss: 0.31962841498851774
[2024-12-23 13:37:36,315] INFO: 	 Body Test loss: 0.1616
[2024-12-23 13:37:36,316] INFO: 	 RH Test loss: 0.21162468209074486
[2024-12-23 13:37:36,316] INFO: 	 F1 score: 0
[2024-12-23 13:37:51,630] INFO: Iter 2000 Summary: 
[2024-12-23 13:37:51,630] INFO: 	 lr: 0.009999999999999962 	 Training loss: 0.31639595127105713
[2024-12-23 13:37:52,012] INFO: 	 Body Test loss: 0.1576
[2024-12-23 13:37:52,012] INFO: 	 RH Test loss: 0.22581482113158372
[2024-12-23 13:37:52,012] INFO: 	 F1 score: 0
[2024-12-23 13:38:07,537] INFO: Iter 2250 Summary: 
[2024-12-23 13:38:07,537] INFO: 	 lr: 0.009999999999999962 	 Training loss: 0.3148909666538239
[2024-12-23 13:38:07,917] INFO: 	 Body Test loss: 0.156
[2024-12-23 13:38:07,917] INFO: 	 RH Test loss: 0.21122093417782628
[2024-12-23 13:38:07,917] INFO: 	 F1 score: 0
[2024-12-23 13:38:23,411] INFO: Iter 2500 Summary: 
[2024-12-23 13:38:23,412] INFO: 	 lr: 0.009999999999999962 	 Training loss: 0.3111532850265503
[2024-12-23 13:38:23,801] INFO: 	 Body Test loss: 0.1496
[2024-12-23 13:38:23,801] INFO: 	 RH Test loss: 0.20793350827483745
[2024-12-23 13:38:23,801] INFO: 	 F1 score: 0
[2024-12-23 13:38:39,502] INFO: Iter 2750 Summary: 
[2024-12-23 13:38:39,502] INFO: 	 lr: 0.009999999999999962 	 Training loss: 0.3081228666305542
[2024-12-23 13:38:39,890] INFO: 	 Body Test loss: 0.1468
[2024-12-23 13:38:39,890] INFO: 	 RH Test loss: 0.20790713755249676
[2024-12-23 13:38:39,891] INFO: 	 F1 score: 0
[2024-12-23 13:38:55,366] INFO: Iter 3000 Summary: 
[2024-12-23 13:38:55,367] INFO: 	 lr: 0.009999999999999962 	 Training loss: 0.3073421844244003
[2024-12-23 13:38:55,751] INFO: 	 Body Test loss: 0.14600000000000002
[2024-12-23 13:38:55,751] INFO: 	 RH Test loss: 0.19655838712937285
[2024-12-23 13:38:55,751] INFO: 	 F1 score: 0
[2024-12-23 13:39:11,247] INFO: Iter 3250 Summary: 
[2024-12-23 13:39:11,248] INFO: 	 lr: 0.009999999999999962 	 Training loss: 0.30763697063922885
[2024-12-23 13:39:11,635] INFO: 	 Body Test loss: 0.1564
[2024-12-23 13:39:11,635] INFO: 	 RH Test loss: 0.21195359708380038
[2024-12-23 13:39:11,635] INFO: 	 F1 score: 0
[2024-12-23 13:39:27,039] INFO: Iter 3500 Summary: 
[2024-12-23 13:39:27,040] INFO: 	 lr: 0.009999999999999962 	 Training loss: 0.30378312027454374
[2024-12-23 13:39:27,421] INFO: 	 Body Test loss: 0.1764
[2024-12-23 13:39:27,421] INFO: 	 RH Test loss: 0.23320491187218154
[2024-12-23 13:39:27,421] INFO: 	 F1 score: 0
[2024-12-23 13:39:42,860] INFO: Iter 3750 Summary: 
[2024-12-23 13:39:42,861] INFO: 	 lr: 0.009999999999999962 	 Training loss: 0.3023773658275604
[2024-12-23 13:39:43,247] INFO: 	 Body Test loss: 0.17679999999999998
[2024-12-23 13:39:43,247] INFO: 	 RH Test loss: 0.2129789290560283
[2024-12-23 13:39:43,248] INFO: 	 F1 score: 0
[2024-12-23 13:39:58,705] INFO: Iter 4000 Summary: 
[2024-12-23 13:39:58,705] INFO: 	 lr: 0.009999999999999962 	 Training loss: 0.3016217203140259
[2024-12-23 13:39:59,088] INFO: 	 Body Test loss: 0.1524
[2024-12-23 13:39:59,088] INFO: 	 RH Test loss: 0.20999122070125129
[2024-12-23 13:39:59,088] INFO: 	 F1 score: 0
[2024-12-23 13:40:14,600] INFO: Iter 4250 Summary: 
[2024-12-23 13:40:14,600] INFO: 	 lr: 0.009999999999999962 	 Training loss: 0.3008353216648102
[2024-12-23 13:40:14,985] INFO: 	 Body Test loss: 0.16760000000000003
[2024-12-23 13:40:14,985] INFO: 	 RH Test loss: 0.21883229405213364
[2024-12-23 13:40:14,985] INFO: 	 F1 score: 0
[2024-12-23 13:40:30,432] INFO: Iter 4500 Summary: 
[2024-12-23 13:40:30,432] INFO: 	 lr: 0.009999999999999962 	 Training loss: 0.29863576114177703
[2024-12-23 13:40:30,814] INFO: 	 Body Test loss: 0.17200000000000004
[2024-12-23 13:40:30,814] INFO: 	 RH Test loss: 0.23062113348723057
[2024-12-23 13:40:30,814] INFO: 	 F1 score: 0
[2024-12-23 13:40:46,087] INFO: Iter 4750 Summary: 
[2024-12-23 13:40:46,088] INFO: 	 lr: 0.009999999999999962 	 Training loss: 0.29758772563934327
[2024-12-23 13:40:46,469] INFO: 	 Body Test loss: 0.16240000000000002
[2024-12-23 13:40:46,470] INFO: 	 RH Test loss: 0.19978238361007922
[2024-12-23 13:40:46,470] INFO: 	 F1 score: 0
[2024-12-23 13:41:01,980] INFO: Iter 5000 Summary: 
[2024-12-23 13:41:01,981] INFO: 	 lr: 0.009999999999999962 	 Training loss: 0.29452143716812135
[2024-12-23 13:41:02,369] INFO: 	 Body Test loss: 0.1548
[2024-12-23 13:41:02,369] INFO: 	 RH Test loss: 0.19201356104399153
[2024-12-23 13:41:02,369] INFO: 	 F1 score: 0
[2024-12-23 13:41:02,764] INFO: 	 Total number of parameters: 126504
[2024-12-23 13:41:03,466] INFO: Testing with subject ['S9'] 
[2024-12-23 13:41:03,466] INFO: Training with subjects ['S10', 'S5', 'S3', 'S6', 'S8', 'S4', 'S7'] 
[2024-12-23 13:41:18,920] INFO: Iter 250 Summary: 
[2024-12-23 13:41:18,920] INFO: 	 lr: 0.009999999999999962 	 Training loss: 0.7810311578512191
[2024-12-23 13:41:19,304] INFO: 	 Body Test loss: 0.264
[2024-12-23 13:41:19,304] INFO: 	 RH Test loss: 0.30228510012216914
[2024-12-23 13:41:19,304] INFO: 	 F1 score: 0
[2024-12-23 13:41:34,836] INFO: Iter 500 Summary: 
[2024-12-23 13:41:34,836] INFO: 	 lr: 0.009999999999999962 	 Training loss: 0.37464018261432647
[2024-12-23 13:41:35,217] INFO: 	 Body Test loss: 0.20120000000000002
[2024-12-23 13:41:35,218] INFO: 	 RH Test loss: 0.2269093930647056
[2024-12-23 13:41:35,218] INFO: 	 F1 score: 0
[2024-12-23 13:41:50,580] INFO: Iter 750 Summary: 
[2024-12-23 13:41:50,580] INFO: 	 lr: 0.009999999999999962 	 Training loss: 0.3389535983800888
[2024-12-23 13:41:50,963] INFO: 	 Body Test loss: 0.19880000000000003
[2024-12-23 13:41:50,963] INFO: 	 RH Test loss: 0.22223849019256062
[2024-12-23 13:41:50,963] INFO: 	 F1 score: 0
[2024-12-23 13:42:06,435] INFO: Iter 1000 Summary: 
[2024-12-23 13:42:06,435] INFO: 	 lr: 0.009999999999999962 	 Training loss: 0.3297715240716934
[2024-12-23 13:42:06,821] INFO: 	 Body Test loss: 0.17840000000000003
[2024-12-23 13:42:06,821] INFO: 	 RH Test loss: 0.21644016194610788
[2024-12-23 13:42:06,821] INFO: 	 F1 score: 0
[2024-12-23 13:42:22,305] INFO: Iter 1250 Summary: 
[2024-12-23 13:42:22,305] INFO: 	 lr: 0.009999999999999962 	 Training loss: 0.3218711847066879
[2024-12-23 13:42:22,690] INFO: 	 Body Test loss: 0.18800000000000006
[2024-12-23 13:42:22,690] INFO: 	 RH Test loss: 0.22460132184390855
[2024-12-23 13:42:22,690] INFO: 	 F1 score: 0
[2024-12-23 13:42:37,994] INFO: Iter 1500 Summary: 
[2024-12-23 13:42:37,994] INFO: 	 lr: 0.009999999999999962 	 Training loss: 0.32007448852062226
[2024-12-23 13:42:38,375] INFO: 	 Body Test loss: 0.1936
[2024-12-23 13:42:38,375] INFO: 	 RH Test loss: 0.2260672358112644
[2024-12-23 13:42:38,375] INFO: 	 F1 score: 0
[2024-12-23 13:42:53,888] INFO: Iter 1750 Summary: 
[2024-12-23 13:42:53,888] INFO: 	 lr: 0.009999999999999962 	 Training loss: 0.31323971128463746
[2024-12-23 13:42:54,269] INFO: 	 Body Test loss: 0.196
[2024-12-23 13:42:54,269] INFO: 	 RH Test loss: 0.2328648785844093
[2024-12-23 13:42:54,269] INFO: 	 F1 score: 0
[2024-12-23 13:43:09,572] INFO: Iter 2000 Summary: 
[2024-12-23 13:43:09,572] INFO: 	 lr: 0.009999999999999962 	 Training loss: 0.31071624958515165
[2024-12-23 13:43:09,958] INFO: 	 Body Test loss: 0.17520000000000002
[2024-12-23 13:43:09,958] INFO: 	 RH Test loss: 0.21448628135814168
[2024-12-23 13:43:09,958] INFO: 	 F1 score: 0
[2024-12-23 13:43:25,423] INFO: Iter 2250 Summary: 
[2024-12-23 13:43:25,423] INFO: 	 lr: 0.009999999999999962 	 Training loss: 0.310460800409317
[2024-12-23 13:43:25,814] INFO: 	 Body Test loss: 0.1928
[2024-12-23 13:43:25,815] INFO: 	 RH Test loss: 0.2264309992618014
[2024-12-23 13:43:25,815] INFO: 	 F1 score: 0
[2024-12-23 13:43:41,267] INFO: Iter 2500 Summary: 
[2024-12-23 13:43:41,267] INFO: 	 lr: 0.009999999999999962 	 Training loss: 0.3059581032991409
[2024-12-23 13:43:41,660] INFO: 	 Body Test loss: 0.17679999999999998
[2024-12-23 13:43:41,660] INFO: 	 RH Test loss: 0.22048132069826423
[2024-12-23 13:43:41,660] INFO: 	 F1 score: 0
[2024-12-23 13:43:57,432] INFO: Iter 2750 Summary: 
[2024-12-23 13:43:57,433] INFO: 	 lr: 0.009999999999999962 	 Training loss: 0.3047789772748947
[2024-12-23 13:43:57,813] INFO: 	 Body Test loss: 0.17320000000000005
[2024-12-23 13:43:57,814] INFO: 	 RH Test loss: 0.21942160162207197
[2024-12-23 13:43:57,814] INFO: 	 F1 score: 0
[2024-12-23 13:44:13,324] INFO: Iter 3000 Summary: 
[2024-12-23 13:44:13,324] INFO: 	 lr: 0.009999999999999962 	 Training loss: 0.3010903710126877
[2024-12-23 13:44:13,708] INFO: 	 Body Test loss: 0.17240000000000003
[2024-12-23 13:44:13,708] INFO: 	 RH Test loss: 0.2166913627123328
[2024-12-23 13:44:13,709] INFO: 	 F1 score: 0
[2024-12-23 13:44:29,143] INFO: Iter 3250 Summary: 
[2024-12-23 13:44:29,143] INFO: 	 lr: 0.009999999999999962 	 Training loss: 0.3009027568101883
[2024-12-23 13:44:29,532] INFO: 	 Body Test loss: 0.1812
[2024-12-23 13:44:29,533] INFO: 	 RH Test loss: 0.2162315978386334
[2024-12-23 13:44:29,533] INFO: 	 F1 score: 0
[2024-12-23 13:44:44,920] INFO: Iter 3500 Summary: 
[2024-12-23 13:44:44,920] INFO: 	 lr: 0.009999999999999962 	 Training loss: 0.2995229954719543
[2024-12-23 13:44:45,309] INFO: 	 Body Test loss: 0.17679999999999998
[2024-12-23 13:44:45,309] INFO: 	 RH Test loss: 0.21027405409260677
[2024-12-23 13:44:45,309] INFO: 	 F1 score: 0
[2024-12-23 13:45:00,778] INFO: Iter 3750 Summary: 
[2024-12-23 13:45:00,779] INFO: 	 lr: 0.009999999999999962 	 Training loss: 0.2986311068534851
[2024-12-23 13:45:01,165] INFO: 	 Body Test loss: 0.18719999999999998
[2024-12-23 13:45:01,165] INFO: 	 RH Test loss: 0.23671960371072084
[2024-12-23 13:45:01,165] INFO: 	 F1 score: 0
[2024-12-23 13:45:16,477] INFO: Iter 4000 Summary: 
[2024-12-23 13:45:16,477] INFO: 	 lr: 0.009999999999999962 	 Training loss: 0.2987494343519211
[2024-12-23 13:45:16,859] INFO: 	 Body Test loss: 0.18560000000000001
[2024-12-23 13:45:16,859] INFO: 	 RH Test loss: 0.23331695148686543
[2024-12-23 13:45:16,859] INFO: 	 F1 score: 0
[2024-12-23 13:45:32,327] INFO: Iter 4250 Summary: 
[2024-12-23 13:45:32,327] INFO: 	 lr: 0.009999999999999962 	 Training loss: 0.29849317789077756
[2024-12-23 13:45:32,708] INFO: 	 Body Test loss: 0.17240000000000003
[2024-12-23 13:45:32,708] INFO: 	 RH Test loss: 0.21099337740526403
[2024-12-23 13:45:32,708] INFO: 	 F1 score: 0
[2024-12-23 13:45:48,251] INFO: Iter 4500 Summary: 
[2024-12-23 13:45:48,251] INFO: 	 lr: 0.009999999999999962 	 Training loss: 0.2961195192337036
[2024-12-23 13:45:48,632] INFO: 	 Body Test loss: 0.17440000000000005
[2024-12-23 13:45:48,632] INFO: 	 RH Test loss: 0.21713098666142408
[2024-12-23 13:45:48,632] INFO: 	 F1 score: 0
[2024-12-23 13:46:04,000] INFO: Iter 4750 Summary: 
[2024-12-23 13:46:04,001] INFO: 	 lr: 0.009999999999999962 	 Training loss: 0.29406235814094545
[2024-12-23 13:46:04,389] INFO: 	 Body Test loss: 0.1808
[2024-12-23 13:46:04,389] INFO: 	 RH Test loss: 0.22111790173674284
[2024-12-23 13:46:04,390] INFO: 	 F1 score: 0
[2024-12-23 13:46:19,821] INFO: Iter 5000 Summary: 
[2024-12-23 13:46:19,821] INFO: 	 lr: 0.009999999999999962 	 Training loss: 0.29462298393249514
[2024-12-23 13:46:20,207] INFO: 	 Body Test loss: 0.16599999999999998
[2024-12-23 13:46:20,207] INFO: 	 RH Test loss: 0.20956860317239723
[2024-12-23 13:46:20,207] INFO: 	 F1 score: 0
[2024-12-23 13:46:20,610] INFO: 	 Total number of parameters: 126504
[2024-12-23 13:46:21,304] INFO: Testing with subject ['S4'] 
[2024-12-23 13:46:21,304] INFO: Training with subjects ['S10', 'S5', 'S3', 'S6', 'S8', 'S9', 'S7'] 
[2024-12-23 13:46:36,759] INFO: Iter 250 Summary: 
[2024-12-23 13:46:36,759] INFO: 	 lr: 0.009999999999999962 	 Training loss: 0.760077100276947
[2024-12-23 13:46:37,047] INFO: 	 Body Test loss: 0.21119999999999997
[2024-12-23 13:46:37,048] INFO: 	 RH Test loss: 0.2353851957493991
[2024-12-23 13:46:37,048] INFO: 	 F1 score: 0
[2024-12-23 13:46:52,515] INFO: Iter 500 Summary: 
[2024-12-23 13:46:52,516] INFO: 	 lr: 0.009999999999999962 	 Training loss: 0.361712348818779
[2024-12-23 13:46:52,807] INFO: 	 Body Test loss: 0.172
[2024-12-23 13:46:52,807] INFO: 	 RH Test loss: 0.18708737150251967
[2024-12-23 13:46:52,808] INFO: 	 F1 score: 0
[2024-12-23 13:47:08,154] INFO: Iter 750 Summary: 
[2024-12-23 13:47:08,154] INFO: 	 lr: 0.009999999999999962 	 Training loss: 0.33411647617816925
[2024-12-23 13:47:08,445] INFO: 	 Body Test loss: 0.1736
[2024-12-23 13:47:08,445] INFO: 	 RH Test loss: 0.19945453306006442
[2024-12-23 13:47:08,446] INFO: 	 F1 score: 0
[2024-12-23 13:47:23,980] INFO: Iter 1000 Summary: 
[2024-12-23 13:47:23,980] INFO: 	 lr: 0.009999999999999962 	 Training loss: 0.3235696842670441
[2024-12-23 13:47:24,269] INFO: 	 Body Test loss: 0.1776
[2024-12-23 13:47:24,269] INFO: 	 RH Test loss: 0.21514990113712415
[2024-12-23 13:47:24,269] INFO: 	 F1 score: 0
[2024-12-23 13:47:39,664] INFO: Iter 1250 Summary: 
[2024-12-23 13:47:39,665] INFO: 	 lr: 0.009999999999999962 	 Training loss: 0.31715842151641843
[2024-12-23 13:47:39,951] INFO: 	 Body Test loss: 0.1708
[2024-12-23 13:47:39,951] INFO: 	 RH Test loss: 0.20425924180170654
[2024-12-23 13:47:39,951] INFO: 	 F1 score: 0
[2024-12-23 13:47:55,369] INFO: Iter 1500 Summary: 
[2024-12-23 13:47:55,369] INFO: 	 lr: 0.009999999999999962 	 Training loss: 0.3142608298063278
[2024-12-23 13:47:55,659] INFO: 	 Body Test loss: 0.17279999999999998
[2024-12-23 13:47:55,660] INFO: 	 RH Test loss: 0.20484310700041064
[2024-12-23 13:47:55,660] INFO: 	 F1 score: 0
[2024-12-23 13:48:11,398] INFO: Iter 1750 Summary: 
[2024-12-23 13:48:11,398] INFO: 	 lr: 0.009999999999999962 	 Training loss: 0.310636990070343
[2024-12-23 13:48:11,693] INFO: 	 Body Test loss: 0.17880000000000001
[2024-12-23 13:48:11,693] INFO: 	 RH Test loss: 0.2072333860790121
[2024-12-23 13:48:11,693] INFO: 	 F1 score: 0
[2024-12-23 13:48:27,365] INFO: Iter 2000 Summary: 
[2024-12-23 13:48:27,366] INFO: 	 lr: 0.009999999999999962 	 Training loss: 0.3070482589006424
[2024-12-23 13:48:27,653] INFO: 	 Body Test loss: 0.17120000000000002
[2024-12-23 13:48:27,653] INFO: 	 RH Test loss: 0.20894524522432587
[2024-12-23 13:48:27,653] INFO: 	 F1 score: 0
[2024-12-23 13:48:44,023] INFO: Iter 2250 Summary: 
[2024-12-23 13:48:44,023] INFO: 	 lr: 0.009999999999999962 	 Training loss: 0.30325202488899233
[2024-12-23 13:48:44,312] INFO: 	 Body Test loss: 0.16399999999999998
[2024-12-23 13:48:44,313] INFO: 	 RH Test loss: 0.18895199606014043
[2024-12-23 13:48:44,313] INFO: 	 F1 score: 0
[2024-12-23 13:48:59,777] INFO: Iter 2500 Summary: 
[2024-12-23 13:48:59,778] INFO: 	 lr: 0.009999999999999962 	 Training loss: 0.3024639059305191
[2024-12-23 13:49:00,077] INFO: 	 Body Test loss: 0.1616
[2024-12-23 13:49:00,078] INFO: 	 RH Test loss: 0.2104674940407767
[2024-12-23 13:49:00,078] INFO: 	 F1 score: 0
[2024-12-23 13:49:15,625] INFO: Iter 2750 Summary: 
[2024-12-23 13:49:15,625] INFO: 	 lr: 0.009999999999999962 	 Training loss: 0.3011993602514267
[2024-12-23 13:49:15,911] INFO: 	 Body Test loss: 0.1736
[2024-12-23 13:49:15,911] INFO: 	 RH Test loss: 0.21091300295055204
[2024-12-23 13:49:15,911] INFO: 	 F1 score: 0
[2024-12-23 13:49:31,347] INFO: Iter 3000 Summary: 
[2024-12-23 13:49:31,347] INFO: 	 lr: 0.009999999999999962 	 Training loss: 0.2977701930999756
[2024-12-23 13:49:31,636] INFO: 	 Body Test loss: 0.16240000000000002
[2024-12-23 13:49:31,637] INFO: 	 RH Test loss: 0.19452269536855785
[2024-12-23 13:49:31,637] INFO: 	 F1 score: 0
[2024-12-23 13:49:47,089] INFO: Iter 3250 Summary: 
[2024-12-23 13:49:47,089] INFO: 	 lr: 0.009999999999999962 	 Training loss: 0.29857687711715697
[2024-12-23 13:49:47,379] INFO: 	 Body Test loss: 0.15639999999999998
[2024-12-23 13:49:47,379] INFO: 	 RH Test loss: 0.18949266527983466
[2024-12-23 13:49:47,379] INFO: 	 F1 score: 0
[2024-12-23 13:50:02,697] INFO: Iter 3500 Summary: 
[2024-12-23 13:50:02,697] INFO: 	 lr: 0.009999999999999962 	 Training loss: 0.2972195534706116
[2024-12-23 13:50:02,986] INFO: 	 Body Test loss: 0.15680000000000002
[2024-12-23 13:50:02,986] INFO: 	 RH Test loss: 0.19637779147856713
[2024-12-23 13:50:02,986] INFO: 	 F1 score: 0
[2024-12-23 13:50:18,555] INFO: Iter 3750 Summary: 
[2024-12-23 13:50:18,555] INFO: 	 lr: 0.009999999999999962 	 Training loss: 0.2947598437666893
[2024-12-23 13:50:18,842] INFO: 	 Body Test loss: 0.15639999999999998
[2024-12-23 13:50:18,842] INFO: 	 RH Test loss: 0.19199389770356984
[2024-12-23 13:50:18,843] INFO: 	 F1 score: 0
[2024-12-23 13:50:34,245] INFO: Iter 4000 Summary: 
[2024-12-23 13:50:34,245] INFO: 	 lr: 0.009999999999999962 	 Training loss: 0.29395692932605744
[2024-12-23 13:50:34,534] INFO: 	 Body Test loss: 0.1588
[2024-12-23 13:50:34,534] INFO: 	 RH Test loss: 0.19935166126420903
[2024-12-23 13:50:34,534] INFO: 	 F1 score: 0
[2024-12-23 13:50:49,953] INFO: Iter 4250 Summary: 
[2024-12-23 13:50:49,953] INFO: 	 lr: 0.009999999999999962 	 Training loss: 0.29226506102085115
[2024-12-23 13:50:50,240] INFO: 	 Body Test loss: 0.15439999999999998
[2024-12-23 13:50:50,240] INFO: 	 RH Test loss: 0.20507614668354368
[2024-12-23 13:50:50,241] INFO: 	 F1 score: 0
[2024-12-23 13:51:05,701] INFO: Iter 4500 Summary: 
[2024-12-23 13:51:05,701] INFO: 	 lr: 0.009999999999999962 	 Training loss: 0.28874602895975116
[2024-12-23 13:51:05,988] INFO: 	 Body Test loss: 0.1752
[2024-12-23 13:51:05,989] INFO: 	 RH Test loss: 0.2322799840986827
[2024-12-23 13:51:05,989] INFO: 	 F1 score: 0
[2024-12-23 13:51:21,277] INFO: Iter 4750 Summary: 
[2024-12-23 13:51:21,278] INFO: 	 lr: 0.009999999999999962 	 Training loss: 0.28790633571147917
[2024-12-23 13:51:21,568] INFO: 	 Body Test loss: 0.1576
[2024-12-23 13:51:21,568] INFO: 	 RH Test loss: 0.18574464244936795
[2024-12-23 13:51:21,568] INFO: 	 F1 score: 0
[2024-12-23 13:51:37,034] INFO: Iter 5000 Summary: 
[2024-12-23 13:51:37,035] INFO: 	 lr: 0.009999999999999962 	 Training loss: 0.28568608355522157
[2024-12-23 13:51:37,322] INFO: 	 Body Test loss: 0.1484
[2024-12-23 13:51:37,322] INFO: 	 RH Test loss: 0.19943821892903313
[2024-12-23 13:51:37,323] INFO: 	 F1 score: 0
[2024-12-23 13:51:37,627] INFO: 	 Total number of parameters: 126504
[2024-12-23 13:51:38,333] INFO: Testing with subject ['S7'] 
[2024-12-23 13:51:38,334] INFO: Training with subjects ['S10', 'S5', 'S3', 'S6', 'S8', 'S9', 'S4'] 
[2024-12-23 13:51:53,849] INFO: Iter 250 Summary: 
[2024-12-23 13:51:53,849] INFO: 	 lr: 0.009999999999999962 	 Training loss: 0.7482782425880432
[2024-12-23 13:51:54,182] INFO: 	 Body Test loss: 0.22680000000000003
[2024-12-23 13:51:54,182] INFO: 	 RH Test loss: 0.2797348863517537
[2024-12-23 13:51:54,182] INFO: 	 F1 score: 0
[2024-12-23 13:52:09,697] INFO: Iter 500 Summary: 
[2024-12-23 13:52:09,697] INFO: 	 lr: 0.009999999999999962 	 Training loss: 0.36326021027565003
[2024-12-23 13:52:10,035] INFO: 	 Body Test loss: 0.18400000000000002
[2024-12-23 13:52:10,035] INFO: 	 RH Test loss: 0.23332572908962468
[2024-12-23 13:52:10,036] INFO: 	 F1 score: 0
[2024-12-23 13:52:25,356] INFO: Iter 750 Summary: 
[2024-12-23 13:52:25,356] INFO: 	 lr: 0.009999999999999962 	 Training loss: 0.3347924921512604
[2024-12-23 13:52:25,695] INFO: 	 Body Test loss: 0.18040000000000003
[2024-12-23 13:52:25,695] INFO: 	 RH Test loss: 0.22559843747756061
[2024-12-23 13:52:25,695] INFO: 	 F1 score: 0
[2024-12-23 13:52:41,177] INFO: Iter 1000 Summary: 
[2024-12-23 13:52:41,178] INFO: 	 lr: 0.009999999999999962 	 Training loss: 0.3253413290977478
[2024-12-23 13:52:41,524] INFO: 	 Body Test loss: 0.1764
[2024-12-23 13:52:41,524] INFO: 	 RH Test loss: 0.21865965599172255
[2024-12-23 13:52:41,525] INFO: 	 F1 score: 0
[2024-12-23 13:52:56,988] INFO: Iter 1250 Summary: 
[2024-12-23 13:52:56,988] INFO: 	 lr: 0.009999999999999962 	 Training loss: 0.3174918246269226
[2024-12-23 13:52:57,323] INFO: 	 Body Test loss: 0.172
[2024-12-23 13:52:57,323] INFO: 	 RH Test loss: 0.22172928029649397
[2024-12-23 13:52:57,323] INFO: 	 F1 score: 0
[2024-12-23 13:53:12,748] INFO: Iter 1500 Summary: 
[2024-12-23 13:53:12,748] INFO: 	 lr: 0.009999999999999962 	 Training loss: 0.31220749497413636
[2024-12-23 13:53:13,083] INFO: 	 Body Test loss: 0.1744
[2024-12-23 13:53:13,083] INFO: 	 RH Test loss: 0.22611071447765127
[2024-12-23 13:53:13,083] INFO: 	 F1 score: 0
[2024-12-23 13:53:28,527] INFO: Iter 1750 Summary: 
[2024-12-23 13:53:28,528] INFO: 	 lr: 0.009999999999999962 	 Training loss: 0.3075339603424072
[2024-12-23 13:53:28,861] INFO: 	 Body Test loss: 0.1716
[2024-12-23 13:53:28,862] INFO: 	 RH Test loss: 0.21803526078953464
[2024-12-23 13:53:28,862] INFO: 	 F1 score: 0
[2024-12-23 13:53:44,104] INFO: Iter 2000 Summary: 
[2024-12-23 13:53:44,104] INFO: 	 lr: 0.009999999999999962 	 Training loss: 0.30605094170570374
[2024-12-23 13:53:44,437] INFO: 	 Body Test loss: 0.176
[2024-12-23 13:53:44,438] INFO: 	 RH Test loss: 0.2255213192210478
[2024-12-23 13:53:44,438] INFO: 	 F1 score: 0
[2024-12-23 13:53:59,904] INFO: Iter 2250 Summary: 
[2024-12-23 13:53:59,905] INFO: 	 lr: 0.009999999999999962 	 Training loss: 0.3030681904554367
[2024-12-23 13:54:00,239] INFO: 	 Body Test loss: 0.16760000000000003
[2024-12-23 13:54:00,239] INFO: 	 RH Test loss: 0.21779297698946562
[2024-12-23 13:54:00,239] INFO: 	 F1 score: 0
[2024-12-23 13:54:15,719] INFO: Iter 2500 Summary: 
[2024-12-23 13:54:15,719] INFO: 	 lr: 0.009999999999999962 	 Training loss: 0.3016929758787155
[2024-12-23 13:54:16,053] INFO: 	 Body Test loss: 0.1764
[2024-12-23 13:54:16,054] INFO: 	 RH Test loss: 0.22026308856290927
[2024-12-23 13:54:16,054] INFO: 	 F1 score: 0
[2024-12-23 13:54:31,702] INFO: Iter 2750 Summary: 
[2024-12-23 13:54:31,702] INFO: 	 lr: 0.009999999999999962 	 Training loss: 0.3001781804561615
[2024-12-23 13:54:32,035] INFO: 	 Body Test loss: 0.1796
[2024-12-23 13:54:32,035] INFO: 	 RH Test loss: 0.22331356569598704
[2024-12-23 13:54:32,035] INFO: 	 F1 score: 0
[2024-12-23 13:54:47,550] INFO: Iter 3000 Summary: 
[2024-12-23 13:54:47,550] INFO: 	 lr: 0.009999999999999962 	 Training loss: 0.29835518622398377
[2024-12-23 13:54:47,885] INFO: 	 Body Test loss: 0.15639999999999998
[2024-12-23 13:54:47,885] INFO: 	 RH Test loss: 0.20729729013583242
[2024-12-23 13:54:47,885] INFO: 	 F1 score: 0
[2024-12-23 13:55:03,373] INFO: Iter 3250 Summary: 
[2024-12-23 13:55:03,374] INFO: 	 lr: 0.009999999999999962 	 Training loss: 0.2962701884508133
[2024-12-23 13:55:03,704] INFO: 	 Body Test loss: 0.15960000000000002
[2024-12-23 13:55:03,704] INFO: 	 RH Test loss: 0.2081643381539513
[2024-12-23 13:55:03,704] INFO: 	 F1 score: 0
[2024-12-23 13:55:19,084] INFO: Iter 3500 Summary: 
[2024-12-23 13:55:19,084] INFO: 	 lr: 0.009999999999999962 	 Training loss: 0.29732890939712525
[2024-12-23 13:55:19,424] INFO: 	 Body Test loss: 0.1584
[2024-12-23 13:55:19,424] INFO: 	 RH Test loss: 0.20871501102868248
[2024-12-23 13:55:19,424] INFO: 	 F1 score: 0
[2024-12-23 13:55:34,865] INFO: Iter 3750 Summary: 
[2024-12-23 13:55:34,865] INFO: 	 lr: 0.009999999999999962 	 Training loss: 0.29521803790330886
[2024-12-23 13:55:35,195] INFO: 	 Body Test loss: 0.1548
[2024-12-23 13:55:35,196] INFO: 	 RH Test loss: 0.2049630387109869
[2024-12-23 13:55:35,196] INFO: 	 F1 score: 0
[2024-12-23 13:55:50,507] INFO: Iter 4000 Summary: 
[2024-12-23 13:55:50,507] INFO: 	 lr: 0.009999999999999962 	 Training loss: 0.29146653896570207
[2024-12-23 13:55:50,838] INFO: 	 Body Test loss: 0.15839999999999999
[2024-12-23 13:55:50,838] INFO: 	 RH Test loss: 0.20956075460069315
[2024-12-23 13:55:50,838] INFO: 	 F1 score: 0
[2024-12-23 13:56:06,366] INFO: Iter 4250 Summary: 
[2024-12-23 13:56:06,366] INFO: 	 lr: 0.009999999999999962 	 Training loss: 0.29115296131372453
[2024-12-23 13:56:06,698] INFO: 	 Body Test loss: 0.17040000000000002
[2024-12-23 13:56:06,698] INFO: 	 RH Test loss: 0.21964101930225596
[2024-12-23 13:56:06,698] INFO: 	 F1 score: 0
[2024-12-23 13:56:22,209] INFO: Iter 4500 Summary: 
[2024-12-23 13:56:22,210] INFO: 	 lr: 0.009999999999999962 	 Training loss: 0.2903779683113098
[2024-12-23 13:56:22,541] INFO: 	 Body Test loss: 0.16879999999999998
[2024-12-23 13:56:22,541] INFO: 	 RH Test loss: 0.22382707224172702
[2024-12-23 13:56:22,541] INFO: 	 F1 score: 0
[2024-12-23 13:56:37,880] INFO: Iter 4750 Summary: 
[2024-12-23 13:56:37,881] INFO: 	 lr: 0.009999999999999962 	 Training loss: 0.28996145963668823
[2024-12-23 13:56:38,215] INFO: 	 Body Test loss: 0.17800000000000002
[2024-12-23 13:56:38,215] INFO: 	 RH Test loss: 0.22712846964247088
[2024-12-23 13:56:38,215] INFO: 	 F1 score: 0
[2024-12-23 13:56:53,633] INFO: Iter 5000 Summary: 
[2024-12-23 13:56:53,634] INFO: 	 lr: 0.009999999999999962 	 Training loss: 0.2903970013856888
[2024-12-23 13:56:53,970] INFO: 	 Body Test loss: 0.1628
[2024-12-23 13:56:53,970] INFO: 	 RH Test loss: 0.21041662533844221
[2024-12-23 13:56:53,970] INFO: 	 F1 score: 0
[2024-12-23 13:56:54,319] INFO: 	 Total number of parameters: 126504
[2024-12-23 13:56:54,333] INFO: Mean L2_body is 0.1757
[2024-12-23 13:56:54,333] INFO: Mean L2_right_hand is 0.21876953705714677
[2024-12-23 13:56:54,333] INFO: Under 0.10 is 15.211904235184193
[2024-12-23 13:56:54,333] INFO: Under 0.15 is 36.19047738611698
[2024-12-23 13:56:54,333] INFO: Under 0.20 is 64.70952406525612
[2024-12-23 13:56:54,333] INFO: Under 0.30 is 94.24999952316284
[2024-12-23 13:56:54,333] INFO: Intention Accuracy is 0.0
[2024-12-23 13:56:54,333] INFO: F1 Score is 0.0
[2024-12-23 13:56:54,333] INFO: Metrics are {'L2_body': [0.14279999999999998, 0.2028, 0.23759999999999998, 0.19039999999999999, 0.1548, 0.16599999999999998, 0.1484, 0.1628], 'L2_right_hand': [0.18529547033231122, 0.26499960770940867, 0.26796194483866503, 0.22046226509292538, 0.19201356104399153, 0.20956860317239723, 0.19943821892903313, 0.21041662533844221], 'under_0.10m': [21.333332359790802, 10.399999469518661, 11.999999731779099, 13.333334028720856, 18.285714089870453, 13.14285546541214, 19.199998676776886, 14.000000059604645], 'under_0.15m': [50.66666603088379, 21.59999907016754, 25.333333015441895, 25.333335995674133, 40.00000357627869, 34.85714793205261, 54.40000295639038, 37.333330512046814], 'under_0.20m': [90.66666960716248, 38.40000033378601, 46.00000083446503, 45.33333480358124, 71.99999690055847, 69.14286017417908, 80.79999685287476, 75.3333330154419], 'under_0.30m': [100.0, 91.99999570846558, 75.3333330154419, 94.66666579246521, 97.7142870426178, 94.28571462631226, 100.0, 100.0], 'accuracy': [0, 0, 0, 0, 0, 0, 0, 0], 'f1_score': [0, 0, 0, 0, 0, 0, 0, 0]}
