[2025-01-21 10:40:41,074] INFO: {
    "abs_dir": "/home/gerard/Documents/IRI/Repos/siMLPe/exps/baseline_handover",
    "actions_to_load": "all",
    "batch_size": 256,
    "classifier": {
        "flatten": true
    },
    "cos_lr_max": 0.01,
    "cos_lr_min": 1e-05,
    "cos_lr_total_iters": 5000,
    "cosine_lr": true,
    "data_aug": true,
    "deriv_input": true,
    "deriv_output": true,
    "eval_condition_with_classifier_int": false,
    "eval_every": 250,
    "handover_anno_dir": "/home/gerard/Documents/IRI/Repos/siMLPe/data/handover/",
    "link_log_file": "/home/gerard/Documents/IRI/Repos/siMLPe/exps/baseline_handover/log/log_last.log",
    "link_val_log_file": "/home/gerard/Documents/IRI/Repos/siMLPe/exps/baseline_handover/log/val_last.log",
    "log_dir": "/home/gerard/Documents/IRI/Repos/siMLPe/exps/baseline_handover/log",
    "log_file": "/home/gerard/Documents/IRI/Repos/siMLPe/exps/baseline_handover/log/log_2025_01_21_10_35_08.log",
    "log_file_leave_one_out": "/home/gerard/Documents/IRI/Repos/siMLPe/exps/baseline_handover/log/log_loo2025_01_21_10_35_08.log",
    "model_pth": null,
    "motion": {
        "dim": 27,
        "handover_input_length": 50,
        "handover_input_length_dct": 50,
        "handover_target_length": 10,
        "handover_target_length_eval": 25,
        "handover_target_length_train": 10
    },
    "motion_fc_in": {
        "activation": "relu",
        "in_features": 27,
        "init_w_trunc_normal": false,
        "out_features": 27,
        "temporal_fc": false,
        "with_norm": false
    },
    "motion_fc_out": {
        "activation": "relu",
        "in_features": 27,
        "init_w_trunc_normal": true,
        "out_features": 27,
        "temporal_fc": false,
        "with_norm": false
    },
    "motion_gcn_in": {
        "do": 0,
        "gcn_in": false,
        "in_features": 27,
        "n_node": 50,
        "num_stage": 0,
        "out_features": 27
    },
    "motion_gcn_out": {
        "do": 0,
        "gcn_out": false,
        "in_features": 27,
        "n_node": 50,
        "num_stage": 0,
        "out_features": 27
    },
    "motion_int": {
        "binary": true,
        "input_dim": 1,
        "int_cond": true,
        "num_emb": 2,
        "output_dim": 27
    },
    "motion_mlp": {
        "hidden_dim": 27,
        "norm_axis": "spatial",
        "num_layers": 48,
        "seq_len": 50,
        "spatial_fc_only": false,
        "with_normalization": true
    },
    "motion_ree": {
        "embedding_size": 3,
        "gcn_concatenation": false,
        "gcn_do": 0,
        "gcn_n_node": 50,
        "gcn_num_stage": 0,
        "input_dim": 3,
        "ree_concatenation": false,
        "ree_cond": false,
        "ree_sum": false
    },
    "num_workers": 6,
    "only_classification": false,
    "post_dct": false,
    "pre_dct": false,
    "print_every": 250,
    "repo_name": "siMLPe",
    "root_dir": "/home/gerard/Documents/IRI/Repos/siMLPe",
    "save_every": 5000,
    "seed": 304,
    "shift_step": 1,
    "snapshot_dir": "/home/gerard/Documents/IRI/Repos/siMLPe/exps/baseline_handover/log/snapshot",
    "this_dir": "baseline_handover",
    "total_iters": 5000,
    "use_colab_loss": true,
    "use_int_class": false,
    "use_loss_layer": false,
    "use_ree_loss": true,
    "use_relative_loss": true,
    "use_relative_loss_rh": false,
    "use_rh_distance_joints_loss": true,
    "use_rh_loss": false,
    "val_log_file": "/home/gerard/Documents/IRI/Repos/siMLPe/exps/baseline_handover/log/val_2025_01_21_10_35_08.log",
    "viz_GCN_folder": false,
    "weight_decay": 0.0001
}
[2025-01-21 10:40:41,783] INFO: Testing with subject ['S5'] 
[2025-01-21 10:40:41,783] INFO: Training with subjects ['S3', 'S6', 'S8', 'S9', 'S4', 'S7', 'S10'] 
[2025-01-21 10:40:57,913] INFO: Iter 250 Summary: 
[2025-01-21 10:40:57,914] INFO: 	 lr: 0.009999999999999962 	 Training loss: 0.9000585901737214
[2025-01-21 10:40:58,197] INFO: 	 Body Test loss: 0.23079999999999998
[2025-01-21 10:40:58,198] INFO: 	 RH Test loss: 0.2776762438077259
[2025-01-21 10:40:58,198] INFO: 	 F1 score: 0
[2025-01-21 10:41:13,957] INFO: Iter 500 Summary: 
[2025-01-21 10:41:13,958] INFO: 	 lr: 0.009999999999999962 	 Training loss: 0.5329125574827194
[2025-01-21 10:41:14,237] INFO: 	 Body Test loss: 0.2096
[2025-01-21 10:41:14,238] INFO: 	 RH Test loss: 0.2929971952455476
[2025-01-21 10:41:14,238] INFO: 	 F1 score: 0
[2025-01-21 10:41:29,983] INFO: Iter 750 Summary: 
[2025-01-21 10:41:29,984] INFO: 	 lr: 0.009999999999999962 	 Training loss: 0.48219938695430753
[2025-01-21 10:41:30,272] INFO: 	 Body Test loss: 0.1916
[2025-01-21 10:41:30,272] INFO: 	 RH Test loss: 0.2642518506486711
[2025-01-21 10:41:30,272] INFO: 	 F1 score: 0
[2025-01-21 10:41:46,249] INFO: Iter 1000 Summary: 
[2025-01-21 10:41:46,249] INFO: 	 lr: 0.009999999999999962 	 Training loss: 0.46915184140205385
[2025-01-21 10:41:46,540] INFO: 	 Body Test loss: 0.18359999999999999
[2025-01-21 10:41:46,540] INFO: 	 RH Test loss: 0.2515611427690653
[2025-01-21 10:41:46,540] INFO: 	 F1 score: 0
[2025-01-21 10:42:02,085] INFO: Iter 1250 Summary: 
[2025-01-21 10:42:02,085] INFO: 	 lr: 0.009999999999999962 	 Training loss: 0.4593665916919708
[2025-01-21 10:42:02,362] INFO: 	 Body Test loss: 0.2064
[2025-01-21 10:42:02,362] INFO: 	 RH Test loss: 0.32404054117802017
[2025-01-21 10:42:02,362] INFO: 	 F1 score: 0
[2025-01-21 10:42:18,175] INFO: Iter 1500 Summary: 
[2025-01-21 10:42:18,175] INFO: 	 lr: 0.009999999999999962 	 Training loss: 0.45053305780887604
[2025-01-21 10:42:18,453] INFO: 	 Body Test loss: 0.22719999999999999
[2025-01-21 10:42:18,454] INFO: 	 RH Test loss: 0.34887738130251
[2025-01-21 10:42:18,454] INFO: 	 F1 score: 0
[2025-01-21 10:42:34,465] INFO: Iter 1750 Summary: 
[2025-01-21 10:42:34,465] INFO: 	 lr: 0.009999999999999962 	 Training loss: 0.4437152119874954
[2025-01-21 10:42:34,751] INFO: 	 Body Test loss: 0.21359999999999998
[2025-01-21 10:42:34,751] INFO: 	 RH Test loss: 0.3406140049056048
[2025-01-21 10:42:34,751] INFO: 	 F1 score: 0
[2025-01-21 10:42:50,979] INFO: Iter 2000 Summary: 
[2025-01-21 10:42:50,980] INFO: 	 lr: 0.009999999999999962 	 Training loss: 0.44126810002326966
[2025-01-21 10:42:51,259] INFO: 	 Body Test loss: 0.1936
[2025-01-21 10:42:51,259] INFO: 	 RH Test loss: 0.2774409306113553
[2025-01-21 10:42:51,259] INFO: 	 F1 score: 0
[2025-01-21 10:43:06,641] INFO: Iter 2250 Summary: 
[2025-01-21 10:43:06,641] INFO: 	 lr: 0.009999999999999962 	 Training loss: 0.43741907346248626
[2025-01-21 10:43:06,917] INFO: 	 Body Test loss: 0.1816
[2025-01-21 10:43:06,917] INFO: 	 RH Test loss: 0.26994083990100465
[2025-01-21 10:43:06,917] INFO: 	 F1 score: 0
[2025-01-21 10:43:22,820] INFO: Iter 2500 Summary: 
[2025-01-21 10:43:22,821] INFO: 	 lr: 0.009999999999999962 	 Training loss: 0.43801182591915133
[2025-01-21 10:43:23,104] INFO: 	 Body Test loss: 0.1804
[2025-01-21 10:43:23,105] INFO: 	 RH Test loss: 0.28167776316671866
[2025-01-21 10:43:23,105] INFO: 	 F1 score: 0
[2025-01-21 10:43:38,697] INFO: Iter 2750 Summary: 
[2025-01-21 10:43:38,697] INFO: 	 lr: 0.009999999999999962 	 Training loss: 0.43157677090168
[2025-01-21 10:43:38,979] INFO: 	 Body Test loss: 0.2
[2025-01-21 10:43:38,979] INFO: 	 RH Test loss: 0.2848957364477846
[2025-01-21 10:43:38,979] INFO: 	 F1 score: 0
[2025-01-21 10:43:55,035] INFO: Iter 3000 Summary: 
[2025-01-21 10:43:55,035] INFO: 	 lr: 0.009999999999999962 	 Training loss: 0.433238823890686
[2025-01-21 10:43:55,334] INFO: 	 Body Test loss: 0.17959999999999998
[2025-01-21 10:43:55,334] INFO: 	 RH Test loss: 0.26850857513811266
[2025-01-21 10:43:55,334] INFO: 	 F1 score: 0
[2025-01-21 10:44:11,300] INFO: Iter 3250 Summary: 
[2025-01-21 10:44:11,315] INFO: 	 lr: 0.009999999999999962 	 Training loss: 0.4286683225631714
[2025-01-21 10:44:11,593] INFO: 	 Body Test loss: 0.17999999999999997
[2025-01-21 10:44:11,593] INFO: 	 RH Test loss: 0.26101082033058043
[2025-01-21 10:44:11,593] INFO: 	 F1 score: 0
[2025-01-21 10:44:27,032] INFO: Iter 3500 Summary: 
[2025-01-21 10:44:27,032] INFO: 	 lr: 0.009999999999999962 	 Training loss: 0.42593068182468413
[2025-01-21 10:44:27,310] INFO: 	 Body Test loss: 0.19
[2025-01-21 10:44:27,310] INFO: 	 RH Test loss: 0.286405475657547
[2025-01-21 10:44:27,310] INFO: 	 F1 score: 0
[2025-01-21 10:44:42,798] INFO: Iter 3750 Summary: 
[2025-01-21 10:44:42,798] INFO: 	 lr: 0.009999999999999962 	 Training loss: 0.42615910863876344
[2025-01-21 10:44:43,090] INFO: 	 Body Test loss: 0.17559999999999998
[2025-01-21 10:44:43,090] INFO: 	 RH Test loss: 0.2630134881463042
[2025-01-21 10:44:43,090] INFO: 	 F1 score: 0
[2025-01-21 10:44:59,249] INFO: Iter 4000 Summary: 
[2025-01-21 10:44:59,249] INFO: 	 lr: 0.009999999999999962 	 Training loss: 0.42366947150230405
[2025-01-21 10:44:59,528] INFO: 	 Body Test loss: 0.21359999999999998
[2025-01-21 10:44:59,528] INFO: 	 RH Test loss: 0.34640157901620094
[2025-01-21 10:44:59,528] INFO: 	 F1 score: 0
[2025-01-21 10:45:14,927] INFO: Iter 4250 Summary: 
[2025-01-21 10:45:14,928] INFO: 	 lr: 0.009999999999999962 	 Training loss: 0.42131130933761596
[2025-01-21 10:45:15,202] INFO: 	 Body Test loss: 0.17840000000000003
[2025-01-21 10:45:15,203] INFO: 	 RH Test loss: 0.2527013110943286
[2025-01-21 10:45:15,203] INFO: 	 F1 score: 0
[2025-01-21 10:45:30,609] INFO: Iter 4500 Summary: 
[2025-01-21 10:45:30,609] INFO: 	 lr: 0.009999999999999962 	 Training loss: 0.41968549704551694
[2025-01-21 10:45:30,961] INFO: 	 Body Test loss: 0.1724
[2025-01-21 10:45:30,961] INFO: 	 RH Test loss: 0.2600137039061295
[2025-01-21 10:45:30,961] INFO: 	 F1 score: 0
[2025-01-21 10:45:46,830] INFO: Iter 4750 Summary: 
[2025-01-21 10:45:46,831] INFO: 	 lr: 0.009999999999999962 	 Training loss: 0.4178365706205368
[2025-01-21 10:45:47,118] INFO: 	 Body Test loss: 0.18680000000000002
[2025-01-21 10:45:47,118] INFO: 	 RH Test loss: 0.2719498163493788
[2025-01-21 10:45:47,118] INFO: 	 F1 score: 0
[2025-01-21 10:46:02,612] INFO: Iter 5000 Summary: 
[2025-01-21 10:46:02,612] INFO: 	 lr: 0.009999999999999962 	 Training loss: 0.4166611851453781
[2025-01-21 10:46:02,887] INFO: 	 Body Test loss: 0.18200000000000002
[2025-01-21 10:46:02,888] INFO: 	 RH Test loss: 0.2779363192861341
[2025-01-21 10:46:02,888] INFO: 	 F1 score: 0
[2025-01-21 10:46:03,182] INFO: 	 Total number of parameters: 126558
[2025-01-21 10:46:03,908] INFO: Testing with subject ['S3'] 
[2025-01-21 10:46:03,908] INFO: Training with subjects ['S5', 'S6', 'S8', 'S9', 'S4', 'S7', 'S10'] 
[2025-01-21 10:46:19,557] INFO: Iter 250 Summary: 
[2025-01-21 10:46:19,558] INFO: 	 lr: 0.009999999999999962 	 Training loss: 0.9654340771436691
[2025-01-21 10:46:19,905] INFO: 	 Body Test loss: 0.3464
[2025-01-21 10:46:19,905] INFO: 	 RH Test loss: 0.3316867859558036
[2025-01-21 10:46:19,905] INFO: 	 F1 score: 0
[2025-01-21 10:46:35,481] INFO: Iter 500 Summary: 
[2025-01-21 10:46:35,481] INFO: 	 lr: 0.009999999999999962 	 Training loss: 0.5208189609050751
[2025-01-21 10:46:35,808] INFO: 	 Body Test loss: 0.2412
[2025-01-21 10:46:35,808] INFO: 	 RH Test loss: 0.2850059648799032
[2025-01-21 10:46:35,808] INFO: 	 F1 score: 0
[2025-01-21 10:46:51,163] INFO: Iter 750 Summary: 
[2025-01-21 10:46:51,163] INFO: 	 lr: 0.009999999999999962 	 Training loss: 0.4837796219587326
[2025-01-21 10:46:51,490] INFO: 	 Body Test loss: 0.24040000000000003
[2025-01-21 10:46:51,490] INFO: 	 RH Test loss: 0.26243070362917964
[2025-01-21 10:46:51,490] INFO: 	 F1 score: 0
[2025-01-21 10:47:06,976] INFO: Iter 1000 Summary: 
[2025-01-21 10:47:06,976] INFO: 	 lr: 0.009999999999999962 	 Training loss: 0.47266149199008944
[2025-01-21 10:47:07,305] INFO: 	 Body Test loss: 0.2256
[2025-01-21 10:47:07,305] INFO: 	 RH Test loss: 0.27337593027472135
[2025-01-21 10:47:07,305] INFO: 	 F1 score: 0
[2025-01-21 10:47:22,765] INFO: Iter 1250 Summary: 
[2025-01-21 10:47:22,765] INFO: 	 lr: 0.009999999999999962 	 Training loss: 0.46102981865406034
[2025-01-21 10:47:23,096] INFO: 	 Body Test loss: 0.2208
[2025-01-21 10:47:23,096] INFO: 	 RH Test loss: 0.24965503790947607
[2025-01-21 10:47:23,096] INFO: 	 F1 score: 0
[2025-01-21 10:47:38,657] INFO: Iter 1500 Summary: 
[2025-01-21 10:47:38,657] INFO: 	 lr: 0.009999999999999962 	 Training loss: 0.45422303092479704
[2025-01-21 10:47:38,991] INFO: 	 Body Test loss: 0.23800000000000002
[2025-01-21 10:47:38,992] INFO: 	 RH Test loss: 0.2527109622739233
[2025-01-21 10:47:38,992] INFO: 	 F1 score: 0
[2025-01-21 10:47:54,673] INFO: Iter 1750 Summary: 
[2025-01-21 10:47:54,673] INFO: 	 lr: 0.009999999999999962 	 Training loss: 0.44678394818305966
[2025-01-21 10:47:55,005] INFO: 	 Body Test loss: 0.2332
[2025-01-21 10:47:55,005] INFO: 	 RH Test loss: 0.2556434301667343
[2025-01-21 10:47:55,005] INFO: 	 F1 score: 0
[2025-01-21 10:48:10,377] INFO: Iter 2000 Summary: 
[2025-01-21 10:48:10,377] INFO: 	 lr: 0.009999999999999962 	 Training loss: 0.44240975737571714
[2025-01-21 10:48:10,703] INFO: 	 Body Test loss: 0.21599999999999997
[2025-01-21 10:48:10,703] INFO: 	 RH Test loss: 0.2675766427999537
[2025-01-21 10:48:10,703] INFO: 	 F1 score: 0
[2025-01-21 10:48:26,104] INFO: Iter 2250 Summary: 
[2025-01-21 10:48:26,104] INFO: 	 lr: 0.009999999999999962 	 Training loss: 0.4403112627267837
[2025-01-21 10:48:26,431] INFO: 	 Body Test loss: 0.22519999999999998
[2025-01-21 10:48:26,432] INFO: 	 RH Test loss: 0.2579148011733398
[2025-01-21 10:48:26,432] INFO: 	 F1 score: 0
[2025-01-21 10:48:42,121] INFO: Iter 2500 Summary: 
[2025-01-21 10:48:42,121] INFO: 	 lr: 0.009999999999999962 	 Training loss: 0.43570672583580017
[2025-01-21 10:48:42,448] INFO: 	 Body Test loss: 0.2076
[2025-01-21 10:48:42,448] INFO: 	 RH Test loss: 0.26555952987642084
[2025-01-21 10:48:42,448] INFO: 	 F1 score: 0
[2025-01-21 10:48:57,893] INFO: Iter 2750 Summary: 
[2025-01-21 10:48:57,893] INFO: 	 lr: 0.009999999999999962 	 Training loss: 0.43546249508857726
[2025-01-21 10:48:58,225] INFO: 	 Body Test loss: 0.2096
[2025-01-21 10:48:58,225] INFO: 	 RH Test loss: 0.2482740814916317
[2025-01-21 10:48:58,225] INFO: 	 F1 score: 0
[2025-01-21 10:49:13,870] INFO: Iter 3000 Summary: 
[2025-01-21 10:49:13,870] INFO: 	 lr: 0.009999999999999962 	 Training loss: 0.43278482580184935
[2025-01-21 10:49:14,194] INFO: 	 Body Test loss: 0.21040000000000003
[2025-01-21 10:49:14,195] INFO: 	 RH Test loss: 0.24653167552818345
[2025-01-21 10:49:14,195] INFO: 	 F1 score: 0
[2025-01-21 10:49:29,626] INFO: Iter 3250 Summary: 
[2025-01-21 10:49:29,626] INFO: 	 lr: 0.009999999999999962 	 Training loss: 0.4323627779483795
[2025-01-21 10:49:29,958] INFO: 	 Body Test loss: 0.2212
[2025-01-21 10:49:29,958] INFO: 	 RH Test loss: 0.25630684003368964
[2025-01-21 10:49:29,958] INFO: 	 F1 score: 0
[2025-01-21 10:49:45,193] INFO: Iter 3500 Summary: 
[2025-01-21 10:49:45,193] INFO: 	 lr: 0.009999999999999962 	 Training loss: 0.42934434843063357
[2025-01-21 10:49:45,529] INFO: 	 Body Test loss: 0.23560000000000003
[2025-01-21 10:49:45,530] INFO: 	 RH Test loss: 0.3252674189074882
[2025-01-21 10:49:45,530] INFO: 	 F1 score: 0
[2025-01-21 10:50:01,231] INFO: Iter 3750 Summary: 
[2025-01-21 10:50:01,231] INFO: 	 lr: 0.009999999999999962 	 Training loss: 0.42790746748447417
[2025-01-21 10:50:01,607] INFO: 	 Body Test loss: 0.19799999999999998
[2025-01-21 10:50:01,607] INFO: 	 RH Test loss: 0.24270289601156
[2025-01-21 10:50:01,607] INFO: 	 F1 score: 0
[2025-01-21 10:50:17,171] INFO: Iter 4000 Summary: 
[2025-01-21 10:50:17,171] INFO: 	 lr: 0.009999999999999962 	 Training loss: 0.42828998851776123
[2025-01-21 10:50:17,512] INFO: 	 Body Test loss: 0.2208
[2025-01-21 10:50:17,512] INFO: 	 RH Test loss: 0.29362614187229075
[2025-01-21 10:50:17,512] INFO: 	 F1 score: 0
[2025-01-21 10:50:32,968] INFO: Iter 4250 Summary: 
[2025-01-21 10:50:32,968] INFO: 	 lr: 0.009999999999999962 	 Training loss: 0.4281304820775986
[2025-01-21 10:50:33,292] INFO: 	 Body Test loss: 0.2076
[2025-01-21 10:50:33,293] INFO: 	 RH Test loss: 0.23970341760586397
[2025-01-21 10:50:33,293] INFO: 	 F1 score: 0
[2025-01-21 10:50:48,639] INFO: Iter 4500 Summary: 
[2025-01-21 10:50:48,639] INFO: 	 lr: 0.009999999999999962 	 Training loss: 0.42260767018795015
[2025-01-21 10:50:48,972] INFO: 	 Body Test loss: 0.2
[2025-01-21 10:50:48,972] INFO: 	 RH Test loss: 0.22749294090847233
[2025-01-21 10:50:48,972] INFO: 	 F1 score: 0
[2025-01-21 10:51:04,506] INFO: Iter 4750 Summary: 
[2025-01-21 10:51:04,506] INFO: 	 lr: 0.009999999999999962 	 Training loss: 0.4228475985527039
[2025-01-21 10:51:04,838] INFO: 	 Body Test loss: 0.20720000000000002
[2025-01-21 10:51:04,839] INFO: 	 RH Test loss: 0.22718012984065492
[2025-01-21 10:51:04,839] INFO: 	 F1 score: 0
[2025-01-21 10:51:20,400] INFO: Iter 5000 Summary: 
[2025-01-21 10:51:20,400] INFO: 	 lr: 0.009999999999999962 	 Training loss: 0.4197493942975998
[2025-01-21 10:51:20,726] INFO: 	 Body Test loss: 0.21160000000000004
[2025-01-21 10:51:20,726] INFO: 	 RH Test loss: 0.2764699866512391
[2025-01-21 10:51:20,726] INFO: 	 F1 score: 0
[2025-01-21 10:51:21,068] INFO: 	 Total number of parameters: 126558
[2025-01-21 10:51:21,792] INFO: Testing with subject ['S6'] 
[2025-01-21 10:51:21,792] INFO: Training with subjects ['S5', 'S3', 'S8', 'S9', 'S4', 'S7', 'S10'] 
[2025-01-21 10:51:37,300] INFO: Iter 250 Summary: 
[2025-01-21 10:51:37,300] INFO: 	 lr: 0.009999999999999962 	 Training loss: 1.1412710752487183
[2025-01-21 10:51:37,636] INFO: 	 Body Test loss: 0.2624
[2025-01-21 10:51:37,636] INFO: 	 RH Test loss: 0.2912594502732137
[2025-01-21 10:51:37,636] INFO: 	 F1 score: 0
[2025-01-21 10:51:53,356] INFO: Iter 500 Summary: 
[2025-01-21 10:51:53,356] INFO: 	 lr: 0.009999999999999962 	 Training loss: 0.5410455836057663
[2025-01-21 10:51:53,687] INFO: 	 Body Test loss: 0.24760000000000001
[2025-01-21 10:51:53,688] INFO: 	 RH Test loss: 0.30823023666924554
[2025-01-21 10:51:53,688] INFO: 	 F1 score: 0
[2025-01-21 10:52:08,956] INFO: Iter 750 Summary: 
[2025-01-21 10:52:08,956] INFO: 	 lr: 0.009999999999999962 	 Training loss: 0.5186752489805222
[2025-01-21 10:52:09,293] INFO: 	 Body Test loss: 0.19760000000000003
[2025-01-21 10:52:09,293] INFO: 	 RH Test loss: 0.2661713901264071
[2025-01-21 10:52:09,293] INFO: 	 F1 score: 0
[2025-01-21 10:52:24,820] INFO: Iter 1000 Summary: 
[2025-01-21 10:52:24,820] INFO: 	 lr: 0.009999999999999962 	 Training loss: 0.48294955158233643
[2025-01-21 10:52:25,152] INFO: 	 Body Test loss: 0.1932
[2025-01-21 10:52:25,152] INFO: 	 RH Test loss: 0.24378811487910196
[2025-01-21 10:52:25,152] INFO: 	 F1 score: 0
[2025-01-21 10:52:40,487] INFO: Iter 1250 Summary: 
[2025-01-21 10:52:40,487] INFO: 	 lr: 0.009999999999999962 	 Training loss: 0.4669485559463501
[2025-01-21 10:52:40,825] INFO: 	 Body Test loss: 0.24799999999999997
[2025-01-21 10:52:40,825] INFO: 	 RH Test loss: 0.33251781252275253
[2025-01-21 10:52:40,825] INFO: 	 F1 score: 0
[2025-01-21 10:52:56,296] INFO: Iter 1500 Summary: 
[2025-01-21 10:52:56,296] INFO: 	 lr: 0.009999999999999962 	 Training loss: 0.46019643342494965
[2025-01-21 10:52:56,629] INFO: 	 Body Test loss: 0.21280000000000002
[2025-01-21 10:52:56,629] INFO: 	 RH Test loss: 0.26142816882779274
[2025-01-21 10:52:56,629] INFO: 	 F1 score: 0
[2025-01-21 10:53:12,165] INFO: Iter 1750 Summary: 
[2025-01-21 10:53:12,165] INFO: 	 lr: 0.009999999999999962 	 Training loss: 0.4543778704404831
[2025-01-21 10:53:12,499] INFO: 	 Body Test loss: 0.21080000000000002
[2025-01-21 10:53:12,500] INFO: 	 RH Test loss: 0.2789856765893187
[2025-01-21 10:53:12,500] INFO: 	 F1 score: 0
[2025-01-21 10:53:27,822] INFO: Iter 2000 Summary: 
[2025-01-21 10:53:27,822] INFO: 	 lr: 0.009999999999999962 	 Training loss: 0.45040929901599885
[2025-01-21 10:53:28,151] INFO: 	 Body Test loss: 0.2148
[2025-01-21 10:53:28,151] INFO: 	 RH Test loss: 0.2634645423158576
[2025-01-21 10:53:28,151] INFO: 	 F1 score: 0
[2025-01-21 10:53:43,410] INFO: Iter 2250 Summary: 
[2025-01-21 10:53:43,410] INFO: 	 lr: 0.009999999999999962 	 Training loss: 0.4430382443666458
[2025-01-21 10:53:43,740] INFO: 	 Body Test loss: 0.1936
[2025-01-21 10:53:43,740] INFO: 	 RH Test loss: 0.260369098313693
[2025-01-21 10:53:43,741] INFO: 	 F1 score: 0
[2025-01-21 10:53:59,138] INFO: Iter 2500 Summary: 
[2025-01-21 10:53:59,138] INFO: 	 lr: 0.009999999999999962 	 Training loss: 0.4400579926967621
[2025-01-21 10:53:59,473] INFO: 	 Body Test loss: 0.1932
[2025-01-21 10:53:59,473] INFO: 	 RH Test loss: 0.2580593321522349
[2025-01-21 10:53:59,473] INFO: 	 F1 score: 0
[2025-01-21 10:54:14,911] INFO: Iter 2750 Summary: 
[2025-01-21 10:54:14,911] INFO: 	 lr: 0.009999999999999962 	 Training loss: 0.43813905167579653
[2025-01-21 10:54:15,244] INFO: 	 Body Test loss: 0.2028
[2025-01-21 10:54:15,245] INFO: 	 RH Test loss: 0.25137337787696007
[2025-01-21 10:54:15,245] INFO: 	 F1 score: 0
[2025-01-21 10:54:30,787] INFO: Iter 3000 Summary: 
[2025-01-21 10:54:30,788] INFO: 	 lr: 0.009999999999999962 	 Training loss: 0.434213742017746
[2025-01-21 10:54:31,207] INFO: 	 Body Test loss: 0.2144
[2025-01-21 10:54:31,207] INFO: 	 RH Test loss: 0.28438402032395554
[2025-01-21 10:54:31,207] INFO: 	 F1 score: 0
[2025-01-21 10:54:47,124] INFO: Iter 3250 Summary: 
[2025-01-21 10:54:47,124] INFO: 	 lr: 0.009999999999999962 	 Training loss: 0.4314869855642319
[2025-01-21 10:54:47,465] INFO: 	 Body Test loss: 0.1832
[2025-01-21 10:54:47,465] INFO: 	 RH Test loss: 0.22681571047218
[2025-01-21 10:54:47,465] INFO: 	 F1 score: 0
[2025-01-21 10:55:03,285] INFO: Iter 3500 Summary: 
[2025-01-21 10:55:03,286] INFO: 	 lr: 0.009999999999999962 	 Training loss: 0.430024085521698
[2025-01-21 10:55:03,623] INFO: 	 Body Test loss: 0.1816
[2025-01-21 10:55:03,623] INFO: 	 RH Test loss: 0.22648787418892546
[2025-01-21 10:55:03,623] INFO: 	 F1 score: 0
[2025-01-21 10:55:19,057] INFO: Iter 3750 Summary: 
[2025-01-21 10:55:19,058] INFO: 	 lr: 0.009999999999999962 	 Training loss: 0.42780776250362396
[2025-01-21 10:55:19,394] INFO: 	 Body Test loss: 0.2208
[2025-01-21 10:55:19,394] INFO: 	 RH Test loss: 0.2958766878026292
[2025-01-21 10:55:19,394] INFO: 	 F1 score: 0
[2025-01-21 10:55:35,304] INFO: Iter 4000 Summary: 
[2025-01-21 10:55:35,305] INFO: 	 lr: 0.009999999999999962 	 Training loss: 0.4252627407312393
[2025-01-21 10:55:35,654] INFO: 	 Body Test loss: 0.21559999999999999
[2025-01-21 10:55:35,655] INFO: 	 RH Test loss: 0.28673738096057144
[2025-01-21 10:55:35,655] INFO: 	 F1 score: 0
[2025-01-21 10:55:51,836] INFO: Iter 4250 Summary: 
[2025-01-21 10:55:51,836] INFO: 	 lr: 0.009999999999999962 	 Training loss: 0.42367615282535553
[2025-01-21 10:55:52,174] INFO: 	 Body Test loss: 0.1928
[2025-01-21 10:55:52,174] INFO: 	 RH Test loss: 0.2679387427876651
[2025-01-21 10:55:52,174] INFO: 	 F1 score: 0
[2025-01-21 10:56:07,722] INFO: Iter 4500 Summary: 
[2025-01-21 10:56:07,722] INFO: 	 lr: 0.009999999999999962 	 Training loss: 0.42198874056339264
[2025-01-21 10:56:08,051] INFO: 	 Body Test loss: 0.2036
[2025-01-21 10:56:08,051] INFO: 	 RH Test loss: 0.2881579526439411
[2025-01-21 10:56:08,051] INFO: 	 F1 score: 0
[2025-01-21 10:56:23,918] INFO: Iter 4750 Summary: 
[2025-01-21 10:56:23,918] INFO: 	 lr: 0.009999999999999962 	 Training loss: 0.4169236637353897
[2025-01-21 10:56:24,266] INFO: 	 Body Test loss: 0.2404
[2025-01-21 10:56:24,267] INFO: 	 RH Test loss: 0.3295637926031235
[2025-01-21 10:56:24,267] INFO: 	 F1 score: 0
[2025-01-21 10:56:40,681] INFO: Iter 5000 Summary: 
[2025-01-21 10:56:40,681] INFO: 	 lr: 0.009999999999999962 	 Training loss: 0.41247645175457
[2025-01-21 10:56:41,014] INFO: 	 Body Test loss: 0.19759999999999997
[2025-01-21 10:56:41,014] INFO: 	 RH Test loss: 0.28007273354380297
[2025-01-21 10:56:41,014] INFO: 	 F1 score: 0
[2025-01-21 10:56:41,370] INFO: 	 Total number of parameters: 126558
[2025-01-21 10:56:42,153] INFO: Testing with subject ['S8'] 
[2025-01-21 10:56:42,153] INFO: Training with subjects ['S5', 'S3', 'S6', 'S9', 'S4', 'S7', 'S10'] 
[2025-01-21 10:56:58,221] INFO: Iter 250 Summary: 
[2025-01-21 10:56:58,221] INFO: 	 lr: 0.009999999999999962 	 Training loss: 1.154263885974884
[2025-01-21 10:56:58,617] INFO: 	 Body Test loss: 0.2996
[2025-01-21 10:56:58,617] INFO: 	 RH Test loss: 0.3299618478205703
[2025-01-21 10:56:58,618] INFO: 	 F1 score: 0
[2025-01-21 10:57:14,461] INFO: Iter 500 Summary: 
[2025-01-21 10:57:14,461] INFO: 	 lr: 0.009999999999999962 	 Training loss: 0.5298246165513992
[2025-01-21 10:57:14,842] INFO: 	 Body Test loss: 0.23879999999999998
[2025-01-21 10:57:14,842] INFO: 	 RH Test loss: 0.2947169861625364
[2025-01-21 10:57:14,842] INFO: 	 F1 score: 0
[2025-01-21 10:57:30,684] INFO: Iter 750 Summary: 
[2025-01-21 10:57:30,684] INFO: 	 lr: 0.009999999999999962 	 Training loss: 0.49301674354076386
[2025-01-21 10:57:31,076] INFO: 	 Body Test loss: 0.1864
[2025-01-21 10:57:31,076] INFO: 	 RH Test loss: 0.24729772205617023
[2025-01-21 10:57:31,076] INFO: 	 F1 score: 0
[2025-01-21 10:57:46,724] INFO: Iter 1000 Summary: 
[2025-01-21 10:57:46,725] INFO: 	 lr: 0.009999999999999962 	 Training loss: 0.47441067039966583
[2025-01-21 10:57:47,111] INFO: 	 Body Test loss: 0.1892
[2025-01-21 10:57:47,112] INFO: 	 RH Test loss: 0.2215039340314697
[2025-01-21 10:57:47,112] INFO: 	 F1 score: 0
[2025-01-21 10:58:02,492] INFO: Iter 1250 Summary: 
[2025-01-21 10:58:02,492] INFO: 	 lr: 0.009999999999999962 	 Training loss: 0.4626616703271866
[2025-01-21 10:58:02,868] INFO: 	 Body Test loss: 0.1876
[2025-01-21 10:58:02,868] INFO: 	 RH Test loss: 0.22216851830782758
[2025-01-21 10:58:02,869] INFO: 	 F1 score: 0
[2025-01-21 10:58:18,761] INFO: Iter 1500 Summary: 
[2025-01-21 10:58:18,761] INFO: 	 lr: 0.009999999999999962 	 Training loss: 0.4589956338405609
[2025-01-21 10:58:19,145] INFO: 	 Body Test loss: 0.1708
[2025-01-21 10:58:19,145] INFO: 	 RH Test loss: 0.2105778587795325
[2025-01-21 10:58:19,146] INFO: 	 F1 score: 0
[2025-01-21 10:58:34,835] INFO: Iter 1750 Summary: 
[2025-01-21 10:58:34,835] INFO: 	 lr: 0.009999999999999962 	 Training loss: 0.4500902990102768
[2025-01-21 10:58:35,224] INFO: 	 Body Test loss: 0.18680000000000002
[2025-01-21 10:58:35,224] INFO: 	 RH Test loss: 0.24668371339288706
[2025-01-21 10:58:35,224] INFO: 	 F1 score: 0
[2025-01-21 10:58:50,639] INFO: Iter 2000 Summary: 
[2025-01-21 10:58:50,639] INFO: 	 lr: 0.009999999999999962 	 Training loss: 0.44765002143383026
[2025-01-21 10:58:51,017] INFO: 	 Body Test loss: 0.16759999999999997
[2025-01-21 10:58:51,017] INFO: 	 RH Test loss: 0.20274341518392489
[2025-01-21 10:58:51,017] INFO: 	 F1 score: 0
[2025-01-21 10:59:06,457] INFO: Iter 2250 Summary: 
[2025-01-21 10:59:06,458] INFO: 	 lr: 0.009999999999999962 	 Training loss: 0.44769706451892854
[2025-01-21 10:59:06,839] INFO: 	 Body Test loss: 0.1796
[2025-01-21 10:59:06,839] INFO: 	 RH Test loss: 0.19631441381776363
[2025-01-21 10:59:06,839] INFO: 	 F1 score: 0
[2025-01-21 10:59:22,200] INFO: Iter 2500 Summary: 
[2025-01-21 10:59:22,200] INFO: 	 lr: 0.009999999999999962 	 Training loss: 0.44633765482902527
[2025-01-21 10:59:22,575] INFO: 	 Body Test loss: 0.18719999999999998
[2025-01-21 10:59:22,575] INFO: 	 RH Test loss: 0.2029958569793317
[2025-01-21 10:59:22,575] INFO: 	 F1 score: 0
[2025-01-21 10:59:37,800] INFO: Iter 2750 Summary: 
[2025-01-21 10:59:37,800] INFO: 	 lr: 0.009999999999999962 	 Training loss: 0.44011643731594086
[2025-01-21 10:59:38,177] INFO: 	 Body Test loss: 0.17040000000000002
[2025-01-21 10:59:38,177] INFO: 	 RH Test loss: 0.19789422240605586
[2025-01-21 10:59:38,177] INFO: 	 F1 score: 0
[2025-01-21 10:59:53,529] INFO: Iter 3000 Summary: 
[2025-01-21 10:59:53,529] INFO: 	 lr: 0.009999999999999962 	 Training loss: 0.44016971516609193
[2025-01-21 10:59:53,901] INFO: 	 Body Test loss: 0.16080000000000003
[2025-01-21 10:59:53,901] INFO: 	 RH Test loss: 0.19031851369728067
[2025-01-21 10:59:53,901] INFO: 	 F1 score: 0
[2025-01-21 11:00:09,184] INFO: Iter 3250 Summary: 
[2025-01-21 11:00:09,184] INFO: 	 lr: 0.009999999999999962 	 Training loss: 0.4379576586484909
[2025-01-21 11:00:09,561] INFO: 	 Body Test loss: 0.15680000000000002
[2025-01-21 11:00:09,562] INFO: 	 RH Test loss: 0.18909951387484672
[2025-01-21 11:00:09,562] INFO: 	 F1 score: 0
[2025-01-21 11:00:24,845] INFO: Iter 3500 Summary: 
[2025-01-21 11:00:24,845] INFO: 	 lr: 0.009999999999999962 	 Training loss: 0.43338866806030274
[2025-01-21 11:00:25,221] INFO: 	 Body Test loss: 0.15439999999999998
[2025-01-21 11:00:25,221] INFO: 	 RH Test loss: 0.19758996651214678
[2025-01-21 11:00:25,221] INFO: 	 F1 score: 0
[2025-01-21 11:00:40,826] INFO: Iter 3750 Summary: 
[2025-01-21 11:00:40,826] INFO: 	 lr: 0.009999999999999962 	 Training loss: 0.4312415987253189
[2025-01-21 11:00:41,206] INFO: 	 Body Test loss: 0.17560000000000003
[2025-01-21 11:00:41,206] INFO: 	 RH Test loss: 0.19127190806102992
[2025-01-21 11:00:41,206] INFO: 	 F1 score: 0
[2025-01-21 11:00:56,417] INFO: Iter 4000 Summary: 
[2025-01-21 11:00:56,418] INFO: 	 lr: 0.009999999999999962 	 Training loss: 0.43223505532741546
[2025-01-21 11:00:56,797] INFO: 	 Body Test loss: 0.1516
[2025-01-21 11:00:56,797] INFO: 	 RH Test loss: 0.18830947782290675
[2025-01-21 11:00:56,797] INFO: 	 F1 score: 0
[2025-01-21 11:01:12,131] INFO: Iter 4250 Summary: 
[2025-01-21 11:01:12,131] INFO: 	 lr: 0.009999999999999962 	 Training loss: 0.42877640652656557
[2025-01-21 11:01:12,507] INFO: 	 Body Test loss: 0.17680000000000004
[2025-01-21 11:01:12,507] INFO: 	 RH Test loss: 0.19532893815929403
[2025-01-21 11:01:12,507] INFO: 	 F1 score: 0
[2025-01-21 11:01:27,833] INFO: Iter 4500 Summary: 
[2025-01-21 11:01:27,834] INFO: 	 lr: 0.009999999999999962 	 Training loss: 0.42765929317474366
[2025-01-21 11:01:28,209] INFO: 	 Body Test loss: 0.1628
[2025-01-21 11:01:28,209] INFO: 	 RH Test loss: 0.18921188100459294
[2025-01-21 11:01:28,209] INFO: 	 F1 score: 0
[2025-01-21 11:01:43,456] INFO: Iter 4750 Summary: 
[2025-01-21 11:01:43,456] INFO: 	 lr: 0.009999999999999962 	 Training loss: 0.42600834000110627
[2025-01-21 11:01:43,830] INFO: 	 Body Test loss: 0.17360000000000003
[2025-01-21 11:01:43,830] INFO: 	 RH Test loss: 0.187056240591054
[2025-01-21 11:01:43,830] INFO: 	 F1 score: 0
[2025-01-21 11:01:59,279] INFO: Iter 5000 Summary: 
[2025-01-21 11:01:59,279] INFO: 	 lr: 0.009999999999999962 	 Training loss: 0.42644365525245664
[2025-01-21 11:01:59,653] INFO: 	 Body Test loss: 0.1576
[2025-01-21 11:01:59,653] INFO: 	 RH Test loss: 0.18055515339452616
[2025-01-21 11:01:59,653] INFO: 	 F1 score: 0
[2025-01-21 11:02:00,057] INFO: 	 Total number of parameters: 126558
[2025-01-21 11:02:00,767] INFO: Testing with subject ['S9'] 
[2025-01-21 11:02:00,767] INFO: Training with subjects ['S5', 'S3', 'S6', 'S8', 'S4', 'S7', 'S10'] 
[2025-01-21 11:02:16,176] INFO: Iter 250 Summary: 
[2025-01-21 11:02:16,176] INFO: 	 lr: 0.009999999999999962 	 Training loss: 0.9164044959545136
[2025-01-21 11:02:16,582] INFO: 	 Body Test loss: 0.26439999999999997
[2025-01-21 11:02:16,583] INFO: 	 RH Test loss: 0.2880026824566377
[2025-01-21 11:02:16,583] INFO: 	 F1 score: 0
[2025-01-21 11:02:32,188] INFO: Iter 500 Summary: 
[2025-01-21 11:02:32,188] INFO: 	 lr: 0.009999999999999962 	 Training loss: 0.5254043729305268
[2025-01-21 11:02:32,580] INFO: 	 Body Test loss: 0.22999999999999995
[2025-01-21 11:02:32,580] INFO: 	 RH Test loss: 0.2903049188533132
[2025-01-21 11:02:32,580] INFO: 	 F1 score: 0
[2025-01-21 11:02:47,842] INFO: Iter 750 Summary: 
[2025-01-21 11:02:47,842] INFO: 	 lr: 0.009999999999999962 	 Training loss: 0.4917499705553055
[2025-01-21 11:02:48,220] INFO: 	 Body Test loss: 0.2084
[2025-01-21 11:02:48,220] INFO: 	 RH Test loss: 0.22339783442272793
[2025-01-21 11:02:48,220] INFO: 	 F1 score: 0
[2025-01-21 11:03:03,583] INFO: Iter 1000 Summary: 
[2025-01-21 11:03:03,583] INFO: 	 lr: 0.009999999999999962 	 Training loss: 0.4745928897857666
[2025-01-21 11:03:03,957] INFO: 	 Body Test loss: 0.20400000000000001
[2025-01-21 11:03:03,957] INFO: 	 RH Test loss: 0.2094287409372674
[2025-01-21 11:03:03,957] INFO: 	 F1 score: 0
[2025-01-21 11:03:19,232] INFO: Iter 1250 Summary: 
[2025-01-21 11:03:19,232] INFO: 	 lr: 0.009999999999999962 	 Training loss: 0.4672400745153427
[2025-01-21 11:03:19,613] INFO: 	 Body Test loss: 0.1984
[2025-01-21 11:03:19,613] INFO: 	 RH Test loss: 0.22276664442915103
[2025-01-21 11:03:19,613] INFO: 	 F1 score: 0
[2025-01-21 11:03:34,910] INFO: Iter 1500 Summary: 
[2025-01-21 11:03:34,911] INFO: 	 lr: 0.009999999999999962 	 Training loss: 0.4597811268568039
[2025-01-21 11:03:35,298] INFO: 	 Body Test loss: 0.2028
[2025-01-21 11:03:35,298] INFO: 	 RH Test loss: 0.21763885651252338
[2025-01-21 11:03:35,298] INFO: 	 F1 score: 0
[2025-01-21 11:03:50,583] INFO: Iter 1750 Summary: 
[2025-01-21 11:03:50,583] INFO: 	 lr: 0.009999999999999962 	 Training loss: 0.458424503326416
[2025-01-21 11:03:50,967] INFO: 	 Body Test loss: 0.19400000000000003
[2025-01-21 11:03:50,967] INFO: 	 RH Test loss: 0.2194701331460461
[2025-01-21 11:03:50,967] INFO: 	 F1 score: 0
[2025-01-21 11:04:06,895] INFO: Iter 2000 Summary: 
[2025-01-21 11:04:06,896] INFO: 	 lr: 0.009999999999999962 	 Training loss: 0.4524207555055618
[2025-01-21 11:04:07,275] INFO: 	 Body Test loss: 0.17800000000000002
[2025-01-21 11:04:07,275] INFO: 	 RH Test loss: 0.20550706646065336
[2025-01-21 11:04:07,275] INFO: 	 F1 score: 0
[2025-01-21 11:04:23,275] INFO: Iter 2250 Summary: 
[2025-01-21 11:04:23,275] INFO: 	 lr: 0.009999999999999962 	 Training loss: 0.4489781332015991
[2025-01-21 11:04:23,668] INFO: 	 Body Test loss: 0.17920000000000003
[2025-01-21 11:04:23,668] INFO: 	 RH Test loss: 0.20947863381054455
[2025-01-21 11:04:23,668] INFO: 	 F1 score: 0
[2025-01-21 11:04:39,374] INFO: Iter 2500 Summary: 
[2025-01-21 11:04:39,374] INFO: 	 lr: 0.009999999999999962 	 Training loss: 0.4471248131990433
[2025-01-21 11:04:39,751] INFO: 	 Body Test loss: 0.16760000000000003
[2025-01-21 11:04:39,752] INFO: 	 RH Test loss: 0.19593598507112758
[2025-01-21 11:04:39,752] INFO: 	 F1 score: 0
[2025-01-21 11:04:55,084] INFO: Iter 2750 Summary: 
[2025-01-21 11:04:55,084] INFO: 	 lr: 0.009999999999999962 	 Training loss: 0.44343894612789153
[2025-01-21 11:04:55,460] INFO: 	 Body Test loss: 0.1736
[2025-01-21 11:04:55,460] INFO: 	 RH Test loss: 0.1880741833274718
[2025-01-21 11:04:55,460] INFO: 	 F1 score: 0
[2025-01-21 11:05:10,847] INFO: Iter 3000 Summary: 
[2025-01-21 11:05:10,847] INFO: 	 lr: 0.009999999999999962 	 Training loss: 0.4400633808374405
[2025-01-21 11:05:11,224] INFO: 	 Body Test loss: 0.1724
[2025-01-21 11:05:11,224] INFO: 	 RH Test loss: 0.18669105698429928
[2025-01-21 11:05:11,224] INFO: 	 F1 score: 0
[2025-01-21 11:05:26,606] INFO: Iter 3250 Summary: 
[2025-01-21 11:05:26,606] INFO: 	 lr: 0.009999999999999962 	 Training loss: 0.44172147607803347
[2025-01-21 11:05:26,981] INFO: 	 Body Test loss: 0.17720000000000002
[2025-01-21 11:05:26,982] INFO: 	 RH Test loss: 0.19992995946820025
[2025-01-21 11:05:26,982] INFO: 	 F1 score: 0
[2025-01-21 11:05:42,211] INFO: Iter 3500 Summary: 
[2025-01-21 11:05:42,211] INFO: 	 lr: 0.009999999999999962 	 Training loss: 0.43471332466602325
[2025-01-21 11:05:42,585] INFO: 	 Body Test loss: 0.1876
[2025-01-21 11:05:42,585] INFO: 	 RH Test loss: 0.21058647971669886
[2025-01-21 11:05:42,586] INFO: 	 F1 score: 0
[2025-01-21 11:05:57,969] INFO: Iter 3750 Summary: 
[2025-01-21 11:05:57,969] INFO: 	 lr: 0.009999999999999962 	 Training loss: 0.4352902237176895
[2025-01-21 11:05:58,348] INFO: 	 Body Test loss: 0.1672
[2025-01-21 11:05:58,348] INFO: 	 RH Test loss: 0.193610343463988
[2025-01-21 11:05:58,348] INFO: 	 F1 score: 0
[2025-01-21 11:06:13,621] INFO: Iter 4000 Summary: 
[2025-01-21 11:06:13,621] INFO: 	 lr: 0.009999999999999962 	 Training loss: 0.4310192037820816
[2025-01-21 11:06:14,007] INFO: 	 Body Test loss: 0.17
[2025-01-21 11:06:14,007] INFO: 	 RH Test loss: 0.19230894487791905
[2025-01-21 11:06:14,007] INFO: 	 F1 score: 0
[2025-01-21 11:06:29,339] INFO: Iter 4250 Summary: 
[2025-01-21 11:06:29,339] INFO: 	 lr: 0.009999999999999962 	 Training loss: 0.4299116483926773
[2025-01-21 11:06:29,714] INFO: 	 Body Test loss: 0.168
[2025-01-21 11:06:29,714] INFO: 	 RH Test loss: 0.19357770497000232
[2025-01-21 11:06:29,714] INFO: 	 F1 score: 0
[2025-01-21 11:06:45,024] INFO: Iter 4500 Summary: 
[2025-01-21 11:06:45,024] INFO: 	 lr: 0.009999999999999962 	 Training loss: 0.43002367198467256
[2025-01-21 11:06:45,406] INFO: 	 Body Test loss: 0.16399999999999998
[2025-01-21 11:06:45,406] INFO: 	 RH Test loss: 0.18962945873977832
[2025-01-21 11:06:45,406] INFO: 	 F1 score: 0
[2025-01-21 11:07:00,707] INFO: Iter 4750 Summary: 
[2025-01-21 11:07:00,707] INFO: 	 lr: 0.009999999999999962 	 Training loss: 0.4251300847530365
[2025-01-21 11:07:01,084] INFO: 	 Body Test loss: 0.16760000000000003
[2025-01-21 11:07:01,084] INFO: 	 RH Test loss: 0.19700589948989092
[2025-01-21 11:07:01,084] INFO: 	 F1 score: 0
[2025-01-21 11:07:16,891] INFO: Iter 5000 Summary: 
[2025-01-21 11:07:16,891] INFO: 	 lr: 0.009999999999999962 	 Training loss: 0.4236792067289352
[2025-01-21 11:07:17,339] INFO: 	 Body Test loss: 0.17240000000000003
[2025-01-21 11:07:17,339] INFO: 	 RH Test loss: 0.22899991860870703
[2025-01-21 11:07:17,339] INFO: 	 F1 score: 0
[2025-01-21 11:07:17,787] INFO: 	 Total number of parameters: 126558
[2025-01-21 11:07:18,540] INFO: Testing with subject ['S4'] 
[2025-01-21 11:07:18,540] INFO: Training with subjects ['S5', 'S3', 'S6', 'S8', 'S9', 'S7', 'S10'] 
[2025-01-21 11:07:34,532] INFO: Iter 250 Summary: 
[2025-01-21 11:07:34,532] INFO: 	 lr: 0.009999999999999962 	 Training loss: 0.849450541973114
[2025-01-21 11:07:34,830] INFO: 	 Body Test loss: 0.23920000000000002
[2025-01-21 11:07:34,830] INFO: 	 RH Test loss: 0.26793965344374027
[2025-01-21 11:07:34,830] INFO: 	 F1 score: 0
[2025-01-21 11:07:50,456] INFO: Iter 500 Summary: 
[2025-01-21 11:07:50,456] INFO: 	 lr: 0.009999999999999962 	 Training loss: 0.510841535449028
[2025-01-21 11:07:50,744] INFO: 	 Body Test loss: 0.19479999999999997
[2025-01-21 11:07:50,744] INFO: 	 RH Test loss: 0.22742345674819572
[2025-01-21 11:07:50,744] INFO: 	 F1 score: 0
[2025-01-21 11:08:06,001] INFO: Iter 750 Summary: 
[2025-01-21 11:08:06,001] INFO: 	 lr: 0.009999999999999962 	 Training loss: 0.4789415837526321
[2025-01-21 11:08:06,283] INFO: 	 Body Test loss: 0.17920000000000003
[2025-01-21 11:08:06,284] INFO: 	 RH Test loss: 0.20537026265504135
[2025-01-21 11:08:06,284] INFO: 	 F1 score: 0
[2025-01-21 11:08:21,545] INFO: Iter 1000 Summary: 
[2025-01-21 11:08:21,546] INFO: 	 lr: 0.009999999999999962 	 Training loss: 0.4597653725147247
[2025-01-21 11:08:21,835] INFO: 	 Body Test loss: 0.17480000000000004
[2025-01-21 11:08:21,835] INFO: 	 RH Test loss: 0.23657137608410303
[2025-01-21 11:08:21,835] INFO: 	 F1 score: 0
[2025-01-21 11:08:37,210] INFO: Iter 1250 Summary: 
[2025-01-21 11:08:37,210] INFO: 	 lr: 0.009999999999999962 	 Training loss: 0.4517606943845749
[2025-01-21 11:08:37,491] INFO: 	 Body Test loss: 0.16879999999999998
[2025-01-21 11:08:37,491] INFO: 	 RH Test loss: 0.22458864623671507
[2025-01-21 11:08:37,491] INFO: 	 F1 score: 0
[2025-01-21 11:08:52,753] INFO: Iter 1500 Summary: 
[2025-01-21 11:08:52,753] INFO: 	 lr: 0.009999999999999962 	 Training loss: 0.4459615482091904
[2025-01-21 11:08:53,038] INFO: 	 Body Test loss: 0.1664
[2025-01-21 11:08:53,038] INFO: 	 RH Test loss: 0.2060144530646687
[2025-01-21 11:08:53,038] INFO: 	 F1 score: 0
[2025-01-21 11:09:08,358] INFO: Iter 1750 Summary: 
[2025-01-21 11:09:08,358] INFO: 	 lr: 0.009999999999999962 	 Training loss: 0.441442302942276
[2025-01-21 11:09:08,641] INFO: 	 Body Test loss: 0.17920000000000003
[2025-01-21 11:09:08,641] INFO: 	 RH Test loss: 0.25054760056233283
[2025-01-21 11:09:08,641] INFO: 	 F1 score: 0
[2025-01-21 11:09:23,974] INFO: Iter 2000 Summary: 
[2025-01-21 11:09:23,974] INFO: 	 lr: 0.009999999999999962 	 Training loss: 0.43837763822078707
[2025-01-21 11:09:24,255] INFO: 	 Body Test loss: 0.1752
[2025-01-21 11:09:24,256] INFO: 	 RH Test loss: 0.2375079452225561
[2025-01-21 11:09:24,256] INFO: 	 F1 score: 0
[2025-01-21 11:09:39,655] INFO: Iter 2250 Summary: 
[2025-01-21 11:09:39,656] INFO: 	 lr: 0.009999999999999962 	 Training loss: 0.435464298248291
[2025-01-21 11:09:39,940] INFO: 	 Body Test loss: 0.1668
[2025-01-21 11:09:39,940] INFO: 	 RH Test loss: 0.23044751988996978
[2025-01-21 11:09:39,940] INFO: 	 F1 score: 0
[2025-01-21 11:09:55,509] INFO: Iter 2500 Summary: 
[2025-01-21 11:09:55,510] INFO: 	 lr: 0.009999999999999962 	 Training loss: 0.4333644322156906
[2025-01-21 11:09:55,794] INFO: 	 Body Test loss: 0.16879999999999998
[2025-01-21 11:09:55,794] INFO: 	 RH Test loss: 0.22572160089231988
[2025-01-21 11:09:55,794] INFO: 	 F1 score: 0
[2025-01-21 11:10:10,885] INFO: Iter 2750 Summary: 
[2025-01-21 11:10:10,885] INFO: 	 lr: 0.009999999999999962 	 Training loss: 0.430687334895134
[2025-01-21 11:10:11,170] INFO: 	 Body Test loss: 0.16399999999999998
[2025-01-21 11:10:11,171] INFO: 	 RH Test loss: 0.2525221223846888
[2025-01-21 11:10:11,171] INFO: 	 F1 score: 0
[2025-01-21 11:10:26,399] INFO: Iter 3000 Summary: 
[2025-01-21 11:10:26,400] INFO: 	 lr: 0.009999999999999962 	 Training loss: 0.42964067029953
[2025-01-21 11:10:26,684] INFO: 	 Body Test loss: 0.172
[2025-01-21 11:10:26,684] INFO: 	 RH Test loss: 0.2369562759273724
[2025-01-21 11:10:26,685] INFO: 	 F1 score: 0
[2025-01-21 11:10:41,952] INFO: Iter 3250 Summary: 
[2025-01-21 11:10:41,952] INFO: 	 lr: 0.009999999999999962 	 Training loss: 0.4265856376886368
[2025-01-21 11:10:42,239] INFO: 	 Body Test loss: 0.17079999999999998
[2025-01-21 11:10:42,239] INFO: 	 RH Test loss: 0.23832943968168002
[2025-01-21 11:10:42,240] INFO: 	 F1 score: 0
[2025-01-21 11:10:57,377] INFO: Iter 3500 Summary: 
[2025-01-21 11:10:57,377] INFO: 	 lr: 0.009999999999999962 	 Training loss: 0.42533130359649657
[2025-01-21 11:10:57,660] INFO: 	 Body Test loss: 0.1584
[2025-01-21 11:10:57,660] INFO: 	 RH Test loss: 0.24199114593681828
[2025-01-21 11:10:57,660] INFO: 	 F1 score: 0
[2025-01-21 11:11:12,869] INFO: Iter 3750 Summary: 
[2025-01-21 11:11:12,869] INFO: 	 lr: 0.009999999999999962 	 Training loss: 0.4240505273342133
[2025-01-21 11:11:13,149] INFO: 	 Body Test loss: 0.16
[2025-01-21 11:11:13,150] INFO: 	 RH Test loss: 0.2426480920939312
[2025-01-21 11:11:13,150] INFO: 	 F1 score: 0
[2025-01-21 11:11:28,274] INFO: Iter 4000 Summary: 
[2025-01-21 11:11:28,274] INFO: 	 lr: 0.009999999999999962 	 Training loss: 0.41816540813446046
[2025-01-21 11:11:28,559] INFO: 	 Body Test loss: 0.1636
[2025-01-21 11:11:28,559] INFO: 	 RH Test loss: 0.25085746296940764
[2025-01-21 11:11:28,560] INFO: 	 F1 score: 0
[2025-01-21 11:11:43,815] INFO: Iter 4250 Summary: 
[2025-01-21 11:11:43,816] INFO: 	 lr: 0.009999999999999962 	 Training loss: 0.4123961554765701
[2025-01-21 11:11:44,104] INFO: 	 Body Test loss: 0.1752
[2025-01-21 11:11:44,104] INFO: 	 RH Test loss: 0.3210727819383046
[2025-01-21 11:11:44,105] INFO: 	 F1 score: 0
[2025-01-21 11:11:59,360] INFO: Iter 4500 Summary: 
[2025-01-21 11:11:59,360] INFO: 	 lr: 0.009999999999999962 	 Training loss: 0.41273302137851714
[2025-01-21 11:11:59,645] INFO: 	 Body Test loss: 0.1664
[2025-01-21 11:11:59,645] INFO: 	 RH Test loss: 0.2690363920736548
[2025-01-21 11:11:59,646] INFO: 	 F1 score: 0
[2025-01-21 11:12:14,707] INFO: Iter 4750 Summary: 
[2025-01-21 11:12:14,708] INFO: 	 lr: 0.009999999999999962 	 Training loss: 0.41076026058197024
[2025-01-21 11:12:14,990] INFO: 	 Body Test loss: 0.1772
[2025-01-21 11:12:14,990] INFO: 	 RH Test loss: 0.27929472299541236
[2025-01-21 11:12:14,990] INFO: 	 F1 score: 0
[2025-01-21 11:12:30,231] INFO: Iter 5000 Summary: 
[2025-01-21 11:12:30,232] INFO: 	 lr: 0.009999999999999962 	 Training loss: 0.40802214086055755
[2025-01-21 11:12:30,514] INFO: 	 Body Test loss: 0.17079999999999998
[2025-01-21 11:12:30,514] INFO: 	 RH Test loss: 0.26869803998969144
[2025-01-21 11:12:30,514] INFO: 	 F1 score: 0
[2025-01-21 11:12:30,820] INFO: 	 Total number of parameters: 126558
[2025-01-21 11:12:31,540] INFO: Testing with subject ['S7'] 
[2025-01-21 11:12:31,540] INFO: Training with subjects ['S5', 'S3', 'S6', 'S8', 'S9', 'S4', 'S10'] 
[2025-01-21 11:12:46,833] INFO: Iter 250 Summary: 
[2025-01-21 11:12:46,833] INFO: 	 lr: 0.009999999999999962 	 Training loss: 0.9373785743713379
[2025-01-21 11:12:47,160] INFO: 	 Body Test loss: 0.2716
[2025-01-21 11:12:47,161] INFO: 	 RH Test loss: 0.3246318857249092
[2025-01-21 11:12:47,161] INFO: 	 F1 score: 0
[2025-01-21 11:13:02,440] INFO: Iter 500 Summary: 
[2025-01-21 11:13:02,441] INFO: 	 lr: 0.009999999999999962 	 Training loss: 0.5227856489419938
[2025-01-21 11:13:02,772] INFO: 	 Body Test loss: 0.2144
[2025-01-21 11:13:02,772] INFO: 	 RH Test loss: 0.27469650546242214
[2025-01-21 11:13:02,772] INFO: 	 F1 score: 0
[2025-01-21 11:13:17,865] INFO: Iter 750 Summary: 
[2025-01-21 11:13:17,865] INFO: 	 lr: 0.009999999999999962 	 Training loss: 0.49330343770980833
[2025-01-21 11:13:18,196] INFO: 	 Body Test loss: 0.19920000000000002
[2025-01-21 11:13:18,196] INFO: 	 RH Test loss: 0.2515312630148495
[2025-01-21 11:13:18,196] INFO: 	 F1 score: 0
[2025-01-21 11:13:33,499] INFO: Iter 1000 Summary: 
[2025-01-21 11:13:33,499] INFO: 	 lr: 0.009999999999999962 	 Training loss: 0.4751664798259735
[2025-01-21 11:13:33,824] INFO: 	 Body Test loss: 0.1884
[2025-01-21 11:13:33,824] INFO: 	 RH Test loss: 0.22986491429104522
[2025-01-21 11:13:33,824] INFO: 	 F1 score: 0
[2025-01-21 11:13:49,065] INFO: Iter 1250 Summary: 
[2025-01-21 11:13:49,065] INFO: 	 lr: 0.009999999999999962 	 Training loss: 0.4654727281332016
[2025-01-21 11:13:49,394] INFO: 	 Body Test loss: 0.1936
[2025-01-21 11:13:49,394] INFO: 	 RH Test loss: 0.2521035439827863
[2025-01-21 11:13:49,394] INFO: 	 F1 score: 0
[2025-01-21 11:14:04,674] INFO: Iter 1500 Summary: 
[2025-01-21 11:14:04,674] INFO: 	 lr: 0.009999999999999962 	 Training loss: 0.4595925611257553
[2025-01-21 11:14:05,006] INFO: 	 Body Test loss: 0.19
[2025-01-21 11:14:05,006] INFO: 	 RH Test loss: 0.23640906822681426
[2025-01-21 11:14:05,007] INFO: 	 F1 score: 0
[2025-01-21 11:14:20,548] INFO: Iter 1750 Summary: 
[2025-01-21 11:14:20,549] INFO: 	 lr: 0.009999999999999962 	 Training loss: 0.4535836668014526
[2025-01-21 11:14:20,885] INFO: 	 Body Test loss: 0.18119999999999997
[2025-01-21 11:14:20,885] INFO: 	 RH Test loss: 0.2210995823215036
[2025-01-21 11:14:20,885] INFO: 	 F1 score: 0
[2025-01-21 11:14:36,453] INFO: Iter 2000 Summary: 
[2025-01-21 11:14:36,453] INFO: 	 lr: 0.009999999999999962 	 Training loss: 0.44973947846889495
[2025-01-21 11:14:36,784] INFO: 	 Body Test loss: 0.18560000000000001
[2025-01-21 11:14:36,784] INFO: 	 RH Test loss: 0.2270913829452851
[2025-01-21 11:14:36,785] INFO: 	 F1 score: 0
[2025-01-21 11:14:52,989] INFO: Iter 2250 Summary: 
[2025-01-21 11:14:52,989] INFO: 	 lr: 0.009999999999999962 	 Training loss: 0.4435915333032608
[2025-01-21 11:14:53,317] INFO: 	 Body Test loss: 0.1844
[2025-01-21 11:14:53,318] INFO: 	 RH Test loss: 0.22097320009680355
[2025-01-21 11:14:53,318] INFO: 	 F1 score: 0
[2025-01-21 11:15:08,570] INFO: Iter 2500 Summary: 
[2025-01-21 11:15:08,571] INFO: 	 lr: 0.009999999999999962 	 Training loss: 0.44169455897808074
[2025-01-21 11:15:08,900] INFO: 	 Body Test loss: 0.19240000000000002
[2025-01-21 11:15:08,900] INFO: 	 RH Test loss: 0.25337905305974623
[2025-01-21 11:15:08,900] INFO: 	 F1 score: 0
[2025-01-21 11:15:24,061] INFO: Iter 2750 Summary: 
[2025-01-21 11:15:24,061] INFO: 	 lr: 0.009999999999999962 	 Training loss: 0.43794911551475524
[2025-01-21 11:15:24,391] INFO: 	 Body Test loss: 0.18040000000000003
[2025-01-21 11:15:24,392] INFO: 	 RH Test loss: 0.20942939092832455
[2025-01-21 11:15:24,392] INFO: 	 F1 score: 0
[2025-01-21 11:15:39,643] INFO: Iter 3000 Summary: 
[2025-01-21 11:15:39,643] INFO: 	 lr: 0.009999999999999962 	 Training loss: 0.43463304567337036
[2025-01-21 11:15:39,972] INFO: 	 Body Test loss: 0.17559999999999998
[2025-01-21 11:15:39,973] INFO: 	 RH Test loss: 0.21304517351178562
[2025-01-21 11:15:39,973] INFO: 	 F1 score: 0
[2025-01-21 11:15:55,226] INFO: Iter 3250 Summary: 
[2025-01-21 11:15:55,227] INFO: 	 lr: 0.009999999999999962 	 Training loss: 0.43361804699897766
[2025-01-21 11:15:55,554] INFO: 	 Body Test loss: 0.16720000000000002
[2025-01-21 11:15:55,554] INFO: 	 RH Test loss: 0.2123910419870825
[2025-01-21 11:15:55,554] INFO: 	 F1 score: 0
[2025-01-21 11:16:10,681] INFO: Iter 3500 Summary: 
[2025-01-21 11:16:10,681] INFO: 	 lr: 0.009999999999999962 	 Training loss: 0.431276381611824
[2025-01-21 11:16:11,007] INFO: 	 Body Test loss: 0.18280000000000002
[2025-01-21 11:16:11,008] INFO: 	 RH Test loss: 0.20462551816772012
[2025-01-21 11:16:11,008] INFO: 	 F1 score: 0
[2025-01-21 11:16:26,257] INFO: Iter 3750 Summary: 
[2025-01-21 11:16:26,257] INFO: 	 lr: 0.009999999999999962 	 Training loss: 0.4254364142417908
[2025-01-21 11:16:26,583] INFO: 	 Body Test loss: 0.166
[2025-01-21 11:16:26,584] INFO: 	 RH Test loss: 0.2107262391132467
[2025-01-21 11:16:26,584] INFO: 	 F1 score: 0
[2025-01-21 11:16:41,692] INFO: Iter 4000 Summary: 
[2025-01-21 11:16:41,692] INFO: 	 lr: 0.009999999999999962 	 Training loss: 0.4250278648138046
[2025-01-21 11:16:42,022] INFO: 	 Body Test loss: 0.15839999999999999
[2025-01-21 11:16:42,022] INFO: 	 RH Test loss: 0.20012735309320337
[2025-01-21 11:16:42,022] INFO: 	 F1 score: 0
[2025-01-21 11:16:57,277] INFO: Iter 4250 Summary: 
[2025-01-21 11:16:57,277] INFO: 	 lr: 0.009999999999999962 	 Training loss: 0.42400199830532076
[2025-01-21 11:16:57,603] INFO: 	 Body Test loss: 0.16400000000000003
[2025-01-21 11:16:57,603] INFO: 	 RH Test loss: 0.21938732165448807
[2025-01-21 11:16:57,603] INFO: 	 F1 score: 0
[2025-01-21 11:17:12,804] INFO: Iter 4500 Summary: 
[2025-01-21 11:17:12,804] INFO: 	 lr: 0.009999999999999962 	 Training loss: 0.42030400621891023
[2025-01-21 11:17:13,134] INFO: 	 Body Test loss: 0.174
[2025-01-21 11:17:13,134] INFO: 	 RH Test loss: 0.20215319626471576
[2025-01-21 11:17:13,134] INFO: 	 F1 score: 0
[2025-01-21 11:17:28,320] INFO: Iter 4750 Summary: 
[2025-01-21 11:17:28,320] INFO: 	 lr: 0.009999999999999962 	 Training loss: 0.41569146466255186
[2025-01-21 11:17:28,652] INFO: 	 Body Test loss: 0.15680000000000002
[2025-01-21 11:17:28,653] INFO: 	 RH Test loss: 0.1994782261708203
[2025-01-21 11:17:28,653] INFO: 	 F1 score: 0
[2025-01-21 11:17:43,905] INFO: Iter 5000 Summary: 
[2025-01-21 11:17:43,905] INFO: 	 lr: 0.009999999999999962 	 Training loss: 0.4156111214160919
[2025-01-21 11:17:44,232] INFO: 	 Body Test loss: 0.16760000000000003
[2025-01-21 11:17:44,233] INFO: 	 RH Test loss: 0.20201251567812528
[2025-01-21 11:17:44,233] INFO: 	 F1 score: 0
[2025-01-21 11:17:44,580] INFO: 	 Total number of parameters: 126558
[2025-01-21 11:17:45,300] INFO: Testing with subject ['S10'] 
[2025-01-21 11:17:45,300] INFO: Training with subjects ['S5', 'S3', 'S6', 'S8', 'S9', 'S4', 'S7'] 
[2025-01-21 11:18:00,519] INFO: Iter 250 Summary: 
[2025-01-21 11:18:00,519] INFO: 	 lr: 0.009999999999999962 	 Training loss: 0.9446444463729858
[2025-01-21 11:18:00,851] INFO: 	 Body Test loss: 0.21400000000000002
[2025-01-21 11:18:00,852] INFO: 	 RH Test loss: 0.2702927133991042
[2025-01-21 11:18:00,852] INFO: 	 F1 score: 0
[2025-01-21 11:18:16,111] INFO: Iter 500 Summary: 
[2025-01-21 11:18:16,111] INFO: 	 lr: 0.009999999999999962 	 Training loss: 0.5204693785905838
[2025-01-21 11:18:16,443] INFO: 	 Body Test loss: 0.1536
[2025-01-21 11:18:16,443] INFO: 	 RH Test loss: 0.20829670039090242
[2025-01-21 11:18:16,443] INFO: 	 F1 score: 0
[2025-01-21 11:18:31,517] INFO: Iter 750 Summary: 
[2025-01-21 11:18:31,517] INFO: 	 lr: 0.009999999999999962 	 Training loss: 0.48590215122699737
[2025-01-21 11:18:31,848] INFO: 	 Body Test loss: 0.1408
[2025-01-21 11:18:31,848] INFO: 	 RH Test loss: 0.19811941627628546
[2025-01-21 11:18:31,848] INFO: 	 F1 score: 0
[2025-01-21 11:18:47,051] INFO: Iter 1000 Summary: 
[2025-01-21 11:18:47,051] INFO: 	 lr: 0.009999999999999962 	 Training loss: 0.46956819665431976
[2025-01-21 11:18:47,389] INFO: 	 Body Test loss: 0.1736
[2025-01-21 11:18:47,390] INFO: 	 RH Test loss: 0.21548914538927313
[2025-01-21 11:18:47,390] INFO: 	 F1 score: 0
[2025-01-21 11:19:02,621] INFO: Iter 1250 Summary: 
[2025-01-21 11:19:02,621] INFO: 	 lr: 0.009999999999999962 	 Training loss: 0.4639100037813187
[2025-01-21 11:19:02,953] INFO: 	 Body Test loss: 0.1308
[2025-01-21 11:19:02,953] INFO: 	 RH Test loss: 0.18619370581361544
[2025-01-21 11:19:02,953] INFO: 	 F1 score: 0
[2025-01-21 11:19:18,081] INFO: Iter 1500 Summary: 
[2025-01-21 11:19:18,082] INFO: 	 lr: 0.009999999999999962 	 Training loss: 0.45103919494152067
[2025-01-21 11:19:18,415] INFO: 	 Body Test loss: 0.1324
[2025-01-21 11:19:18,415] INFO: 	 RH Test loss: 0.18345761377949357
[2025-01-21 11:19:18,415] INFO: 	 F1 score: 0
[2025-01-21 11:19:33,631] INFO: Iter 1750 Summary: 
[2025-01-21 11:19:33,632] INFO: 	 lr: 0.009999999999999962 	 Training loss: 0.4463793721199036
[2025-01-21 11:19:33,962] INFO: 	 Body Test loss: 0.12760000000000002
[2025-01-21 11:19:33,962] INFO: 	 RH Test loss: 0.170431635005415
[2025-01-21 11:19:33,962] INFO: 	 F1 score: 0
[2025-01-21 11:19:49,057] INFO: Iter 2000 Summary: 
[2025-01-21 11:19:49,057] INFO: 	 lr: 0.009999999999999962 	 Training loss: 0.44030445873737334
[2025-01-21 11:19:49,394] INFO: 	 Body Test loss: 0.126
[2025-01-21 11:19:49,394] INFO: 	 RH Test loss: 0.16760877567217697
[2025-01-21 11:19:49,394] INFO: 	 F1 score: 0
[2025-01-21 11:20:04,702] INFO: Iter 2250 Summary: 
[2025-01-21 11:20:04,702] INFO: 	 lr: 0.009999999999999962 	 Training loss: 0.4368780934810638
[2025-01-21 11:20:05,033] INFO: 	 Body Test loss: 0.12040000000000001
[2025-01-21 11:20:05,033] INFO: 	 RH Test loss: 0.16478795249928457
[2025-01-21 11:20:05,033] INFO: 	 F1 score: 0
[2025-01-21 11:20:20,472] INFO: Iter 2500 Summary: 
[2025-01-21 11:20:20,472] INFO: 	 lr: 0.009999999999999962 	 Training loss: 0.43322576308250427
[2025-01-21 11:20:20,804] INFO: 	 Body Test loss: 0.1348
[2025-01-21 11:20:20,804] INFO: 	 RH Test loss: 0.17655472962981086
[2025-01-21 11:20:20,804] INFO: 	 F1 score: 0
[2025-01-21 11:20:36,664] INFO: Iter 2750 Summary: 
[2025-01-21 11:20:36,664] INFO: 	 lr: 0.009999999999999962 	 Training loss: 0.431811742067337
[2025-01-21 11:20:37,002] INFO: 	 Body Test loss: 0.1256
[2025-01-21 11:20:37,002] INFO: 	 RH Test loss: 0.16096773952820415
[2025-01-21 11:20:37,003] INFO: 	 F1 score: 0
[2025-01-21 11:20:52,228] INFO: Iter 3000 Summary: 
[2025-01-21 11:20:52,228] INFO: 	 lr: 0.009999999999999962 	 Training loss: 0.43132762145996095
[2025-01-21 11:20:52,561] INFO: 	 Body Test loss: 0.14200000000000002
[2025-01-21 11:20:52,561] INFO: 	 RH Test loss: 0.18786173182085528
[2025-01-21 11:20:52,561] INFO: 	 F1 score: 0
[2025-01-21 11:21:07,766] INFO: Iter 3250 Summary: 
[2025-01-21 11:21:07,767] INFO: 	 lr: 0.009999999999999962 	 Training loss: 0.4260211315155029
[2025-01-21 11:21:08,097] INFO: 	 Body Test loss: 0.1184
[2025-01-21 11:21:08,097] INFO: 	 RH Test loss: 0.1615932493630191
[2025-01-21 11:21:08,097] INFO: 	 F1 score: 0
[2025-01-21 11:21:23,219] INFO: Iter 3500 Summary: 
[2025-01-21 11:21:23,219] INFO: 	 lr: 0.009999999999999962 	 Training loss: 0.4260829252004623
[2025-01-21 11:21:23,549] INFO: 	 Body Test loss: 0.126
[2025-01-21 11:21:23,549] INFO: 	 RH Test loss: 0.16707626957538696
[2025-01-21 11:21:23,549] INFO: 	 F1 score: 0
[2025-01-21 11:21:38,772] INFO: Iter 3750 Summary: 
[2025-01-21 11:21:38,772] INFO: 	 lr: 0.009999999999999962 	 Training loss: 0.423325838804245
[2025-01-21 11:21:39,103] INFO: 	 Body Test loss: 0.11599999999999999
[2025-01-21 11:21:39,103] INFO: 	 RH Test loss: 0.16091945812393482
[2025-01-21 11:21:39,103] INFO: 	 F1 score: 0
[2025-01-21 11:21:54,168] INFO: Iter 4000 Summary: 
[2025-01-21 11:21:54,168] INFO: 	 lr: 0.009999999999999962 	 Training loss: 0.4201246531009674
[2025-01-21 11:21:54,498] INFO: 	 Body Test loss: 0.132
[2025-01-21 11:21:54,499] INFO: 	 RH Test loss: 0.1818574510527051
[2025-01-21 11:21:54,499] INFO: 	 F1 score: 0
[2025-01-21 11:22:09,711] INFO: Iter 4250 Summary: 
[2025-01-21 11:22:09,711] INFO: 	 lr: 0.009999999999999962 	 Training loss: 0.416558473944664
[2025-01-21 11:22:10,045] INFO: 	 Body Test loss: 0.12480000000000001
[2025-01-21 11:22:10,045] INFO: 	 RH Test loss: 0.16647728158094338
[2025-01-21 11:22:10,045] INFO: 	 F1 score: 0
[2025-01-21 11:22:25,285] INFO: Iter 4500 Summary: 
[2025-01-21 11:22:25,285] INFO: 	 lr: 0.009999999999999962 	 Training loss: 0.415255983710289
[2025-01-21 11:22:25,618] INFO: 	 Body Test loss: 0.118
[2025-01-21 11:22:25,618] INFO: 	 RH Test loss: 0.16290609927216837
[2025-01-21 11:22:25,618] INFO: 	 F1 score: 0
[2025-01-21 11:22:40,702] INFO: Iter 4750 Summary: 
[2025-01-21 11:22:40,702] INFO: 	 lr: 0.009999999999999962 	 Training loss: 0.4125514795780182
[2025-01-21 11:22:41,033] INFO: 	 Body Test loss: 0.136
[2025-01-21 11:22:41,034] INFO: 	 RH Test loss: 0.17521775371772197
[2025-01-21 11:22:41,034] INFO: 	 F1 score: 0
[2025-01-21 11:22:56,230] INFO: Iter 5000 Summary: 
[2025-01-21 11:22:56,231] INFO: 	 lr: 0.009999999999999962 	 Training loss: 0.41029853641986846
[2025-01-21 11:22:56,562] INFO: 	 Body Test loss: 0.1368
[2025-01-21 11:22:56,562] INFO: 	 RH Test loss: 0.18492450997849144
[2025-01-21 11:22:56,562] INFO: 	 F1 score: 0
[2025-01-21 11:22:56,908] INFO: 	 Total number of parameters: 126558
[2025-01-21 11:22:56,919] INFO: Mean L2_body is 0.17455
[2025-01-21 11:22:56,919] INFO: Mean L2_right_hand is 0.23745864714133968
[2025-01-21 11:22:56,919] INFO: Under 0.10 is 14.71190471202135
[2025-01-21 11:22:56,919] INFO: Under 0.15 is 33.45714192837477
[2025-01-21 11:22:56,919] INFO: Under 0.20 is 65.94047769904137
[2025-01-21 11:22:56,919] INFO: Under 0.30 is 96.58333361148834
[2025-01-21 11:22:56,919] INFO: Under 0.35 is 99.03571531176567
[2025-01-21 11:22:56,919] INFO: Under 0.40 is 100.0
[2025-01-21 11:22:56,919] INFO: Intention Accuracy is 0.0
[2025-01-21 11:22:56,919] INFO: F1 Score is 0.0
[2025-01-21 11:22:56,919] INFO: F1 Score Binary is 0.0
[2025-01-21 11:22:56,919] INFO: Metrics are {'L2_body': [0.18200000000000002, 0.21160000000000004, 0.19759999999999997, 0.1576, 0.17240000000000003, 0.17079999999999998, 0.16760000000000003, 0.1368], 'L2_right_hand': [0.2779363192861341, 0.2764699866512391, 0.28007273354380297, 0.18055515339452616, 0.22899991860870703, 0.26869803998969144, 0.20201251567812528, 0.18492450997849144], 'under_0.10m': [13.599999248981476, 10.000000149011612, 11.33333370089531, 18.285714089870453, 13.14285695552826, 15.999999642372131, 12.666666507720947, 22.66666740179062], 'under_0.15m': [29.600000381469727, 24.666666984558105, 23.333333432674408, 41.71428382396698, 29.14285659790039, 31.199997663497925, 30.666664242744446, 57.33333230018616], 'under_0.20m': [57.600003480911255, 48.66666793823242, 48.66666793823242, 73.14286231994629, 69.71428990364075, 62.39999532699585, 74.00000095367432, 93.33333373069763], 'under_0.30m': [100.0, 84.66666340827942, 92.00000166893005, 100.0, 96.00000381469727, 100.0, 100.0, 100.0], 'under_0.35m': [100.0, 96.66666984558105, 97.33333587646484, 100.0, 98.28571677207947, 100.0, 100.0, 100.0], 'under_0.40m': [100.0, 100.0, 100.0, 100.0, 100.0, 100.0, 100.0, 100.0], 'accuracy': [0, 0, 0, 0, 0, 0, 0, 0], 'f1_score': [0, 0, 0, 0, 0, 0, 0, 0], 'f1_score_binary': [0, 0, 0, 0, 0, 0, 0, 0]}
