[2025-01-20 12:27:09,869] INFO: {
    "abs_dir": "/home/gerard/Documents/IRI/Repos/siMLPe/exps/baseline_handover",
    "actions_to_load": "all",
    "batch_size": 256,
    "classifier": {
        "flatten": true
    },
    "cos_lr_max": 0.01,
    "cos_lr_min": 1e-05,
    "cos_lr_total_iters": 250,
    "cosine_lr": true,
    "data_aug": true,
    "deriv_input": true,
    "deriv_output": true,
    "eval_condition_with_classifier_int": false,
    "eval_every": 250,
    "handover_anno_dir": "/home/gerard/Documents/IRI/Repos/siMLPe/data/handover/",
    "link_log_file": "/home/gerard/Documents/IRI/Repos/siMLPe/exps/baseline_handover/log/log_last.log",
    "link_val_log_file": "/home/gerard/Documents/IRI/Repos/siMLPe/exps/baseline_handover/log/val_last.log",
    "log_dir": "/home/gerard/Documents/IRI/Repos/siMLPe/exps/baseline_handover/log",
    "log_file": "/home/gerard/Documents/IRI/Repos/siMLPe/exps/baseline_handover/log/log_2025_01_20_12_26_51.log",
    "log_file_leave_one_out": "/home/gerard/Documents/IRI/Repos/siMLPe/exps/baseline_handover/log/log_loo2025_01_20_12_26_51.log",
    "model_pth": null,
    "motion": {
        "dim": 27,
        "handover_input_length": 50,
        "handover_input_length_dct": 50,
        "handover_target_length": 10,
        "handover_target_length_eval": 25,
        "handover_target_length_train": 10
    },
    "motion_fc_in": {
        "activation": "relu",
        "in_features": 27,
        "init_w_trunc_normal": false,
        "out_features": 27,
        "temporal_fc": false,
        "with_norm": false
    },
    "motion_fc_out": {
        "activation": "relu",
        "in_features": 27,
        "init_w_trunc_normal": true,
        "out_features": 27,
        "temporal_fc": false,
        "with_norm": false
    },
    "motion_gcn_in": {
        "do": 0,
        "gcn_in": false,
        "in_features": 27,
        "n_node": 50,
        "num_stage": 0,
        "out_features": 27
    },
    "motion_gcn_out": {
        "do": 0,
        "gcn_out": false,
        "in_features": 27,
        "n_node": 50,
        "num_stage": 0,
        "out_features": 27
    },
    "motion_int": {
        "binary": true,
        "input_dim": 1,
        "int_cond": false,
        "num_emb": 2,
        "output_dim": 27
    },
    "motion_mlp": {
        "hidden_dim": 27,
        "norm_axis": "spatial",
        "num_layers": 48,
        "seq_len": 50,
        "spatial_fc_only": false,
        "with_normalization": true
    },
    "motion_ree": {
        "embedding_size": 3,
        "gcn_concatenation": false,
        "gcn_do": 0,
        "gcn_n_node": 50,
        "gcn_num_stage": 0,
        "input_dim": 3,
        "ree_concatenation": false,
        "ree_cond": false,
        "ree_sum": false
    },
    "num_workers": 6,
    "only_classification": false,
    "post_dct": false,
    "pre_dct": false,
    "print_every": 250,
    "repo_name": "siMLPe",
    "root_dir": "/home/gerard/Documents/IRI/Repos/siMLPe",
    "save_every": 5000,
    "seed": 304,
    "shift_step": 1,
    "snapshot_dir": "/home/gerard/Documents/IRI/Repos/siMLPe/exps/baseline_handover/log/snapshot",
    "this_dir": "baseline_handover",
    "total_iters": 250,
    "use_colab_loss": false,
    "use_int_class": false,
    "use_loss_layer": false,
    "use_ree_loss": false,
    "use_relative_loss": true,
    "use_relative_loss_rh": false,
    "use_rh_distance_joints_loss": false,
    "use_rh_loss": false,
    "val_log_file": "/home/gerard/Documents/IRI/Repos/siMLPe/exps/baseline_handover/log/val_2025_01_20_12_26_51.log",
    "viz_GCN_folder": false,
    "weight_decay": 0.0001
}
[2025-01-20 12:27:10,563] INFO: Testing with subject ['S5'] 
[2025-01-20 12:27:10,563] INFO: Training with subjects ['S3', 'S6', 'S8', 'S9', 'S4', 'S7', 'S10'] 
[2025-01-20 12:27:25,548] INFO: Iter 250 Summary: 
[2025-01-20 12:27:25,548] INFO: 	 lr: 0.009999999999999962 	 Training loss: 0.7460868272781372
[2025-01-20 12:27:25,825] INFO: 	 Body Test loss: 0.29760000000000003
[2025-01-20 12:27:25,825] INFO: 	 RH Test loss: 0.3359564062423296
[2025-01-20 12:27:25,825] INFO: 	 F1 score: 0
[2025-01-20 12:27:25,826] INFO: 	 Total number of parameters: 126504
[2025-01-20 12:27:26,610] INFO: Testing with subject ['S3'] 
[2025-01-20 12:27:26,610] INFO: Training with subjects ['S5', 'S6', 'S8', 'S9', 'S4', 'S7', 'S10'] 
[2025-01-20 12:27:41,281] INFO: Iter 250 Summary: 
[2025-01-20 12:27:41,282] INFO: 	 lr: 0.009999999999999962 	 Training loss: 0.8258717089891434
[2025-01-20 12:27:41,608] INFO: 	 Body Test loss: 0.314
[2025-01-20 12:27:41,609] INFO: 	 RH Test loss: 0.3231307041609035
[2025-01-20 12:27:41,609] INFO: 	 F1 score: 0
[2025-01-20 12:27:41,609] INFO: 	 Total number of parameters: 126504
[2025-01-20 12:27:42,318] INFO: Testing with subject ['S6'] 
[2025-01-20 12:27:42,319] INFO: Training with subjects ['S5', 'S3', 'S8', 'S9', 'S4', 'S7', 'S10'] 
[2025-01-20 12:27:56,862] INFO: Iter 250 Summary: 
[2025-01-20 12:27:56,862] INFO: 	 lr: 0.009999999999999962 	 Training loss: 0.7306954687833787
[2025-01-20 12:27:57,196] INFO: 	 Body Test loss: 0.2208
[2025-01-20 12:27:57,196] INFO: 	 RH Test loss: 0.25115044331583214
[2025-01-20 12:27:57,197] INFO: 	 F1 score: 0
[2025-01-20 12:27:57,197] INFO: 	 Total number of parameters: 126504
[2025-01-20 12:27:57,905] INFO: Testing with subject ['S8'] 
[2025-01-20 12:27:57,905] INFO: Training with subjects ['S5', 'S3', 'S6', 'S9', 'S4', 'S7', 'S10'] 
[2025-01-20 12:28:12,469] INFO: Iter 250 Summary: 
[2025-01-20 12:28:12,469] INFO: 	 lr: 0.009999999999999962 	 Training loss: 0.8801461772918702
[2025-01-20 12:28:12,847] INFO: 	 Body Test loss: 0.25720000000000004
[2025-01-20 12:28:12,847] INFO: 	 RH Test loss: 0.3139665196704624
[2025-01-20 12:28:12,847] INFO: 	 F1 score: 0
[2025-01-20 12:28:12,848] INFO: 	 Total number of parameters: 126504
[2025-01-20 12:28:13,554] INFO: Testing with subject ['S9'] 
[2025-01-20 12:28:13,554] INFO: Training with subjects ['S5', 'S3', 'S6', 'S8', 'S4', 'S7', 'S10'] 
[2025-01-20 12:28:28,127] INFO: Iter 250 Summary: 
[2025-01-20 12:28:28,128] INFO: 	 lr: 0.009999999999999962 	 Training loss: 0.7908506842851639
[2025-01-20 12:28:28,536] INFO: 	 Body Test loss: 0.26039999999999996
[2025-01-20 12:28:28,536] INFO: 	 RH Test loss: 0.2979460898787711
[2025-01-20 12:28:28,536] INFO: 	 F1 score: 0
[2025-01-20 12:28:28,537] INFO: 	 Total number of parameters: 126504
[2025-01-20 12:28:29,267] INFO: Testing with subject ['S4'] 
[2025-01-20 12:28:29,267] INFO: Training with subjects ['S5', 'S3', 'S6', 'S8', 'S9', 'S7', 'S10'] 
[2025-01-20 12:28:43,813] INFO: Iter 250 Summary: 
[2025-01-20 12:28:43,813] INFO: 	 lr: 0.009999999999999962 	 Training loss: 0.577581565618515
[2025-01-20 12:28:44,098] INFO: 	 Body Test loss: 0.21760000000000002
[2025-01-20 12:28:44,098] INFO: 	 RH Test loss: 0.22542973516800457
[2025-01-20 12:28:44,098] INFO: 	 F1 score: 0
[2025-01-20 12:28:44,099] INFO: 	 Total number of parameters: 126504
[2025-01-20 12:28:44,798] INFO: Testing with subject ['S7'] 
[2025-01-20 12:28:44,798] INFO: Training with subjects ['S5', 'S3', 'S6', 'S8', 'S9', 'S4', 'S10'] 
[2025-01-20 12:28:59,326] INFO: Iter 250 Summary: 
[2025-01-20 12:28:59,327] INFO: 	 lr: 0.009999999999999962 	 Training loss: 0.7459432393312454
[2025-01-20 12:28:59,654] INFO: 	 Body Test loss: 0.20079999999999998
[2025-01-20 12:28:59,654] INFO: 	 RH Test loss: 0.24839597908188313
[2025-01-20 12:28:59,654] INFO: 	 F1 score: 0
[2025-01-20 12:28:59,655] INFO: 	 Total number of parameters: 126504
[2025-01-20 12:29:00,368] INFO: Testing with subject ['S10'] 
[2025-01-20 12:29:00,369] INFO: Training with subjects ['S5', 'S3', 'S6', 'S8', 'S9', 'S4', 'S7'] 
[2025-01-20 12:29:15,061] INFO: Iter 250 Summary: 
[2025-01-20 12:29:15,061] INFO: 	 lr: 0.009999999999999962 	 Training loss: 0.8908416039943695
[2025-01-20 12:29:15,395] INFO: 	 Body Test loss: 0.2
[2025-01-20 12:29:15,395] INFO: 	 RH Test loss: 0.23160816968965137
[2025-01-20 12:29:15,395] INFO: 	 F1 score: 0
[2025-01-20 12:29:15,396] INFO: 	 Total number of parameters: 126504
[2025-01-20 12:29:15,406] INFO: Mean L2_body is 0.24605000000000002
[2025-01-20 12:29:15,406] INFO: Mean L2_right_hand is 0.27844800590097973
[2025-01-20 12:29:15,406] INFO: Under 0.10 is 8.164285589009523
[2025-01-20 12:29:15,406] INFO: Under 0.15 is 20.09999928995967
[2025-01-20 12:29:15,406] INFO: Under 0.20 is 39.03333358466625
[2025-01-20 12:29:15,406] INFO: Under 0.30 is 73.42380955815315
[2025-01-20 12:29:15,406] INFO: Under 0.35 is 82.73095488548279
[2025-01-20 12:29:15,406] INFO: Under 0.40 is 91.32142961025238
[2025-01-20 12:29:15,406] INFO: Intention Accuracy is 0.0
[2025-01-20 12:29:15,406] INFO: F1 Score is 0.0
[2025-01-20 12:29:15,406] INFO: F1 Score Binary is 0.0
[2025-01-20 12:29:15,406] INFO: Metrics are {'L2_body': [0.29760000000000003, 0.314, 0.2208, 0.25720000000000004, 0.26039999999999996, 0.21760000000000002, 0.20079999999999998, 0.2], 'L2_right_hand': [0.3359564062423296, 0.3231307041609035, 0.25115044331583214, 0.3139665196704624, 0.2979460898787711, 0.22542973516800457, 0.24839597908188313, 0.23160816968965137], 'under_0.10m': [4.800000041723251, 0.0, 10.666666179895401, 8.571428060531616, 9.142857789993286, 8.799999952316284, 10.000000149011612, 13.333332538604736], 'under_0.15m': [16.79999977350235, 8.666666597127914, 22.66666740179062, 21.714285016059875, 18.285714089870453, 23.999997973442078, 22.66666442155838, 25.999999046325684], 'under_0.20m': [26.399999856948853, 25.999999046325684, 42.00000464916229, 40.00000357627869, 28.00000011920929, 51.19999647140503, 51.99999809265137, 46.666666865348816], 'under_0.30m': [49.59999918937683, 56.00000023841858, 81.99999928474426, 66.85714721679688, 59.99999642372131, 85.59999465942383, 92.66666769981384, 94.66667175292969], 'under_0.35m': [63.200002908706665, 65.33333659172058, 88.00000548362732, 77.7142882347107, 80.0000011920929, 89.60000276565552, 98.00000190734863, 100.0], 'under_0.40m': [78.39999794960022, 80.66666722297668, 93.33333373069763, 92.57143139839172, 92.00000166893005, 93.60000491142273, 100.0, 100.0], 'accuracy': [0, 0, 0, 0, 0, 0, 0, 0], 'f1_score': [0, 0, 0, 0, 0, 0, 0, 0], 'f1_score_binary': [0, 0, 0, 0, 0, 0, 0, 0]}
