[2025-01-27 12:13:29,271] INFO: {
    "abs_dir": "/home/gerard/Documents/IRI/Repos/siMLPe/exps/baseline_handover",
    "actions_to_load": "all",
    "batch_size": 256,
    "classifier": {
        "flatten": true
    },
    "cos_lr_max": 0.01,
    "cos_lr_min": 1e-05,
    "cos_lr_total_iters": 5000,
    "cosine_lr": true,
    "data_aug": true,
    "deriv_input": true,
    "deriv_output": true,
    "eval_condition_with_classifier_int": false,
    "eval_every": 250,
    "handover_anno_dir": "/home/gerard/Documents/IRI/Repos/siMLPe/data/handover/",
    "link_log_file": "/home/gerard/Documents/IRI/Repos/siMLPe/exps/baseline_handover/log/log_last.log",
    "link_val_log_file": "/home/gerard/Documents/IRI/Repos/siMLPe/exps/baseline_handover/log/val_last.log",
    "log_dir": "/home/gerard/Documents/IRI/Repos/siMLPe/exps/baseline_handover/log",
    "log_file": "/home/gerard/Documents/IRI/Repos/siMLPe/exps/baseline_handover/log/log_2025_01_27_12_07_31.log",
    "log_file_leave_one_out": "/home/gerard/Documents/IRI/Repos/siMLPe/exps/baseline_handover/log/log_loo2025_01_27_12_07_31.log",
    "model_pth": null,
    "motion": {
        "dim": 27,
        "handover_input_length": 50,
        "handover_input_length_dct": 50,
        "handover_target_length_eval": 25,
        "handover_target_length_train": 10
    },
    "motion_fc_in": {
        "activation": "relu",
        "in_features": 27,
        "init_w_trunc_normal": false,
        "out_features": 27,
        "temporal_fc": false,
        "with_norm": false
    },
    "motion_fc_out": {
        "activation": "relu",
        "in_features": 27,
        "init_w_trunc_normal": true,
        "out_features": 27,
        "temporal_fc": false,
        "with_norm": false
    },
    "motion_gcn_in": {
        "do": 0,
        "gcn_in": false,
        "in_features": 27,
        "n_node": 50,
        "num_stage": 0,
        "out_features": 27
    },
    "motion_gcn_out": {
        "do": 0,
        "gcn_out": false,
        "in_features": 27,
        "n_node": 50,
        "num_stage": 0,
        "out_features": 27
    },
    "motion_int": {
        "binary": true,
        "input_dim": 1,
        "int_cond": false,
        "num_emb": 2,
        "output_dim": 27
    },
    "motion_mlp": {
        "hidden_dim": 27,
        "norm_axis": "spatial",
        "num_layers": 48,
        "seq_len": 50,
        "spatial_fc_only": false,
        "with_normalization": true
    },
    "motion_ree": {
        "embedding_size": 3,
        "gcn_concatenation": false,
        "gcn_do": 0,
        "gcn_n_node": 50,
        "gcn_num_stage": 0,
        "input_dim": 3,
        "ree_concatenation": false,
        "ree_cond": false,
        "ree_sum": false
    },
    "num_workers": 6,
    "only_classification": false,
    "post_dct": false,
    "pre_dct": false,
    "print_every": 250,
    "repo_name": "siMLPe",
    "root_dir": "/home/gerard/Documents/IRI/Repos/siMLPe",
    "save_every": 5000,
    "seed": 304,
    "shift_step": 1,
    "snapshot_dir": "/home/gerard/Documents/IRI/Repos/siMLPe/exps/baseline_handover/log/snapshot",
    "this_dir": "baseline_handover",
    "total_iters": 5000,
    "use_colab_loss": false,
    "use_int_class": true,
    "use_loss_layer": false,
    "use_ree_loss": false,
    "use_relative_loss": true,
    "use_relative_loss_rh": false,
    "use_rh_distance_joints_loss": false,
    "use_rh_loss": false,
    "val_log_file": "/home/gerard/Documents/IRI/Repos/siMLPe/exps/baseline_handover/log/val_2025_01_27_12_07_31.log",
    "viz_GCN_folder": false,
    "weight_decay": 0.0001
}
[2025-01-27 12:13:29,980] INFO: Testing with subject ['S5'] 
[2025-01-27 12:13:29,980] INFO: Training with subjects ['S3', 'S6', 'S8', 'S9', 'S4', 'S10', 'S7'] 
[2025-01-27 12:13:48,101] INFO: Iter 250 Summary: 
[2025-01-27 12:13:48,101] INFO: 	 lr: 0.009999999999999962 	 Training loss: 1.1103785905838013
[2025-01-27 12:13:48,407] INFO: 	 Body Test loss: 0.256
[2025-01-27 12:13:48,407] INFO: 	 RH Test loss: 0.31043733216701763
[2025-01-27 12:13:48,407] INFO: 	 F1 score: 0.5278424240556078
[2025-01-27 12:14:05,273] INFO: Iter 500 Summary: 
[2025-01-27 12:14:05,274] INFO: 	 lr: 0.009999999999999962 	 Training loss: 0.619012309551239
[2025-01-27 12:14:05,580] INFO: 	 Body Test loss: 0.1936
[2025-01-27 12:14:05,580] INFO: 	 RH Test loss: 0.23933839020652015
[2025-01-27 12:14:05,580] INFO: 	 F1 score: 0.5722338144090883
[2025-01-27 12:14:22,853] INFO: Iter 750 Summary: 
[2025-01-27 12:14:22,854] INFO: 	 lr: 0.009999999999999962 	 Training loss: 0.4865285048484802
[2025-01-27 12:14:23,185] INFO: 	 Body Test loss: 0.1844
[2025-01-27 12:14:23,185] INFO: 	 RH Test loss: 0.23442519278671842
[2025-01-27 12:14:23,185] INFO: 	 F1 score: 0.6164869670487648
[2025-01-27 12:14:40,202] INFO: Iter 1000 Summary: 
[2025-01-27 12:14:40,202] INFO: 	 lr: 0.009999999999999962 	 Training loss: 0.451438845038414
[2025-01-27 12:14:40,508] INFO: 	 Body Test loss: 0.2
[2025-01-27 12:14:40,508] INFO: 	 RH Test loss: 0.24997780537904915
[2025-01-27 12:14:40,508] INFO: 	 F1 score: 0.6116252535496958
[2025-01-27 12:14:57,482] INFO: Iter 1250 Summary: 
[2025-01-27 12:14:57,482] INFO: 	 lr: 0.009999999999999962 	 Training loss: 0.42077262604236604
[2025-01-27 12:14:57,813] INFO: 	 Body Test loss: 0.18960000000000002
[2025-01-27 12:14:57,814] INFO: 	 RH Test loss: 0.24567942929225078
[2025-01-27 12:14:57,814] INFO: 	 F1 score: 0.5668419493408384
[2025-01-27 12:15:14,470] INFO: Iter 1500 Summary: 
[2025-01-27 12:15:14,470] INFO: 	 lr: 0.009999999999999962 	 Training loss: 0.4066107851266861
[2025-01-27 12:15:14,773] INFO: 	 Body Test loss: 0.18760000000000002
[2025-01-27 12:15:14,773] INFO: 	 RH Test loss: 0.24008879642726275
[2025-01-27 12:15:14,773] INFO: 	 F1 score: 0.5944371632445027
[2025-01-27 12:15:31,983] INFO: Iter 1750 Summary: 
[2025-01-27 12:15:31,983] INFO: 	 lr: 0.009999999999999962 	 Training loss: 0.38970661520957944
[2025-01-27 12:15:32,294] INFO: 	 Body Test loss: 0.20520000000000002
[2025-01-27 12:15:32,294] INFO: 	 RH Test loss: 0.2700353331368958
[2025-01-27 12:15:32,294] INFO: 	 F1 score: 0.6097800196160852
[2025-01-27 12:15:48,797] INFO: Iter 2000 Summary: 
[2025-01-27 12:15:48,798] INFO: 	 lr: 0.009999999999999962 	 Training loss: 0.37465747678279876
[2025-01-27 12:15:49,129] INFO: 	 Body Test loss: 0.24319999999999997
[2025-01-27 12:15:49,129] INFO: 	 RH Test loss: 0.29283987986977267
[2025-01-27 12:15:49,129] INFO: 	 F1 score: 0.604194209413009
[2025-01-27 12:16:05,969] INFO: Iter 2250 Summary: 
[2025-01-27 12:16:05,969] INFO: 	 lr: 0.009999999999999962 	 Training loss: 0.36574228632450106
[2025-01-27 12:16:06,279] INFO: 	 Body Test loss: 0.20560000000000003
[2025-01-27 12:16:06,279] INFO: 	 RH Test loss: 0.2517478034397858
[2025-01-27 12:16:06,279] INFO: 	 F1 score: 0.6038110212638514
[2025-01-27 12:16:23,395] INFO: Iter 2500 Summary: 
[2025-01-27 12:16:23,396] INFO: 	 lr: 0.009999999999999962 	 Training loss: 0.35343697130680085
[2025-01-27 12:16:23,719] INFO: 	 Body Test loss: 0.18119999999999997
[2025-01-27 12:16:23,719] INFO: 	 RH Test loss: 0.2323188218779367
[2025-01-27 12:16:23,719] INFO: 	 F1 score: 0.5384722666601035
[2025-01-27 12:16:40,840] INFO: Iter 2750 Summary: 
[2025-01-27 12:16:40,840] INFO: 	 lr: 0.009999999999999962 	 Training loss: 0.33988881230354306
[2025-01-27 12:16:41,153] INFO: 	 Body Test loss: 0.19399999999999998
[2025-01-27 12:16:41,153] INFO: 	 RH Test loss: 0.23846223108644332
[2025-01-27 12:16:41,153] INFO: 	 F1 score: 0.5270576248160308
[2025-01-27 12:16:58,212] INFO: Iter 3000 Summary: 
[2025-01-27 12:16:58,213] INFO: 	 lr: 0.009999999999999962 	 Training loss: 0.34655896520614626
[2025-01-27 12:16:58,546] INFO: 	 Body Test loss: 0.19560000000000002
[2025-01-27 12:16:58,546] INFO: 	 RH Test loss: 0.250197082875661
[2025-01-27 12:16:58,546] INFO: 	 F1 score: 0.5432081733385452
[2025-01-27 12:17:15,845] INFO: Iter 3250 Summary: 
[2025-01-27 12:17:15,845] INFO: 	 lr: 0.009999999999999962 	 Training loss: 0.3293674414157867
[2025-01-27 12:17:16,179] INFO: 	 Body Test loss: 0.21919999999999998
[2025-01-27 12:17:16,179] INFO: 	 RH Test loss: 0.27411917927877266
[2025-01-27 12:17:16,179] INFO: 	 F1 score: 0.5487911266201396
[2025-01-27 12:17:33,193] INFO: Iter 3500 Summary: 
[2025-01-27 12:17:33,194] INFO: 	 lr: 0.009999999999999962 	 Training loss: 0.3215069409608841
[2025-01-27 12:17:33,528] INFO: 	 Body Test loss: 0.19440000000000002
[2025-01-27 12:17:33,528] INFO: 	 RH Test loss: 0.2463843832238572
[2025-01-27 12:17:33,528] INFO: 	 F1 score: 0.5728918247754117
[2025-01-27 12:17:50,574] INFO: Iter 3750 Summary: 
[2025-01-27 12:17:50,575] INFO: 	 lr: 0.009999999999999962 	 Training loss: 0.31931341242790223
[2025-01-27 12:17:50,906] INFO: 	 Body Test loss: 0.2048
[2025-01-27 12:17:50,906] INFO: 	 RH Test loss: 0.2611835911543622
[2025-01-27 12:17:50,906] INFO: 	 F1 score: 0.524088070982583
[2025-01-27 12:18:07,773] INFO: Iter 4000 Summary: 
[2025-01-27 12:18:07,774] INFO: 	 lr: 0.009999999999999962 	 Training loss: 0.3082613139152527
[2025-01-27 12:18:08,086] INFO: 	 Body Test loss: 0.19080000000000003
[2025-01-27 12:18:08,086] INFO: 	 RH Test loss: 0.24501842443990107
[2025-01-27 12:18:08,086] INFO: 	 F1 score: 0.6054695598092737
[2025-01-27 12:18:25,073] INFO: Iter 4250 Summary: 
[2025-01-27 12:18:25,073] INFO: 	 lr: 0.009999999999999962 	 Training loss: 0.3146908198595047
[2025-01-27 12:18:25,407] INFO: 	 Body Test loss: 0.19520000000000004
[2025-01-27 12:18:25,407] INFO: 	 RH Test loss: 0.24991651552155802
[2025-01-27 12:18:25,407] INFO: 	 F1 score: 0.48956395666921987
[2025-01-27 12:18:42,360] INFO: Iter 4500 Summary: 
[2025-01-27 12:18:42,360] INFO: 	 lr: 0.009999999999999962 	 Training loss: 0.3011705120801926
[2025-01-27 12:18:42,691] INFO: 	 Body Test loss: 0.1912
[2025-01-27 12:18:42,692] INFO: 	 RH Test loss: 0.24414045755054198
[2025-01-27 12:18:42,692] INFO: 	 F1 score: 0.564571607254534
[2025-01-27 12:18:59,606] INFO: Iter 4750 Summary: 
[2025-01-27 12:18:59,606] INFO: 	 lr: 0.009999999999999962 	 Training loss: 0.30734308129549026
[2025-01-27 12:18:59,921] INFO: 	 Body Test loss: 0.1884
[2025-01-27 12:18:59,921] INFO: 	 RH Test loss: 0.24361232315830525
[2025-01-27 12:18:59,921] INFO: 	 F1 score: 0.5283484279508137
[2025-01-27 12:19:17,227] INFO: Iter 5000 Summary: 
[2025-01-27 12:19:17,228] INFO: 	 lr: 0.009999999999999962 	 Training loss: 0.2959436603188515
[2025-01-27 12:19:17,554] INFO: 	 Body Test loss: 0.1848
[2025-01-27 12:19:17,554] INFO: 	 RH Test loss: 0.24227563655997092
[2025-01-27 12:19:17,554] INFO: 	 F1 score: 0.49077634034239626
[2025-01-27 12:19:17,901] INFO: 	 Total number of parameters: 169578
[2025-01-27 12:19:18,632] INFO: Testing with subject ['S3'] 
[2025-01-27 12:19:18,632] INFO: Training with subjects ['S5', 'S6', 'S8', 'S9', 'S4', 'S10', 'S7'] 
[2025-01-27 12:19:35,833] INFO: Iter 250 Summary: 
[2025-01-27 12:19:35,833] INFO: 	 lr: 0.009999999999999962 	 Training loss: 1.3676189317703247
[2025-01-27 12:19:36,227] INFO: 	 Body Test loss: 0.37360000000000004
[2025-01-27 12:19:36,227] INFO: 	 RH Test loss: 0.3627877798541435
[2025-01-27 12:19:36,227] INFO: 	 F1 score: 0.4674175382139984
[2025-01-27 12:19:54,388] INFO: Iter 500 Summary: 
[2025-01-27 12:19:54,388] INFO: 	 lr: 0.009999999999999962 	 Training loss: 0.6110649285316467
[2025-01-27 12:19:54,772] INFO: 	 Body Test loss: 0.282
[2025-01-27 12:19:54,772] INFO: 	 RH Test loss: 0.29818084896871333
[2025-01-27 12:19:54,772] INFO: 	 F1 score: 0.6893219964664311
[2025-01-27 12:20:11,559] INFO: Iter 750 Summary: 
[2025-01-27 12:20:11,559] INFO: 	 lr: 0.009999999999999962 	 Training loss: 0.4968855044841766
[2025-01-27 12:20:11,954] INFO: 	 Body Test loss: 0.2888
[2025-01-27 12:20:11,955] INFO: 	 RH Test loss: 0.30091949388699946
[2025-01-27 12:20:11,955] INFO: 	 F1 score: 0.6350915875169607
[2025-01-27 12:20:29,032] INFO: Iter 1000 Summary: 
[2025-01-27 12:20:29,032] INFO: 	 lr: 0.009999999999999962 	 Training loss: 0.4526586903333664
[2025-01-27 12:20:29,415] INFO: 	 Body Test loss: 0.2432
[2025-01-27 12:20:29,415] INFO: 	 RH Test loss: 0.26300461731648517
[2025-01-27 12:20:29,415] INFO: 	 F1 score: 0.6507817041250726
[2025-01-27 12:20:46,751] INFO: Iter 1250 Summary: 
[2025-01-27 12:20:46,751] INFO: 	 lr: 0.009999999999999962 	 Training loss: 0.42856250250339506
[2025-01-27 12:20:47,138] INFO: 	 Body Test loss: 0.2676
[2025-01-27 12:20:47,138] INFO: 	 RH Test loss: 0.28246842395142846
[2025-01-27 12:20:47,138] INFO: 	 F1 score: 0.6582020739706502
[2025-01-27 12:21:04,285] INFO: Iter 1500 Summary: 
[2025-01-27 12:21:04,286] INFO: 	 lr: 0.009999999999999962 	 Training loss: 0.3980806704759598
[2025-01-27 12:21:04,672] INFO: 	 Body Test loss: 0.24480000000000002
[2025-01-27 12:21:04,672] INFO: 	 RH Test loss: 0.2915726478006184
[2025-01-27 12:21:04,672] INFO: 	 F1 score: 0.678273299028016
[2025-01-27 12:21:22,043] INFO: Iter 1750 Summary: 
[2025-01-27 12:21:22,044] INFO: 	 lr: 0.009999999999999962 	 Training loss: 0.387426562666893
[2025-01-27 12:21:22,405] INFO: 	 Body Test loss: 0.23200000000000004
[2025-01-27 12:21:22,406] INFO: 	 RH Test loss: 0.27292016532846086
[2025-01-27 12:21:22,406] INFO: 	 F1 score: 0.6353727919544847
[2025-01-27 12:21:39,550] INFO: Iter 2000 Summary: 
[2025-01-27 12:21:39,550] INFO: 	 lr: 0.009999999999999962 	 Training loss: 0.3649133715629578
[2025-01-27 12:21:39,938] INFO: 	 Body Test loss: 0.2224
[2025-01-27 12:21:39,938] INFO: 	 RH Test loss: 0.2413122262983524
[2025-01-27 12:21:39,938] INFO: 	 F1 score: 0.6692643281157185
[2025-01-27 12:21:57,150] INFO: Iter 2250 Summary: 
[2025-01-27 12:21:57,151] INFO: 	 lr: 0.009999999999999962 	 Training loss: 0.35521720731258394
[2025-01-27 12:21:57,535] INFO: 	 Body Test loss: 0.23440000000000003
[2025-01-27 12:21:57,535] INFO: 	 RH Test loss: 0.2637886771766801
[2025-01-27 12:21:57,535] INFO: 	 F1 score: 0.608769217068886
[2025-01-27 12:22:14,814] INFO: Iter 2500 Summary: 
[2025-01-27 12:22:14,814] INFO: 	 lr: 0.009999999999999962 	 Training loss: 0.3467704426050186
[2025-01-27 12:22:15,173] INFO: 	 Body Test loss: 0.21999999999999997
[2025-01-27 12:22:15,173] INFO: 	 RH Test loss: 0.23394718078328045
[2025-01-27 12:22:15,173] INFO: 	 F1 score: 0.532912962426565
[2025-01-27 12:22:32,309] INFO: Iter 2750 Summary: 
[2025-01-27 12:22:32,309] INFO: 	 lr: 0.009999999999999962 	 Training loss: 0.3422284952402115
[2025-01-27 12:22:32,691] INFO: 	 Body Test loss: 0.24200000000000002
[2025-01-27 12:22:32,691] INFO: 	 RH Test loss: 0.29304413219593084
[2025-01-27 12:22:32,691] INFO: 	 F1 score: 0.5630988446522427
[2025-01-27 12:22:50,090] INFO: Iter 3000 Summary: 
[2025-01-27 12:22:50,090] INFO: 	 lr: 0.009999999999999962 	 Training loss: 0.33026706194877625
[2025-01-27 12:22:50,466] INFO: 	 Body Test loss: 0.21359999999999998
[2025-01-27 12:22:50,466] INFO: 	 RH Test loss: 0.23830186129696776
[2025-01-27 12:22:50,466] INFO: 	 F1 score: 0.6190843673632407
[2025-01-27 12:23:07,509] INFO: Iter 3250 Summary: 
[2025-01-27 12:23:07,510] INFO: 	 lr: 0.009999999999999962 	 Training loss: 0.3223111802339554
[2025-01-27 12:23:07,902] INFO: 	 Body Test loss: 0.21559999999999999
[2025-01-27 12:23:07,902] INFO: 	 RH Test loss: 0.24329568107682775
[2025-01-27 12:23:07,902] INFO: 	 F1 score: 0.47657399235069137
[2025-01-27 12:23:24,991] INFO: Iter 3500 Summary: 
[2025-01-27 12:23:24,991] INFO: 	 lr: 0.009999999999999962 	 Training loss: 0.3115268615484238
[2025-01-27 12:23:25,376] INFO: 	 Body Test loss: 0.21080000000000002
[2025-01-27 12:23:25,376] INFO: 	 RH Test loss: 0.23289830902551958
[2025-01-27 12:23:25,376] INFO: 	 F1 score: 0.6332173688957609
[2025-01-27 12:23:42,867] INFO: Iter 3750 Summary: 
[2025-01-27 12:23:42,867] INFO: 	 lr: 0.009999999999999962 	 Training loss: 0.318644745349884
[2025-01-27 12:23:43,231] INFO: 	 Body Test loss: 0.21600000000000003
[2025-01-27 12:23:43,232] INFO: 	 RH Test loss: 0.27361040505037565
[2025-01-27 12:23:43,232] INFO: 	 F1 score: 0.5889542483660131
[2025-01-27 12:24:00,387] INFO: Iter 4000 Summary: 
[2025-01-27 12:24:00,388] INFO: 	 lr: 0.009999999999999962 	 Training loss: 0.30967878448963165
[2025-01-27 12:24:00,788] INFO: 	 Body Test loss: 0.2212
[2025-01-27 12:24:00,788] INFO: 	 RH Test loss: 0.23476255841125532
[2025-01-27 12:24:00,788] INFO: 	 F1 score: 0.6440860215053763
[2025-01-27 12:24:17,947] INFO: Iter 4250 Summary: 
[2025-01-27 12:24:17,948] INFO: 	 lr: 0.009999999999999962 	 Training loss: 0.3009784834384918
[2025-01-27 12:24:18,335] INFO: 	 Body Test loss: 0.22759999999999997
[2025-01-27 12:24:18,335] INFO: 	 RH Test loss: 0.2722711787627183
[2025-01-27 12:24:18,335] INFO: 	 F1 score: 0.49384552046311936
[2025-01-27 12:24:35,374] INFO: Iter 4500 Summary: 
[2025-01-27 12:24:35,374] INFO: 	 lr: 0.009999999999999962 	 Training loss: 0.3017225415110588
[2025-01-27 12:24:35,737] INFO: 	 Body Test loss: 0.21960000000000002
[2025-01-27 12:24:35,737] INFO: 	 RH Test loss: 0.2472596997184696
[2025-01-27 12:24:35,738] INFO: 	 F1 score: 0.656266226103375
[2025-01-27 12:24:52,708] INFO: Iter 4750 Summary: 
[2025-01-27 12:24:52,708] INFO: 	 lr: 0.009999999999999962 	 Training loss: 0.29741767060756685
[2025-01-27 12:24:53,093] INFO: 	 Body Test loss: 0.21559999999999999
[2025-01-27 12:24:53,093] INFO: 	 RH Test loss: 0.23945647463697678
[2025-01-27 12:24:53,093] INFO: 	 F1 score: 0.4866982166252239
[2025-01-27 12:25:10,344] INFO: Iter 5000 Summary: 
[2025-01-27 12:25:10,344] INFO: 	 lr: 0.009999999999999962 	 Training loss: 0.2995272669196129
[2025-01-27 12:25:10,709] INFO: 	 Body Test loss: 0.2216
[2025-01-27 12:25:10,709] INFO: 	 RH Test loss: 0.23501307422660986
[2025-01-27 12:25:10,709] INFO: 	 F1 score: 0.5948946586240056
[2025-01-27 12:25:11,101] INFO: 	 Total number of parameters: 169578
[2025-01-27 12:25:11,815] INFO: Testing with subject ['S6'] 
[2025-01-27 12:25:11,815] INFO: Training with subjects ['S5', 'S3', 'S8', 'S9', 'S4', 'S10', 'S7'] 
[2025-01-27 12:25:28,943] INFO: Iter 250 Summary: 
[2025-01-27 12:25:28,943] INFO: 	 lr: 0.009999999999999962 	 Training loss: 1.228205881357193
[2025-01-27 12:25:29,349] INFO: 	 Body Test loss: 0.2648
[2025-01-27 12:25:29,349] INFO: 	 RH Test loss: 0.26134862239644563
[2025-01-27 12:25:29,349] INFO: 	 F1 score: 0.49446749654218536
[2025-01-27 12:25:47,032] INFO: Iter 500 Summary: 
[2025-01-27 12:25:47,032] INFO: 	 lr: 0.009999999999999962 	 Training loss: 0.6926659555435181
[2025-01-27 12:25:47,430] INFO: 	 Body Test loss: 0.2648
[2025-01-27 12:25:47,430] INFO: 	 RH Test loss: 0.2824966951988628
[2025-01-27 12:25:47,430] INFO: 	 F1 score: 0.570094097051261
[2025-01-27 12:26:04,485] INFO: Iter 750 Summary: 
[2025-01-27 12:26:04,485] INFO: 	 lr: 0.009999999999999962 	 Training loss: 0.5456967440843582
[2025-01-27 12:26:04,889] INFO: 	 Body Test loss: 0.2152
[2025-01-27 12:26:04,890] INFO: 	 RH Test loss: 0.22638599377487328
[2025-01-27 12:26:04,890] INFO: 	 F1 score: 0.5740310143304084
[2025-01-27 12:26:22,132] INFO: Iter 1000 Summary: 
[2025-01-27 12:26:22,132] INFO: 	 lr: 0.009999999999999962 	 Training loss: 0.4600845886468887
[2025-01-27 12:26:22,529] INFO: 	 Body Test loss: 0.20679999999999998
[2025-01-27 12:26:22,529] INFO: 	 RH Test loss: 0.2514960530094507
[2025-01-27 12:26:22,529] INFO: 	 F1 score: 0.48766470423324926
[2025-01-27 12:26:39,671] INFO: Iter 1250 Summary: 
[2025-01-27 12:26:39,671] INFO: 	 lr: 0.009999999999999962 	 Training loss: 0.4199477058649063
[2025-01-27 12:26:40,053] INFO: 	 Body Test loss: 0.2004
[2025-01-27 12:26:40,053] INFO: 	 RH Test loss: 0.2234760552131037
[2025-01-27 12:26:40,053] INFO: 	 F1 score: 0.6210864607091022
[2025-01-27 12:26:57,369] INFO: Iter 1500 Summary: 
[2025-01-27 12:26:57,370] INFO: 	 lr: 0.009999999999999962 	 Training loss: 0.3994153228998184
[2025-01-27 12:26:57,734] INFO: 	 Body Test loss: 0.19560000000000002
[2025-01-27 12:26:57,734] INFO: 	 RH Test loss: 0.20245856030695092
[2025-01-27 12:26:57,734] INFO: 	 F1 score: 0.5456975304315319
[2025-01-27 12:27:14,527] INFO: Iter 1750 Summary: 
[2025-01-27 12:27:14,527] INFO: 	 lr: 0.009999999999999962 	 Training loss: 0.37730203127861023
[2025-01-27 12:27:14,892] INFO: 	 Body Test loss: 0.2088
[2025-01-27 12:27:14,892] INFO: 	 RH Test loss: 0.22253750275326165
[2025-01-27 12:27:14,892] INFO: 	 F1 score: 0.5229907272326754
[2025-01-27 12:27:31,802] INFO: Iter 2000 Summary: 
[2025-01-27 12:27:31,802] INFO: 	 lr: 0.009999999999999962 	 Training loss: 0.36748911559581754
[2025-01-27 12:27:32,212] INFO: 	 Body Test loss: 0.2328
[2025-01-27 12:27:32,212] INFO: 	 RH Test loss: 0.26795502932714205
[2025-01-27 12:27:32,212] INFO: 	 F1 score: 0.6463473633284954
[2025-01-27 12:27:49,096] INFO: Iter 2250 Summary: 
[2025-01-27 12:27:49,096] INFO: 	 lr: 0.009999999999999962 	 Training loss: 0.3456610624790192
[2025-01-27 12:27:49,489] INFO: 	 Body Test loss: 0.2048
[2025-01-27 12:27:49,489] INFO: 	 RH Test loss: 0.23008725973878125
[2025-01-27 12:27:49,490] INFO: 	 F1 score: 0.5194657782024115
[2025-01-27 12:28:06,626] INFO: Iter 2500 Summary: 
[2025-01-27 12:28:06,626] INFO: 	 lr: 0.009999999999999962 	 Training loss: 0.3462813069820404
[2025-01-27 12:28:07,024] INFO: 	 Body Test loss: 0.1864
[2025-01-27 12:28:07,025] INFO: 	 RH Test loss: 0.20174097468197427
[2025-01-27 12:28:07,025] INFO: 	 F1 score: 0.7082105133873741
[2025-01-27 12:28:24,201] INFO: Iter 2750 Summary: 
[2025-01-27 12:28:24,201] INFO: 	 lr: 0.009999999999999962 	 Training loss: 0.32912898921966555
[2025-01-27 12:28:24,602] INFO: 	 Body Test loss: 0.19240000000000002
[2025-01-27 12:28:24,602] INFO: 	 RH Test loss: 0.21252649839534318
[2025-01-27 12:28:24,603] INFO: 	 F1 score: 0.5916201117318436
[2025-01-27 12:28:41,900] INFO: Iter 3000 Summary: 
[2025-01-27 12:28:41,900] INFO: 	 lr: 0.009999999999999962 	 Training loss: 0.32567749989032746
[2025-01-27 12:28:42,301] INFO: 	 Body Test loss: 0.2032
[2025-01-27 12:28:42,301] INFO: 	 RH Test loss: 0.22598363620638032
[2025-01-27 12:28:42,302] INFO: 	 F1 score: 0.6807739044581149
[2025-01-27 12:28:59,573] INFO: Iter 3250 Summary: 
[2025-01-27 12:28:59,573] INFO: 	 lr: 0.009999999999999962 	 Training loss: 0.32085820615291594
[2025-01-27 12:28:59,979] INFO: 	 Body Test loss: 0.20120000000000002
[2025-01-27 12:28:59,980] INFO: 	 RH Test loss: 0.23146059610285935
[2025-01-27 12:28:59,980] INFO: 	 F1 score: 0.5713254642508082
[2025-01-27 12:29:17,202] INFO: Iter 3500 Summary: 
[2025-01-27 12:29:17,203] INFO: 	 lr: 0.009999999999999962 	 Training loss: 0.31837632548809053
[2025-01-27 12:29:17,596] INFO: 	 Body Test loss: 0.1852
[2025-01-27 12:29:17,596] INFO: 	 RH Test loss: 0.20713830564318866
[2025-01-27 12:29:17,596] INFO: 	 F1 score: 0.5572380375529982
[2025-01-27 12:29:34,657] INFO: Iter 3750 Summary: 
[2025-01-27 12:29:34,657] INFO: 	 lr: 0.009999999999999962 	 Training loss: 0.3103133164644241
[2025-01-27 12:29:35,035] INFO: 	 Body Test loss: 0.19240000000000002
[2025-01-27 12:29:35,035] INFO: 	 RH Test loss: 0.22138473375062123
[2025-01-27 12:29:35,035] INFO: 	 F1 score: 0.7199728901461575
[2025-01-27 12:29:51,773] INFO: Iter 4000 Summary: 
[2025-01-27 12:29:51,773] INFO: 	 lr: 0.009999999999999962 	 Training loss: 0.3064673992395401
[2025-01-27 12:29:52,150] INFO: 	 Body Test loss: 0.2156
[2025-01-27 12:29:52,151] INFO: 	 RH Test loss: 0.25272237128011177
[2025-01-27 12:29:52,151] INFO: 	 F1 score: 0.6085434173669467
[2025-01-27 12:30:09,285] INFO: Iter 4250 Summary: 
[2025-01-27 12:30:09,286] INFO: 	 lr: 0.009999999999999962 	 Training loss: 0.30325902605056765
[2025-01-27 12:30:09,657] INFO: 	 Body Test loss: 0.17880000000000001
[2025-01-27 12:30:09,657] INFO: 	 RH Test loss: 0.2010964237583646
[2025-01-27 12:30:09,658] INFO: 	 F1 score: 0.6538406475414349
[2025-01-27 12:30:26,902] INFO: Iter 4500 Summary: 
[2025-01-27 12:30:26,903] INFO: 	 lr: 0.009999999999999962 	 Training loss: 0.3034741397500038
[2025-01-27 12:30:27,274] INFO: 	 Body Test loss: 0.21000000000000005
[2025-01-27 12:30:27,275] INFO: 	 RH Test loss: 0.23125547790005496
[2025-01-27 12:30:27,275] INFO: 	 F1 score: 0.5836181362497153
[2025-01-27 12:30:44,277] INFO: Iter 4750 Summary: 
[2025-01-27 12:30:44,277] INFO: 	 lr: 0.009999999999999962 	 Training loss: 0.30569864916801454
[2025-01-27 12:30:44,678] INFO: 	 Body Test loss: 0.20600000000000002
[2025-01-27 12:30:44,678] INFO: 	 RH Test loss: 0.22088208510350593
[2025-01-27 12:30:44,678] INFO: 	 F1 score: 0.584659090909091
[2025-01-27 12:31:02,857] INFO: Iter 5000 Summary: 
[2025-01-27 12:31:02,858] INFO: 	 lr: 0.009999999999999962 	 Training loss: 0.29285228592157364
[2025-01-27 12:31:03,259] INFO: 	 Body Test loss: 0.2
[2025-01-27 12:31:03,260] INFO: 	 RH Test loss: 0.22593316661349397
[2025-01-27 12:31:03,260] INFO: 	 F1 score: 0.5801652586334667
[2025-01-27 12:31:03,641] INFO: 	 Total number of parameters: 169578
[2025-01-27 12:31:04,432] INFO: Testing with subject ['S8'] 
[2025-01-27 12:31:04,432] INFO: Training with subjects ['S5', 'S3', 'S6', 'S9', 'S4', 'S10', 'S7'] 
[2025-01-27 12:31:21,753] INFO: Iter 250 Summary: 
[2025-01-27 12:31:21,753] INFO: 	 lr: 0.009999999999999962 	 Training loss: 1.1108176114559174
[2025-01-27 12:31:22,173] INFO: 	 Body Test loss: 0.29040000000000005
[2025-01-27 12:31:22,173] INFO: 	 RH Test loss: 0.33472419198274017
[2025-01-27 12:31:22,173] INFO: 	 F1 score: 0.4520358868184955
[2025-01-27 12:31:39,727] INFO: Iter 500 Summary: 
[2025-01-27 12:31:39,727] INFO: 	 lr: 0.009999999999999962 	 Training loss: 0.6179043407440186
[2025-01-27 12:31:40,146] INFO: 	 Body Test loss: 0.262
[2025-01-27 12:31:40,146] INFO: 	 RH Test loss: 0.2892861006602232
[2025-01-27 12:31:40,146] INFO: 	 F1 score: 0.6061753830999008
[2025-01-27 12:31:57,211] INFO: Iter 750 Summary: 
[2025-01-27 12:31:57,212] INFO: 	 lr: 0.009999999999999962 	 Training loss: 0.4993908599615097
[2025-01-27 12:31:57,626] INFO: 	 Body Test loss: 0.19880000000000003
[2025-01-27 12:31:57,626] INFO: 	 RH Test loss: 0.25047745734678406
[2025-01-27 12:31:57,626] INFO: 	 F1 score: 0.6469918728103715
[2025-01-27 12:32:14,949] INFO: Iter 1000 Summary: 
[2025-01-27 12:32:14,949] INFO: 	 lr: 0.009999999999999962 	 Training loss: 0.46370640087127685
[2025-01-27 12:32:15,394] INFO: 	 Body Test loss: 0.20400000000000001
[2025-01-27 12:32:15,395] INFO: 	 RH Test loss: 0.24531265217951626
[2025-01-27 12:32:15,395] INFO: 	 F1 score: 0.610264905741414
[2025-01-27 12:32:32,810] INFO: Iter 1250 Summary: 
[2025-01-27 12:32:32,810] INFO: 	 lr: 0.009999999999999962 	 Training loss: 0.43102614080905916
[2025-01-27 12:32:33,260] INFO: 	 Body Test loss: 0.21959999999999996
[2025-01-27 12:32:33,260] INFO: 	 RH Test loss: 0.2614353471619056
[2025-01-27 12:32:33,260] INFO: 	 F1 score: 0.6256482791136256
[2025-01-27 12:32:50,293] INFO: Iter 1500 Summary: 
[2025-01-27 12:32:50,293] INFO: 	 lr: 0.009999999999999962 	 Training loss: 0.40577938508987427
[2025-01-27 12:32:50,749] INFO: 	 Body Test loss: 0.2152
[2025-01-27 12:32:50,749] INFO: 	 RH Test loss: 0.2496362295499076
[2025-01-27 12:32:50,749] INFO: 	 F1 score: 0.805527421970675
[2025-01-27 12:33:07,997] INFO: Iter 1750 Summary: 
[2025-01-27 12:33:07,997] INFO: 	 lr: 0.009999999999999962 	 Training loss: 0.3970622570514679
[2025-01-27 12:33:08,445] INFO: 	 Body Test loss: 0.24360000000000004
[2025-01-27 12:33:08,445] INFO: 	 RH Test loss: 0.31905695326682604
[2025-01-27 12:33:08,445] INFO: 	 F1 score: 0.7763140243084435
[2025-01-27 12:33:25,495] INFO: Iter 2000 Summary: 
[2025-01-27 12:33:25,495] INFO: 	 lr: 0.009999999999999962 	 Training loss: 0.38465838253498075
[2025-01-27 12:33:25,947] INFO: 	 Body Test loss: 0.23879999999999998
[2025-01-27 12:33:25,948] INFO: 	 RH Test loss: 0.3000512634957167
[2025-01-27 12:33:25,948] INFO: 	 F1 score: 0.7521444082519001
[2025-01-27 12:33:43,228] INFO: Iter 2250 Summary: 
[2025-01-27 12:33:43,228] INFO: 	 lr: 0.009999999999999962 	 Training loss: 0.36293878364562987
[2025-01-27 12:33:43,679] INFO: 	 Body Test loss: 0.21960000000000002
[2025-01-27 12:33:43,679] INFO: 	 RH Test loss: 0.2707179313102357
[2025-01-27 12:33:43,679] INFO: 	 F1 score: 0.8443545396789408
[2025-01-27 12:34:00,879] INFO: Iter 2500 Summary: 
[2025-01-27 12:34:00,879] INFO: 	 lr: 0.009999999999999962 	 Training loss: 0.3514357647895813
[2025-01-27 12:34:01,334] INFO: 	 Body Test loss: 0.20360000000000003
[2025-01-27 12:34:01,334] INFO: 	 RH Test loss: 0.24063009694481374
[2025-01-27 12:34:01,334] INFO: 	 F1 score: 0.7634337302165123
[2025-01-27 12:34:18,561] INFO: Iter 2750 Summary: 
[2025-01-27 12:34:18,561] INFO: 	 lr: 0.009999999999999962 	 Training loss: 0.34724650824069975
[2025-01-27 12:34:19,018] INFO: 	 Body Test loss: 0.18719999999999998
[2025-01-27 12:34:19,018] INFO: 	 RH Test loss: 0.2255192885470931
[2025-01-27 12:34:19,018] INFO: 	 F1 score: 0.8464285808911391
[2025-01-27 12:34:36,090] INFO: Iter 3000 Summary: 
[2025-01-27 12:34:36,090] INFO: 	 lr: 0.009999999999999962 	 Training loss: 0.33750883948802946
[2025-01-27 12:34:36,540] INFO: 	 Body Test loss: 0.2088
[2025-01-27 12:34:36,540] INFO: 	 RH Test loss: 0.24460174477670896
[2025-01-27 12:34:36,541] INFO: 	 F1 score: 0.8131580345688758
[2025-01-27 12:34:53,671] INFO: Iter 3250 Summary: 
[2025-01-27 12:34:53,671] INFO: 	 lr: 0.009999999999999962 	 Training loss: 0.3298728650808334
[2025-01-27 12:34:54,121] INFO: 	 Body Test loss: 0.18480000000000005
[2025-01-27 12:34:54,121] INFO: 	 RH Test loss: 0.2291858271807808
[2025-01-27 12:34:54,121] INFO: 	 F1 score: 0.7781632944784478
[2025-01-27 12:35:11,059] INFO: Iter 3500 Summary: 
[2025-01-27 12:35:11,059] INFO: 	 lr: 0.009999999999999962 	 Training loss: 0.3311245630979538
[2025-01-27 12:35:11,479] INFO: 	 Body Test loss: 0.19479999999999997
[2025-01-27 12:35:11,479] INFO: 	 RH Test loss: 0.2559079357538776
[2025-01-27 12:35:11,479] INFO: 	 F1 score: 0.6873793802322354
[2025-01-27 12:35:28,779] INFO: Iter 3750 Summary: 
[2025-01-27 12:35:28,780] INFO: 	 lr: 0.009999999999999962 	 Training loss: 0.3229727574586868
[2025-01-27 12:35:29,232] INFO: 	 Body Test loss: 0.1796
[2025-01-27 12:35:29,232] INFO: 	 RH Test loss: 0.23363316636241652
[2025-01-27 12:35:29,232] INFO: 	 F1 score: 0.8592897960843785
[2025-01-27 12:35:46,088] INFO: Iter 4000 Summary: 
[2025-01-27 12:35:46,089] INFO: 	 lr: 0.009999999999999962 	 Training loss: 0.31515531182289125
[2025-01-27 12:35:46,546] INFO: 	 Body Test loss: 0.19560000000000002
[2025-01-27 12:35:46,546] INFO: 	 RH Test loss: 0.2322188782211515
[2025-01-27 12:35:46,546] INFO: 	 F1 score: 0.7984747783588522
[2025-01-27 12:36:03,741] INFO: Iter 4250 Summary: 
[2025-01-27 12:36:03,741] INFO: 	 lr: 0.009999999999999962 	 Training loss: 0.3047817618846893
[2025-01-27 12:36:04,189] INFO: 	 Body Test loss: 0.192
[2025-01-27 12:36:04,189] INFO: 	 RH Test loss: 0.24910772298385273
[2025-01-27 12:36:04,189] INFO: 	 F1 score: 0.7314928676832267
[2025-01-27 12:36:21,259] INFO: Iter 4500 Summary: 
[2025-01-27 12:36:21,259] INFO: 	 lr: 0.009999999999999962 	 Training loss: 0.3164226511716843
[2025-01-27 12:36:21,705] INFO: 	 Body Test loss: 0.2096
[2025-01-27 12:36:21,705] INFO: 	 RH Test loss: 0.2838965292601501
[2025-01-27 12:36:21,705] INFO: 	 F1 score: 0.8379052883898568
[2025-01-27 12:36:38,788] INFO: Iter 4750 Summary: 
[2025-01-27 12:36:38,788] INFO: 	 lr: 0.009999999999999962 	 Training loss: 0.3019770200252533
[2025-01-27 12:36:39,238] INFO: 	 Body Test loss: 0.1696
[2025-01-27 12:36:39,238] INFO: 	 RH Test loss: 0.21972898829193505
[2025-01-27 12:36:39,238] INFO: 	 F1 score: 0.7852325740422752
[2025-01-27 12:36:56,434] INFO: Iter 5000 Summary: 
[2025-01-27 12:36:56,434] INFO: 	 lr: 0.009999999999999962 	 Training loss: 0.30881676709651945
[2025-01-27 12:36:56,890] INFO: 	 Body Test loss: 0.1848
[2025-01-27 12:36:56,891] INFO: 	 RH Test loss: 0.21847517667549382
[2025-01-27 12:36:56,891] INFO: 	 F1 score: 0.7677683533196842
[2025-01-27 12:36:57,364] INFO: 	 Total number of parameters: 169578
[2025-01-27 12:36:58,078] INFO: Testing with subject ['S9'] 
[2025-01-27 12:36:58,079] INFO: Training with subjects ['S5', 'S3', 'S6', 'S8', 'S4', 'S10', 'S7'] 
[2025-01-27 12:37:15,258] INFO: Iter 250 Summary: 
[2025-01-27 12:37:15,258] INFO: 	 lr: 0.009999999999999962 	 Training loss: 1.8027115867137908
[2025-01-27 12:37:15,670] INFO: 	 Body Test loss: 0.8916
[2025-01-27 12:37:15,670] INFO: 	 RH Test loss: 1.1661000900458578
[2025-01-27 12:37:15,670] INFO: 	 F1 score: 0.4423611111111111
[2025-01-27 12:37:33,757] INFO: Iter 500 Summary: 
[2025-01-27 12:37:33,758] INFO: 	 lr: 0.009999999999999962 	 Training loss: 0.8235346961021424
[2025-01-27 12:37:34,180] INFO: 	 Body Test loss: 0.4972
[2025-01-27 12:37:34,180] INFO: 	 RH Test loss: 0.6096687936129634
[2025-01-27 12:37:34,180] INFO: 	 F1 score: 0.5298904720364447
[2025-01-27 12:37:51,228] INFO: Iter 750 Summary: 
[2025-01-27 12:37:51,228] INFO: 	 lr: 0.009999999999999962 	 Training loss: 0.6212754607200622
[2025-01-27 12:37:51,687] INFO: 	 Body Test loss: 0.3624
[2025-01-27 12:37:51,687] INFO: 	 RH Test loss: 0.30796298815631035
[2025-01-27 12:37:51,687] INFO: 	 F1 score: 0.691259076799965
[2025-01-27 12:38:08,835] INFO: Iter 1000 Summary: 
[2025-01-27 12:38:08,835] INFO: 	 lr: 0.009999999999999962 	 Training loss: 0.5002458641529083
[2025-01-27 12:38:09,253] INFO: 	 Body Test loss: 0.2688
[2025-01-27 12:38:09,253] INFO: 	 RH Test loss: 0.309210062917707
[2025-01-27 12:38:09,254] INFO: 	 F1 score: 0.8761933663392991
[2025-01-27 12:38:26,345] INFO: Iter 1250 Summary: 
[2025-01-27 12:38:26,346] INFO: 	 lr: 0.009999999999999962 	 Training loss: 0.46193659484386446
[2025-01-27 12:38:26,759] INFO: 	 Body Test loss: 0.23399999999999999
[2025-01-27 12:38:26,760] INFO: 	 RH Test loss: 0.2457698457653763
[2025-01-27 12:38:26,760] INFO: 	 F1 score: 0.7910588541412564
[2025-01-27 12:38:44,001] INFO: Iter 1500 Summary: 
[2025-01-27 12:38:44,001] INFO: 	 lr: 0.009999999999999962 	 Training loss: 0.4358276265859604
[2025-01-27 12:38:44,418] INFO: 	 Body Test loss: 0.24119999999999997
[2025-01-27 12:38:44,419] INFO: 	 RH Test loss: 0.2419773546340011
[2025-01-27 12:38:44,419] INFO: 	 F1 score: 0.7215805834528933
[2025-01-27 12:39:01,739] INFO: Iter 1750 Summary: 
[2025-01-27 12:39:01,740] INFO: 	 lr: 0.009999999999999962 	 Training loss: 0.4053387198448181
[2025-01-27 12:39:02,362] INFO: 	 Body Test loss: 0.22440000000000002
[2025-01-27 12:39:02,363] INFO: 	 RH Test loss: 0.25106333410754744
[2025-01-27 12:39:02,363] INFO: 	 F1 score: 0.7356788253162218
[2025-01-27 12:39:19,011] INFO: Iter 2000 Summary: 
[2025-01-27 12:39:19,011] INFO: 	 lr: 0.009999999999999962 	 Training loss: 0.3802446541786194
[2025-01-27 12:39:19,469] INFO: 	 Body Test loss: 0.222
[2025-01-27 12:39:19,469] INFO: 	 RH Test loss: 0.2535756806270272
[2025-01-27 12:39:19,469] INFO: 	 F1 score: 0.7949496382465598
[2025-01-27 12:39:36,874] INFO: Iter 2250 Summary: 
[2025-01-27 12:39:36,874] INFO: 	 lr: 0.009999999999999962 	 Training loss: 0.35977970135211945
[2025-01-27 12:39:37,283] INFO: 	 Body Test loss: 0.22479999999999997
[2025-01-27 12:39:37,283] INFO: 	 RH Test loss: 0.2674078181018568
[2025-01-27 12:39:37,283] INFO: 	 F1 score: 0.733162100456621
[2025-01-27 12:39:54,378] INFO: Iter 2500 Summary: 
[2025-01-27 12:39:54,378] INFO: 	 lr: 0.009999999999999962 	 Training loss: 0.34931113743782044
[2025-01-27 12:39:54,803] INFO: 	 Body Test loss: 0.2216
[2025-01-27 12:39:54,803] INFO: 	 RH Test loss: 0.2410516272386905
[2025-01-27 12:39:54,803] INFO: 	 F1 score: 0.7674515024803479
[2025-01-27 12:40:11,887] INFO: Iter 2750 Summary: 
[2025-01-27 12:40:11,887] INFO: 	 lr: 0.009999999999999962 	 Training loss: 0.3427313039302826
[2025-01-27 12:40:12,301] INFO: 	 Body Test loss: 0.20919999999999997
[2025-01-27 12:40:12,302] INFO: 	 RH Test loss: 0.24533416588903215
[2025-01-27 12:40:12,302] INFO: 	 F1 score: 0.7545373521309351
[2025-01-27 12:40:29,503] INFO: Iter 3000 Summary: 
[2025-01-27 12:40:29,503] INFO: 	 lr: 0.009999999999999962 	 Training loss: 0.32771151447296143
[2025-01-27 12:40:29,917] INFO: 	 Body Test loss: 0.21719999999999998
[2025-01-27 12:40:29,917] INFO: 	 RH Test loss: 0.2339081866358167
[2025-01-27 12:40:29,917] INFO: 	 F1 score: 0.7481047733570345
[2025-01-27 12:40:47,021] INFO: Iter 3250 Summary: 
[2025-01-27 12:40:47,022] INFO: 	 lr: 0.009999999999999962 	 Training loss: 0.330450545668602
[2025-01-27 12:40:47,763] INFO: 	 Body Test loss: 0.22880000000000003
[2025-01-27 12:40:47,767] INFO: 	 RH Test loss: 0.2700730853300463
[2025-01-27 12:40:47,768] INFO: 	 F1 score: 0.7776221547043881
[2025-01-27 12:41:04,865] INFO: Iter 3500 Summary: 
[2025-01-27 12:41:04,865] INFO: 	 lr: 0.009999999999999962 	 Training loss: 0.3188766108751297
[2025-01-27 12:41:05,320] INFO: 	 Body Test loss: 0.214
[2025-01-27 12:41:05,321] INFO: 	 RH Test loss: 0.23053057238886396
[2025-01-27 12:41:05,321] INFO: 	 F1 score: 0.7695303106698212
[2025-01-27 12:41:22,206] INFO: Iter 3750 Summary: 
[2025-01-27 12:41:22,206] INFO: 	 lr: 0.009999999999999962 	 Training loss: 0.32080497884750364
[2025-01-27 12:41:22,656] INFO: 	 Body Test loss: 0.2148
[2025-01-27 12:41:22,656] INFO: 	 RH Test loss: 0.2567819574790755
[2025-01-27 12:41:22,656] INFO: 	 F1 score: 0.7381074407119228
[2025-01-27 12:41:39,316] INFO: Iter 4000 Summary: 
[2025-01-27 12:41:39,316] INFO: 	 lr: 0.009999999999999962 	 Training loss: 0.309229843378067
[2025-01-27 12:41:39,745] INFO: 	 Body Test loss: 0.2156
[2025-01-27 12:41:39,745] INFO: 	 RH Test loss: 0.2350108352307216
[2025-01-27 12:41:39,745] INFO: 	 F1 score: 0.7326466124561608
[2025-01-27 12:41:57,191] INFO: Iter 4250 Summary: 
[2025-01-27 12:41:57,191] INFO: 	 lr: 0.009999999999999962 	 Training loss: 0.30579699832201
[2025-01-27 12:41:57,674] INFO: 	 Body Test loss: 0.2096
[2025-01-27 12:41:57,674] INFO: 	 RH Test loss: 0.23737216157307514
[2025-01-27 12:41:57,674] INFO: 	 F1 score: 0.7314564077977348
[2025-01-27 12:42:16,235] INFO: Iter 4500 Summary: 
[2025-01-27 12:42:16,236] INFO: 	 lr: 0.009999999999999962 	 Training loss: 0.3126398470401764
[2025-01-27 12:42:16,678] INFO: 	 Body Test loss: 0.19759999999999997
[2025-01-27 12:42:16,678] INFO: 	 RH Test loss: 0.22976264696489385
[2025-01-27 12:42:16,678] INFO: 	 F1 score: 0.6305493816280704
[2025-01-27 12:42:34,408] INFO: Iter 4750 Summary: 
[2025-01-27 12:42:34,409] INFO: 	 lr: 0.009999999999999962 	 Training loss: 0.3107225344181061
[2025-01-27 12:42:34,876] INFO: 	 Body Test loss: 0.19479999999999997
[2025-01-27 12:42:34,877] INFO: 	 RH Test loss: 0.22613894064726303
[2025-01-27 12:42:34,877] INFO: 	 F1 score: 0.6728271321240568
[2025-01-27 12:42:53,565] INFO: Iter 5000 Summary: 
[2025-01-27 12:42:53,565] INFO: 	 lr: 0.009999999999999962 	 Training loss: 0.30534141266345977
[2025-01-27 12:42:54,031] INFO: 	 Body Test loss: 0.2028
[2025-01-27 12:42:54,031] INFO: 	 RH Test loss: 0.21464021825849788
[2025-01-27 12:42:54,032] INFO: 	 F1 score: 0.694119053643373
[2025-01-27 12:42:54,520] INFO: 	 Total number of parameters: 169578
[2025-01-27 12:42:55,268] INFO: Testing with subject ['S4'] 
[2025-01-27 12:42:55,268] INFO: Training with subjects ['S5', 'S3', 'S6', 'S8', 'S9', 'S10', 'S7'] 
[2025-01-27 12:43:12,120] INFO: Iter 250 Summary: 
[2025-01-27 12:43:12,121] INFO: 	 lr: 0.009999999999999962 	 Training loss: 2.275291995048523
[2025-01-27 12:43:12,464] INFO: 	 Body Test loss: 0.4864
[2025-01-27 12:43:12,465] INFO: 	 RH Test loss: 0.4718718386403418
[2025-01-27 12:43:12,465] INFO: 	 F1 score: 0.4526600541027953
[2025-01-27 12:43:30,769] INFO: Iter 500 Summary: 
[2025-01-27 12:43:30,770] INFO: 	 lr: 0.009999999999999962 	 Training loss: 0.7545095441341401
[2025-01-27 12:43:31,120] INFO: 	 Body Test loss: 0.3044
[2025-01-27 12:43:31,121] INFO: 	 RH Test loss: 0.29753417132910237
[2025-01-27 12:43:31,121] INFO: 	 F1 score: 0.4855522314540489
[2025-01-27 12:43:48,609] INFO: Iter 750 Summary: 
[2025-01-27 12:43:48,609] INFO: 	 lr: 0.009999999999999962 	 Training loss: 0.5326569563150406
[2025-01-27 12:43:49,023] INFO: 	 Body Test loss: 0.22040000000000004
[2025-01-27 12:43:49,023] INFO: 	 RH Test loss: 0.22578584991530495
[2025-01-27 12:43:49,023] INFO: 	 F1 score: 0.3833739676682481
[2025-01-27 12:44:06,097] INFO: Iter 1000 Summary: 
[2025-01-27 12:44:06,098] INFO: 	 lr: 0.009999999999999962 	 Training loss: 0.4497330223321915
[2025-01-27 12:44:06,414] INFO: 	 Body Test loss: 0.2064
[2025-01-27 12:44:06,414] INFO: 	 RH Test loss: 0.21561100731964364
[2025-01-27 12:44:06,414] INFO: 	 F1 score: 0.5351138396686518
[2025-01-27 12:44:23,279] INFO: Iter 1250 Summary: 
[2025-01-27 12:44:23,280] INFO: 	 lr: 0.009999999999999962 	 Training loss: 0.3991166549921036
[2025-01-27 12:44:23,622] INFO: 	 Body Test loss: 0.20679999999999998
[2025-01-27 12:44:23,622] INFO: 	 RH Test loss: 0.21042007509134159
[2025-01-27 12:44:23,622] INFO: 	 F1 score: 0.6127991555953283
[2025-01-27 12:44:40,385] INFO: Iter 1500 Summary: 
[2025-01-27 12:44:40,385] INFO: 	 lr: 0.009999999999999962 	 Training loss: 0.3756289149522781
[2025-01-27 12:44:40,720] INFO: 	 Body Test loss: 0.196
[2025-01-27 12:44:40,720] INFO: 	 RH Test loss: 0.19776576213428176
[2025-01-27 12:44:40,720] INFO: 	 F1 score: 0.5234903381642513
[2025-01-27 12:44:59,110] INFO: Iter 1750 Summary: 
[2025-01-27 12:44:59,111] INFO: 	 lr: 0.009999999999999962 	 Training loss: 0.35254364550113676
[2025-01-27 12:44:59,478] INFO: 	 Body Test loss: 0.19759999999999997
[2025-01-27 12:44:59,478] INFO: 	 RH Test loss: 0.20719141282988143
[2025-01-27 12:44:59,479] INFO: 	 F1 score: 0.41729175434398114
[2025-01-27 12:45:17,462] INFO: Iter 2000 Summary: 
[2025-01-27 12:45:17,462] INFO: 	 lr: 0.009999999999999962 	 Training loss: 0.355735058426857
[2025-01-27 12:45:17,810] INFO: 	 Body Test loss: 0.2008
[2025-01-27 12:45:17,810] INFO: 	 RH Test loss: 0.20338726191387146
[2025-01-27 12:45:17,810] INFO: 	 F1 score: 0.43609551149535913
[2025-01-27 12:45:35,945] INFO: Iter 2250 Summary: 
[2025-01-27 12:45:35,945] INFO: 	 lr: 0.009999999999999962 	 Training loss: 0.33160735189914703
[2025-01-27 12:45:36,284] INFO: 	 Body Test loss: 0.17120000000000002
[2025-01-27 12:45:36,284] INFO: 	 RH Test loss: 0.18787836519458145
[2025-01-27 12:45:36,284] INFO: 	 F1 score: 0.5979385910610375
[2025-01-27 12:45:55,593] INFO: Iter 2500 Summary: 
[2025-01-27 12:45:55,593] INFO: 	 lr: 0.009999999999999962 	 Training loss: 0.3267686458826065
[2025-01-27 12:45:56,022] INFO: 	 Body Test loss: 0.1928
[2025-01-27 12:45:56,022] INFO: 	 RH Test loss: 0.1960934134330938
[2025-01-27 12:45:56,023] INFO: 	 F1 score: 0.5630639797111573
[2025-01-27 12:46:13,896] INFO: Iter 2750 Summary: 
[2025-01-27 12:46:13,896] INFO: 	 lr: 0.009999999999999962 	 Training loss: 0.30703901624679564
[2025-01-27 12:46:14,232] INFO: 	 Body Test loss: 0.1776
[2025-01-27 12:46:14,232] INFO: 	 RH Test loss: 0.18544860638739447
[2025-01-27 12:46:14,232] INFO: 	 F1 score: 0.410267886382988
[2025-01-27 12:46:31,927] INFO: Iter 3000 Summary: 
[2025-01-27 12:46:31,927] INFO: 	 lr: 0.009999999999999962 	 Training loss: 0.31408255100250243
[2025-01-27 12:46:32,243] INFO: 	 Body Test loss: 0.18
[2025-01-27 12:46:32,244] INFO: 	 RH Test loss: 0.19754440931354755
[2025-01-27 12:46:32,244] INFO: 	 F1 score: 0.6172597412458363
[2025-01-27 12:46:49,105] INFO: Iter 3250 Summary: 
[2025-01-27 12:46:49,105] INFO: 	 lr: 0.009999999999999962 	 Training loss: 0.3009403237104416
[2025-01-27 12:46:49,443] INFO: 	 Body Test loss: 0.18720000000000003
[2025-01-27 12:46:49,443] INFO: 	 RH Test loss: 0.1923560412908111
[2025-01-27 12:46:49,443] INFO: 	 F1 score: 0.5578337711965609
[2025-01-27 12:47:07,342] INFO: Iter 3500 Summary: 
[2025-01-27 12:47:07,342] INFO: 	 lr: 0.009999999999999962 	 Training loss: 0.29746473801136014
[2025-01-27 12:47:07,658] INFO: 	 Body Test loss: 0.18719999999999998
[2025-01-27 12:47:07,658] INFO: 	 RH Test loss: 0.2023987983911002
[2025-01-27 12:47:07,658] INFO: 	 F1 score: 0.5352315239384544
[2025-01-27 12:47:25,321] INFO: Iter 3750 Summary: 
[2025-01-27 12:47:25,321] INFO: 	 lr: 0.009999999999999962 	 Training loss: 0.29442074209451674
[2025-01-27 12:47:25,678] INFO: 	 Body Test loss: 0.18080000000000002
[2025-01-27 12:47:25,679] INFO: 	 RH Test loss: 0.1916693965371397
[2025-01-27 12:47:25,679] INFO: 	 F1 score: 0.5085020242914979
[2025-01-27 12:47:43,539] INFO: Iter 4000 Summary: 
[2025-01-27 12:47:43,539] INFO: 	 lr: 0.009999999999999962 	 Training loss: 0.295527105987072
[2025-01-27 12:47:43,855] INFO: 	 Body Test loss: 0.1812
[2025-01-27 12:47:43,855] INFO: 	 RH Test loss: 0.19703839562870132
[2025-01-27 12:47:43,855] INFO: 	 F1 score: 0.5712223587223587
[2025-01-27 12:48:00,855] INFO: Iter 4250 Summary: 
[2025-01-27 12:48:00,855] INFO: 	 lr: 0.009999999999999962 	 Training loss: 0.2866680651307106
[2025-01-27 12:48:01,196] INFO: 	 Body Test loss: 0.17120000000000002
[2025-01-27 12:48:01,196] INFO: 	 RH Test loss: 0.18280720420095828
[2025-01-27 12:48:01,196] INFO: 	 F1 score: 0.4949157323178901
[2025-01-27 12:48:17,927] INFO: Iter 4500 Summary: 
[2025-01-27 12:48:17,927] INFO: 	 lr: 0.009999999999999962 	 Training loss: 0.2844938755631447
[2025-01-27 12:48:18,238] INFO: 	 Body Test loss: 0.1752
[2025-01-27 12:48:18,239] INFO: 	 RH Test loss: 0.18226493717614667
[2025-01-27 12:48:18,239] INFO: 	 F1 score: 0.6279399660251135
[2025-01-27 12:48:34,889] INFO: Iter 4750 Summary: 
[2025-01-27 12:48:34,889] INFO: 	 lr: 0.009999999999999962 	 Training loss: 0.29475939577817917
[2025-01-27 12:48:35,230] INFO: 	 Body Test loss: 0.17679999999999998
[2025-01-27 12:48:35,230] INFO: 	 RH Test loss: 0.1941047073628207
[2025-01-27 12:48:35,230] INFO: 	 F1 score: 0.5664600634336489
[2025-01-27 12:48:52,105] INFO: Iter 5000 Summary: 
[2025-01-27 12:48:52,105] INFO: 	 lr: 0.009999999999999962 	 Training loss: 0.2880437914729118
[2025-01-27 12:48:52,444] INFO: 	 Body Test loss: 0.18560000000000001
[2025-01-27 12:48:52,445] INFO: 	 RH Test loss: 0.18930001697194637
[2025-01-27 12:48:52,445] INFO: 	 F1 score: 0.3791430001523362
[2025-01-27 12:48:52,802] INFO: 	 Total number of parameters: 169578
[2025-01-27 12:48:53,542] INFO: Testing with subject ['S10'] 
[2025-01-27 12:48:53,542] INFO: Training with subjects ['S5', 'S3', 'S6', 'S8', 'S9', 'S4', 'S7'] 
[2025-01-27 12:49:10,351] INFO: Iter 250 Summary: 
[2025-01-27 12:49:10,351] INFO: 	 lr: 0.009999999999999962 	 Training loss: 1.1487037937641145
[2025-01-27 12:49:10,763] INFO: 	 Body Test loss: 0.566
[2025-01-27 12:49:10,763] INFO: 	 RH Test loss: 0.5338150492581454
[2025-01-27 12:49:10,763] INFO: 	 F1 score: 0.42924528301886794
[2025-01-27 12:49:27,541] INFO: Iter 500 Summary: 
[2025-01-27 12:49:27,542] INFO: 	 lr: 0.009999999999999962 	 Training loss: 0.6749721567630768
[2025-01-27 12:49:27,915] INFO: 	 Body Test loss: 0.38160000000000005
[2025-01-27 12:49:27,915] INFO: 	 RH Test loss: 0.3663541021688582
[2025-01-27 12:49:27,916] INFO: 	 F1 score: 0.42924528301886794
[2025-01-27 12:49:45,024] INFO: Iter 750 Summary: 
[2025-01-27 12:49:45,025] INFO: 	 lr: 0.009999999999999962 	 Training loss: 0.5336646927595139
[2025-01-27 12:49:45,420] INFO: 	 Body Test loss: 0.2324
[2025-01-27 12:49:45,420] INFO: 	 RH Test loss: 0.2603383843498125
[2025-01-27 12:49:45,421] INFO: 	 F1 score: 0.4287962234461054
[2025-01-27 12:50:02,926] INFO: Iter 1000 Summary: 
[2025-01-27 12:50:02,926] INFO: 	 lr: 0.009999999999999962 	 Training loss: 0.493977933883667
[2025-01-27 12:50:03,322] INFO: 	 Body Test loss: 0.20439999999999997
[2025-01-27 12:50:03,322] INFO: 	 RH Test loss: 0.24205895557876458
[2025-01-27 12:50:03,322] INFO: 	 F1 score: 0.4287962234461054
[2025-01-27 12:50:21,558] INFO: Iter 1250 Summary: 
[2025-01-27 12:50:21,558] INFO: 	 lr: 0.009999999999999962 	 Training loss: 0.44385245597362516
[2025-01-27 12:50:21,993] INFO: 	 Body Test loss: 0.18600000000000003
[2025-01-27 12:50:21,993] INFO: 	 RH Test loss: 0.2166878838972612
[2025-01-27 12:50:21,993] INFO: 	 F1 score: 0.7702037996705381
[2025-01-27 12:50:40,210] INFO: Iter 1500 Summary: 
[2025-01-27 12:50:40,211] INFO: 	 lr: 0.009999999999999962 	 Training loss: 0.4109989227056503
[2025-01-27 12:50:40,586] INFO: 	 Body Test loss: 0.166
[2025-01-27 12:50:40,586] INFO: 	 RH Test loss: 0.20325033736951423
[2025-01-27 12:50:40,586] INFO: 	 F1 score: 0.7052098950524738
[2025-01-27 12:50:59,049] INFO: Iter 1750 Summary: 
[2025-01-27 12:50:59,049] INFO: 	 lr: 0.009999999999999962 	 Training loss: 0.39230775129795076
[2025-01-27 12:50:59,495] INFO: 	 Body Test loss: 0.15
[2025-01-27 12:50:59,495] INFO: 	 RH Test loss: 0.19060591645148833
[2025-01-27 12:50:59,495] INFO: 	 F1 score: 0.7160953446580545
[2025-01-27 12:51:16,328] INFO: Iter 2000 Summary: 
[2025-01-27 12:51:16,328] INFO: 	 lr: 0.009999999999999962 	 Training loss: 0.3754857907295227
[2025-01-27 12:51:16,694] INFO: 	 Body Test loss: 0.162
[2025-01-27 12:51:16,694] INFO: 	 RH Test loss: 0.2139838148542672
[2025-01-27 12:51:16,695] INFO: 	 F1 score: 0.7662047519850255
[2025-01-27 12:51:33,777] INFO: Iter 2250 Summary: 
[2025-01-27 12:51:33,777] INFO: 	 lr: 0.009999999999999962 	 Training loss: 0.3604347562789917
[2025-01-27 12:51:34,180] INFO: 	 Body Test loss: 0.1512
[2025-01-27 12:51:34,180] INFO: 	 RH Test loss: 0.19694146045968552
[2025-01-27 12:51:34,181] INFO: 	 F1 score: 0.8271751306945482
[2025-01-27 12:51:51,061] INFO: Iter 2500 Summary: 
[2025-01-27 12:51:51,061] INFO: 	 lr: 0.009999999999999962 	 Training loss: 0.3491079888343811
[2025-01-27 12:51:51,459] INFO: 	 Body Test loss: 0.15200000000000002
[2025-01-27 12:51:51,459] INFO: 	 RH Test loss: 0.19594680568075049
[2025-01-27 12:51:51,459] INFO: 	 F1 score: 0.797514312276753
[2025-01-27 12:52:08,471] INFO: Iter 2750 Summary: 
[2025-01-27 12:52:08,471] INFO: 	 lr: 0.009999999999999962 	 Training loss: 0.34251474583148955
[2025-01-27 12:52:08,870] INFO: 	 Body Test loss: 0.156
[2025-01-27 12:52:08,870] INFO: 	 RH Test loss: 0.19348646526494304
[2025-01-27 12:52:08,870] INFO: 	 F1 score: 0.761157221964113
[2025-01-27 12:52:26,064] INFO: Iter 3000 Summary: 
[2025-01-27 12:52:26,064] INFO: 	 lr: 0.009999999999999962 	 Training loss: 0.34397298681735994
[2025-01-27 12:52:26,466] INFO: 	 Body Test loss: 0.17559999999999998
[2025-01-27 12:52:26,467] INFO: 	 RH Test loss: 0.2153975051690724
[2025-01-27 12:52:26,467] INFO: 	 F1 score: 0.7967331599562419
[2025-01-27 12:52:43,518] INFO: Iter 3250 Summary: 
[2025-01-27 12:52:43,518] INFO: 	 lr: 0.009999999999999962 	 Training loss: 0.3248514462709427
[2025-01-27 12:52:43,919] INFO: 	 Body Test loss: 0.152
[2025-01-27 12:52:43,919] INFO: 	 RH Test loss: 0.2023384400044591
[2025-01-27 12:52:43,919] INFO: 	 F1 score: 0.7481083650190115
[2025-01-27 12:53:00,999] INFO: Iter 3500 Summary: 
[2025-01-27 12:53:01,000] INFO: 	 lr: 0.009999999999999962 	 Training loss: 0.32468758404254916
[2025-01-27 12:53:01,392] INFO: 	 Body Test loss: 0.16879999999999998
[2025-01-27 12:53:01,393] INFO: 	 RH Test loss: 0.2050930213140062
[2025-01-27 12:53:01,393] INFO: 	 F1 score: 0.7651539245667687
[2025-01-27 12:53:18,326] INFO: Iter 3750 Summary: 
[2025-01-27 12:53:18,327] INFO: 	 lr: 0.009999999999999962 	 Training loss: 0.31551618099212647
[2025-01-27 12:53:18,723] INFO: 	 Body Test loss: 0.1564
[2025-01-27 12:53:18,724] INFO: 	 RH Test loss: 0.19070113920311627
[2025-01-27 12:53:18,724] INFO: 	 F1 score: 0.7624852424505355
[2025-01-27 12:53:35,550] INFO: Iter 4000 Summary: 
[2025-01-27 12:53:35,551] INFO: 	 lr: 0.009999999999999962 	 Training loss: 0.3079365452528
[2025-01-27 12:53:35,951] INFO: 	 Body Test loss: 0.1468
[2025-01-27 12:53:35,952] INFO: 	 RH Test loss: 0.19080995683170876
[2025-01-27 12:53:35,952] INFO: 	 F1 score: 0.7524893314366998
[2025-01-27 12:53:53,161] INFO: Iter 4250 Summary: 
[2025-01-27 12:53:53,161] INFO: 	 lr: 0.009999999999999962 	 Training loss: 0.3133948552012443
[2025-01-27 12:53:53,564] INFO: 	 Body Test loss: 0.1408
[2025-01-27 12:53:53,564] INFO: 	 RH Test loss: 0.1908676059318311
[2025-01-27 12:53:53,565] INFO: 	 F1 score: 0.7587804163002052
[2025-01-27 12:54:10,438] INFO: Iter 4500 Summary: 
[2025-01-27 12:54:10,438] INFO: 	 lr: 0.009999999999999962 	 Training loss: 0.3072755696773529
[2025-01-27 12:54:10,845] INFO: 	 Body Test loss: 0.1524
[2025-01-27 12:54:10,846] INFO: 	 RH Test loss: 0.19833871878211493
[2025-01-27 12:54:10,846] INFO: 	 F1 score: 0.729798786330246
[2025-01-27 12:54:27,409] INFO: Iter 4750 Summary: 
[2025-01-27 12:54:27,409] INFO: 	 lr: 0.009999999999999962 	 Training loss: 0.3033134317994118
[2025-01-27 12:54:27,774] INFO: 	 Body Test loss: 0.1532
[2025-01-27 12:54:27,774] INFO: 	 RH Test loss: 0.20626710973166895
[2025-01-27 12:54:27,774] INFO: 	 F1 score: 0.759020763330712
[2025-01-27 12:54:44,624] INFO: Iter 5000 Summary: 
[2025-01-27 12:54:44,624] INFO: 	 lr: 0.009999999999999962 	 Training loss: 0.30297203797101974
[2025-01-27 12:54:45,027] INFO: 	 Body Test loss: 0.1444
[2025-01-27 12:54:45,028] INFO: 	 RH Test loss: 0.19394258533299133
[2025-01-27 12:54:45,028] INFO: 	 F1 score: 0.7707466253218213
[2025-01-27 12:54:45,434] INFO: 	 Total number of parameters: 169578
[2025-01-27 12:54:46,174] INFO: Testing with subject ['S7'] 
[2025-01-27 12:54:46,174] INFO: Training with subjects ['S5', 'S3', 'S6', 'S8', 'S9', 'S4', 'S10'] 
[2025-01-27 12:55:03,214] INFO: Iter 250 Summary: 
[2025-01-27 12:55:03,214] INFO: 	 lr: 0.009999999999999962 	 Training loss: 1.0018057801723481
[2025-01-27 12:55:03,609] INFO: 	 Body Test loss: 0.272
[2025-01-27 12:55:03,610] INFO: 	 RH Test loss: 0.29823161822206834
[2025-01-27 12:55:03,610] INFO: 	 F1 score: 0.455564451561249
[2025-01-27 12:55:20,809] INFO: Iter 500 Summary: 
[2025-01-27 12:55:20,809] INFO: 	 lr: 0.009999999999999962 	 Training loss: 0.5713853371143341
[2025-01-27 12:55:21,202] INFO: 	 Body Test loss: 0.22440000000000002
[2025-01-27 12:55:21,202] INFO: 	 RH Test loss: 0.2647115841893589
[2025-01-27 12:55:21,202] INFO: 	 F1 score: 0.6950807692733534
[2025-01-27 12:55:37,757] INFO: Iter 750 Summary: 
[2025-01-27 12:55:37,757] INFO: 	 lr: 0.009999999999999962 	 Training loss: 0.4675215802192688
[2025-01-27 12:55:38,124] INFO: 	 Body Test loss: 0.22279999999999997
[2025-01-27 12:55:38,124] INFO: 	 RH Test loss: 0.27546297743741205
[2025-01-27 12:55:38,124] INFO: 	 F1 score: 0.5935170990850278
[2025-01-27 12:55:55,059] INFO: Iter 1000 Summary: 
[2025-01-27 12:55:55,060] INFO: 	 lr: 0.009999999999999962 	 Training loss: 0.4312810847759247
[2025-01-27 12:55:55,447] INFO: 	 Body Test loss: 0.21160000000000004
[2025-01-27 12:55:55,448] INFO: 	 RH Test loss: 0.26108702876988577
[2025-01-27 12:55:55,448] INFO: 	 F1 score: 0.697792701594983
[2025-01-27 12:56:12,460] INFO: Iter 1250 Summary: 
[2025-01-27 12:56:12,460] INFO: 	 lr: 0.009999999999999962 	 Training loss: 0.39684131598472594
[2025-01-27 12:56:12,850] INFO: 	 Body Test loss: 0.1992
[2025-01-27 12:56:12,850] INFO: 	 RH Test loss: 0.25881709821083965
[2025-01-27 12:56:12,850] INFO: 	 F1 score: 0.7233092784738927
[2025-01-27 12:56:29,517] INFO: Iter 1500 Summary: 
[2025-01-27 12:56:29,517] INFO: 	 lr: 0.009999999999999962 	 Training loss: 0.37993343544006347
[2025-01-27 12:56:29,919] INFO: 	 Body Test loss: 0.22759999999999997
[2025-01-27 12:56:29,919] INFO: 	 RH Test loss: 0.2624044609771055
[2025-01-27 12:56:29,919] INFO: 	 F1 score: 0.682457757296467
[2025-01-27 12:56:46,885] INFO: Iter 1750 Summary: 
[2025-01-27 12:56:46,885] INFO: 	 lr: 0.009999999999999962 	 Training loss: 0.3577539668083191
[2025-01-27 12:56:47,246] INFO: 	 Body Test loss: 0.19720000000000001
[2025-01-27 12:56:47,247] INFO: 	 RH Test loss: 0.23886260834862205
[2025-01-27 12:56:47,247] INFO: 	 F1 score: 0.7857135596149349
[2025-01-27 12:57:04,152] INFO: Iter 2000 Summary: 
[2025-01-27 12:57:04,152] INFO: 	 lr: 0.009999999999999962 	 Training loss: 0.3518317244052887
[2025-01-27 12:57:04,594] INFO: 	 Body Test loss: 0.20240000000000002
[2025-01-27 12:57:04,595] INFO: 	 RH Test loss: 0.265283876026378
[2025-01-27 12:57:04,595] INFO: 	 F1 score: 0.7498648566520915
[2025-01-27 12:57:21,527] INFO: Iter 2250 Summary: 
[2025-01-27 12:57:21,528] INFO: 	 lr: 0.009999999999999962 	 Training loss: 0.352806214928627
[2025-01-27 12:57:21,898] INFO: 	 Body Test loss: 0.22279999999999997
[2025-01-27 12:57:21,898] INFO: 	 RH Test loss: 0.2825070617058698
[2025-01-27 12:57:21,898] INFO: 	 F1 score: 0.6675478941078478
[2025-01-27 12:57:38,801] INFO: Iter 2500 Summary: 
[2025-01-27 12:57:38,802] INFO: 	 lr: 0.009999999999999962 	 Training loss: 0.33673236978054044
[2025-01-27 12:57:39,168] INFO: 	 Body Test loss: 0.2076
[2025-01-27 12:57:39,168] INFO: 	 RH Test loss: 0.24274335179609413
[2025-01-27 12:57:39,168] INFO: 	 F1 score: 0.764348359235465
[2025-01-27 12:57:56,851] INFO: Iter 2750 Summary: 
[2025-01-27 12:57:56,851] INFO: 	 lr: 0.009999999999999962 	 Training loss: 0.3362522290945053
[2025-01-27 12:57:57,244] INFO: 	 Body Test loss: 0.20920000000000002
[2025-01-27 12:57:57,244] INFO: 	 RH Test loss: 0.25635289861174193
[2025-01-27 12:57:57,245] INFO: 	 F1 score: 0.6486617021037616
[2025-01-27 12:58:14,413] INFO: Iter 3000 Summary: 
[2025-01-27 12:58:14,414] INFO: 	 lr: 0.009999999999999962 	 Training loss: 0.3270697417259216
[2025-01-27 12:58:14,778] INFO: 	 Body Test loss: 0.2036
[2025-01-27 12:58:14,779] INFO: 	 RH Test loss: 0.25724060174998115
[2025-01-27 12:58:14,779] INFO: 	 F1 score: 0.7258206254846213
[2025-01-27 12:58:31,815] INFO: Iter 3250 Summary: 
[2025-01-27 12:58:31,815] INFO: 	 lr: 0.009999999999999962 	 Training loss: 0.32691023516654966
[2025-01-27 12:58:32,199] INFO: 	 Body Test loss: 0.2028
[2025-01-27 12:58:32,199] INFO: 	 RH Test loss: 0.2494816614880281
[2025-01-27 12:58:32,199] INFO: 	 F1 score: 0.7834355266770385
[2025-01-27 12:58:48,924] INFO: Iter 3500 Summary: 
[2025-01-27 12:58:48,924] INFO: 	 lr: 0.009999999999999962 	 Training loss: 0.3134958140850067
[2025-01-27 12:58:49,319] INFO: 	 Body Test loss: 0.21320000000000003
[2025-01-27 12:58:49,319] INFO: 	 RH Test loss: 0.2696686378507053
[2025-01-27 12:58:49,319] INFO: 	 F1 score: 0.7033390250174073
[2025-01-27 12:59:06,414] INFO: Iter 3750 Summary: 
[2025-01-27 12:59:06,415] INFO: 	 lr: 0.009999999999999962 	 Training loss: 0.3209569319486618
[2025-01-27 12:59:06,800] INFO: 	 Body Test loss: 0.1956
[2025-01-27 12:59:06,800] INFO: 	 RH Test loss: 0.24946864381958456
[2025-01-27 12:59:06,800] INFO: 	 F1 score: 0.7741306792487563
[2025-01-27 12:59:23,492] INFO: Iter 4000 Summary: 
[2025-01-27 12:59:23,493] INFO: 	 lr: 0.009999999999999962 	 Training loss: 0.31819598054885867
[2025-01-27 12:59:23,878] INFO: 	 Body Test loss: 0.20720000000000002
[2025-01-27 12:59:23,878] INFO: 	 RH Test loss: 0.26361562720467063
[2025-01-27 12:59:23,878] INFO: 	 F1 score: 0.7633152408029638
[2025-01-27 12:59:41,042] INFO: Iter 4250 Summary: 
[2025-01-27 12:59:41,043] INFO: 	 lr: 0.009999999999999962 	 Training loss: 0.3205136078596115
[2025-01-27 12:59:41,435] INFO: 	 Body Test loss: 0.19399999999999998
[2025-01-27 12:59:41,435] INFO: 	 RH Test loss: 0.24985774529681484
[2025-01-27 12:59:41,435] INFO: 	 F1 score: 0.7353325257992587
[2025-01-27 12:59:58,152] INFO: Iter 4500 Summary: 
[2025-01-27 12:59:58,152] INFO: 	 lr: 0.009999999999999962 	 Training loss: 0.3096707866191864
[2025-01-27 12:59:58,512] INFO: 	 Body Test loss: 0.19720000000000001
[2025-01-27 12:59:58,512] INFO: 	 RH Test loss: 0.2419345103852889
[2025-01-27 12:59:58,513] INFO: 	 F1 score: 0.7902441439348644
[2025-01-27 13:00:15,459] INFO: Iter 4750 Summary: 
[2025-01-27 13:00:15,459] INFO: 	 lr: 0.009999999999999962 	 Training loss: 0.31275043523311613
[2025-01-27 13:00:15,852] INFO: 	 Body Test loss: 0.19759999999999997
[2025-01-27 13:00:15,852] INFO: 	 RH Test loss: 0.2351181143872878
[2025-01-27 13:00:15,852] INFO: 	 F1 score: 0.7436390248229572
[2025-01-27 13:00:32,892] INFO: Iter 5000 Summary: 
[2025-01-27 13:00:32,892] INFO: 	 lr: 0.009999999999999962 	 Training loss: 0.3000798376202583
[2025-01-27 13:00:33,264] INFO: 	 Body Test loss: 0.18719999999999998
[2025-01-27 13:00:33,264] INFO: 	 RH Test loss: 0.23917857439377727
[2025-01-27 13:00:33,264] INFO: 	 F1 score: 0.785020137180245
[2025-01-27 13:00:33,675] INFO: 	 Total number of parameters: 169578
[2025-01-27 13:00:33,694] INFO: Mean L2_body is 0.1889
[2025-01-27 13:00:33,694] INFO: Mean L2_right_hand is 0.21984480612909765
[2025-01-27 13:00:33,694] INFO: Under 0.10 is 12.138095032423735
[2025-01-27 13:00:33,694] INFO: Under 0.15 is 29.51904721558094
[2025-01-27 13:00:33,694] INFO: Under 0.20 is 54.91190440952778
[2025-01-27 13:00:33,694] INFO: Under 0.30 is 94.09523829817772
[2025-01-27 13:00:33,694] INFO: Under 0.35 is 98.50000143051147
[2025-01-27 13:00:33,694] INFO: Under 0.40 is 100.0
[2025-01-27 13:00:33,694] INFO: Intention Accuracy is 79.39490598443108
[2025-01-27 13:00:33,694] INFO: F1 Score is 0.6328291784021661
[2025-01-27 13:00:33,695] INFO: F1 Score Binary is 0.6328291784021661
[2025-01-27 13:00:33,695] INFO: Metrics are {'L2_body': [0.1848, 0.2216, 0.2, 0.1848, 0.2028, 0.18560000000000001, 0.1444, 0.18719999999999998], 'L2_right_hand': [0.24227563655997092, 0.23501307422660986, 0.22593316661349397, 0.21847517667549382, 0.21464021825849788, 0.18930001697194637, 0.19394258533299133, 0.23917857439377727], 'under_0.10m': [10.399999469518661, 10.000000149011612, 10.666666179895401, 9.714285284280777, 10.857142508029938, 12.799999117851257, 22.66666740179062, 10.000000149011612], 'under_0.15m': [24.799999594688416, 23.333333432674408, 22.00000137090683, 28.00000011920929, 22.285714745521545, 30.399999022483826, 59.99999642372131, 25.333333015441895], 'under_0.20m': [53.60000133514404, 41.33332967758179, 48.00000190734863, 53.14285755157471, 42.28571355342865, 61.59999966621399, 82.66666531562805, 56.66666626930237], 'under_0.30m': [100.0, 81.99999928474426, 91.33333563804626, 93.14285516738892, 86.28571629524231, 100.0, 100.0, 100.0], 'under_0.35m': [100.0, 95.33333778381348, 96.66666984558105, 100.0, 96.00000381469727, 100.0, 100.0, 100.0], 'under_0.40m': [100.0, 100.0, 100.0, 100.0, 100.0, 100.0, 100.0, 100.0], 'accuracy': [86.89407540394973, 77.79456193353475, 91.51846785225717, 86.77581863979849, 82.93897882938978, 38.056013179571664, 84.71074380165288, 86.47058823529412], 'f1_score': [0.49077634034239626, 0.5948946586240056, 0.5801652586334667, 0.7677683533196842, 0.694119053643373, 0.3791430001523362, 0.7707466253218213, 0.785020137180245], 'f1_score_binary': [0.49077634034239626, 0.5948946586240056, 0.5801652586334667, 0.7677683533196842, 0.694119053643373, 0.3791430001523362, 0.7707466253218213, 0.785020137180245]}
