[2024-12-27 13:26:42,861] INFO: {
    "abs_dir": "/home/gerard/Documents/IRI/Repos/siMLPe/exps/baseline_handover",
    "actions_to_load": "all",
    "batch_size": 256,
    "classifier": {
        "flatten": true
    },
    "cos_lr_max": 0.01,
    "cos_lr_min": 1e-05,
    "cos_lr_total_iters": 5000,
    "cosine_lr": true,
    "data_aug": true,
    "deriv_input": true,
    "deriv_output": true,
    "eval_every": 250,
    "handover_anno_dir": "/home/gerard/Documents/IRI/Repos/siMLPe/data/handover/",
    "link_log_file": "/home/gerard/Documents/IRI/Repos/siMLPe/exps/baseline_handover/log/log_last.log",
    "link_val_log_file": "/home/gerard/Documents/IRI/Repos/siMLPe/exps/baseline_handover/log/val_last.log",
    "log_dir": "/home/gerard/Documents/IRI/Repos/siMLPe/exps/baseline_handover/log",
    "log_file": "/home/gerard/Documents/IRI/Repos/siMLPe/exps/baseline_handover/log/log_2024_12_27_13_21_38.log",
    "log_file_leave_one_out": "/home/gerard/Documents/IRI/Repos/siMLPe/exps/baseline_handover/log/log_loo2024_12_27_13_21_38.log",
    "model_pth": null,
    "motion": {
        "dim": 27,
        "handover_input_length": 50,
        "handover_input_length_dct": 50,
        "handover_target_length": 10,
        "handover_target_length_eval": 25,
        "handover_target_length_train": 10
    },
    "motion_fc_in": {
        "activation": "relu",
        "in_features": 27,
        "init_w_trunc_normal": false,
        "out_features": 27,
        "temporal_fc": false,
        "with_norm": false
    },
    "motion_fc_out": {
        "activation": "relu",
        "in_features": 27,
        "init_w_trunc_normal": true,
        "out_features": 27,
        "temporal_fc": false,
        "with_norm": false
    },
    "motion_gcn_in": {
        "do": 0,
        "gcn_in": false,
        "in_features": 27,
        "n_node": 50,
        "num_stage": 0,
        "out_features": 27
    },
    "motion_gcn_out": {
        "do": 0,
        "gcn_out": false,
        "in_features": 27,
        "n_node": 50,
        "num_stage": 0,
        "out_features": 27
    },
    "motion_int": {
        "input_dim": 1,
        "int_cond": true,
        "num_emb": 5,
        "output_dim": 27
    },
    "motion_mlp": {
        "hidden_dim": 27,
        "norm_axis": "spatial",
        "num_layers": 48,
        "seq_len": 50,
        "spatial_fc_only": false,
        "with_normalization": true
    },
    "motion_ree": {
        "embedding_size": 3,
        "gcn_concatenation": false,
        "gcn_do": 0,
        "gcn_n_node": 50,
        "gcn_num_stage": 0,
        "input_dim": 3,
        "ree_concatenation": false,
        "ree_cond": false,
        "ree_sum": false
    },
    "num_workers": 6,
    "only_classification": false,
    "post_dct": false,
    "pre_dct": false,
    "print_every": 250,
    "repo_name": "siMLPe",
    "root_dir": "/home/gerard/Documents/IRI/Repos/siMLPe",
    "save_every": 2500,
    "seed": 304,
    "shift_step": 1,
    "snapshot_dir": "/home/gerard/Documents/IRI/Repos/siMLPe/exps/baseline_handover/log/snapshot",
    "this_dir": "baseline_handover",
    "total_iters": 5000,
    "use_int_class": false,
    "use_loss_layer": false,
    "use_ree_loss": false,
    "use_relative_loss": true,
    "use_relative_loss_rh": false,
    "use_rh_distance_joints_loss": false,
    "use_rh_loss": false,
    "val_log_file": "/home/gerard/Documents/IRI/Repos/siMLPe/exps/baseline_handover/log/val_2024_12_27_13_21_38.log",
    "viz_GCN_folder": false,
    "weight_decay": 0.0001
}
[2024-12-27 13:26:43,548] INFO: Testing with subject ['S5'] 
[2024-12-27 13:26:43,548] INFO: Training with subjects ['S3', 'S6', 'S8', 'S9', 'S4', 'S7', 'S10'] 
[2024-12-27 13:26:58,341] INFO: Iter 250 Summary: 
[2024-12-27 13:26:58,341] INFO: 	 lr: 0.009999999999999962 	 Training loss: 0.6690795457363129
[2024-12-27 13:26:58,627] INFO: 	 Body Test loss: 0.276
[2024-12-27 13:26:58,627] INFO: 	 RH Test loss: 0.31497829341374783
[2024-12-27 13:26:58,627] INFO: 	 F1 score: 0
[2024-12-27 13:27:13,280] INFO: Iter 500 Summary: 
[2024-12-27 13:27:13,281] INFO: 	 lr: 0.009999999999999962 	 Training loss: 0.3141784230470657
[2024-12-27 13:27:13,567] INFO: 	 Body Test loss: 0.1996
[2024-12-27 13:27:13,567] INFO: 	 RH Test loss: 0.2502067080348784
[2024-12-27 13:27:13,567] INFO: 	 F1 score: 0
[2024-12-27 13:27:28,115] INFO: Iter 750 Summary: 
[2024-12-27 13:27:28,115] INFO: 	 lr: 0.009999999999999962 	 Training loss: 0.2798441842198372
[2024-12-27 13:27:28,399] INFO: 	 Body Test loss: 0.2016
[2024-12-27 13:27:28,399] INFO: 	 RH Test loss: 0.2548967781957219
[2024-12-27 13:27:28,400] INFO: 	 F1 score: 0
[2024-12-27 13:27:43,192] INFO: Iter 1000 Summary: 
[2024-12-27 13:27:43,193] INFO: 	 lr: 0.009999999999999962 	 Training loss: 0.26796103733778
[2024-12-27 13:27:43,477] INFO: 	 Body Test loss: 0.19
[2024-12-27 13:27:43,477] INFO: 	 RH Test loss: 0.24940921958087803
[2024-12-27 13:27:43,477] INFO: 	 F1 score: 0
[2024-12-27 13:27:58,165] INFO: Iter 1250 Summary: 
[2024-12-27 13:27:58,166] INFO: 	 lr: 0.009999999999999962 	 Training loss: 0.260847543656826
[2024-12-27 13:27:58,451] INFO: 	 Body Test loss: 0.19560000000000002
[2024-12-27 13:27:58,451] INFO: 	 RH Test loss: 0.24396133090692104
[2024-12-27 13:27:58,451] INFO: 	 F1 score: 0
[2024-12-27 13:28:13,090] INFO: Iter 1500 Summary: 
[2024-12-27 13:28:13,091] INFO: 	 lr: 0.009999999999999962 	 Training loss: 0.256914128780365
[2024-12-27 13:28:13,375] INFO: 	 Body Test loss: 0.188
[2024-12-27 13:28:13,375] INFO: 	 RH Test loss: 0.2471640558431136
[2024-12-27 13:28:13,375] INFO: 	 F1 score: 0
[2024-12-27 13:28:28,139] INFO: Iter 1750 Summary: 
[2024-12-27 13:28:28,139] INFO: 	 lr: 0.009999999999999962 	 Training loss: 0.2516618971824646
[2024-12-27 13:28:28,430] INFO: 	 Body Test loss: 0.18719999999999998
[2024-12-27 13:28:28,430] INFO: 	 RH Test loss: 0.23799854302534726
[2024-12-27 13:28:28,430] INFO: 	 F1 score: 0
[2024-12-27 13:28:43,091] INFO: Iter 2000 Summary: 
[2024-12-27 13:28:43,091] INFO: 	 lr: 0.009999999999999962 	 Training loss: 0.25042943030595777
[2024-12-27 13:28:43,377] INFO: 	 Body Test loss: 0.19160000000000005
[2024-12-27 13:28:43,377] INFO: 	 RH Test loss: 0.252930641824938
[2024-12-27 13:28:43,378] INFO: 	 F1 score: 0
[2024-12-27 13:28:58,042] INFO: Iter 2250 Summary: 
[2024-12-27 13:28:58,042] INFO: 	 lr: 0.009999999999999962 	 Training loss: 0.24826483339071273
[2024-12-27 13:28:58,332] INFO: 	 Body Test loss: 0.20120000000000002
[2024-12-27 13:28:58,332] INFO: 	 RH Test loss: 0.24691949803268462
[2024-12-27 13:28:58,332] INFO: 	 F1 score: 0
[2024-12-27 13:29:13,124] INFO: Iter 2500 Summary: 
[2024-12-27 13:29:13,124] INFO: 	 lr: 0.009999999999999962 	 Training loss: 0.2450218477845192
[2024-12-27 13:29:13,411] INFO: 	 Body Test loss: 0.17759999999999998
[2024-12-27 13:29:13,411] INFO: 	 RH Test loss: 0.227290395500416
[2024-12-27 13:29:13,411] INFO: 	 F1 score: 0
[2024-12-27 13:29:28,354] INFO: Iter 2750 Summary: 
[2024-12-27 13:29:28,354] INFO: 	 lr: 0.009999999999999962 	 Training loss: 0.2458152606487274
[2024-12-27 13:29:28,646] INFO: 	 Body Test loss: 0.19880000000000003
[2024-12-27 13:29:28,646] INFO: 	 RH Test loss: 0.24363651237967196
[2024-12-27 13:29:28,646] INFO: 	 F1 score: 0
[2024-12-27 13:29:43,341] INFO: Iter 3000 Summary: 
[2024-12-27 13:29:43,341] INFO: 	 lr: 0.009999999999999962 	 Training loss: 0.24352496635913848
[2024-12-27 13:29:43,630] INFO: 	 Body Test loss: 0.1864
[2024-12-27 13:29:43,630] INFO: 	 RH Test loss: 0.2324851521640962
[2024-12-27 13:29:43,630] INFO: 	 F1 score: 0
[2024-12-27 13:29:58,447] INFO: Iter 3250 Summary: 
[2024-12-27 13:29:58,447] INFO: 	 lr: 0.009999999999999962 	 Training loss: 0.24198363649845123
[2024-12-27 13:29:58,734] INFO: 	 Body Test loss: 0.18120000000000006
[2024-12-27 13:29:58,734] INFO: 	 RH Test loss: 0.2285968946254874
[2024-12-27 13:29:58,734] INFO: 	 F1 score: 0
[2024-12-27 13:30:13,395] INFO: Iter 3500 Summary: 
[2024-12-27 13:30:13,395] INFO: 	 lr: 0.009999999999999962 	 Training loss: 0.2406789477467537
[2024-12-27 13:30:13,681] INFO: 	 Body Test loss: 0.1892
[2024-12-27 13:30:13,681] INFO: 	 RH Test loss: 0.231242184596173
[2024-12-27 13:30:13,681] INFO: 	 F1 score: 0
[2024-12-27 13:30:28,309] INFO: Iter 3750 Summary: 
[2024-12-27 13:30:28,309] INFO: 	 lr: 0.009999999999999962 	 Training loss: 0.23672958600521088
[2024-12-27 13:30:28,593] INFO: 	 Body Test loss: 0.17559999999999998
[2024-12-27 13:30:28,593] INFO: 	 RH Test loss: 0.22831197800285297
[2024-12-27 13:30:28,593] INFO: 	 F1 score: 0
[2024-12-27 13:30:43,359] INFO: Iter 4000 Summary: 
[2024-12-27 13:30:43,359] INFO: 	 lr: 0.009999999999999962 	 Training loss: 0.2367637569308281
[2024-12-27 13:30:43,645] INFO: 	 Body Test loss: 0.21439999999999998
[2024-12-27 13:30:43,645] INFO: 	 RH Test loss: 0.25459407011953245
[2024-12-27 13:30:43,645] INFO: 	 F1 score: 0
[2024-12-27 13:30:58,297] INFO: Iter 4250 Summary: 
[2024-12-27 13:30:58,297] INFO: 	 lr: 0.009999999999999962 	 Training loss: 0.23483230841159822
[2024-12-27 13:30:58,583] INFO: 	 Body Test loss: 0.18
[2024-12-27 13:30:58,583] INFO: 	 RH Test loss: 0.23222122291688216
[2024-12-27 13:30:58,584] INFO: 	 F1 score: 0
[2024-12-27 13:31:13,220] INFO: Iter 4500 Summary: 
[2024-12-27 13:31:13,220] INFO: 	 lr: 0.009999999999999962 	 Training loss: 0.23374430775642396
[2024-12-27 13:31:13,507] INFO: 	 Body Test loss: 0.174
[2024-12-27 13:31:13,508] INFO: 	 RH Test loss: 0.2272579182499829
[2024-12-27 13:31:13,508] INFO: 	 F1 score: 0
[2024-12-27 13:31:28,302] INFO: Iter 4750 Summary: 
[2024-12-27 13:31:28,302] INFO: 	 lr: 0.009999999999999962 	 Training loss: 0.23244959801435472
[2024-12-27 13:31:28,588] INFO: 	 Body Test loss: 0.19880000000000003
[2024-12-27 13:31:28,588] INFO: 	 RH Test loss: 0.24111012508453972
[2024-12-27 13:31:28,588] INFO: 	 F1 score: 0
[2024-12-27 13:31:43,244] INFO: Iter 5000 Summary: 
[2024-12-27 13:31:43,244] INFO: 	 lr: 0.009999999999999962 	 Training loss: 0.22872234565019608
[2024-12-27 13:31:43,531] INFO: 	 Body Test loss: 0.1844
[2024-12-27 13:31:43,531] INFO: 	 RH Test loss: 0.23551927528860755
[2024-12-27 13:31:43,532] INFO: 	 F1 score: 0
[2024-12-27 13:31:43,834] INFO: 	 Total number of parameters: 126639
[2024-12-27 13:31:44,541] INFO: Testing with subject ['S3'] 
[2024-12-27 13:31:44,541] INFO: Training with subjects ['S5', 'S6', 'S8', 'S9', 'S4', 'S7', 'S10'] 
[2024-12-27 13:31:59,397] INFO: Iter 250 Summary: 
[2024-12-27 13:31:59,397] INFO: 	 lr: 0.009999999999999962 	 Training loss: 0.5096533577442169
[2024-12-27 13:31:59,734] INFO: 	 Body Test loss: 0.24280000000000002
[2024-12-27 13:31:59,734] INFO: 	 RH Test loss: 0.2741165519372934
[2024-12-27 13:31:59,734] INFO: 	 F1 score: 0
[2024-12-27 13:32:14,569] INFO: Iter 500 Summary: 
[2024-12-27 13:32:14,569] INFO: 	 lr: 0.009999999999999962 	 Training loss: 0.27812339943647385
[2024-12-27 13:32:14,906] INFO: 	 Body Test loss: 0.2416
[2024-12-27 13:32:14,906] INFO: 	 RH Test loss: 0.27554276783300674
[2024-12-27 13:32:14,906] INFO: 	 F1 score: 0
[2024-12-27 13:32:29,609] INFO: Iter 750 Summary: 
[2024-12-27 13:32:29,609] INFO: 	 lr: 0.009999999999999962 	 Training loss: 0.26669249284267427
[2024-12-27 13:32:29,942] INFO: 	 Body Test loss: 0.22319999999999995
[2024-12-27 13:32:29,943] INFO: 	 RH Test loss: 0.2524687804340236
[2024-12-27 13:32:29,943] INFO: 	 F1 score: 0
[2024-12-27 13:32:44,717] INFO: Iter 1000 Summary: 
[2024-12-27 13:32:44,718] INFO: 	 lr: 0.009999999999999962 	 Training loss: 0.26089295506477356
[2024-12-27 13:32:45,057] INFO: 	 Body Test loss: 0.2504
[2024-12-27 13:32:45,057] INFO: 	 RH Test loss: 0.2578734202255295
[2024-12-27 13:32:45,057] INFO: 	 F1 score: 0
[2024-12-27 13:32:59,941] INFO: Iter 1250 Summary: 
[2024-12-27 13:32:59,941] INFO: 	 lr: 0.009999999999999962 	 Training loss: 0.2552686226963997
[2024-12-27 13:33:00,277] INFO: 	 Body Test loss: 0.2188
[2024-12-27 13:33:00,277] INFO: 	 RH Test loss: 0.24894069411963496
[2024-12-27 13:33:00,277] INFO: 	 F1 score: 0
[2024-12-27 13:33:15,363] INFO: Iter 1500 Summary: 
[2024-12-27 13:33:15,364] INFO: 	 lr: 0.009999999999999962 	 Training loss: 0.2519979811310768
[2024-12-27 13:33:15,705] INFO: 	 Body Test loss: 0.20560000000000003
[2024-12-27 13:33:15,705] INFO: 	 RH Test loss: 0.23528436340954367
[2024-12-27 13:33:15,706] INFO: 	 F1 score: 0
[2024-12-27 13:33:30,734] INFO: Iter 1750 Summary: 
[2024-12-27 13:33:30,734] INFO: 	 lr: 0.009999999999999962 	 Training loss: 0.24955763387680055
[2024-12-27 13:33:31,067] INFO: 	 Body Test loss: 0.21320000000000003
[2024-12-27 13:33:31,067] INFO: 	 RH Test loss: 0.23311164716579402
[2024-12-27 13:33:31,067] INFO: 	 F1 score: 0
[2024-12-27 13:33:45,807] INFO: Iter 2000 Summary: 
[2024-12-27 13:33:45,807] INFO: 	 lr: 0.009999999999999962 	 Training loss: 0.2437502697110176
[2024-12-27 13:33:46,141] INFO: 	 Body Test loss: 0.2292
[2024-12-27 13:33:46,141] INFO: 	 RH Test loss: 0.25237023703641404
[2024-12-27 13:33:46,141] INFO: 	 F1 score: 0
[2024-12-27 13:34:01,127] INFO: Iter 2250 Summary: 
[2024-12-27 13:34:01,128] INFO: 	 lr: 0.009999999999999962 	 Training loss: 0.24019548547267913
[2024-12-27 13:34:01,461] INFO: 	 Body Test loss: 0.2024
[2024-12-27 13:34:01,461] INFO: 	 RH Test loss: 0.22199868771244752
[2024-12-27 13:34:01,461] INFO: 	 F1 score: 0
[2024-12-27 13:34:16,374] INFO: Iter 2500 Summary: 
[2024-12-27 13:34:16,374] INFO: 	 lr: 0.009999999999999962 	 Training loss: 0.23720025497674943
[2024-12-27 13:34:16,708] INFO: 	 Body Test loss: 0.22039999999999998
[2024-12-27 13:34:16,709] INFO: 	 RH Test loss: 0.2422252926797665
[2024-12-27 13:34:16,709] INFO: 	 F1 score: 0
[2024-12-27 13:34:31,924] INFO: Iter 2750 Summary: 
[2024-12-27 13:34:31,925] INFO: 	 lr: 0.009999999999999962 	 Training loss: 0.23219218784570694
[2024-12-27 13:34:32,259] INFO: 	 Body Test loss: 0.21559999999999999
[2024-12-27 13:34:32,259] INFO: 	 RH Test loss: 0.23662038298531962
[2024-12-27 13:34:32,259] INFO: 	 F1 score: 0
[2024-12-27 13:34:47,219] INFO: Iter 3000 Summary: 
[2024-12-27 13:34:47,219] INFO: 	 lr: 0.009999999999999962 	 Training loss: 0.23086703509092332
[2024-12-27 13:34:47,553] INFO: 	 Body Test loss: 0.2564
[2024-12-27 13:34:47,553] INFO: 	 RH Test loss: 0.2688138941299519
[2024-12-27 13:34:47,553] INFO: 	 F1 score: 0
[2024-12-27 13:35:02,501] INFO: Iter 3250 Summary: 
[2024-12-27 13:35:02,501] INFO: 	 lr: 0.009999999999999962 	 Training loss: 0.22623360788822175
[2024-12-27 13:35:02,837] INFO: 	 Body Test loss: 0.2164
[2024-12-27 13:35:02,837] INFO: 	 RH Test loss: 0.24172222226047807
[2024-12-27 13:35:02,837] INFO: 	 F1 score: 0
[2024-12-27 13:35:17,584] INFO: Iter 3500 Summary: 
[2024-12-27 13:35:17,584] INFO: 	 lr: 0.009999999999999962 	 Training loss: 0.2260144835114479
[2024-12-27 13:35:17,916] INFO: 	 Body Test loss: 0.23920000000000002
[2024-12-27 13:35:17,916] INFO: 	 RH Test loss: 0.26216775863912534
[2024-12-27 13:35:17,916] INFO: 	 F1 score: 0
[2024-12-27 13:35:32,788] INFO: Iter 3750 Summary: 
[2024-12-27 13:35:32,788] INFO: 	 lr: 0.009999999999999962 	 Training loss: 0.22024303466081618
[2024-12-27 13:35:33,129] INFO: 	 Body Test loss: 0.2404
[2024-12-27 13:35:33,130] INFO: 	 RH Test loss: 0.26255778417486436
[2024-12-27 13:35:33,130] INFO: 	 F1 score: 0
[2024-12-27 13:35:47,901] INFO: Iter 4000 Summary: 
[2024-12-27 13:35:47,902] INFO: 	 lr: 0.009999999999999962 	 Training loss: 0.21773626267910004
[2024-12-27 13:35:48,234] INFO: 	 Body Test loss: 0.21600000000000003
[2024-12-27 13:35:48,234] INFO: 	 RH Test loss: 0.24024739011897062
[2024-12-27 13:35:48,234] INFO: 	 F1 score: 0
[2024-12-27 13:36:03,215] INFO: Iter 4250 Summary: 
[2024-12-27 13:36:03,215] INFO: 	 lr: 0.009999999999999962 	 Training loss: 0.21520785599946976
[2024-12-27 13:36:03,551] INFO: 	 Body Test loss: 0.22719999999999999
[2024-12-27 13:36:03,551] INFO: 	 RH Test loss: 0.24674189438992755
[2024-12-27 13:36:03,551] INFO: 	 F1 score: 0
[2024-12-27 13:36:18,441] INFO: Iter 4500 Summary: 
[2024-12-27 13:36:18,442] INFO: 	 lr: 0.009999999999999962 	 Training loss: 0.21444399565458297
[2024-12-27 13:36:18,783] INFO: 	 Body Test loss: 0.21439999999999998
[2024-12-27 13:36:18,783] INFO: 	 RH Test loss: 0.2330234852262134
[2024-12-27 13:36:18,783] INFO: 	 F1 score: 0
[2024-12-27 13:36:33,738] INFO: Iter 4750 Summary: 
[2024-12-27 13:36:33,738] INFO: 	 lr: 0.009999999999999962 	 Training loss: 0.21074752485752105
[2024-12-27 13:36:34,074] INFO: 	 Body Test loss: 0.22279999999999997
[2024-12-27 13:36:34,074] INFO: 	 RH Test loss: 0.24685378716071205
[2024-12-27 13:36:34,074] INFO: 	 F1 score: 0
[2024-12-27 13:36:48,992] INFO: Iter 5000 Summary: 
[2024-12-27 13:36:48,992] INFO: 	 lr: 0.009999999999999962 	 Training loss: 0.2108517066836357
[2024-12-27 13:36:49,327] INFO: 	 Body Test loss: 0.23120000000000002
[2024-12-27 13:36:49,327] INFO: 	 RH Test loss: 0.26241693193818866
[2024-12-27 13:36:49,327] INFO: 	 F1 score: 0
[2024-12-27 13:36:49,682] INFO: 	 Total number of parameters: 126639
[2024-12-27 13:36:50,380] INFO: Testing with subject ['S6'] 
[2024-12-27 13:36:50,380] INFO: Training with subjects ['S5', 'S3', 'S8', 'S9', 'S4', 'S7', 'S10'] 
[2024-12-27 13:37:05,325] INFO: Iter 250 Summary: 
[2024-12-27 13:37:05,326] INFO: 	 lr: 0.009999999999999962 	 Training loss: 1.0611995486021042
[2024-12-27 13:37:05,668] INFO: 	 Body Test loss: 0.2612
[2024-12-27 13:37:05,668] INFO: 	 RH Test loss: 0.2721854443165248
[2024-12-27 13:37:05,668] INFO: 	 F1 score: 0
[2024-12-27 13:37:20,604] INFO: Iter 500 Summary: 
[2024-12-27 13:37:20,604] INFO: 	 lr: 0.009999999999999962 	 Training loss: 0.3412779688835144
[2024-12-27 13:37:20,945] INFO: 	 Body Test loss: 0.20720000000000002
[2024-12-27 13:37:20,945] INFO: 	 RH Test loss: 0.22725514050547635
[2024-12-27 13:37:20,945] INFO: 	 F1 score: 0
[2024-12-27 13:37:35,725] INFO: Iter 750 Summary: 
[2024-12-27 13:37:35,725] INFO: 	 lr: 0.009999999999999962 	 Training loss: 0.2851684564948082
[2024-12-27 13:37:36,067] INFO: 	 Body Test loss: 0.2132
[2024-12-27 13:37:36,068] INFO: 	 RH Test loss: 0.23409779492546526
[2024-12-27 13:37:36,068] INFO: 	 F1 score: 0
[2024-12-27 13:37:51,077] INFO: Iter 1000 Summary: 
[2024-12-27 13:37:51,077] INFO: 	 lr: 0.009999999999999962 	 Training loss: 0.27115448302030565
[2024-12-27 13:37:51,421] INFO: 	 Body Test loss: 0.19880000000000003
[2024-12-27 13:37:51,421] INFO: 	 RH Test loss: 0.22134686505256368
[2024-12-27 13:37:51,421] INFO: 	 F1 score: 0
[2024-12-27 13:38:06,325] INFO: Iter 1250 Summary: 
[2024-12-27 13:38:06,325] INFO: 	 lr: 0.009999999999999962 	 Training loss: 0.2673395760655403
[2024-12-27 13:38:06,668] INFO: 	 Body Test loss: 0.18960000000000002
[2024-12-27 13:38:06,669] INFO: 	 RH Test loss: 0.21437862239686314
[2024-12-27 13:38:06,669] INFO: 	 F1 score: 0
[2024-12-27 13:38:21,451] INFO: Iter 1500 Summary: 
[2024-12-27 13:38:21,451] INFO: 	 lr: 0.009999999999999962 	 Training loss: 0.263074291229248
[2024-12-27 13:38:21,795] INFO: 	 Body Test loss: 0.1892
[2024-12-27 13:38:21,795] INFO: 	 RH Test loss: 0.2149782692978385
[2024-12-27 13:38:21,796] INFO: 	 F1 score: 0
[2024-12-27 13:38:36,724] INFO: Iter 1750 Summary: 
[2024-12-27 13:38:36,724] INFO: 	 lr: 0.009999999999999962 	 Training loss: 0.2602946425080299
[2024-12-27 13:38:37,077] INFO: 	 Body Test loss: 0.2192
[2024-12-27 13:38:37,077] INFO: 	 RH Test loss: 0.2314565046443496
[2024-12-27 13:38:37,077] INFO: 	 F1 score: 0
[2024-12-27 13:38:51,871] INFO: Iter 2000 Summary: 
[2024-12-27 13:38:51,872] INFO: 	 lr: 0.009999999999999962 	 Training loss: 0.2576328313946724
[2024-12-27 13:38:52,213] INFO: 	 Body Test loss: 0.1944
[2024-12-27 13:38:52,213] INFO: 	 RH Test loss: 0.2168276891434405
[2024-12-27 13:38:52,213] INFO: 	 F1 score: 0
[2024-12-27 13:39:07,106] INFO: Iter 2250 Summary: 
[2024-12-27 13:39:07,107] INFO: 	 lr: 0.009999999999999962 	 Training loss: 0.254417948782444
[2024-12-27 13:39:07,451] INFO: 	 Body Test loss: 0.2176
[2024-12-27 13:39:07,451] INFO: 	 RH Test loss: 0.2434903174320748
[2024-12-27 13:39:07,451] INFO: 	 F1 score: 0
[2024-12-27 13:39:22,326] INFO: Iter 2500 Summary: 
[2024-12-27 13:39:22,327] INFO: 	 lr: 0.009999999999999962 	 Training loss: 0.251352976500988
[2024-12-27 13:39:22,670] INFO: 	 Body Test loss: 0.19399999999999998
[2024-12-27 13:39:22,670] INFO: 	 RH Test loss: 0.2142471499253885
[2024-12-27 13:39:22,670] INFO: 	 F1 score: 0
[2024-12-27 13:39:37,907] INFO: Iter 2750 Summary: 
[2024-12-27 13:39:37,907] INFO: 	 lr: 0.009999999999999962 	 Training loss: 0.25070953685045244
[2024-12-27 13:39:38,251] INFO: 	 Body Test loss: 0.1812
[2024-12-27 13:39:38,251] INFO: 	 RH Test loss: 0.20074321261509007
[2024-12-27 13:39:38,251] INFO: 	 F1 score: 0
[2024-12-27 13:39:53,245] INFO: Iter 3000 Summary: 
[2024-12-27 13:39:53,246] INFO: 	 lr: 0.009999999999999962 	 Training loss: 0.24744056618213653
[2024-12-27 13:39:53,585] INFO: 	 Body Test loss: 0.17279999999999998
[2024-12-27 13:39:53,585] INFO: 	 RH Test loss: 0.19875717014359712
[2024-12-27 13:39:53,585] INFO: 	 F1 score: 0
[2024-12-27 13:40:08,538] INFO: Iter 3250 Summary: 
[2024-12-27 13:40:08,538] INFO: 	 lr: 0.009999999999999962 	 Training loss: 0.24492417639493944
[2024-12-27 13:40:08,877] INFO: 	 Body Test loss: 0.17400000000000002
[2024-12-27 13:40:08,877] INFO: 	 RH Test loss: 0.19922850135250067
[2024-12-27 13:40:08,877] INFO: 	 F1 score: 0
[2024-12-27 13:40:23,739] INFO: Iter 3500 Summary: 
[2024-12-27 13:40:23,739] INFO: 	 lr: 0.009999999999999962 	 Training loss: 0.24245655059814453
[2024-12-27 13:40:24,082] INFO: 	 Body Test loss: 0.17880000000000001
[2024-12-27 13:40:24,082] INFO: 	 RH Test loss: 0.19900441165824923
[2024-12-27 13:40:24,082] INFO: 	 F1 score: 0
[2024-12-27 13:40:38,977] INFO: Iter 3750 Summary: 
[2024-12-27 13:40:38,977] INFO: 	 lr: 0.009999999999999962 	 Training loss: 0.24261162567138672
[2024-12-27 13:40:39,323] INFO: 	 Body Test loss: 0.18800000000000006
[2024-12-27 13:40:39,323] INFO: 	 RH Test loss: 0.20877255401924436
[2024-12-27 13:40:39,323] INFO: 	 F1 score: 0
[2024-12-27 13:40:54,165] INFO: Iter 4000 Summary: 
[2024-12-27 13:40:54,166] INFO: 	 lr: 0.009999999999999962 	 Training loss: 0.24067156279087068
[2024-12-27 13:40:54,508] INFO: 	 Body Test loss: 0.20439999999999997
[2024-12-27 13:40:54,508] INFO: 	 RH Test loss: 0.23049391865241056
[2024-12-27 13:40:54,508] INFO: 	 F1 score: 0
[2024-12-27 13:41:09,403] INFO: Iter 4250 Summary: 
[2024-12-27 13:41:09,403] INFO: 	 lr: 0.009999999999999962 	 Training loss: 0.23895666235685348
[2024-12-27 13:41:09,747] INFO: 	 Body Test loss: 0.18719999999999998
[2024-12-27 13:41:09,748] INFO: 	 RH Test loss: 0.2115280131537024
[2024-12-27 13:41:09,748] INFO: 	 F1 score: 0
[2024-12-27 13:41:24,806] INFO: Iter 4500 Summary: 
[2024-12-27 13:41:24,806] INFO: 	 lr: 0.009999999999999962 	 Training loss: 0.23884296941757202
[2024-12-27 13:41:25,154] INFO: 	 Body Test loss: 0.17880000000000001
[2024-12-27 13:41:25,154] INFO: 	 RH Test loss: 0.20878301813566572
[2024-12-27 13:41:25,154] INFO: 	 F1 score: 0
[2024-12-27 13:41:40,048] INFO: Iter 4750 Summary: 
[2024-12-27 13:41:40,048] INFO: 	 lr: 0.009999999999999962 	 Training loss: 0.23639514201879502
[2024-12-27 13:41:40,392] INFO: 	 Body Test loss: 0.2036
[2024-12-27 13:41:40,392] INFO: 	 RH Test loss: 0.23138487824989248
[2024-12-27 13:41:40,392] INFO: 	 F1 score: 0
[2024-12-27 13:41:55,936] INFO: Iter 5000 Summary: 
[2024-12-27 13:41:55,936] INFO: 	 lr: 0.009999999999999962 	 Training loss: 0.2346650795340538
[2024-12-27 13:41:56,283] INFO: 	 Body Test loss: 0.1968
[2024-12-27 13:41:56,284] INFO: 	 RH Test loss: 0.21575161470760235
[2024-12-27 13:41:56,284] INFO: 	 F1 score: 0
[2024-12-27 13:41:56,640] INFO: 	 Total number of parameters: 126639
[2024-12-27 13:41:57,412] INFO: Testing with subject ['S8'] 
[2024-12-27 13:41:57,412] INFO: Training with subjects ['S5', 'S3', 'S6', 'S9', 'S4', 'S7', 'S10'] 
[2024-12-27 13:42:12,298] INFO: Iter 250 Summary: 
[2024-12-27 13:42:12,298] INFO: 	 lr: 0.009999999999999962 	 Training loss: 1.3130722180604935
[2024-12-27 13:42:12,686] INFO: 	 Body Test loss: 0.3296
[2024-12-27 13:42:12,686] INFO: 	 RH Test loss: 0.3918015747646841
[2024-12-27 13:42:12,686] INFO: 	 F1 score: 0
[2024-12-27 13:42:27,723] INFO: Iter 500 Summary: 
[2024-12-27 13:42:27,724] INFO: 	 lr: 0.009999999999999962 	 Training loss: 0.35219606256484987
[2024-12-27 13:42:28,112] INFO: 	 Body Test loss: 0.2464
[2024-12-27 13:42:28,112] INFO: 	 RH Test loss: 0.3141518125005573
[2024-12-27 13:42:28,112] INFO: 	 F1 score: 0
[2024-12-27 13:42:42,914] INFO: Iter 750 Summary: 
[2024-12-27 13:42:42,915] INFO: 	 lr: 0.009999999999999962 	 Training loss: 0.3115277816653252
[2024-12-27 13:42:43,300] INFO: 	 Body Test loss: 0.2032
[2024-12-27 13:42:43,300] INFO: 	 RH Test loss: 0.2573095984002505
[2024-12-27 13:42:43,300] INFO: 	 F1 score: 0
[2024-12-27 13:42:58,172] INFO: Iter 1000 Summary: 
[2024-12-27 13:42:58,172] INFO: 	 lr: 0.009999999999999962 	 Training loss: 0.2836526734828949
[2024-12-27 13:42:58,556] INFO: 	 Body Test loss: 0.20720000000000002
[2024-12-27 13:42:58,556] INFO: 	 RH Test loss: 0.2661736368412335
[2024-12-27 13:42:58,556] INFO: 	 F1 score: 0
[2024-12-27 13:43:13,475] INFO: Iter 1250 Summary: 
[2024-12-27 13:43:13,475] INFO: 	 lr: 0.009999999999999962 	 Training loss: 0.2713416656255722
[2024-12-27 13:43:13,862] INFO: 	 Body Test loss: 0.2036
[2024-12-27 13:43:13,862] INFO: 	 RH Test loss: 0.2471562269682848
[2024-12-27 13:43:13,862] INFO: 	 F1 score: 0
[2024-12-27 13:43:28,617] INFO: Iter 1500 Summary: 
[2024-12-27 13:43:28,617] INFO: 	 lr: 0.009999999999999962 	 Training loss: 0.2653346157670021
[2024-12-27 13:43:29,010] INFO: 	 Body Test loss: 0.174
[2024-12-27 13:43:29,010] INFO: 	 RH Test loss: 0.2158316726798675
[2024-12-27 13:43:29,010] INFO: 	 F1 score: 0
[2024-12-27 13:43:43,921] INFO: Iter 1750 Summary: 
[2024-12-27 13:43:43,921] INFO: 	 lr: 0.009999999999999962 	 Training loss: 0.26261325740814206
[2024-12-27 13:43:44,308] INFO: 	 Body Test loss: 0.19159999999999996
[2024-12-27 13:43:44,308] INFO: 	 RH Test loss: 0.23042897650216632
[2024-12-27 13:43:44,308] INFO: 	 F1 score: 0
[2024-12-27 13:43:59,035] INFO: Iter 2000 Summary: 
[2024-12-27 13:43:59,036] INFO: 	 lr: 0.009999999999999962 	 Training loss: 0.2574544563293457
[2024-12-27 13:43:59,420] INFO: 	 Body Test loss: 0.17800000000000002
[2024-12-27 13:43:59,420] INFO: 	 RH Test loss: 0.2259980646789224
[2024-12-27 13:43:59,420] INFO: 	 F1 score: 0
[2024-12-27 13:44:14,358] INFO: Iter 2250 Summary: 
[2024-12-27 13:44:14,358] INFO: 	 lr: 0.009999999999999962 	 Training loss: 0.25530593782663347
[2024-12-27 13:44:14,746] INFO: 	 Body Test loss: 0.20240000000000002
[2024-12-27 13:44:14,746] INFO: 	 RH Test loss: 0.25481441548849537
[2024-12-27 13:44:14,747] INFO: 	 F1 score: 0
[2024-12-27 13:44:29,632] INFO: Iter 2500 Summary: 
[2024-12-27 13:44:29,633] INFO: 	 lr: 0.009999999999999962 	 Training loss: 0.2547649152874947
[2024-12-27 13:44:30,021] INFO: 	 Body Test loss: 0.184
[2024-12-27 13:44:30,022] INFO: 	 RH Test loss: 0.23338988998074378
[2024-12-27 13:44:30,022] INFO: 	 F1 score: 0
[2024-12-27 13:44:45,169] INFO: Iter 2750 Summary: 
[2024-12-27 13:44:45,170] INFO: 	 lr: 0.009999999999999962 	 Training loss: 0.2519597042798996
[2024-12-27 13:44:45,555] INFO: 	 Body Test loss: 0.1664
[2024-12-27 13:44:45,555] INFO: 	 RH Test loss: 0.2124302288116676
[2024-12-27 13:44:45,555] INFO: 	 F1 score: 0
[2024-12-27 13:45:00,498] INFO: Iter 3000 Summary: 
[2024-12-27 13:45:00,498] INFO: 	 lr: 0.009999999999999962 	 Training loss: 0.2506994416713715
[2024-12-27 13:45:00,883] INFO: 	 Body Test loss: 0.18919999999999998
[2024-12-27 13:45:00,883] INFO: 	 RH Test loss: 0.2346051206846982
[2024-12-27 13:45:00,883] INFO: 	 F1 score: 0
[2024-12-27 13:45:15,744] INFO: Iter 3250 Summary: 
[2024-12-27 13:45:15,744] INFO: 	 lr: 0.009999999999999962 	 Training loss: 0.24907177728414537
[2024-12-27 13:45:16,131] INFO: 	 Body Test loss: 0.16440000000000002
[2024-12-27 13:45:16,131] INFO: 	 RH Test loss: 0.22139654790724556
[2024-12-27 13:45:16,131] INFO: 	 F1 score: 0
[2024-12-27 13:45:30,957] INFO: Iter 3500 Summary: 
[2024-12-27 13:45:30,958] INFO: 	 lr: 0.009999999999999962 	 Training loss: 0.24669732528924943
[2024-12-27 13:45:31,342] INFO: 	 Body Test loss: 0.15039999999999998
[2024-12-27 13:45:31,343] INFO: 	 RH Test loss: 0.20352108560521295
[2024-12-27 13:45:31,343] INFO: 	 F1 score: 0
[2024-12-27 13:45:46,254] INFO: Iter 3750 Summary: 
[2024-12-27 13:45:46,255] INFO: 	 lr: 0.009999999999999962 	 Training loss: 0.24457188415527345
[2024-12-27 13:45:46,640] INFO: 	 Body Test loss: 0.146
[2024-12-27 13:45:46,640] INFO: 	 RH Test loss: 0.19055804043632915
[2024-12-27 13:45:46,640] INFO: 	 F1 score: 0
[2024-12-27 13:46:01,454] INFO: Iter 4000 Summary: 
[2024-12-27 13:46:01,454] INFO: 	 lr: 0.009999999999999962 	 Training loss: 0.24554272657632828
[2024-12-27 13:46:01,842] INFO: 	 Body Test loss: 0.1628
[2024-12-27 13:46:01,842] INFO: 	 RH Test loss: 0.20497749454128353
[2024-12-27 13:46:01,842] INFO: 	 F1 score: 0
[2024-12-27 13:46:16,731] INFO: Iter 4250 Summary: 
[2024-12-27 13:46:16,731] INFO: 	 lr: 0.009999999999999962 	 Training loss: 0.24389499884843827
[2024-12-27 13:46:17,126] INFO: 	 Body Test loss: 0.1564
[2024-12-27 13:46:17,126] INFO: 	 RH Test loss: 0.2021128628536195
[2024-12-27 13:46:17,126] INFO: 	 F1 score: 0
[2024-12-27 13:46:32,142] INFO: Iter 4500 Summary: 
[2024-12-27 13:46:32,143] INFO: 	 lr: 0.009999999999999962 	 Training loss: 0.2421808117032051
[2024-12-27 13:46:32,526] INFO: 	 Body Test loss: 0.19079999999999997
[2024-12-27 13:46:32,526] INFO: 	 RH Test loss: 0.23283051579364905
[2024-12-27 13:46:32,527] INFO: 	 F1 score: 0
[2024-12-27 13:46:47,268] INFO: Iter 4750 Summary: 
[2024-12-27 13:46:47,268] INFO: 	 lr: 0.009999999999999962 	 Training loss: 0.2417621312737465
[2024-12-27 13:46:47,654] INFO: 	 Body Test loss: 0.166
[2024-12-27 13:46:47,654] INFO: 	 RH Test loss: 0.21209108952911435
[2024-12-27 13:46:47,654] INFO: 	 F1 score: 0
[2024-12-27 13:47:02,629] INFO: Iter 5000 Summary: 
[2024-12-27 13:47:02,629] INFO: 	 lr: 0.009999999999999962 	 Training loss: 0.23697852712869644
[2024-12-27 13:47:03,022] INFO: 	 Body Test loss: 0.18
[2024-12-27 13:47:03,022] INFO: 	 RH Test loss: 0.24211790258397983
[2024-12-27 13:47:03,023] INFO: 	 F1 score: 0
[2024-12-27 13:47:03,461] INFO: 	 Total number of parameters: 126639
[2024-12-27 13:47:04,206] INFO: Testing with subject ['S9'] 
[2024-12-27 13:47:04,206] INFO: Training with subjects ['S5', 'S3', 'S6', 'S8', 'S4', 'S7', 'S10'] 
[2024-12-27 13:47:19,150] INFO: Iter 250 Summary: 
[2024-12-27 13:47:19,150] INFO: 	 lr: 0.009999999999999962 	 Training loss: 0.627836395740509
[2024-12-27 13:47:19,537] INFO: 	 Body Test loss: 0.3128
[2024-12-27 13:47:19,537] INFO: 	 RH Test loss: 0.3527550765853445
[2024-12-27 13:47:19,537] INFO: 	 F1 score: 0
[2024-12-27 13:47:34,599] INFO: Iter 500 Summary: 
[2024-12-27 13:47:34,600] INFO: 	 lr: 0.009999999999999962 	 Training loss: 0.32822245025634766
[2024-12-27 13:47:34,991] INFO: 	 Body Test loss: 0.29600000000000004
[2024-12-27 13:47:34,991] INFO: 	 RH Test loss: 0.3191505555524624
[2024-12-27 13:47:34,991] INFO: 	 F1 score: 0
[2024-12-27 13:47:49,847] INFO: Iter 750 Summary: 
[2024-12-27 13:47:49,847] INFO: 	 lr: 0.009999999999999962 	 Training loss: 0.3140110020637512
[2024-12-27 13:47:50,236] INFO: 	 Body Test loss: 0.2596
[2024-12-27 13:47:50,236] INFO: 	 RH Test loss: 0.29283855023746325
[2024-12-27 13:47:50,236] INFO: 	 F1 score: 0
[2024-12-27 13:48:05,192] INFO: Iter 1000 Summary: 
[2024-12-27 13:48:05,192] INFO: 	 lr: 0.009999999999999962 	 Training loss: 0.2939151586294174
[2024-12-27 13:48:05,586] INFO: 	 Body Test loss: 0.22759999999999997
[2024-12-27 13:48:05,586] INFO: 	 RH Test loss: 0.2529406367025221
[2024-12-27 13:48:05,586] INFO: 	 F1 score: 0
[2024-12-27 13:48:20,555] INFO: Iter 1250 Summary: 
[2024-12-27 13:48:20,555] INFO: 	 lr: 0.009999999999999962 	 Training loss: 0.28037689471244814
[2024-12-27 13:48:20,939] INFO: 	 Body Test loss: 0.20999999999999996
[2024-12-27 13:48:20,940] INFO: 	 RH Test loss: 0.23969962992970997
[2024-12-27 13:48:20,940] INFO: 	 F1 score: 0
[2024-12-27 13:48:35,749] INFO: Iter 1500 Summary: 
[2024-12-27 13:48:35,749] INFO: 	 lr: 0.009999999999999962 	 Training loss: 0.28008199739456174
[2024-12-27 13:48:36,135] INFO: 	 Body Test loss: 0.19839999999999997
[2024-12-27 13:48:36,135] INFO: 	 RH Test loss: 0.23392191409470878
[2024-12-27 13:48:36,135] INFO: 	 F1 score: 0
[2024-12-27 13:48:51,056] INFO: Iter 1750 Summary: 
[2024-12-27 13:48:51,056] INFO: 	 lr: 0.009999999999999962 	 Training loss: 0.2650441275835037
[2024-12-27 13:48:51,439] INFO: 	 Body Test loss: 0.20040000000000002
[2024-12-27 13:48:51,439] INFO: 	 RH Test loss: 0.23802256827633528
[2024-12-27 13:48:51,439] INFO: 	 F1 score: 0
[2024-12-27 13:49:06,229] INFO: Iter 2000 Summary: 
[2024-12-27 13:49:06,229] INFO: 	 lr: 0.009999999999999962 	 Training loss: 0.26289674842357635
[2024-12-27 13:49:06,624] INFO: 	 Body Test loss: 0.1944
[2024-12-27 13:49:06,624] INFO: 	 RH Test loss: 0.21985631528262925
[2024-12-27 13:49:06,624] INFO: 	 F1 score: 0
[2024-12-27 13:49:21,508] INFO: Iter 2250 Summary: 
[2024-12-27 13:49:21,509] INFO: 	 lr: 0.009999999999999962 	 Training loss: 0.26230463302135465
[2024-12-27 13:49:21,897] INFO: 	 Body Test loss: 0.20120000000000002
[2024-12-27 13:49:21,897] INFO: 	 RH Test loss: 0.24484662852875172
[2024-12-27 13:49:21,897] INFO: 	 F1 score: 0
[2024-12-27 13:49:36,848] INFO: Iter 2500 Summary: 
[2024-12-27 13:49:36,848] INFO: 	 lr: 0.009999999999999962 	 Training loss: 0.25708110439777376
[2024-12-27 13:49:37,231] INFO: 	 Body Test loss: 0.192
[2024-12-27 13:49:37,232] INFO: 	 RH Test loss: 0.2400078570827897
[2024-12-27 13:49:37,232] INFO: 	 F1 score: 0
[2024-12-27 13:49:52,419] INFO: Iter 2750 Summary: 
[2024-12-27 13:49:52,419] INFO: 	 lr: 0.009999999999999962 	 Training loss: 0.2559889493584633
[2024-12-27 13:49:52,808] INFO: 	 Body Test loss: 0.18600000000000003
[2024-12-27 13:49:52,808] INFO: 	 RH Test loss: 0.23897652190173993
[2024-12-27 13:49:52,808] INFO: 	 F1 score: 0
[2024-12-27 13:50:07,799] INFO: Iter 3000 Summary: 
[2024-12-27 13:50:07,799] INFO: 	 lr: 0.009999999999999962 	 Training loss: 0.2523976189494133
[2024-12-27 13:50:08,184] INFO: 	 Body Test loss: 0.18439999999999998
[2024-12-27 13:50:08,184] INFO: 	 RH Test loss: 0.22947500984814215
[2024-12-27 13:50:08,184] INFO: 	 F1 score: 0
[2024-12-27 13:50:23,103] INFO: Iter 3250 Summary: 
[2024-12-27 13:50:23,103] INFO: 	 lr: 0.009999999999999962 	 Training loss: 0.24944032603502272
[2024-12-27 13:50:23,487] INFO: 	 Body Test loss: 0.19119999999999998
[2024-12-27 13:50:23,487] INFO: 	 RH Test loss: 0.24174617829091224
[2024-12-27 13:50:23,487] INFO: 	 F1 score: 0
[2024-12-27 13:50:38,352] INFO: Iter 3500 Summary: 
[2024-12-27 13:50:38,353] INFO: 	 lr: 0.009999999999999962 	 Training loss: 0.24850601655244828
[2024-12-27 13:50:38,742] INFO: 	 Body Test loss: 0.1764
[2024-12-27 13:50:38,742] INFO: 	 RH Test loss: 0.21446455566553518
[2024-12-27 13:50:38,742] INFO: 	 F1 score: 0
[2024-12-27 13:50:53,579] INFO: Iter 3750 Summary: 
[2024-12-27 13:50:53,579] INFO: 	 lr: 0.009999999999999962 	 Training loss: 0.24731528902053834
[2024-12-27 13:50:53,965] INFO: 	 Body Test loss: 0.1684
[2024-12-27 13:50:53,965] INFO: 	 RH Test loss: 0.2126797887664358
[2024-12-27 13:50:53,965] INFO: 	 F1 score: 0
[2024-12-27 13:51:08,757] INFO: Iter 4000 Summary: 
[2024-12-27 13:51:08,757] INFO: 	 lr: 0.009999999999999962 	 Training loss: 0.24566076964139938
[2024-12-27 13:51:09,142] INFO: 	 Body Test loss: 0.16879999999999998
[2024-12-27 13:51:09,142] INFO: 	 RH Test loss: 0.2077415862267519
[2024-12-27 13:51:09,142] INFO: 	 F1 score: 0
[2024-12-27 13:51:24,054] INFO: Iter 4250 Summary: 
[2024-12-27 13:51:24,054] INFO: 	 lr: 0.009999999999999962 	 Training loss: 0.2445849705338478
[2024-12-27 13:51:24,439] INFO: 	 Body Test loss: 0.1728
[2024-12-27 13:51:24,439] INFO: 	 RH Test loss: 0.21514631492263206
[2024-12-27 13:51:24,439] INFO: 	 F1 score: 0
[2024-12-27 13:51:39,417] INFO: Iter 4500 Summary: 
[2024-12-27 13:51:39,417] INFO: 	 lr: 0.009999999999999962 	 Training loss: 0.24061391097307205
[2024-12-27 13:51:39,809] INFO: 	 Body Test loss: 0.17480000000000004
[2024-12-27 13:51:39,809] INFO: 	 RH Test loss: 0.21124150493522065
[2024-12-27 13:51:39,809] INFO: 	 F1 score: 0
[2024-12-27 13:51:54,650] INFO: Iter 4750 Summary: 
[2024-12-27 13:51:54,650] INFO: 	 lr: 0.009999999999999962 	 Training loss: 0.23997335535287856
[2024-12-27 13:51:55,035] INFO: 	 Body Test loss: 0.16760000000000003
[2024-12-27 13:51:55,035] INFO: 	 RH Test loss: 0.20481771074819985
[2024-12-27 13:51:55,035] INFO: 	 F1 score: 0
[2024-12-27 13:52:09,952] INFO: Iter 5000 Summary: 
[2024-12-27 13:52:09,952] INFO: 	 lr: 0.009999999999999962 	 Training loss: 0.2375045171380043
[2024-12-27 13:52:10,336] INFO: 	 Body Test loss: 0.17560000000000003
[2024-12-27 13:52:10,337] INFO: 	 RH Test loss: 0.21860774023595217
[2024-12-27 13:52:10,337] INFO: 	 F1 score: 0
[2024-12-27 13:52:10,738] INFO: 	 Total number of parameters: 126639
[2024-12-27 13:52:11,441] INFO: Testing with subject ['S4'] 
[2024-12-27 13:52:11,441] INFO: Training with subjects ['S5', 'S3', 'S6', 'S8', 'S9', 'S7', 'S10'] 
[2024-12-27 13:52:26,432] INFO: Iter 250 Summary: 
[2024-12-27 13:52:26,432] INFO: 	 lr: 0.009999999999999962 	 Training loss: 1.403629434466362
[2024-12-27 13:52:26,725] INFO: 	 Body Test loss: 0.33039999999999997
[2024-12-27 13:52:26,725] INFO: 	 RH Test loss: 0.33984078710515186
[2024-12-27 13:52:26,725] INFO: 	 F1 score: 0
[2024-12-27 13:52:41,748] INFO: Iter 500 Summary: 
[2024-12-27 13:52:41,749] INFO: 	 lr: 0.009999999999999962 	 Training loss: 0.34125361585617064
[2024-12-27 13:52:42,045] INFO: 	 Body Test loss: 0.21040000000000003
[2024-12-27 13:52:42,045] INFO: 	 RH Test loss: 0.20282887840585218
[2024-12-27 13:52:42,046] INFO: 	 F1 score: 0
[2024-12-27 13:52:56,875] INFO: Iter 750 Summary: 
[2024-12-27 13:52:56,875] INFO: 	 lr: 0.009999999999999962 	 Training loss: 0.28766582268476487
[2024-12-27 13:52:57,167] INFO: 	 Body Test loss: 0.17520000000000002
[2024-12-27 13:52:57,168] INFO: 	 RH Test loss: 0.18329547973205465
[2024-12-27 13:52:57,168] INFO: 	 F1 score: 0
[2024-12-27 13:53:12,075] INFO: Iter 1000 Summary: 
[2024-12-27 13:53:12,075] INFO: 	 lr: 0.009999999999999962 	 Training loss: 0.27661456805467605
[2024-12-27 13:53:12,365] INFO: 	 Body Test loss: 0.1972
[2024-12-27 13:53:12,365] INFO: 	 RH Test loss: 0.20865833844934303
[2024-12-27 13:53:12,365] INFO: 	 F1 score: 0
[2024-12-27 13:53:27,293] INFO: Iter 1250 Summary: 
[2024-12-27 13:53:27,293] INFO: 	 lr: 0.009999999999999962 	 Training loss: 0.27049196368455886
[2024-12-27 13:53:27,583] INFO: 	 Body Test loss: 0.17800000000000002
[2024-12-27 13:53:27,583] INFO: 	 RH Test loss: 0.1931591549422438
[2024-12-27 13:53:27,583] INFO: 	 F1 score: 0
[2024-12-27 13:53:42,502] INFO: Iter 1500 Summary: 
[2024-12-27 13:53:42,502] INFO: 	 lr: 0.009999999999999962 	 Training loss: 0.2679626143574715
[2024-12-27 13:53:42,794] INFO: 	 Body Test loss: 0.174
[2024-12-27 13:53:42,794] INFO: 	 RH Test loss: 0.18358555482678987
[2024-12-27 13:53:42,794] INFO: 	 F1 score: 0
[2024-12-27 13:53:57,757] INFO: Iter 1750 Summary: 
[2024-12-27 13:53:57,757] INFO: 	 lr: 0.009999999999999962 	 Training loss: 0.26418196099996566
[2024-12-27 13:53:58,048] INFO: 	 Body Test loss: 0.17920000000000003
[2024-12-27 13:53:58,048] INFO: 	 RH Test loss: 0.19768412102977367
[2024-12-27 13:53:58,048] INFO: 	 F1 score: 0
[2024-12-27 13:54:12,852] INFO: Iter 2000 Summary: 
[2024-12-27 13:54:12,852] INFO: 	 lr: 0.009999999999999962 	 Training loss: 0.26129643177986145
[2024-12-27 13:54:13,145] INFO: 	 Body Test loss: 0.16
[2024-12-27 13:54:13,145] INFO: 	 RH Test loss: 0.18442211858130364
[2024-12-27 13:54:13,145] INFO: 	 F1 score: 0
[2024-12-27 13:54:28,090] INFO: Iter 2250 Summary: 
[2024-12-27 13:54:28,091] INFO: 	 lr: 0.009999999999999962 	 Training loss: 0.25719125831127165
[2024-12-27 13:54:28,384] INFO: 	 Body Test loss: 0.172
[2024-12-27 13:54:28,384] INFO: 	 RH Test loss: 0.1850015062712366
[2024-12-27 13:54:28,385] INFO: 	 F1 score: 0
[2024-12-27 13:54:43,244] INFO: Iter 2500 Summary: 
[2024-12-27 13:54:43,244] INFO: 	 lr: 0.009999999999999962 	 Training loss: 0.2560340580940247
[2024-12-27 13:54:43,534] INFO: 	 Body Test loss: 0.15960000000000002
[2024-12-27 13:54:43,534] INFO: 	 RH Test loss: 0.18301601735135478
[2024-12-27 13:54:43,534] INFO: 	 F1 score: 0
[2024-12-27 13:54:58,679] INFO: Iter 2750 Summary: 
[2024-12-27 13:54:58,679] INFO: 	 lr: 0.009999999999999962 	 Training loss: 0.2545607913136482
[2024-12-27 13:54:58,970] INFO: 	 Body Test loss: 0.1544
[2024-12-27 13:54:58,970] INFO: 	 RH Test loss: 0.17954569294975065
[2024-12-27 13:54:58,970] INFO: 	 F1 score: 0
[2024-12-27 13:55:13,861] INFO: Iter 3000 Summary: 
[2024-12-27 13:55:13,861] INFO: 	 lr: 0.009999999999999962 	 Training loss: 0.25268261587619784
[2024-12-27 13:55:14,152] INFO: 	 Body Test loss: 0.1616
[2024-12-27 13:55:14,152] INFO: 	 RH Test loss: 0.20933510539951986
[2024-12-27 13:55:14,152] INFO: 	 F1 score: 0
[2024-12-27 13:55:29,120] INFO: Iter 3250 Summary: 
[2024-12-27 13:55:29,120] INFO: 	 lr: 0.009999999999999962 	 Training loss: 0.2504754103422165
[2024-12-27 13:55:29,414] INFO: 	 Body Test loss: 0.1704
[2024-12-27 13:55:29,415] INFO: 	 RH Test loss: 0.20472362486888
[2024-12-27 13:55:29,415] INFO: 	 F1 score: 0
[2024-12-27 13:55:44,212] INFO: Iter 3500 Summary: 
[2024-12-27 13:55:44,213] INFO: 	 lr: 0.009999999999999962 	 Training loss: 0.24685692483186722
[2024-12-27 13:55:44,506] INFO: 	 Body Test loss: 0.16
[2024-12-27 13:55:44,506] INFO: 	 RH Test loss: 0.18597488893512054
[2024-12-27 13:55:44,506] INFO: 	 F1 score: 0
[2024-12-27 13:55:59,460] INFO: Iter 3750 Summary: 
[2024-12-27 13:55:59,460] INFO: 	 lr: 0.009999999999999962 	 Training loss: 0.2460913724899292
[2024-12-27 13:55:59,754] INFO: 	 Body Test loss: 0.1668
[2024-12-27 13:55:59,754] INFO: 	 RH Test loss: 0.18056458009722992
[2024-12-27 13:55:59,754] INFO: 	 F1 score: 0
[2024-12-27 13:56:14,506] INFO: Iter 4000 Summary: 
[2024-12-27 13:56:14,506] INFO: 	 lr: 0.009999999999999962 	 Training loss: 0.24483338606357574
[2024-12-27 13:56:14,802] INFO: 	 Body Test loss: 0.16920000000000002
[2024-12-27 13:56:14,802] INFO: 	 RH Test loss: 0.19649010860939595
[2024-12-27 13:56:14,802] INFO: 	 F1 score: 0
[2024-12-27 13:56:29,637] INFO: Iter 4250 Summary: 
[2024-12-27 13:56:29,637] INFO: 	 lr: 0.009999999999999962 	 Training loss: 0.24246648025512696
[2024-12-27 13:56:29,929] INFO: 	 Body Test loss: 0.1512
[2024-12-27 13:56:29,929] INFO: 	 RH Test loss: 0.17579085357892257
[2024-12-27 13:56:29,929] INFO: 	 F1 score: 0
[2024-12-27 13:56:44,879] INFO: Iter 4500 Summary: 
[2024-12-27 13:56:44,879] INFO: 	 lr: 0.009999999999999962 	 Training loss: 0.23996968060731888
[2024-12-27 13:56:45,172] INFO: 	 Body Test loss: 0.15560000000000002
[2024-12-27 13:56:45,172] INFO: 	 RH Test loss: 0.17926635149872483
[2024-12-27 13:56:45,172] INFO: 	 F1 score: 0
[2024-12-27 13:56:59,982] INFO: Iter 4750 Summary: 
[2024-12-27 13:56:59,982] INFO: 	 lr: 0.009999999999999962 	 Training loss: 0.23923255944252014
[2024-12-27 13:57:00,273] INFO: 	 Body Test loss: 0.1516
[2024-12-27 13:57:00,273] INFO: 	 RH Test loss: 0.17428039242840282
[2024-12-27 13:57:00,273] INFO: 	 F1 score: 0
[2024-12-27 13:57:15,191] INFO: Iter 5000 Summary: 
[2024-12-27 13:57:15,191] INFO: 	 lr: 0.009999999999999962 	 Training loss: 0.2365901502966881
[2024-12-27 13:57:15,484] INFO: 	 Body Test loss: 0.14920000000000003
[2024-12-27 13:57:15,484] INFO: 	 RH Test loss: 0.19435304684144075
[2024-12-27 13:57:15,485] INFO: 	 F1 score: 0
[2024-12-27 13:57:15,794] INFO: 	 Total number of parameters: 126639
[2024-12-27 13:57:16,498] INFO: Testing with subject ['S7'] 
[2024-12-27 13:57:16,498] INFO: Training with subjects ['S5', 'S3', 'S6', 'S8', 'S9', 'S4', 'S10'] 
[2024-12-27 13:57:31,353] INFO: Iter 250 Summary: 
[2024-12-27 13:57:31,354] INFO: 	 lr: 0.009999999999999962 	 Training loss: 0.8600069408416748
[2024-12-27 13:57:31,689] INFO: 	 Body Test loss: 0.2316
[2024-12-27 13:57:31,689] INFO: 	 RH Test loss: 0.2584470038414001
[2024-12-27 13:57:31,689] INFO: 	 F1 score: 0
[2024-12-27 13:57:46,860] INFO: Iter 500 Summary: 
[2024-12-27 13:57:46,860] INFO: 	 lr: 0.009999999999999962 	 Training loss: 0.2963286946415901
[2024-12-27 13:57:47,195] INFO: 	 Body Test loss: 0.1956
[2024-12-27 13:57:47,195] INFO: 	 RH Test loss: 0.24463769838389227
[2024-12-27 13:57:47,195] INFO: 	 F1 score: 0
[2024-12-27 13:58:01,974] INFO: Iter 750 Summary: 
[2024-12-27 13:58:01,975] INFO: 	 lr: 0.009999999999999962 	 Training loss: 0.2755197395682335
[2024-12-27 13:58:02,315] INFO: 	 Body Test loss: 0.1916
[2024-12-27 13:58:02,315] INFO: 	 RH Test loss: 0.2321444155258291
[2024-12-27 13:58:02,315] INFO: 	 F1 score: 0
[2024-12-27 13:58:17,268] INFO: Iter 1000 Summary: 
[2024-12-27 13:58:17,268] INFO: 	 lr: 0.009999999999999962 	 Training loss: 0.2680847119092941
[2024-12-27 13:58:17,603] INFO: 	 Body Test loss: 0.1848
[2024-12-27 13:58:17,604] INFO: 	 RH Test loss: 0.23786729070719548
[2024-12-27 13:58:17,604] INFO: 	 F1 score: 0
[2024-12-27 13:58:32,507] INFO: Iter 1250 Summary: 
[2024-12-27 13:58:32,507] INFO: 	 lr: 0.009999999999999962 	 Training loss: 0.26328351217508317
[2024-12-27 13:58:32,846] INFO: 	 Body Test loss: 0.18520000000000003
[2024-12-27 13:58:32,846] INFO: 	 RH Test loss: 0.2379821732184466
[2024-12-27 13:58:32,846] INFO: 	 F1 score: 0
[2024-12-27 13:58:47,639] INFO: Iter 1500 Summary: 
[2024-12-27 13:58:47,639] INFO: 	 lr: 0.009999999999999962 	 Training loss: 0.2607766598463058
[2024-12-27 13:58:47,974] INFO: 	 Body Test loss: 0.1716
[2024-12-27 13:58:47,974] INFO: 	 RH Test loss: 0.22604547154202181
[2024-12-27 13:58:47,974] INFO: 	 F1 score: 0
[2024-12-27 13:59:03,184] INFO: Iter 1750 Summary: 
[2024-12-27 13:59:03,185] INFO: 	 lr: 0.009999999999999962 	 Training loss: 0.2587903283238411
[2024-12-27 13:59:03,526] INFO: 	 Body Test loss: 0.1884
[2024-12-27 13:59:03,526] INFO: 	 RH Test loss: 0.23468852953349842
[2024-12-27 13:59:03,527] INFO: 	 F1 score: 0
[2024-12-27 13:59:18,678] INFO: Iter 2000 Summary: 
[2024-12-27 13:59:18,678] INFO: 	 lr: 0.009999999999999962 	 Training loss: 0.2553133543729782
[2024-12-27 13:59:19,065] INFO: 	 Body Test loss: 0.18040000000000003
[2024-12-27 13:59:19,065] INFO: 	 RH Test loss: 0.23272637281698338
[2024-12-27 13:59:19,066] INFO: 	 F1 score: 0
[2024-12-27 13:59:34,493] INFO: Iter 2250 Summary: 
[2024-12-27 13:59:34,493] INFO: 	 lr: 0.009999999999999962 	 Training loss: 0.2509633749127388
[2024-12-27 13:59:34,840] INFO: 	 Body Test loss: 0.1832
[2024-12-27 13:59:34,840] INFO: 	 RH Test loss: 0.2252531589900746
[2024-12-27 13:59:34,840] INFO: 	 F1 score: 0
[2024-12-27 13:59:50,230] INFO: Iter 2500 Summary: 
[2024-12-27 13:59:50,231] INFO: 	 lr: 0.009999999999999962 	 Training loss: 0.24892511904239656
[2024-12-27 13:59:50,568] INFO: 	 Body Test loss: 0.20480000000000004
[2024-12-27 13:59:50,568] INFO: 	 RH Test loss: 0.260969781553044
[2024-12-27 13:59:50,568] INFO: 	 F1 score: 0
[2024-12-27 14:00:05,701] INFO: Iter 2750 Summary: 
[2024-12-27 14:00:05,701] INFO: 	 lr: 0.009999999999999962 	 Training loss: 0.2466785390973091
[2024-12-27 14:00:06,040] INFO: 	 Body Test loss: 0.17040000000000002
[2024-12-27 14:00:06,040] INFO: 	 RH Test loss: 0.21824685272048502
[2024-12-27 14:00:06,040] INFO: 	 F1 score: 0
[2024-12-27 14:00:20,918] INFO: Iter 3000 Summary: 
[2024-12-27 14:00:20,918] INFO: 	 lr: 0.009999999999999962 	 Training loss: 0.24251004403829574
[2024-12-27 14:00:21,256] INFO: 	 Body Test loss: 0.166
[2024-12-27 14:00:21,256] INFO: 	 RH Test loss: 0.21318214531505808
[2024-12-27 14:00:21,257] INFO: 	 F1 score: 0
[2024-12-27 14:00:36,149] INFO: Iter 3250 Summary: 
[2024-12-27 14:00:36,149] INFO: 	 lr: 0.009999999999999962 	 Training loss: 0.24096657013893127
[2024-12-27 14:00:36,483] INFO: 	 Body Test loss: 0.1692
[2024-12-27 14:00:36,483] INFO: 	 RH Test loss: 0.22257552517862883
[2024-12-27 14:00:36,483] INFO: 	 F1 score: 0
[2024-12-27 14:00:51,306] INFO: Iter 3500 Summary: 
[2024-12-27 14:00:51,306] INFO: 	 lr: 0.009999999999999962 	 Training loss: 0.23891707009077073
[2024-12-27 14:00:51,647] INFO: 	 Body Test loss: 0.1764
[2024-12-27 14:00:51,647] INFO: 	 RH Test loss: 0.217445252642912
[2024-12-27 14:00:51,648] INFO: 	 F1 score: 0
[2024-12-27 14:01:06,600] INFO: Iter 3750 Summary: 
[2024-12-27 14:01:06,600] INFO: 	 lr: 0.009999999999999962 	 Training loss: 0.23761077243089676
[2024-12-27 14:01:06,936] INFO: 	 Body Test loss: 0.1636
[2024-12-27 14:01:06,936] INFO: 	 RH Test loss: 0.21969464478071996
[2024-12-27 14:01:06,936] INFO: 	 F1 score: 0
[2024-12-27 14:01:21,688] INFO: Iter 4000 Summary: 
[2024-12-27 14:01:21,688] INFO: 	 lr: 0.009999999999999962 	 Training loss: 0.23601515710353851
[2024-12-27 14:01:22,023] INFO: 	 Body Test loss: 0.16760000000000003
[2024-12-27 14:01:22,024] INFO: 	 RH Test loss: 0.20950917811954725
[2024-12-27 14:01:22,024] INFO: 	 F1 score: 0
[2024-12-27 14:01:36,972] INFO: Iter 4250 Summary: 
[2024-12-27 14:01:36,972] INFO: 	 lr: 0.009999999999999962 	 Training loss: 0.2341428861618042
[2024-12-27 14:01:37,308] INFO: 	 Body Test loss: 0.17559999999999998
[2024-12-27 14:01:37,308] INFO: 	 RH Test loss: 0.21535984284737533
[2024-12-27 14:01:37,308] INFO: 	 F1 score: 0
[2024-12-27 14:01:52,190] INFO: Iter 4500 Summary: 
[2024-12-27 14:01:52,191] INFO: 	 lr: 0.009999999999999962 	 Training loss: 0.23221897780895234
[2024-12-27 14:01:52,533] INFO: 	 Body Test loss: 0.17679999999999996
[2024-12-27 14:01:52,533] INFO: 	 RH Test loss: 0.23046266834876117
[2024-12-27 14:01:52,533] INFO: 	 F1 score: 0
[2024-12-27 14:02:07,383] INFO: Iter 4750 Summary: 
[2024-12-27 14:02:07,383] INFO: 	 lr: 0.009999999999999962 	 Training loss: 0.23018930572271348
[2024-12-27 14:02:07,723] INFO: 	 Body Test loss: 0.1648
[2024-12-27 14:02:07,723] INFO: 	 RH Test loss: 0.22201542911108801
[2024-12-27 14:02:07,723] INFO: 	 F1 score: 0
[2024-12-27 14:02:22,581] INFO: Iter 5000 Summary: 
[2024-12-27 14:02:22,582] INFO: 	 lr: 0.009999999999999962 	 Training loss: 0.22757160651683808
[2024-12-27 14:02:22,917] INFO: 	 Body Test loss: 0.17319999999999997
[2024-12-27 14:02:22,917] INFO: 	 RH Test loss: 0.2289460141518537
[2024-12-27 14:02:22,918] INFO: 	 F1 score: 0
[2024-12-27 14:02:23,268] INFO: 	 Total number of parameters: 126639
[2024-12-27 14:02:23,982] INFO: Testing with subject ['S10'] 
[2024-12-27 14:02:23,982] INFO: Training with subjects ['S5', 'S3', 'S6', 'S8', 'S9', 'S4', 'S7'] 
[2024-12-27 14:02:38,948] INFO: Iter 250 Summary: 
[2024-12-27 14:02:38,948] INFO: 	 lr: 0.009999999999999962 	 Training loss: 0.4961981681585312
[2024-12-27 14:02:39,294] INFO: 	 Body Test loss: 0.1804
[2024-12-27 14:02:39,294] INFO: 	 RH Test loss: 0.20729639950534204
[2024-12-27 14:02:39,294] INFO: 	 F1 score: 0
[2024-12-27 14:02:54,379] INFO: Iter 500 Summary: 
[2024-12-27 14:02:54,380] INFO: 	 lr: 0.009999999999999962 	 Training loss: 0.29062262719869614
[2024-12-27 14:02:54,720] INFO: 	 Body Test loss: 0.1544
[2024-12-27 14:02:54,720] INFO: 	 RH Test loss: 0.18144193872604164
[2024-12-27 14:02:54,720] INFO: 	 F1 score: 0
[2024-12-27 14:03:09,436] INFO: Iter 750 Summary: 
[2024-12-27 14:03:09,437] INFO: 	 lr: 0.009999999999999962 	 Training loss: 0.2701546264886856
[2024-12-27 14:03:09,777] INFO: 	 Body Test loss: 0.134
[2024-12-27 14:03:09,777] INFO: 	 RH Test loss: 0.17734902489612253
[2024-12-27 14:03:09,777] INFO: 	 F1 score: 0
[2024-12-27 14:03:24,761] INFO: Iter 1000 Summary: 
[2024-12-27 14:03:24,761] INFO: 	 lr: 0.009999999999999962 	 Training loss: 0.26174456506967547
[2024-12-27 14:03:25,099] INFO: 	 Body Test loss: 0.1336
[2024-12-27 14:03:25,100] INFO: 	 RH Test loss: 0.18753139727043386
[2024-12-27 14:03:25,100] INFO: 	 F1 score: 0
[2024-12-27 14:03:40,003] INFO: Iter 1250 Summary: 
[2024-12-27 14:03:40,003] INFO: 	 lr: 0.009999999999999962 	 Training loss: 0.2564117919802666
[2024-12-27 14:03:40,352] INFO: 	 Body Test loss: 0.13840000000000002
[2024-12-27 14:03:40,352] INFO: 	 RH Test loss: 0.18537268867177414
[2024-12-27 14:03:40,352] INFO: 	 F1 score: 0
[2024-12-27 14:03:55,177] INFO: Iter 1500 Summary: 
[2024-12-27 14:03:55,177] INFO: 	 lr: 0.009999999999999962 	 Training loss: 0.25178210920095445
[2024-12-27 14:03:55,518] INFO: 	 Body Test loss: 0.1304
[2024-12-27 14:03:55,518] INFO: 	 RH Test loss: 0.17356197996901415
[2024-12-27 14:03:55,519] INFO: 	 F1 score: 0
[2024-12-27 14:04:10,335] INFO: Iter 1750 Summary: 
[2024-12-27 14:04:10,335] INFO: 	 lr: 0.009999999999999962 	 Training loss: 0.24891609346866608
[2024-12-27 14:04:10,678] INFO: 	 Body Test loss: 0.1352
[2024-12-27 14:04:10,678] INFO: 	 RH Test loss: 0.19429683949336535
[2024-12-27 14:04:10,678] INFO: 	 F1 score: 0
[2024-12-27 14:04:25,496] INFO: Iter 2000 Summary: 
[2024-12-27 14:04:25,496] INFO: 	 lr: 0.009999999999999962 	 Training loss: 0.2451639079451561
[2024-12-27 14:04:25,839] INFO: 	 Body Test loss: 0.13
[2024-12-27 14:04:25,839] INFO: 	 RH Test loss: 0.17346137250422117
[2024-12-27 14:04:25,839] INFO: 	 F1 score: 0
[2024-12-27 14:04:40,760] INFO: Iter 2250 Summary: 
[2024-12-27 14:04:40,760] INFO: 	 lr: 0.009999999999999962 	 Training loss: 0.24379117703437805
[2024-12-27 14:04:41,103] INFO: 	 Body Test loss: 0.136
[2024-12-27 14:04:41,103] INFO: 	 RH Test loss: 0.17892186564190657
[2024-12-27 14:04:41,104] INFO: 	 F1 score: 0
[2024-12-27 14:04:56,105] INFO: Iter 2500 Summary: 
[2024-12-27 14:04:56,105] INFO: 	 lr: 0.009999999999999962 	 Training loss: 0.24262975484132768
[2024-12-27 14:04:56,448] INFO: 	 Body Test loss: 0.12359999999999999
[2024-12-27 14:04:56,448] INFO: 	 RH Test loss: 0.18047277082753246
[2024-12-27 14:04:56,448] INFO: 	 F1 score: 0
[2024-12-27 14:05:11,634] INFO: Iter 2750 Summary: 
[2024-12-27 14:05:11,634] INFO: 	 lr: 0.009999999999999962 	 Training loss: 0.24091733080148697
[2024-12-27 14:05:11,977] INFO: 	 Body Test loss: 0.15280000000000002
[2024-12-27 14:05:11,977] INFO: 	 RH Test loss: 0.18793086926799177
[2024-12-27 14:05:11,977] INFO: 	 F1 score: 0
[2024-12-27 14:05:26,936] INFO: Iter 3000 Summary: 
[2024-12-27 14:05:26,937] INFO: 	 lr: 0.009999999999999962 	 Training loss: 0.2401452345252037
[2024-12-27 14:05:27,277] INFO: 	 Body Test loss: 0.1268
[2024-12-27 14:05:27,277] INFO: 	 RH Test loss: 0.1640727126171438
[2024-12-27 14:05:27,277] INFO: 	 F1 score: 0
[2024-12-27 14:05:42,111] INFO: Iter 3250 Summary: 
[2024-12-27 14:05:42,111] INFO: 	 lr: 0.009999999999999962 	 Training loss: 0.2377990906238556
[2024-12-27 14:05:42,453] INFO: 	 Body Test loss: 0.1272
[2024-12-27 14:05:42,453] INFO: 	 RH Test loss: 0.16864080409373133
[2024-12-27 14:05:42,453] INFO: 	 F1 score: 0
[2024-12-27 14:05:57,285] INFO: Iter 3500 Summary: 
[2024-12-27 14:05:57,285] INFO: 	 lr: 0.009999999999999962 	 Training loss: 0.23399767994880677
[2024-12-27 14:05:57,628] INFO: 	 Body Test loss: 0.1272
[2024-12-27 14:05:57,629] INFO: 	 RH Test loss: 0.16751882402036472
[2024-12-27 14:05:57,629] INFO: 	 F1 score: 0
[2024-12-27 14:06:12,581] INFO: Iter 3750 Summary: 
[2024-12-27 14:06:12,581] INFO: 	 lr: 0.009999999999999962 	 Training loss: 0.2349857251048088
[2024-12-27 14:06:12,927] INFO: 	 Body Test loss: 0.126
[2024-12-27 14:06:12,927] INFO: 	 RH Test loss: 0.1756127655670334
[2024-12-27 14:06:12,927] INFO: 	 F1 score: 0
[2024-12-27 14:06:27,744] INFO: Iter 4000 Summary: 
[2024-12-27 14:06:27,744] INFO: 	 lr: 0.009999999999999962 	 Training loss: 0.2332799896001816
[2024-12-27 14:06:28,086] INFO: 	 Body Test loss: 0.12240000000000001
[2024-12-27 14:06:28,086] INFO: 	 RH Test loss: 0.16635917219577084
[2024-12-27 14:06:28,086] INFO: 	 F1 score: 0
[2024-12-27 14:06:43,020] INFO: Iter 4250 Summary: 
[2024-12-27 14:06:43,020] INFO: 	 lr: 0.009999999999999962 	 Training loss: 0.23106240224838256
[2024-12-27 14:06:43,368] INFO: 	 Body Test loss: 0.132
[2024-12-27 14:06:43,368] INFO: 	 RH Test loss: 0.1683851998699598
[2024-12-27 14:06:43,368] INFO: 	 F1 score: 0
[2024-12-27 14:06:58,444] INFO: Iter 4500 Summary: 
[2024-12-27 14:06:58,444] INFO: 	 lr: 0.009999999999999962 	 Training loss: 0.23015783137083054
[2024-12-27 14:06:58,788] INFO: 	 Body Test loss: 0.1436
[2024-12-27 14:06:58,788] INFO: 	 RH Test loss: 0.164586735428529
[2024-12-27 14:06:58,789] INFO: 	 F1 score: 0
[2024-12-27 14:07:13,547] INFO: Iter 4750 Summary: 
[2024-12-27 14:07:13,547] INFO: 	 lr: 0.009999999999999962 	 Training loss: 0.2284630525112152
[2024-12-27 14:07:13,892] INFO: 	 Body Test loss: 0.126
[2024-12-27 14:07:13,892] INFO: 	 RH Test loss: 0.16101322867653586
[2024-12-27 14:07:13,892] INFO: 	 F1 score: 0
[2024-12-27 14:07:28,804] INFO: Iter 5000 Summary: 
[2024-12-27 14:07:28,804] INFO: 	 lr: 0.009999999999999962 	 Training loss: 0.22622908425331115
[2024-12-27 14:07:29,144] INFO: 	 Body Test loss: 0.12319999999999999
[2024-12-27 14:07:29,144] INFO: 	 RH Test loss: 0.17916713148437582
[2024-12-27 14:07:29,144] INFO: 	 F1 score: 0
[2024-12-27 14:07:29,500] INFO: 	 Total number of parameters: 126639
[2024-12-27 14:07:29,514] INFO: Mean L2_body is 0.1767
[2024-12-27 14:07:29,514] INFO: Mean L2_right_hand is 0.22210995715400011
[2024-12-27 14:07:29,514] INFO: Under 0.10 is 14.449999295175076
[2024-12-27 14:07:29,514] INFO: Under 0.15 is 37.17142790555954
[2024-12-27 14:07:29,514] INFO: Under 0.20 is 63.83333168923855
[2024-12-27 14:07:29,515] INFO: Under 0.30 is 94.64285671710968
[2024-12-27 14:07:29,515] INFO: Intention Accuracy is 0.0
[2024-12-27 14:07:29,515] INFO: F1 Score is 0.0
[2024-12-27 14:07:29,515] INFO: Metrics are {'L2_body': [0.1844, 0.23120000000000002, 0.1968, 0.18, 0.17560000000000003, 0.14920000000000003, 0.17319999999999997, 0.12319999999999999], 'L2_right_hand': [0.23551927528860755, 0.26241693193818866, 0.21575161470760235, 0.24211790258397983, 0.21860774023595217, 0.19435304684144075, 0.2289460141518537, 0.17916713148437582], 'under_0.10m': [12.000000476837158, 9.333332628011703, 11.33333221077919, 15.42857140302658, 12.57142722606659, 17.59999841451645, 12.666666507720947, 24.666665494441986], 'under_0.15m': [24.799999594688416, 21.333332359790802, 24.666668474674225, 38.28571438789368, 30.28571307659149, 51.99999809265137, 28.00000011920929, 77.99999713897705], 'under_0.20m': [54.40000295639038, 37.33333349227905, 41.999998688697815, 64.5714282989502, 59.428566694259644, 85.59999465942383, 73.33332896232605, 93.99999976158142], 'under_0.30m': [100.0, 78.66666316986084, 93.33333373069763, 93.14285516738892, 92.00000166893005, 100.0, 100.0, 100.0], 'accuracy': [0, 0, 0, 0, 0, 0, 0, 0], 'f1_score': [0, 0, 0, 0, 0, 0, 0, 0]}
