[2024-12-19 12:22:38,549] INFO: {
    "abs_dir": "/home/gerard/Documents/IRI/Repos/siMLPe/exps/baseline_handover",
    "actions_to_load": "all",
    "batch_size": 256,
    "cos_lr_max": 0.01,
    "cos_lr_min": 1e-05,
    "cos_lr_total_iters": 5000,
    "data_aug": true,
    "deriv_input": true,
    "deriv_output": true,
    "eval_every": 250,
    "handover_anno_dir": "/home/gerard/Documents/IRI/Repos/siMLPe/data/handover/",
    "link_log_file": "/home/gerard/Documents/IRI/Repos/siMLPe/exps/baseline_handover/log/log_last.log",
    "link_val_log_file": "/home/gerard/Documents/IRI/Repos/siMLPe/exps/baseline_handover/log/val_last.log",
    "log_dir": "/home/gerard/Documents/IRI/Repos/siMLPe/exps/baseline_handover/log",
    "log_file": "/home/gerard/Documents/IRI/Repos/siMLPe/exps/baseline_handover/log/log_2024_12_19_12_17_39.log",
    "log_file_leave_one_out": "/home/gerard/Documents/IRI/Repos/siMLPe/exps/baseline_handover/log/log_loo2024_12_19_12_17_39.log",
    "model_pth": null,
    "motion": {
        "dim": 27,
        "handover_input_length": 50,
        "handover_input_length_dct": 50,
        "handover_target_length": 10,
        "handover_target_length_eval": 25,
        "handover_target_length_train": 10
    },
    "motion_fc_in": {
        "activation": "relu",
        "in_features": 27,
        "init_w_trunc_normal": false,
        "out_features": 27,
        "temporal_fc": false,
        "with_norm": false
    },
    "motion_fc_out": {
        "activation": "relu",
        "in_features": 27,
        "init_w_trunc_normal": true,
        "out_features": 27,
        "temporal_fc": false,
        "with_norm": false
    },
    "motion_gcn_in": {
        "do": 0,
        "gcn_in": false,
        "in_features": 27,
        "n_node": 50,
        "num_stage": 0,
        "out_features": 27
    },
    "motion_gcn_out": {
        "do": 0,
        "gcn_out": false,
        "in_features": 27,
        "n_node": 50,
        "num_stage": 0,
        "out_features": 27
    },
    "motion_int": {
        "input_dim": 1,
        "int_cond": false,
        "num_emb": 5,
        "output_dim": 27
    },
    "motion_mlp": {
        "hidden_dim": 27,
        "norm_axis": "spatial",
        "num_layers": 48,
        "seq_len": 50,
        "spatial_fc_only": false,
        "with_normalization": true
    },
    "motion_ree": {
        "embedding_size": 3,
        "gcn_concatenation": false,
        "gcn_do": 0,
        "gcn_n_node": 50,
        "gcn_num_stage": 0,
        "input_dim": 3,
        "ree_concatenation": false,
        "ree_cond": false,
        "ree_sum": false
    },
    "num_workers": 6,
    "only_classification": false,
    "post_dct": false,
    "pre_dct": false,
    "print_every": 250,
    "repo_name": "siMLPe",
    "root_dir": "/home/gerard/Documents/IRI/Repos/siMLPe",
    "save_every": 2500,
    "seed": 304,
    "shift_step": 1,
    "snapshot_dir": "/home/gerard/Documents/IRI/Repos/siMLPe/exps/baseline_handover/log/snapshot",
    "this_dir": "baseline_handover",
    "total_iters": 5000,
    "use_int_class": false,
    "use_loss_layer": false,
    "use_ree_loss": false,
    "use_relative_loss": true,
    "use_relative_loss_rh": false,
    "use_rh_distance_joints_loss": false,
    "use_rh_loss": false,
    "val_log_file": "/home/gerard/Documents/IRI/Repos/siMLPe/exps/baseline_handover/log/val_2024_12_19_12_17_39.log",
    "viz_GCN_folder": false,
    "weight_decay": 0.0001
}
[2024-12-19 12:22:39,229] INFO: Testing with subject ['S10'] 
[2024-12-19 12:22:39,229] INFO: Training with subjects ['S5', 'S3', 'S6', 'S8', 'S9', 'S4', 'S7'] 
[2024-12-19 12:22:53,718] INFO: Iter 250 Summary: 
[2024-12-19 12:22:53,718] INFO: 	 lr: 0.009999999999999962 	 Training loss: 0.8395938448905945
[2024-12-19 12:22:54,046] INFO: 	 Body Test loss: 0.1984
[2024-12-19 12:22:54,046] INFO: 	 RH Test loss: 0.23746232208798415
[2024-12-19 12:22:54,046] INFO: 	 F1 score: 0
[2024-12-19 12:23:08,429] INFO: Iter 500 Summary: 
[2024-12-19 12:23:08,429] INFO: 	 lr: 0.009999999999999962 	 Training loss: 0.28905100405216216
[2024-12-19 12:23:08,759] INFO: 	 Body Test loss: 0.15080000000000002
[2024-12-19 12:23:08,759] INFO: 	 RH Test loss: 0.1962423039796267
[2024-12-19 12:23:08,759] INFO: 	 F1 score: 0
[2024-12-19 12:23:23,106] INFO: Iter 750 Summary: 
[2024-12-19 12:23:23,106] INFO: 	 lr: 0.009999999999999962 	 Training loss: 0.27164653480052947
[2024-12-19 12:23:23,435] INFO: 	 Body Test loss: 0.14279999999999998
[2024-12-19 12:23:23,436] INFO: 	 RH Test loss: 0.20684521527986552
[2024-12-19 12:23:23,436] INFO: 	 F1 score: 0
[2024-12-19 12:23:37,872] INFO: Iter 1000 Summary: 
[2024-12-19 12:23:37,872] INFO: 	 lr: 0.009999999999999962 	 Training loss: 0.26551261872053145
[2024-12-19 12:23:38,200] INFO: 	 Body Test loss: 0.1448
[2024-12-19 12:23:38,200] INFO: 	 RH Test loss: 0.2017010588553983
[2024-12-19 12:23:38,200] INFO: 	 F1 score: 0
[2024-12-19 12:23:52,671] INFO: Iter 1250 Summary: 
[2024-12-19 12:23:52,671] INFO: 	 lr: 0.009999999999999962 	 Training loss: 0.2612658905386925
[2024-12-19 12:23:52,999] INFO: 	 Body Test loss: 0.14600000000000002
[2024-12-19 12:23:52,999] INFO: 	 RH Test loss: 0.18898249263605799
[2024-12-19 12:23:53,000] INFO: 	 F1 score: 0
[2024-12-19 12:24:07,275] INFO: Iter 1500 Summary: 
[2024-12-19 12:24:07,275] INFO: 	 lr: 0.009999999999999962 	 Training loss: 0.25920334392786026
[2024-12-19 12:24:07,610] INFO: 	 Body Test loss: 0.1288
[2024-12-19 12:24:07,611] INFO: 	 RH Test loss: 0.1864731257152295
[2024-12-19 12:24:07,611] INFO: 	 F1 score: 0
[2024-12-19 12:24:22,001] INFO: Iter 1750 Summary: 
[2024-12-19 12:24:22,002] INFO: 	 lr: 0.009999999999999962 	 Training loss: 0.2555732527375221
[2024-12-19 12:24:22,331] INFO: 	 Body Test loss: 0.12960000000000002
[2024-12-19 12:24:22,331] INFO: 	 RH Test loss: 0.18222335678815185
[2024-12-19 12:24:22,331] INFO: 	 F1 score: 0
[2024-12-19 12:24:36,673] INFO: Iter 2000 Summary: 
[2024-12-19 12:24:36,673] INFO: 	 lr: 0.009999999999999962 	 Training loss: 0.2519581649899483
[2024-12-19 12:24:37,002] INFO: 	 Body Test loss: 0.1268
[2024-12-19 12:24:37,002] INFO: 	 RH Test loss: 0.18582345280765503
[2024-12-19 12:24:37,002] INFO: 	 F1 score: 0
[2024-12-19 12:24:51,417] INFO: Iter 2250 Summary: 
[2024-12-19 12:24:51,417] INFO: 	 lr: 0.009999999999999962 	 Training loss: 0.25052589720487595
[2024-12-19 12:24:51,753] INFO: 	 Body Test loss: 0.1484
[2024-12-19 12:24:51,754] INFO: 	 RH Test loss: 0.18726491519570676
[2024-12-19 12:24:51,754] INFO: 	 F1 score: 0
[2024-12-19 12:25:06,157] INFO: Iter 2500 Summary: 
[2024-12-19 12:25:06,157] INFO: 	 lr: 0.009999999999999962 	 Training loss: 0.24911986547708512
[2024-12-19 12:25:06,484] INFO: 	 Body Test loss: 0.1536
[2024-12-19 12:25:06,484] INFO: 	 RH Test loss: 0.18281410465555745
[2024-12-19 12:25:06,485] INFO: 	 F1 score: 0
[2024-12-19 12:25:21,137] INFO: Iter 2750 Summary: 
[2024-12-19 12:25:21,137] INFO: 	 lr: 0.009999999999999962 	 Training loss: 0.24862600231170653
[2024-12-19 12:25:21,465] INFO: 	 Body Test loss: 0.13440000000000002
[2024-12-19 12:25:21,465] INFO: 	 RH Test loss: 0.20114933739023763
[2024-12-19 12:25:21,465] INFO: 	 F1 score: 0
[2024-12-19 12:25:35,845] INFO: Iter 3000 Summary: 
[2024-12-19 12:25:35,845] INFO: 	 lr: 0.009999999999999962 	 Training loss: 0.24670533937215805
[2024-12-19 12:25:36,174] INFO: 	 Body Test loss: 0.124
[2024-12-19 12:25:36,174] INFO: 	 RH Test loss: 0.18637057116537384
[2024-12-19 12:25:36,175] INFO: 	 F1 score: 0
[2024-12-19 12:25:50,595] INFO: Iter 3250 Summary: 
[2024-12-19 12:25:50,595] INFO: 	 lr: 0.009999999999999962 	 Training loss: 0.24804503679275514
[2024-12-19 12:25:50,926] INFO: 	 Body Test loss: 0.1232
[2024-12-19 12:25:50,927] INFO: 	 RH Test loss: 0.18702715160432926
[2024-12-19 12:25:50,927] INFO: 	 F1 score: 0
[2024-12-19 12:26:05,272] INFO: Iter 3500 Summary: 
[2024-12-19 12:26:05,272] INFO: 	 lr: 0.009999999999999962 	 Training loss: 0.24707335293292998
[2024-12-19 12:26:05,601] INFO: 	 Body Test loss: 0.1448
[2024-12-19 12:26:05,601] INFO: 	 RH Test loss: 0.18268067688324563
[2024-12-19 12:26:05,601] INFO: 	 F1 score: 0
[2024-12-19 12:26:20,030] INFO: Iter 3750 Summary: 
[2024-12-19 12:26:20,030] INFO: 	 lr: 0.009999999999999962 	 Training loss: 0.247003198325634
[2024-12-19 12:26:20,359] INFO: 	 Body Test loss: 0.12480000000000001
[2024-12-19 12:26:20,360] INFO: 	 RH Test loss: 0.17939574015698814
[2024-12-19 12:26:20,360] INFO: 	 F1 score: 0
[2024-12-19 12:26:34,657] INFO: Iter 4000 Summary: 
[2024-12-19 12:26:34,657] INFO: 	 lr: 0.009999999999999962 	 Training loss: 0.24715854853391647
[2024-12-19 12:26:35,024] INFO: 	 Body Test loss: 0.1292
[2024-12-19 12:26:35,024] INFO: 	 RH Test loss: 0.17991200958073303
[2024-12-19 12:26:35,024] INFO: 	 F1 score: 0
[2024-12-19 12:26:49,418] INFO: Iter 4250 Summary: 
[2024-12-19 12:26:49,419] INFO: 	 lr: 0.009999999999999962 	 Training loss: 0.24588480788469314
[2024-12-19 12:26:49,769] INFO: 	 Body Test loss: 0.12359999999999999
[2024-12-19 12:26:49,769] INFO: 	 RH Test loss: 0.18213976779916727
[2024-12-19 12:26:49,769] INFO: 	 F1 score: 0
[2024-12-19 12:27:04,114] INFO: Iter 4500 Summary: 
[2024-12-19 12:27:04,114] INFO: 	 lr: 0.009999999999999962 	 Training loss: 0.24417092168331148
[2024-12-19 12:27:04,446] INFO: 	 Body Test loss: 0.1368
[2024-12-19 12:27:04,447] INFO: 	 RH Test loss: 0.1789301983121341
[2024-12-19 12:27:04,447] INFO: 	 F1 score: 0
[2024-12-19 12:27:18,800] INFO: Iter 4750 Summary: 
[2024-12-19 12:27:18,800] INFO: 	 lr: 0.009999999999999962 	 Training loss: 0.24581754130125047
[2024-12-19 12:27:19,137] INFO: 	 Body Test loss: 0.12359999999999999
[2024-12-19 12:27:19,137] INFO: 	 RH Test loss: 0.17799269484422753
[2024-12-19 12:27:19,137] INFO: 	 F1 score: 0
[2024-12-19 12:27:33,569] INFO: Iter 5000 Summary: 
[2024-12-19 12:27:33,569] INFO: 	 lr: 0.009999999999999962 	 Training loss: 0.24299143308401108
[2024-12-19 12:27:33,900] INFO: 	 Body Test loss: 0.12120000000000002
[2024-12-19 12:27:33,900] INFO: 	 RH Test loss: 0.1782462695938825
[2024-12-19 12:27:33,900] INFO: 	 F1 score: 0
[2024-12-19 12:27:34,242] INFO: 	 Total number of parameters: 126504
[2024-12-19 12:27:34,969] INFO: Testing with subject ['S5'] 
[2024-12-19 12:27:34,970] INFO: Training with subjects ['S10', 'S3', 'S6', 'S8', 'S9', 'S4', 'S7'] 
[2024-12-19 12:27:49,417] INFO: Iter 250 Summary: 
[2024-12-19 12:27:49,417] INFO: 	 lr: 0.009999999999999962 	 Training loss: 0.5488972160816192
[2024-12-19 12:27:49,721] INFO: 	 Body Test loss: 0.19840000000000002
[2024-12-19 12:27:49,721] INFO: 	 RH Test loss: 0.24734978598794988
[2024-12-19 12:27:49,721] INFO: 	 F1 score: 0
[2024-12-19 12:28:04,023] INFO: Iter 500 Summary: 
[2024-12-19 12:28:04,024] INFO: 	 lr: 0.009999999999999962 	 Training loss: 0.29619373166561125
[2024-12-19 12:28:04,301] INFO: 	 Body Test loss: 0.20079999999999998
[2024-12-19 12:28:04,302] INFO: 	 RH Test loss: 0.24843577509936568
[2024-12-19 12:28:04,302] INFO: 	 F1 score: 0
[2024-12-19 12:28:18,633] INFO: Iter 750 Summary: 
[2024-12-19 12:28:18,633] INFO: 	 lr: 0.009999999999999962 	 Training loss: 0.26983769541978836
[2024-12-19 12:28:18,913] INFO: 	 Body Test loss: 0.19200000000000003
[2024-12-19 12:28:18,913] INFO: 	 RH Test loss: 0.24480452604310943
[2024-12-19 12:28:18,914] INFO: 	 F1 score: 0
[2024-12-19 12:28:33,375] INFO: Iter 1000 Summary: 
[2024-12-19 12:28:33,375] INFO: 	 lr: 0.009999999999999962 	 Training loss: 0.2633759267926216
[2024-12-19 12:28:33,654] INFO: 	 Body Test loss: 0.19119999999999998
[2024-12-19 12:28:33,654] INFO: 	 RH Test loss: 0.2434225747401239
[2024-12-19 12:28:33,654] INFO: 	 F1 score: 0
[2024-12-19 12:28:48,076] INFO: Iter 1250 Summary: 
[2024-12-19 12:28:48,076] INFO: 	 lr: 0.009999999999999962 	 Training loss: 0.2584280679821968
[2024-12-19 12:28:48,351] INFO: 	 Body Test loss: 0.1996
[2024-12-19 12:28:48,351] INFO: 	 RH Test loss: 0.26579955109573994
[2024-12-19 12:28:48,351] INFO: 	 F1 score: 0
[2024-12-19 12:29:02,671] INFO: Iter 1500 Summary: 
[2024-12-19 12:29:02,671] INFO: 	 lr: 0.009999999999999962 	 Training loss: 0.2553798153400421
[2024-12-19 12:29:02,945] INFO: 	 Body Test loss: 0.17679999999999998
[2024-12-19 12:29:02,946] INFO: 	 RH Test loss: 0.2320284973226715
[2024-12-19 12:29:02,946] INFO: 	 F1 score: 0
[2024-12-19 12:29:17,420] INFO: Iter 1750 Summary: 
[2024-12-19 12:29:17,420] INFO: 	 lr: 0.009999999999999962 	 Training loss: 0.2522799348831177
[2024-12-19 12:29:17,695] INFO: 	 Body Test loss: 0.19560000000000002
[2024-12-19 12:29:17,695] INFO: 	 RH Test loss: 0.24303660154770693
[2024-12-19 12:29:17,696] INFO: 	 F1 score: 0
[2024-12-19 12:29:32,080] INFO: Iter 2000 Summary: 
[2024-12-19 12:29:32,080] INFO: 	 lr: 0.009999999999999962 	 Training loss: 0.24909972190856933
[2024-12-19 12:29:32,359] INFO: 	 Body Test loss: 0.1744
[2024-12-19 12:29:32,359] INFO: 	 RH Test loss: 0.23184317453545344
[2024-12-19 12:29:32,359] INFO: 	 F1 score: 0
[2024-12-19 12:29:46,718] INFO: Iter 2250 Summary: 
[2024-12-19 12:29:46,718] INFO: 	 lr: 0.009999999999999962 	 Training loss: 0.2475106071829796
[2024-12-19 12:29:46,993] INFO: 	 Body Test loss: 0.1884
[2024-12-19 12:29:46,994] INFO: 	 RH Test loss: 0.2383694471362677
[2024-12-19 12:29:46,994] INFO: 	 F1 score: 0
[2024-12-19 12:30:01,438] INFO: Iter 2500 Summary: 
[2024-12-19 12:30:01,438] INFO: 	 lr: 0.009999999999999962 	 Training loss: 0.24566238522529601
[2024-12-19 12:30:01,716] INFO: 	 Body Test loss: 0.18280000000000002
[2024-12-19 12:30:01,716] INFO: 	 RH Test loss: 0.22405929585975634
[2024-12-19 12:30:01,716] INFO: 	 F1 score: 0
[2024-12-19 12:30:16,391] INFO: Iter 2750 Summary: 
[2024-12-19 12:30:16,391] INFO: 	 lr: 0.009999999999999962 	 Training loss: 0.24457849323749542
[2024-12-19 12:30:16,666] INFO: 	 Body Test loss: 0.18
[2024-12-19 12:30:16,666] INFO: 	 RH Test loss: 0.22946842354546756
[2024-12-19 12:30:16,666] INFO: 	 F1 score: 0
[2024-12-19 12:30:31,015] INFO: Iter 3000 Summary: 
[2024-12-19 12:30:31,015] INFO: 	 lr: 0.009999999999999962 	 Training loss: 0.24218073683977126
[2024-12-19 12:30:31,291] INFO: 	 Body Test loss: 0.1832
[2024-12-19 12:30:31,291] INFO: 	 RH Test loss: 0.22815110906878322
[2024-12-19 12:30:31,291] INFO: 	 F1 score: 0
[2024-12-19 12:30:45,760] INFO: Iter 3250 Summary: 
[2024-12-19 12:30:45,761] INFO: 	 lr: 0.009999999999999962 	 Training loss: 0.24026283264160156
[2024-12-19 12:30:46,038] INFO: 	 Body Test loss: 0.18160000000000004
[2024-12-19 12:30:46,038] INFO: 	 RH Test loss: 0.23043798700055274
[2024-12-19 12:30:46,038] INFO: 	 F1 score: 0
[2024-12-19 12:31:00,409] INFO: Iter 3500 Summary: 
[2024-12-19 12:31:00,409] INFO: 	 lr: 0.009999999999999962 	 Training loss: 0.23952562975883485
[2024-12-19 12:31:00,687] INFO: 	 Body Test loss: 0.1736
[2024-12-19 12:31:00,687] INFO: 	 RH Test loss: 0.23013715357069914
[2024-12-19 12:31:00,687] INFO: 	 F1 score: 0
[2024-12-19 12:31:15,089] INFO: Iter 3750 Summary: 
[2024-12-19 12:31:15,089] INFO: 	 lr: 0.009999999999999962 	 Training loss: 0.23871618342399598
[2024-12-19 12:31:15,368] INFO: 	 Body Test loss: 0.17480000000000004
[2024-12-19 12:31:15,368] INFO: 	 RH Test loss: 0.21975584677348656
[2024-12-19 12:31:15,368] INFO: 	 F1 score: 0
[2024-12-19 12:31:29,861] INFO: Iter 4000 Summary: 
[2024-12-19 12:31:29,861] INFO: 	 lr: 0.009999999999999962 	 Training loss: 0.23640297752618789
[2024-12-19 12:31:30,138] INFO: 	 Body Test loss: 0.1752
[2024-12-19 12:31:30,139] INFO: 	 RH Test loss: 0.23075555527445657
[2024-12-19 12:31:30,139] INFO: 	 F1 score: 0
[2024-12-19 12:31:44,508] INFO: Iter 4250 Summary: 
[2024-12-19 12:31:44,508] INFO: 	 lr: 0.009999999999999962 	 Training loss: 0.23537587422132492
[2024-12-19 12:31:44,790] INFO: 	 Body Test loss: 0.17920000000000003
[2024-12-19 12:31:44,790] INFO: 	 RH Test loss: 0.22844661630462704
[2024-12-19 12:31:44,790] INFO: 	 F1 score: 0
[2024-12-19 12:31:59,118] INFO: Iter 4500 Summary: 
[2024-12-19 12:31:59,119] INFO: 	 lr: 0.009999999999999962 	 Training loss: 0.2353382837176323
[2024-12-19 12:31:59,397] INFO: 	 Body Test loss: 0.174
[2024-12-19 12:31:59,397] INFO: 	 RH Test loss: 0.22752592436073069
[2024-12-19 12:31:59,397] INFO: 	 F1 score: 0
[2024-12-19 12:32:13,909] INFO: Iter 4750 Summary: 
[2024-12-19 12:32:13,909] INFO: 	 lr: 0.009999999999999962 	 Training loss: 0.2315694872736931
[2024-12-19 12:32:14,189] INFO: 	 Body Test loss: 0.1824
[2024-12-19 12:32:14,189] INFO: 	 RH Test loss: 0.24048776695073404
[2024-12-19 12:32:14,189] INFO: 	 F1 score: 0
[2024-12-19 12:32:28,532] INFO: Iter 5000 Summary: 
[2024-12-19 12:32:28,532] INFO: 	 lr: 0.009999999999999962 	 Training loss: 0.23123284262418747
[2024-12-19 12:32:28,816] INFO: 	 Body Test loss: 0.1824
[2024-12-19 12:32:28,816] INFO: 	 RH Test loss: 0.23590476667859608
[2024-12-19 12:32:28,816] INFO: 	 F1 score: 0
[2024-12-19 12:32:29,110] INFO: 	 Total number of parameters: 126504
[2024-12-19 12:32:29,809] INFO: Testing with subject ['S3'] 
[2024-12-19 12:32:29,809] INFO: Training with subjects ['S10', 'S5', 'S6', 'S8', 'S9', 'S4', 'S7'] 
[2024-12-19 12:32:44,285] INFO: Iter 250 Summary: 
[2024-12-19 12:32:44,285] INFO: 	 lr: 0.009999999999999962 	 Training loss: 0.7688642494678497
[2024-12-19 12:32:44,611] INFO: 	 Body Test loss: 0.28119999999999995
[2024-12-19 12:32:44,611] INFO: 	 RH Test loss: 0.2931644391005133
[2024-12-19 12:32:44,611] INFO: 	 F1 score: 0
[2024-12-19 12:32:59,225] INFO: Iter 500 Summary: 
[2024-12-19 12:32:59,225] INFO: 	 lr: 0.009999999999999962 	 Training loss: 0.3006132962703705
[2024-12-19 12:32:59,547] INFO: 	 Body Test loss: 0.24480000000000002
[2024-12-19 12:32:59,547] INFO: 	 RH Test loss: 0.281034799385647
[2024-12-19 12:32:59,547] INFO: 	 F1 score: 0
[2024-12-19 12:33:13,907] INFO: Iter 750 Summary: 
[2024-12-19 12:33:13,908] INFO: 	 lr: 0.009999999999999962 	 Training loss: 0.2793781057596207
[2024-12-19 12:33:14,230] INFO: 	 Body Test loss: 0.2304
[2024-12-19 12:33:14,230] INFO: 	 RH Test loss: 0.25942760563689055
[2024-12-19 12:33:14,230] INFO: 	 F1 score: 0
[2024-12-19 12:33:28,672] INFO: Iter 1000 Summary: 
[2024-12-19 12:33:28,672] INFO: 	 lr: 0.009999999999999962 	 Training loss: 0.2695608680844307
[2024-12-19 12:33:29,002] INFO: 	 Body Test loss: 0.24
[2024-12-19 12:33:29,002] INFO: 	 RH Test loss: 0.27004904306907307
[2024-12-19 12:33:29,002] INFO: 	 F1 score: 0
[2024-12-19 12:33:43,497] INFO: Iter 1250 Summary: 
[2024-12-19 12:33:43,497] INFO: 	 lr: 0.009999999999999962 	 Training loss: 0.2658528692126274
[2024-12-19 12:33:43,823] INFO: 	 Body Test loss: 0.22119999999999998
[2024-12-19 12:33:43,824] INFO: 	 RH Test loss: 0.24553988016624106
[2024-12-19 12:33:43,824] INFO: 	 F1 score: 0
[2024-12-19 12:33:58,169] INFO: Iter 1500 Summary: 
[2024-12-19 12:33:58,169] INFO: 	 lr: 0.009999999999999962 	 Training loss: 0.2619694266319275
[2024-12-19 12:33:58,492] INFO: 	 Body Test loss: 0.2512
[2024-12-19 12:33:58,492] INFO: 	 RH Test loss: 0.2600203318718337
[2024-12-19 12:33:58,492] INFO: 	 F1 score: 0
[2024-12-19 12:34:12,939] INFO: Iter 1750 Summary: 
[2024-12-19 12:34:12,939] INFO: 	 lr: 0.009999999999999962 	 Training loss: 0.2591380299925804
[2024-12-19 12:34:13,265] INFO: 	 Body Test loss: 0.2432
[2024-12-19 12:34:13,266] INFO: 	 RH Test loss: 0.2625455464085063
[2024-12-19 12:34:13,266] INFO: 	 F1 score: 0
[2024-12-19 12:34:27,657] INFO: Iter 2000 Summary: 
[2024-12-19 12:34:27,657] INFO: 	 lr: 0.009999999999999962 	 Training loss: 0.2559962760210037
[2024-12-19 12:34:27,982] INFO: 	 Body Test loss: 0.21999999999999997
[2024-12-19 12:34:27,983] INFO: 	 RH Test loss: 0.2329315318441823
[2024-12-19 12:34:27,983] INFO: 	 F1 score: 0
[2024-12-19 12:34:42,449] INFO: Iter 2250 Summary: 
[2024-12-19 12:34:42,450] INFO: 	 lr: 0.009999999999999962 	 Training loss: 0.2526475147008896
[2024-12-19 12:34:42,773] INFO: 	 Body Test loss: 0.23079999999999998
[2024-12-19 12:34:42,773] INFO: 	 RH Test loss: 0.25091275551888154
[2024-12-19 12:34:42,773] INFO: 	 F1 score: 0
[2024-12-19 12:34:57,219] INFO: Iter 2500 Summary: 
[2024-12-19 12:34:57,219] INFO: 	 lr: 0.009999999999999962 	 Training loss: 0.25092982351779936
[2024-12-19 12:34:57,544] INFO: 	 Body Test loss: 0.22039999999999998
[2024-12-19 12:34:57,544] INFO: 	 RH Test loss: 0.24710205841280544
[2024-12-19 12:34:57,544] INFO: 	 F1 score: 0
[2024-12-19 12:35:12,267] INFO: Iter 2750 Summary: 
[2024-12-19 12:35:12,267] INFO: 	 lr: 0.009999999999999962 	 Training loss: 0.25079688066244127
[2024-12-19 12:35:12,589] INFO: 	 Body Test loss: 0.21679999999999996
[2024-12-19 12:35:12,589] INFO: 	 RH Test loss: 0.23176470885464073
[2024-12-19 12:35:12,589] INFO: 	 F1 score: 0
[2024-12-19 12:35:27,068] INFO: Iter 3000 Summary: 
[2024-12-19 12:35:27,068] INFO: 	 lr: 0.009999999999999962 	 Training loss: 0.24885782688856126
[2024-12-19 12:35:27,395] INFO: 	 Body Test loss: 0.21000000000000005
[2024-12-19 12:35:27,395] INFO: 	 RH Test loss: 0.23662821582436921
[2024-12-19 12:35:27,395] INFO: 	 F1 score: 0
[2024-12-19 12:35:41,896] INFO: Iter 3250 Summary: 
[2024-12-19 12:35:41,896] INFO: 	 lr: 0.009999999999999962 	 Training loss: 0.2480272195339203
[2024-12-19 12:35:42,219] INFO: 	 Body Test loss: 0.23839999999999997
[2024-12-19 12:35:42,219] INFO: 	 RH Test loss: 0.25718878169794457
[2024-12-19 12:35:42,219] INFO: 	 F1 score: 0
[2024-12-19 12:35:56,584] INFO: Iter 3500 Summary: 
[2024-12-19 12:35:56,585] INFO: 	 lr: 0.009999999999999962 	 Training loss: 0.24833184552192689
[2024-12-19 12:35:56,911] INFO: 	 Body Test loss: 0.2208
[2024-12-19 12:35:56,911] INFO: 	 RH Test loss: 0.25070180414306437
[2024-12-19 12:35:56,911] INFO: 	 F1 score: 0
[2024-12-19 12:36:11,339] INFO: Iter 3750 Summary: 
[2024-12-19 12:36:11,340] INFO: 	 lr: 0.009999999999999962 	 Training loss: 0.2450951501727104
[2024-12-19 12:36:11,664] INFO: 	 Body Test loss: 0.21719999999999998
[2024-12-19 12:36:11,664] INFO: 	 RH Test loss: 0.256314954239076
[2024-12-19 12:36:11,664] INFO: 	 F1 score: 0
[2024-12-19 12:36:25,993] INFO: Iter 4000 Summary: 
[2024-12-19 12:36:25,993] INFO: 	 lr: 0.009999999999999962 	 Training loss: 0.24476780837774276
[2024-12-19 12:36:26,316] INFO: 	 Body Test loss: 0.23079999999999995
[2024-12-19 12:36:26,317] INFO: 	 RH Test loss: 0.27538221109669736
[2024-12-19 12:36:26,317] INFO: 	 F1 score: 0
[2024-12-19 12:36:40,754] INFO: Iter 4250 Summary: 
[2024-12-19 12:36:40,754] INFO: 	 lr: 0.009999999999999962 	 Training loss: 0.24407215625047685
[2024-12-19 12:36:41,081] INFO: 	 Body Test loss: 0.2348
[2024-12-19 12:36:41,081] INFO: 	 RH Test loss: 0.2500575731744219
[2024-12-19 12:36:41,081] INFO: 	 F1 score: 0
[2024-12-19 12:36:55,559] INFO: Iter 4500 Summary: 
[2024-12-19 12:36:55,560] INFO: 	 lr: 0.009999999999999962 	 Training loss: 0.24544632053375245
[2024-12-19 12:36:55,886] INFO: 	 Body Test loss: 0.2076
[2024-12-19 12:36:55,886] INFO: 	 RH Test loss: 0.23443817844203593
[2024-12-19 12:36:55,886] INFO: 	 F1 score: 0
[2024-12-19 12:37:10,245] INFO: Iter 4750 Summary: 
[2024-12-19 12:37:10,245] INFO: 	 lr: 0.009999999999999962 	 Training loss: 0.2419929385781288
[2024-12-19 12:37:10,568] INFO: 	 Body Test loss: 0.22080000000000002
[2024-12-19 12:37:10,568] INFO: 	 RH Test loss: 0.2504134826681765
[2024-12-19 12:37:10,568] INFO: 	 F1 score: 0
[2024-12-19 12:37:25,324] INFO: Iter 5000 Summary: 
[2024-12-19 12:37:25,324] INFO: 	 lr: 0.009999999999999962 	 Training loss: 0.2418360623717308
[2024-12-19 12:37:25,646] INFO: 	 Body Test loss: 0.23520000000000002
[2024-12-19 12:37:25,647] INFO: 	 RH Test loss: 0.28086745458787304
[2024-12-19 12:37:25,647] INFO: 	 F1 score: 0
[2024-12-19 12:37:25,983] INFO: 	 Total number of parameters: 126504
[2024-12-19 12:37:26,749] INFO: Testing with subject ['S6'] 
[2024-12-19 12:37:26,749] INFO: Training with subjects ['S10', 'S5', 'S3', 'S8', 'S9', 'S4', 'S7'] 
[2024-12-19 12:37:41,227] INFO: Iter 250 Summary: 
[2024-12-19 12:37:41,227] INFO: 	 lr: 0.009999999999999962 	 Training loss: 0.8260840138196945
[2024-12-19 12:37:41,560] INFO: 	 Body Test loss: 0.24680000000000002
[2024-12-19 12:37:41,560] INFO: 	 RH Test loss: 0.25698393087217486
[2024-12-19 12:37:41,560] INFO: 	 F1 score: 0
[2024-12-19 12:37:56,089] INFO: Iter 500 Summary: 
[2024-12-19 12:37:56,089] INFO: 	 lr: 0.009999999999999962 	 Training loss: 0.3135020555257797
[2024-12-19 12:37:56,419] INFO: 	 Body Test loss: 0.20839999999999997
[2024-12-19 12:37:56,419] INFO: 	 RH Test loss: 0.22060990449667955
[2024-12-19 12:37:56,419] INFO: 	 F1 score: 0
[2024-12-19 12:38:10,777] INFO: Iter 750 Summary: 
[2024-12-19 12:38:10,777] INFO: 	 lr: 0.009999999999999962 	 Training loss: 0.28120815443992614
[2024-12-19 12:38:11,110] INFO: 	 Body Test loss: 0.20360000000000003
[2024-12-19 12:38:11,110] INFO: 	 RH Test loss: 0.22891434472497607
[2024-12-19 12:38:11,110] INFO: 	 F1 score: 0
[2024-12-19 12:38:25,582] INFO: Iter 1000 Summary: 
[2024-12-19 12:38:25,583] INFO: 	 lr: 0.009999999999999962 	 Training loss: 0.26678421700000765
[2024-12-19 12:38:25,919] INFO: 	 Body Test loss: 0.19880000000000003
[2024-12-19 12:38:25,919] INFO: 	 RH Test loss: 0.22362349936802314
[2024-12-19 12:38:25,919] INFO: 	 F1 score: 0
[2024-12-19 12:38:40,446] INFO: Iter 1250 Summary: 
[2024-12-19 12:38:40,446] INFO: 	 lr: 0.009999999999999962 	 Training loss: 0.26285343772172926
[2024-12-19 12:38:40,775] INFO: 	 Body Test loss: 0.1772
[2024-12-19 12:38:40,776] INFO: 	 RH Test loss: 0.2017175721665577
[2024-12-19 12:38:40,776] INFO: 	 F1 score: 0
[2024-12-19 12:38:55,111] INFO: Iter 1500 Summary: 
[2024-12-19 12:38:55,111] INFO: 	 lr: 0.009999999999999962 	 Training loss: 0.25912752735614775
[2024-12-19 12:38:55,440] INFO: 	 Body Test loss: 0.21239999999999998
[2024-12-19 12:38:55,440] INFO: 	 RH Test loss: 0.23654699612577054
[2024-12-19 12:38:55,440] INFO: 	 F1 score: 0
[2024-12-19 12:39:09,929] INFO: Iter 1750 Summary: 
[2024-12-19 12:39:09,930] INFO: 	 lr: 0.009999999999999962 	 Training loss: 0.2554064719080925
[2024-12-19 12:39:10,259] INFO: 	 Body Test loss: 0.198
[2024-12-19 12:39:10,259] INFO: 	 RH Test loss: 0.22748389375845812
[2024-12-19 12:39:10,259] INFO: 	 F1 score: 0
[2024-12-19 12:39:24,569] INFO: Iter 2000 Summary: 
[2024-12-19 12:39:24,569] INFO: 	 lr: 0.009999999999999962 	 Training loss: 0.25460684424638746
[2024-12-19 12:39:24,900] INFO: 	 Body Test loss: 0.2112
[2024-12-19 12:39:24,900] INFO: 	 RH Test loss: 0.23160489469807385
[2024-12-19 12:39:24,900] INFO: 	 F1 score: 0
[2024-12-19 12:39:39,339] INFO: Iter 2250 Summary: 
[2024-12-19 12:39:39,339] INFO: 	 lr: 0.009999999999999962 	 Training loss: 0.252899951338768
[2024-12-19 12:39:39,669] INFO: 	 Body Test loss: 0.20680000000000004
[2024-12-19 12:39:39,670] INFO: 	 RH Test loss: 0.22686629941134054
[2024-12-19 12:39:39,670] INFO: 	 F1 score: 0
[2024-12-19 12:39:54,122] INFO: Iter 2500 Summary: 
[2024-12-19 12:39:54,122] INFO: 	 lr: 0.009999999999999962 	 Training loss: 0.25007707518339156
[2024-12-19 12:39:54,456] INFO: 	 Body Test loss: 0.19640000000000002
[2024-12-19 12:39:54,456] INFO: 	 RH Test loss: 0.2216030319673092
[2024-12-19 12:39:54,456] INFO: 	 F1 score: 0
[2024-12-19 12:40:09,194] INFO: Iter 2750 Summary: 
[2024-12-19 12:40:09,194] INFO: 	 lr: 0.009999999999999962 	 Training loss: 0.2516764512658119
[2024-12-19 12:40:09,524] INFO: 	 Body Test loss: 0.1932
[2024-12-19 12:40:09,524] INFO: 	 RH Test loss: 0.22019666282977354
[2024-12-19 12:40:09,524] INFO: 	 F1 score: 0
[2024-12-19 12:40:24,012] INFO: Iter 3000 Summary: 
[2024-12-19 12:40:24,012] INFO: 	 lr: 0.009999999999999962 	 Training loss: 0.2493062834739685
[2024-12-19 12:40:24,347] INFO: 	 Body Test loss: 0.23440000000000005
[2024-12-19 12:40:24,347] INFO: 	 RH Test loss: 0.2414894837198114
[2024-12-19 12:40:24,347] INFO: 	 F1 score: 0
[2024-12-19 12:40:38,807] INFO: Iter 3250 Summary: 
[2024-12-19 12:40:38,807] INFO: 	 lr: 0.009999999999999962 	 Training loss: 0.24909004151821137
[2024-12-19 12:40:39,137] INFO: 	 Body Test loss: 0.2076
[2024-12-19 12:40:39,137] INFO: 	 RH Test loss: 0.2128865765677268
[2024-12-19 12:40:39,137] INFO: 	 F1 score: 0
[2024-12-19 12:40:53,430] INFO: Iter 3500 Summary: 
[2024-12-19 12:40:53,431] INFO: 	 lr: 0.009999999999999962 	 Training loss: 0.24744805705547332
[2024-12-19 12:40:53,761] INFO: 	 Body Test loss: 0.1876
[2024-12-19 12:40:53,761] INFO: 	 RH Test loss: 0.2190397465310573
[2024-12-19 12:40:53,761] INFO: 	 F1 score: 0
[2024-12-19 12:41:08,261] INFO: Iter 3750 Summary: 
[2024-12-19 12:41:08,262] INFO: 	 lr: 0.009999999999999962 	 Training loss: 0.2478564731478691
[2024-12-19 12:41:08,597] INFO: 	 Body Test loss: 0.1968
[2024-12-19 12:41:08,597] INFO: 	 RH Test loss: 0.23097180336509943
[2024-12-19 12:41:08,598] INFO: 	 F1 score: 0
[2024-12-19 12:41:22,974] INFO: Iter 4000 Summary: 
[2024-12-19 12:41:22,974] INFO: 	 lr: 0.009999999999999962 	 Training loss: 0.2472904099225998
[2024-12-19 12:41:23,308] INFO: 	 Body Test loss: 0.19560000000000002
[2024-12-19 12:41:23,308] INFO: 	 RH Test loss: 0.22320530000365707
[2024-12-19 12:41:23,308] INFO: 	 F1 score: 0
[2024-12-19 12:41:37,814] INFO: Iter 4250 Summary: 
[2024-12-19 12:41:37,815] INFO: 	 lr: 0.009999999999999962 	 Training loss: 0.24882299983501435
[2024-12-19 12:41:38,142] INFO: 	 Body Test loss: 0.20119999999999996
[2024-12-19 12:41:38,143] INFO: 	 RH Test loss: 0.2292782096758424
[2024-12-19 12:41:38,143] INFO: 	 F1 score: 0
[2024-12-19 12:41:52,636] INFO: Iter 4500 Summary: 
[2024-12-19 12:41:52,636] INFO: 	 lr: 0.009999999999999962 	 Training loss: 0.24688061273097991
[2024-12-19 12:41:52,965] INFO: 	 Body Test loss: 0.1936
[2024-12-19 12:41:52,966] INFO: 	 RH Test loss: 0.22516534596559284
[2024-12-19 12:41:52,966] INFO: 	 F1 score: 0
[2024-12-19 12:42:07,345] INFO: Iter 4750 Summary: 
[2024-12-19 12:42:07,345] INFO: 	 lr: 0.009999999999999962 	 Training loss: 0.24561984062194825
[2024-12-19 12:42:07,677] INFO: 	 Body Test loss: 0.24200000000000002
[2024-12-19 12:42:07,678] INFO: 	 RH Test loss: 0.2566064680389112
[2024-12-19 12:42:07,678] INFO: 	 F1 score: 0
[2024-12-19 12:42:22,133] INFO: Iter 5000 Summary: 
[2024-12-19 12:42:22,133] INFO: 	 lr: 0.009999999999999962 	 Training loss: 0.2450194438099861
[2024-12-19 12:42:22,466] INFO: 	 Body Test loss: 0.19079999999999997
[2024-12-19 12:42:22,466] INFO: 	 RH Test loss: 0.22100325543968524
[2024-12-19 12:42:22,466] INFO: 	 F1 score: 0
[2024-12-19 12:42:22,810] INFO: 	 Total number of parameters: 126504
[2024-12-19 12:42:23,504] INFO: Testing with subject ['S8'] 
[2024-12-19 12:42:23,504] INFO: Training with subjects ['S10', 'S5', 'S3', 'S6', 'S9', 'S4', 'S7'] 
[2024-12-19 12:42:38,018] INFO: Iter 250 Summary: 
[2024-12-19 12:42:38,018] INFO: 	 lr: 0.009999999999999962 	 Training loss: 0.7253630213737488
[2024-12-19 12:42:38,394] INFO: 	 Body Test loss: 0.288
[2024-12-19 12:42:38,394] INFO: 	 RH Test loss: 0.3436078144380968
[2024-12-19 12:42:38,394] INFO: 	 F1 score: 0
[2024-12-19 12:42:52,963] INFO: Iter 500 Summary: 
[2024-12-19 12:42:52,963] INFO: 	 lr: 0.009999999999999962 	 Training loss: 0.31872812139987944
[2024-12-19 12:42:53,340] INFO: 	 Body Test loss: 0.1968
[2024-12-19 12:42:53,340] INFO: 	 RH Test loss: 0.25951713840066637
[2024-12-19 12:42:53,340] INFO: 	 F1 score: 0
[2024-12-19 12:43:07,684] INFO: Iter 750 Summary: 
[2024-12-19 12:43:07,684] INFO: 	 lr: 0.009999999999999962 	 Training loss: 0.2802449876666069
[2024-12-19 12:43:08,061] INFO: 	 Body Test loss: 0.20879999999999999
[2024-12-19 12:43:08,062] INFO: 	 RH Test loss: 0.2634349003306564
[2024-12-19 12:43:08,062] INFO: 	 F1 score: 0
[2024-12-19 12:43:22,534] INFO: Iter 1000 Summary: 
[2024-12-19 12:43:22,534] INFO: 	 lr: 0.009999999999999962 	 Training loss: 0.2709485458135605
[2024-12-19 12:43:22,916] INFO: 	 Body Test loss: 0.17
[2024-12-19 12:43:22,916] INFO: 	 RH Test loss: 0.22134772842416836
[2024-12-19 12:43:22,916] INFO: 	 F1 score: 0
[2024-12-19 12:43:37,403] INFO: Iter 1250 Summary: 
[2024-12-19 12:43:37,403] INFO: 	 lr: 0.009999999999999962 	 Training loss: 0.26726371139287947
[2024-12-19 12:43:37,776] INFO: 	 Body Test loss: 0.1744
[2024-12-19 12:43:37,777] INFO: 	 RH Test loss: 0.23284781642164332
[2024-12-19 12:43:37,777] INFO: 	 F1 score: 0
[2024-12-19 12:43:52,051] INFO: Iter 1500 Summary: 
[2024-12-19 12:43:52,051] INFO: 	 lr: 0.009999999999999962 	 Training loss: 0.26429736721515656
[2024-12-19 12:43:52,430] INFO: 	 Body Test loss: 0.1812
[2024-12-19 12:43:52,430] INFO: 	 RH Test loss: 0.24085080116161472
[2024-12-19 12:43:52,431] INFO: 	 F1 score: 0
[2024-12-19 12:44:06,930] INFO: Iter 1750 Summary: 
[2024-12-19 12:44:06,930] INFO: 	 lr: 0.009999999999999962 	 Training loss: 0.2591320406794548
[2024-12-19 12:44:07,308] INFO: 	 Body Test loss: 0.1892
[2024-12-19 12:44:07,308] INFO: 	 RH Test loss: 0.23325919125482478
[2024-12-19 12:44:07,308] INFO: 	 F1 score: 0
[2024-12-19 12:44:21,733] INFO: Iter 2000 Summary: 
[2024-12-19 12:44:21,733] INFO: 	 lr: 0.009999999999999962 	 Training loss: 0.2549231731295586
[2024-12-19 12:44:22,107] INFO: 	 Body Test loss: 0.16
[2024-12-19 12:44:22,107] INFO: 	 RH Test loss: 0.218223993775226
[2024-12-19 12:44:22,107] INFO: 	 F1 score: 0
[2024-12-19 12:44:36,559] INFO: Iter 2250 Summary: 
[2024-12-19 12:44:36,560] INFO: 	 lr: 0.009999999999999962 	 Training loss: 0.2522047946453094
[2024-12-19 12:44:36,937] INFO: 	 Body Test loss: 0.162
[2024-12-19 12:44:36,937] INFO: 	 RH Test loss: 0.20914642656780308
[2024-12-19 12:44:36,937] INFO: 	 F1 score: 0
[2024-12-19 12:44:51,386] INFO: Iter 2500 Summary: 
[2024-12-19 12:44:51,386] INFO: 	 lr: 0.009999999999999962 	 Training loss: 0.24988228690624237
[2024-12-19 12:44:51,764] INFO: 	 Body Test loss: 0.16000000000000003
[2024-12-19 12:44:51,764] INFO: 	 RH Test loss: 0.21046036099606857
[2024-12-19 12:44:51,764] INFO: 	 F1 score: 0
[2024-12-19 12:45:06,475] INFO: Iter 2750 Summary: 
[2024-12-19 12:45:06,475] INFO: 	 lr: 0.009999999999999962 	 Training loss: 0.24628157144784926
[2024-12-19 12:45:06,856] INFO: 	 Body Test loss: 0.1728
[2024-12-19 12:45:06,856] INFO: 	 RH Test loss: 0.23035945527799784
[2024-12-19 12:45:06,856] INFO: 	 F1 score: 0
[2024-12-19 12:45:21,314] INFO: Iter 3000 Summary: 
[2024-12-19 12:45:21,314] INFO: 	 lr: 0.009999999999999962 	 Training loss: 0.24606575071811676
[2024-12-19 12:45:21,686] INFO: 	 Body Test loss: 0.1588
[2024-12-19 12:45:21,686] INFO: 	 RH Test loss: 0.22217623460202737
[2024-12-19 12:45:21,686] INFO: 	 F1 score: 0
[2024-12-19 12:45:36,128] INFO: Iter 3250 Summary: 
[2024-12-19 12:45:36,128] INFO: 	 lr: 0.009999999999999962 	 Training loss: 0.2446793030500412
[2024-12-19 12:45:36,505] INFO: 	 Body Test loss: 0.1732
[2024-12-19 12:45:36,505] INFO: 	 RH Test loss: 0.23227890515207342
[2024-12-19 12:45:36,505] INFO: 	 F1 score: 0
[2024-12-19 12:45:50,914] INFO: Iter 3500 Summary: 
[2024-12-19 12:45:50,914] INFO: 	 lr: 0.009999999999999962 	 Training loss: 0.24254026591777803
[2024-12-19 12:45:51,293] INFO: 	 Body Test loss: 0.17520000000000002
[2024-12-19 12:45:51,293] INFO: 	 RH Test loss: 0.22971214974256848
[2024-12-19 12:45:51,293] INFO: 	 F1 score: 0
[2024-12-19 12:46:05,781] INFO: Iter 3750 Summary: 
[2024-12-19 12:46:05,781] INFO: 	 lr: 0.009999999999999962 	 Training loss: 0.24153507453203202
[2024-12-19 12:46:06,161] INFO: 	 Body Test loss: 0.1948
[2024-12-19 12:46:06,162] INFO: 	 RH Test loss: 0.2562057425483348
[2024-12-19 12:46:06,162] INFO: 	 F1 score: 0
[2024-12-19 12:46:20,440] INFO: Iter 4000 Summary: 
[2024-12-19 12:46:20,440] INFO: 	 lr: 0.009999999999999962 	 Training loss: 0.2398163672685623
[2024-12-19 12:46:20,831] INFO: 	 Body Test loss: 0.17160000000000003
[2024-12-19 12:46:20,832] INFO: 	 RH Test loss: 0.23263924240165149
[2024-12-19 12:46:20,832] INFO: 	 F1 score: 0
[2024-12-19 12:46:35,237] INFO: Iter 4250 Summary: 
[2024-12-19 12:46:35,237] INFO: 	 lr: 0.009999999999999962 	 Training loss: 0.23925659102201463
[2024-12-19 12:46:35,629] INFO: 	 Body Test loss: 0.15680000000000002
[2024-12-19 12:46:35,630] INFO: 	 RH Test loss: 0.21044059125242068
[2024-12-19 12:46:35,630] INFO: 	 F1 score: 0
[2024-12-19 12:46:50,018] INFO: Iter 4500 Summary: 
[2024-12-19 12:46:50,019] INFO: 	 lr: 0.009999999999999962 	 Training loss: 0.23744558173418046
[2024-12-19 12:46:50,416] INFO: 	 Body Test loss: 0.16560000000000002
[2024-12-19 12:46:50,416] INFO: 	 RH Test loss: 0.2169395768492288
[2024-12-19 12:46:50,416] INFO: 	 F1 score: 0
[2024-12-19 12:47:04,738] INFO: Iter 4750 Summary: 
[2024-12-19 12:47:04,738] INFO: 	 lr: 0.009999999999999962 	 Training loss: 0.2367400603890419
[2024-12-19 12:47:05,114] INFO: 	 Body Test loss: 0.17040000000000002
[2024-12-19 12:47:05,114] INFO: 	 RH Test loss: 0.22550681792818927
[2024-12-19 12:47:05,114] INFO: 	 F1 score: 0
[2024-12-19 12:47:19,576] INFO: Iter 5000 Summary: 
[2024-12-19 12:47:19,576] INFO: 	 lr: 0.009999999999999962 	 Training loss: 0.23473836421966554
[2024-12-19 12:47:19,955] INFO: 	 Body Test loss: 0.1588
[2024-12-19 12:47:19,955] INFO: 	 RH Test loss: 0.21345650903824293
[2024-12-19 12:47:19,955] INFO: 	 F1 score: 0
[2024-12-19 12:47:20,353] INFO: 	 Total number of parameters: 126504
[2024-12-19 12:47:21,125] INFO: Testing with subject ['S9'] 
[2024-12-19 12:47:21,125] INFO: Training with subjects ['S10', 'S5', 'S3', 'S6', 'S8', 'S4', 'S7'] 
[2024-12-19 12:47:35,604] INFO: Iter 250 Summary: 
[2024-12-19 12:47:35,604] INFO: 	 lr: 0.009999999999999962 	 Training loss: 0.6066545950174331
[2024-12-19 12:47:35,988] INFO: 	 Body Test loss: 0.2284
[2024-12-19 12:47:35,988] INFO: 	 RH Test loss: 0.2687879391595406
[2024-12-19 12:47:35,988] INFO: 	 F1 score: 0
[2024-12-19 12:47:50,395] INFO: Iter 500 Summary: 
[2024-12-19 12:47:50,396] INFO: 	 lr: 0.009999999999999962 	 Training loss: 0.2945603060722351
[2024-12-19 12:47:50,812] INFO: 	 Body Test loss: 0.19799999999999998
[2024-12-19 12:47:50,812] INFO: 	 RH Test loss: 0.2243752984774959
[2024-12-19 12:47:50,812] INFO: 	 F1 score: 0
[2024-12-19 12:48:05,078] INFO: Iter 750 Summary: 
[2024-12-19 12:48:05,078] INFO: 	 lr: 0.009999999999999962 	 Training loss: 0.27188150584697723
[2024-12-19 12:48:05,494] INFO: 	 Body Test loss: 0.19640000000000002
[2024-12-19 12:48:05,496] INFO: 	 RH Test loss: 0.22938368907752696
[2024-12-19 12:48:05,496] INFO: 	 F1 score: 0
[2024-12-19 12:48:19,893] INFO: Iter 1000 Summary: 
[2024-12-19 12:48:19,893] INFO: 	 lr: 0.009999999999999962 	 Training loss: 0.2655371422767639
[2024-12-19 12:48:20,271] INFO: 	 Body Test loss: 0.20000000000000004
[2024-12-19 12:48:20,271] INFO: 	 RH Test loss: 0.22807401400574412
[2024-12-19 12:48:20,271] INFO: 	 F1 score: 0
[2024-12-19 12:48:35,314] INFO: Iter 1250 Summary: 
[2024-12-19 12:48:35,314] INFO: 	 lr: 0.009999999999999962 	 Training loss: 0.2577885286808014
[2024-12-19 12:48:35,778] INFO: 	 Body Test loss: 0.19160000000000005
[2024-12-19 12:48:35,778] INFO: 	 RH Test loss: 0.22466715347128524
[2024-12-19 12:48:35,778] INFO: 	 F1 score: 0
[2024-12-19 12:48:50,978] INFO: Iter 1500 Summary: 
[2024-12-19 12:48:50,979] INFO: 	 lr: 0.009999999999999962 	 Training loss: 0.2573172402381897
[2024-12-19 12:48:51,369] INFO: 	 Body Test loss: 0.1928
[2024-12-19 12:48:51,369] INFO: 	 RH Test loss: 0.22148810164569177
[2024-12-19 12:48:51,369] INFO: 	 F1 score: 0
[2024-12-19 12:49:06,065] INFO: Iter 1750 Summary: 
[2024-12-19 12:49:06,065] INFO: 	 lr: 0.009999999999999962 	 Training loss: 0.2524142797589302
[2024-12-19 12:49:06,438] INFO: 	 Body Test loss: 0.17800000000000002
[2024-12-19 12:49:06,438] INFO: 	 RH Test loss: 0.22359046536988367
[2024-12-19 12:49:06,439] INFO: 	 F1 score: 0
[2024-12-19 12:49:20,786] INFO: Iter 2000 Summary: 
[2024-12-19 12:49:20,786] INFO: 	 lr: 0.009999999999999962 	 Training loss: 0.24952184349298479
[2024-12-19 12:49:21,164] INFO: 	 Body Test loss: 0.184
[2024-12-19 12:49:21,164] INFO: 	 RH Test loss: 0.2355232425882095
[2024-12-19 12:49:21,164] INFO: 	 F1 score: 0
[2024-12-19 12:49:35,703] INFO: Iter 2250 Summary: 
[2024-12-19 12:49:35,704] INFO: 	 lr: 0.009999999999999962 	 Training loss: 0.24932523036003112
[2024-12-19 12:49:36,086] INFO: 	 Body Test loss: 0.17920000000000003
[2024-12-19 12:49:36,086] INFO: 	 RH Test loss: 0.20941654159004336
[2024-12-19 12:49:36,086] INFO: 	 F1 score: 0
[2024-12-19 12:49:50,605] INFO: Iter 2500 Summary: 
[2024-12-19 12:49:50,605] INFO: 	 lr: 0.009999999999999962 	 Training loss: 0.24705493748188018
[2024-12-19 12:49:50,992] INFO: 	 Body Test loss: 0.1776
[2024-12-19 12:49:50,992] INFO: 	 RH Test loss: 0.21936760655375825
[2024-12-19 12:49:50,992] INFO: 	 F1 score: 0
[2024-12-19 12:50:05,734] INFO: Iter 2750 Summary: 
[2024-12-19 12:50:05,735] INFO: 	 lr: 0.009999999999999962 	 Training loss: 0.24562880790233613
[2024-12-19 12:50:06,111] INFO: 	 Body Test loss: 0.1884
[2024-12-19 12:50:06,111] INFO: 	 RH Test loss: 0.21569248017754084
[2024-12-19 12:50:06,111] INFO: 	 F1 score: 0
[2024-12-19 12:50:20,591] INFO: Iter 3000 Summary: 
[2024-12-19 12:50:20,592] INFO: 	 lr: 0.009999999999999962 	 Training loss: 0.24281799697875978
[2024-12-19 12:50:21,026] INFO: 	 Body Test loss: 0.1884
[2024-12-19 12:50:21,026] INFO: 	 RH Test loss: 0.22156004440739918
[2024-12-19 12:50:21,026] INFO: 	 F1 score: 0
[2024-12-19 12:50:35,477] INFO: Iter 3250 Summary: 
[2024-12-19 12:50:35,477] INFO: 	 lr: 0.009999999999999962 	 Training loss: 0.2426740198135376
[2024-12-19 12:50:35,892] INFO: 	 Body Test loss: 0.17520000000000002
[2024-12-19 12:50:35,893] INFO: 	 RH Test loss: 0.21187417099217548
[2024-12-19 12:50:35,893] INFO: 	 F1 score: 0
[2024-12-19 12:50:50,288] INFO: Iter 3500 Summary: 
[2024-12-19 12:50:50,288] INFO: 	 lr: 0.009999999999999962 	 Training loss: 0.2420367652773857
[2024-12-19 12:50:50,702] INFO: 	 Body Test loss: 0.1696
[2024-12-19 12:50:50,702] INFO: 	 RH Test loss: 0.2104719521901379
[2024-12-19 12:50:50,702] INFO: 	 F1 score: 0
[2024-12-19 12:51:05,167] INFO: Iter 3750 Summary: 
[2024-12-19 12:51:05,167] INFO: 	 lr: 0.009999999999999962 	 Training loss: 0.24124626070261002
[2024-12-19 12:51:05,556] INFO: 	 Body Test loss: 0.17
[2024-12-19 12:51:05,556] INFO: 	 RH Test loss: 0.21053346208736282
[2024-12-19 12:51:05,559] INFO: 	 F1 score: 0
[2024-12-19 12:51:19,859] INFO: Iter 4000 Summary: 
[2024-12-19 12:51:19,859] INFO: 	 lr: 0.009999999999999962 	 Training loss: 0.2407075810432434
[2024-12-19 12:51:20,242] INFO: 	 Body Test loss: 0.1764
[2024-12-19 12:51:20,243] INFO: 	 RH Test loss: 0.22559986557491393
[2024-12-19 12:51:20,243] INFO: 	 F1 score: 0
[2024-12-19 12:51:34,676] INFO: Iter 4250 Summary: 
[2024-12-19 12:51:34,677] INFO: 	 lr: 0.009999999999999962 	 Training loss: 0.24005182546377182
[2024-12-19 12:51:35,051] INFO: 	 Body Test loss: 0.1728
[2024-12-19 12:51:35,051] INFO: 	 RH Test loss: 0.20622846096271594
[2024-12-19 12:51:35,051] INFO: 	 F1 score: 0
[2024-12-19 12:51:49,476] INFO: Iter 4500 Summary: 
[2024-12-19 12:51:49,476] INFO: 	 lr: 0.009999999999999962 	 Training loss: 0.2388988119363785
[2024-12-19 12:51:49,857] INFO: 	 Body Test loss: 0.17560000000000003
[2024-12-19 12:51:49,857] INFO: 	 RH Test loss: 0.2090877879512117
[2024-12-19 12:51:49,857] INFO: 	 F1 score: 0
[2024-12-19 12:52:04,266] INFO: Iter 4750 Summary: 
[2024-12-19 12:52:04,266] INFO: 	 lr: 0.009999999999999962 	 Training loss: 0.23710458087921144
[2024-12-19 12:52:04,640] INFO: 	 Body Test loss: 0.17520000000000002
[2024-12-19 12:52:04,640] INFO: 	 RH Test loss: 0.20838594610040836
[2024-12-19 12:52:04,640] INFO: 	 F1 score: 0
[2024-12-19 12:52:19,136] INFO: Iter 5000 Summary: 
[2024-12-19 12:52:19,136] INFO: 	 lr: 0.009999999999999962 	 Training loss: 0.23736198699474334
[2024-12-19 12:52:19,512] INFO: 	 Body Test loss: 0.17
[2024-12-19 12:52:19,512] INFO: 	 RH Test loss: 0.204584289054348
[2024-12-19 12:52:19,512] INFO: 	 F1 score: 0
[2024-12-19 12:52:19,903] INFO: 	 Total number of parameters: 126504
[2024-12-19 12:52:20,611] INFO: Testing with subject ['S4'] 
[2024-12-19 12:52:20,612] INFO: Training with subjects ['S10', 'S5', 'S3', 'S6', 'S8', 'S9', 'S7'] 
[2024-12-19 12:52:35,116] INFO: Iter 250 Summary: 
[2024-12-19 12:52:35,116] INFO: 	 lr: 0.009999999999999962 	 Training loss: 0.6752098801136017
[2024-12-19 12:52:35,401] INFO: 	 Body Test loss: 0.1916
[2024-12-19 12:52:35,401] INFO: 	 RH Test loss: 0.19775351258832505
[2024-12-19 12:52:35,401] INFO: 	 F1 score: 0
[2024-12-19 12:52:49,885] INFO: Iter 500 Summary: 
[2024-12-19 12:52:49,885] INFO: 	 lr: 0.009999999999999962 	 Training loss: 0.2816408356428146
[2024-12-19 12:52:50,170] INFO: 	 Body Test loss: 0.1724
[2024-12-19 12:52:50,170] INFO: 	 RH Test loss: 0.18908499291936884
[2024-12-19 12:52:50,170] INFO: 	 F1 score: 0
[2024-12-19 12:53:04,580] INFO: Iter 750 Summary: 
[2024-12-19 12:53:04,580] INFO: 	 lr: 0.009999999999999962 	 Training loss: 0.2681564835906029
[2024-12-19 12:53:04,864] INFO: 	 Body Test loss: 0.18200000000000002
[2024-12-19 12:53:04,864] INFO: 	 RH Test loss: 0.2089674725289007
[2024-12-19 12:53:04,865] INFO: 	 F1 score: 0
[2024-12-19 12:53:19,384] INFO: Iter 1000 Summary: 
[2024-12-19 12:53:19,384] INFO: 	 lr: 0.009999999999999962 	 Training loss: 0.2636779029965401
[2024-12-19 12:53:19,665] INFO: 	 Body Test loss: 0.1696
[2024-12-19 12:53:19,666] INFO: 	 RH Test loss: 0.1944274649549355
[2024-12-19 12:53:19,666] INFO: 	 F1 score: 0
[2024-12-19 12:53:34,146] INFO: Iter 1250 Summary: 
[2024-12-19 12:53:34,146] INFO: 	 lr: 0.009999999999999962 	 Training loss: 0.25979019886255267
[2024-12-19 12:53:34,427] INFO: 	 Body Test loss: 0.17559999999999998
[2024-12-19 12:53:34,428] INFO: 	 RH Test loss: 0.2160536937619355
[2024-12-19 12:53:34,428] INFO: 	 F1 score: 0
[2024-12-19 12:53:48,658] INFO: Iter 1500 Summary: 
[2024-12-19 12:53:48,658] INFO: 	 lr: 0.009999999999999962 	 Training loss: 0.25858157384395597
[2024-12-19 12:53:48,942] INFO: 	 Body Test loss: 0.16160000000000005
[2024-12-19 12:53:48,943] INFO: 	 RH Test loss: 0.19018013091613667
[2024-12-19 12:53:48,943] INFO: 	 F1 score: 0
[2024-12-19 12:54:03,382] INFO: Iter 1750 Summary: 
[2024-12-19 12:54:03,382] INFO: 	 lr: 0.009999999999999962 	 Training loss: 0.25547608715295794
[2024-12-19 12:54:03,664] INFO: 	 Body Test loss: 0.16240000000000002
[2024-12-19 12:54:03,664] INFO: 	 RH Test loss: 0.19460105504785377
[2024-12-19 12:54:03,664] INFO: 	 F1 score: 0
[2024-12-19 12:54:18,081] INFO: Iter 2000 Summary: 
[2024-12-19 12:54:18,082] INFO: 	 lr: 0.009999999999999962 	 Training loss: 0.2522731068134308
[2024-12-19 12:54:18,364] INFO: 	 Body Test loss: 0.1592
[2024-12-19 12:54:18,365] INFO: 	 RH Test loss: 0.18398363361641443
[2024-12-19 12:54:18,365] INFO: 	 F1 score: 0
[2024-12-19 12:54:33,135] INFO: Iter 2250 Summary: 
[2024-12-19 12:54:33,135] INFO: 	 lr: 0.009999999999999962 	 Training loss: 0.248087171792984
[2024-12-19 12:54:33,418] INFO: 	 Body Test loss: 0.15480000000000002
[2024-12-19 12:54:33,419] INFO: 	 RH Test loss: 0.18584107840473607
[2024-12-19 12:54:33,419] INFO: 	 F1 score: 0
[2024-12-19 12:54:48,536] INFO: Iter 2500 Summary: 
[2024-12-19 12:54:48,536] INFO: 	 lr: 0.009999999999999962 	 Training loss: 0.2480564078092575
[2024-12-19 12:54:48,816] INFO: 	 Body Test loss: 0.16959999999999997
[2024-12-19 12:54:48,816] INFO: 	 RH Test loss: 0.1992592186118665
[2024-12-19 12:54:48,817] INFO: 	 F1 score: 0
[2024-12-19 12:55:03,985] INFO: Iter 2750 Summary: 
[2024-12-19 12:55:03,986] INFO: 	 lr: 0.009999999999999962 	 Training loss: 0.245420052587986
[2024-12-19 12:55:04,311] INFO: 	 Body Test loss: 0.1616
[2024-12-19 12:55:04,311] INFO: 	 RH Test loss: 0.1895518198908848
[2024-12-19 12:55:04,311] INFO: 	 F1 score: 0
[2024-12-19 12:55:19,266] INFO: Iter 3000 Summary: 
[2024-12-19 12:55:19,266] INFO: 	 lr: 0.009999999999999962 	 Training loss: 0.24221577966213226
[2024-12-19 12:55:19,555] INFO: 	 Body Test loss: 0.168
[2024-12-19 12:55:19,555] INFO: 	 RH Test loss: 0.20128780185881712
[2024-12-19 12:55:19,555] INFO: 	 F1 score: 0
[2024-12-19 12:55:34,013] INFO: Iter 3250 Summary: 
[2024-12-19 12:55:34,013] INFO: 	 lr: 0.009999999999999962 	 Training loss: 0.2415541667342186
[2024-12-19 12:55:34,296] INFO: 	 Body Test loss: 0.16400000000000003
[2024-12-19 12:55:34,297] INFO: 	 RH Test loss: 0.18716717687038062
[2024-12-19 12:55:34,297] INFO: 	 F1 score: 0
[2024-12-19 12:55:48,676] INFO: Iter 3500 Summary: 
[2024-12-19 12:55:48,676] INFO: 	 lr: 0.009999999999999962 	 Training loss: 0.24040169489383698
[2024-12-19 12:55:48,960] INFO: 	 Body Test loss: 0.15480000000000002
[2024-12-19 12:55:48,960] INFO: 	 RH Test loss: 0.1923026576976996
[2024-12-19 12:55:48,960] INFO: 	 F1 score: 0
[2024-12-19 12:56:03,412] INFO: Iter 3750 Summary: 
[2024-12-19 12:56:03,412] INFO: 	 lr: 0.009999999999999962 	 Training loss: 0.23764404755830765
[2024-12-19 12:56:03,695] INFO: 	 Body Test loss: 0.15360000000000001
[2024-12-19 12:56:03,695] INFO: 	 RH Test loss: 0.1894499780790024
[2024-12-19 12:56:03,695] INFO: 	 F1 score: 0
[2024-12-19 12:56:18,133] INFO: Iter 4000 Summary: 
[2024-12-19 12:56:18,133] INFO: 	 lr: 0.009999999999999962 	 Training loss: 0.23770829975605012
[2024-12-19 12:56:18,414] INFO: 	 Body Test loss: 0.1636
[2024-12-19 12:56:18,414] INFO: 	 RH Test loss: 0.19327976811266023
[2024-12-19 12:56:18,414] INFO: 	 F1 score: 0
[2024-12-19 12:56:32,897] INFO: Iter 4250 Summary: 
[2024-12-19 12:56:32,897] INFO: 	 lr: 0.009999999999999962 	 Training loss: 0.23659727048873902
[2024-12-19 12:56:33,181] INFO: 	 Body Test loss: 0.1528
[2024-12-19 12:56:33,182] INFO: 	 RH Test loss: 0.18093514304184638
[2024-12-19 12:56:33,182] INFO: 	 F1 score: 0
[2024-12-19 12:56:47,683] INFO: Iter 4500 Summary: 
[2024-12-19 12:56:47,683] INFO: 	 lr: 0.009999999999999962 	 Training loss: 0.23419741612672806
[2024-12-19 12:56:47,968] INFO: 	 Body Test loss: 0.154
[2024-12-19 12:56:47,968] INFO: 	 RH Test loss: 0.17943391946041604
[2024-12-19 12:56:47,968] INFO: 	 F1 score: 0
[2024-12-19 12:57:02,356] INFO: Iter 4750 Summary: 
[2024-12-19 12:57:02,356] INFO: 	 lr: 0.009999999999999962 	 Training loss: 0.23312297141551971
[2024-12-19 12:57:02,641] INFO: 	 Body Test loss: 0.16760000000000003
[2024-12-19 12:57:02,642] INFO: 	 RH Test loss: 0.1837973462533715
[2024-12-19 12:57:02,642] INFO: 	 F1 score: 0
[2024-12-19 12:57:17,144] INFO: Iter 5000 Summary: 
[2024-12-19 12:57:17,144] INFO: 	 lr: 0.009999999999999962 	 Training loss: 0.23205496084690094
[2024-12-19 12:57:17,427] INFO: 	 Body Test loss: 0.1532
[2024-12-19 12:57:17,428] INFO: 	 RH Test loss: 0.1810634068013023
[2024-12-19 12:57:17,428] INFO: 	 F1 score: 0
[2024-12-19 12:57:17,723] INFO: 	 Total number of parameters: 126504
[2024-12-19 12:57:18,435] INFO: Testing with subject ['S7'] 
[2024-12-19 12:57:18,435] INFO: Training with subjects ['S10', 'S5', 'S3', 'S6', 'S8', 'S9', 'S4'] 
[2024-12-19 12:57:32,882] INFO: Iter 250 Summary: 
[2024-12-19 12:57:32,882] INFO: 	 lr: 0.009999999999999962 	 Training loss: 0.581969260931015
[2024-12-19 12:57:33,208] INFO: 	 Body Test loss: 0.21159999999999995
[2024-12-19 12:57:33,208] INFO: 	 RH Test loss: 0.26853516765201796
[2024-12-19 12:57:33,208] INFO: 	 F1 score: 0
[2024-12-19 12:57:47,790] INFO: Iter 500 Summary: 
[2024-12-19 12:57:47,790] INFO: 	 lr: 0.009999999999999962 	 Training loss: 0.29486719000339506
[2024-12-19 12:57:48,119] INFO: 	 Body Test loss: 0.1904
[2024-12-19 12:57:48,119] INFO: 	 RH Test loss: 0.2492816465882694
[2024-12-19 12:57:48,119] INFO: 	 F1 score: 0
[2024-12-19 12:58:02,487] INFO: Iter 750 Summary: 
[2024-12-19 12:58:02,487] INFO: 	 lr: 0.009999999999999962 	 Training loss: 0.26926220059394834
[2024-12-19 12:58:02,815] INFO: 	 Body Test loss: 0.1824
[2024-12-19 12:58:02,815] INFO: 	 RH Test loss: 0.2376820705497966
[2024-12-19 12:58:02,815] INFO: 	 F1 score: 0
[2024-12-19 12:58:17,246] INFO: Iter 1000 Summary: 
[2024-12-19 12:58:17,246] INFO: 	 lr: 0.009999999999999962 	 Training loss: 0.26089618176221846
[2024-12-19 12:58:17,571] INFO: 	 Body Test loss: 0.18799999999999997
[2024-12-19 12:58:17,571] INFO: 	 RH Test loss: 0.22305686719978557
[2024-12-19 12:58:17,572] INFO: 	 F1 score: 0
[2024-12-19 12:58:32,057] INFO: Iter 1250 Summary: 
[2024-12-19 12:58:32,057] INFO: 	 lr: 0.009999999999999962 	 Training loss: 0.2574283802509308
[2024-12-19 12:58:32,387] INFO: 	 Body Test loss: 0.18200000000000002
[2024-12-19 12:58:32,387] INFO: 	 RH Test loss: 0.2317467844065498
[2024-12-19 12:58:32,387] INFO: 	 F1 score: 0
[2024-12-19 12:58:46,783] INFO: Iter 1500 Summary: 
[2024-12-19 12:58:46,783] INFO: 	 lr: 0.009999999999999962 	 Training loss: 0.2523492735624313
[2024-12-19 12:58:47,109] INFO: 	 Body Test loss: 0.1868
[2024-12-19 12:58:47,109] INFO: 	 RH Test loss: 0.24334342155737038
[2024-12-19 12:58:47,109] INFO: 	 F1 score: 0
[2024-12-19 12:59:01,570] INFO: Iter 1750 Summary: 
[2024-12-19 12:59:01,570] INFO: 	 lr: 0.009999999999999962 	 Training loss: 0.24903651356697082
[2024-12-19 12:59:01,901] INFO: 	 Body Test loss: 0.1736
[2024-12-19 12:59:01,901] INFO: 	 RH Test loss: 0.23019258292983558
[2024-12-19 12:59:01,901] INFO: 	 F1 score: 0
[2024-12-19 12:59:16,329] INFO: Iter 2000 Summary: 
[2024-12-19 12:59:16,329] INFO: 	 lr: 0.009999999999999962 	 Training loss: 0.24796556514501572
[2024-12-19 12:59:16,654] INFO: 	 Body Test loss: 0.16440000000000002
[2024-12-19 12:59:16,654] INFO: 	 RH Test loss: 0.21734270360890556
[2024-12-19 12:59:16,654] INFO: 	 F1 score: 0
[2024-12-19 12:59:31,171] INFO: Iter 2250 Summary: 
[2024-12-19 12:59:31,172] INFO: 	 lr: 0.009999999999999962 	 Training loss: 0.24438538700342177
[2024-12-19 12:59:31,502] INFO: 	 Body Test loss: 0.16879999999999998
[2024-12-19 12:59:31,502] INFO: 	 RH Test loss: 0.23677033420871282
[2024-12-19 12:59:31,503] INFO: 	 F1 score: 0
[2024-12-19 12:59:45,968] INFO: Iter 2500 Summary: 
[2024-12-19 12:59:45,968] INFO: 	 lr: 0.009999999999999962 	 Training loss: 0.24206227219104767
[2024-12-19 12:59:46,295] INFO: 	 Body Test loss: 0.17400000000000002
[2024-12-19 12:59:46,295] INFO: 	 RH Test loss: 0.23569912554236017
[2024-12-19 12:59:46,295] INFO: 	 F1 score: 0
[2024-12-19 13:00:00,941] INFO: Iter 2750 Summary: 
[2024-12-19 13:00:00,942] INFO: 	 lr: 0.009999999999999962 	 Training loss: 0.24127556610107423
[2024-12-19 13:00:01,271] INFO: 	 Body Test loss: 0.1832
[2024-12-19 13:00:01,271] INFO: 	 RH Test loss: 0.2188482655777651
[2024-12-19 13:00:01,271] INFO: 	 F1 score: 0
[2024-12-19 13:00:15,725] INFO: Iter 3000 Summary: 
[2024-12-19 13:00:15,725] INFO: 	 lr: 0.009999999999999962 	 Training loss: 0.23969021105766297
[2024-12-19 13:00:16,058] INFO: 	 Body Test loss: 0.162
[2024-12-19 13:00:16,058] INFO: 	 RH Test loss: 0.22669841648550595
[2024-12-19 13:00:16,058] INFO: 	 F1 score: 0
[2024-12-19 13:00:30,516] INFO: Iter 3250 Summary: 
[2024-12-19 13:00:30,516] INFO: 	 lr: 0.009999999999999962 	 Training loss: 0.23723642885684967
[2024-12-19 13:00:30,841] INFO: 	 Body Test loss: 0.16400000000000003
[2024-12-19 13:00:30,842] INFO: 	 RH Test loss: 0.22708468526251174
[2024-12-19 13:00:30,842] INFO: 	 F1 score: 0
[2024-12-19 13:00:45,224] INFO: Iter 3500 Summary: 
[2024-12-19 13:00:45,224] INFO: 	 lr: 0.009999999999999962 	 Training loss: 0.23678857058286668
[2024-12-19 13:00:45,556] INFO: 	 Body Test loss: 0.1576
[2024-12-19 13:00:45,556] INFO: 	 RH Test loss: 0.2149652461865369
[2024-12-19 13:00:45,556] INFO: 	 F1 score: 0
[2024-12-19 13:00:59,976] INFO: Iter 3750 Summary: 
[2024-12-19 13:00:59,976] INFO: 	 lr: 0.009999999999999962 	 Training loss: 0.23585306459665298
[2024-12-19 13:01:00,303] INFO: 	 Body Test loss: 0.1592
[2024-12-19 13:01:00,303] INFO: 	 RH Test loss: 0.21197410427121557
[2024-12-19 13:01:00,303] INFO: 	 F1 score: 0
[2024-12-19 13:01:14,655] INFO: Iter 4000 Summary: 
[2024-12-19 13:01:14,655] INFO: 	 lr: 0.009999999999999962 	 Training loss: 0.2326372252702713
[2024-12-19 13:01:14,980] INFO: 	 Body Test loss: 0.17120000000000002
[2024-12-19 13:01:14,981] INFO: 	 RH Test loss: 0.23282234496930065
[2024-12-19 13:01:14,981] INFO: 	 F1 score: 0
[2024-12-19 13:01:29,470] INFO: Iter 4250 Summary: 
[2024-12-19 13:01:29,470] INFO: 	 lr: 0.009999999999999962 	 Training loss: 0.2314435714483261
[2024-12-19 13:01:29,797] INFO: 	 Body Test loss: 0.1724
[2024-12-19 13:01:29,797] INFO: 	 RH Test loss: 0.23425951572025525
[2024-12-19 13:01:29,797] INFO: 	 F1 score: 0
[2024-12-19 13:01:44,259] INFO: Iter 4500 Summary: 
[2024-12-19 13:01:44,259] INFO: 	 lr: 0.009999999999999962 	 Training loss: 0.2302705894112587
[2024-12-19 13:01:44,585] INFO: 	 Body Test loss: 0.1576
[2024-12-19 13:01:44,585] INFO: 	 RH Test loss: 0.21964282247599434
[2024-12-19 13:01:44,585] INFO: 	 F1 score: 0
[2024-12-19 13:01:58,985] INFO: Iter 4750 Summary: 
[2024-12-19 13:01:58,985] INFO: 	 lr: 0.009999999999999962 	 Training loss: 0.2295392998456955
[2024-12-19 13:01:59,309] INFO: 	 Body Test loss: 0.18000000000000005
[2024-12-19 13:01:59,310] INFO: 	 RH Test loss: 0.2579026638059055
[2024-12-19 13:01:59,310] INFO: 	 F1 score: 0
[2024-12-19 13:02:13,827] INFO: Iter 5000 Summary: 
[2024-12-19 13:02:13,827] INFO: 	 lr: 0.009999999999999962 	 Training loss: 0.22899553388357163
[2024-12-19 13:02:14,157] INFO: 	 Body Test loss: 0.15960000000000002
[2024-12-19 13:02:14,157] INFO: 	 RH Test loss: 0.22060270783480476
[2024-12-19 13:02:14,157] INFO: 	 F1 score: 0
[2024-12-19 13:02:14,498] INFO: 	 Total number of parameters: 126504
[2024-12-19 13:02:14,509] INFO: Mean L2_body is 0.1714
[2024-12-19 13:02:14,509] INFO: Mean L2_right_hand is 0.21696608237859186
[2024-12-19 13:02:14,509] INFO: Under 0.10 is 16.02380918338895
[2024-12-19 13:02:14,509] INFO: Under 0.15 is 39.697620272636414
[2024-12-19 13:02:14,509] INFO: Under 0.20 is 67.65952408313751
[2024-12-19 13:02:14,509] INFO: Under 0.30 is 96.71428576111794
[2024-12-19 13:02:14,509] INFO: Intention Accuracy is 0.0
[2024-12-19 13:02:14,509] INFO: F1 Score is 0.0
[2024-12-19 13:02:14,509] INFO: Metrics are {'L2_body': [0.12120000000000002, 0.1824, 0.23520000000000002, 0.19079999999999997, 0.1588, 0.17, 0.1532, 0.15960000000000002], 'L2_right_hand': [0.1782462695938825, 0.23590476667859608, 0.28086745458787304, 0.22100325543968524, 0.21345650903824293, 0.204584289054348, 0.1810634068013023, 0.22060270783480476], 'under_0.10m': [27.3333340883255, 12.799999117851257, 11.999999731779099, 13.333334028720856, 17.714284360408783, 13.14285546541214, 19.200000166893005, 12.666666507720947], 'under_0.15m': [76.66667103767395, 26.399999856948853, 26.66666805744171, 26.000002026557922, 42.28571355342865, 31.42857253551483, 52.799999713897705, 35.333335399627686], 'under_0.20m': [93.33333373069763, 56.00000023841858, 46.00000083446503, 43.33333671092987, 67.99999475479126, 65.14285802841187, 76.80000066757202, 92.66666769981384], 'under_0.30m': [100.0, 100.0, 81.99999928474426, 98.00000190734863, 100.0, 93.71428489685059, 100.0, 100.0], 'accuracy': [0, 0, 0, 0, 0, 0, 0, 0], 'f1_score': [0, 0, 0, 0, 0, 0, 0, 0]}
