[2024-12-19 10:40:29,365] INFO: Testing with subject ['S10'] 
[2024-12-19 10:40:29,365] INFO: Training with subjects ['S5', 'S3', 'S6', 'S8', 'S7', 'S4', 'S9'] 
[2024-12-19 10:40:35,727] INFO: 	 Body Test loss: 0.4576
[2024-12-19 10:40:35,727] INFO: 	 RH Test loss: 0.5040105461351799
[2024-12-19 10:40:35,727] INFO: 	 F1 score: 0.2132701421800948
[2024-12-19 10:40:35,728] INFO: 	 Total number of parameters: 138669
[2024-12-19 10:40:36,428] INFO: Testing with subject ['S5'] 
[2024-12-19 10:40:36,428] INFO: Training with subjects ['S10', 'S3', 'S6', 'S8', 'S7', 'S4', 'S9'] 
[2024-12-19 10:40:43,280] INFO: 	 Body Test loss: 0.5519999999999999
[2024-12-19 10:40:43,281] INFO: 	 RH Test loss: 0.6981874965208865
[2024-12-19 10:40:43,281] INFO: 	 F1 score: 0.32156133828996286
[2024-12-19 10:40:43,282] INFO: 	 Total number of parameters: 138669
[2024-12-19 10:40:44,148] INFO: Testing with subject ['S3'] 
[2024-12-19 10:40:44,148] INFO: Training with subjects ['S10', 'S5', 'S6', 'S8', 'S7', 'S4', 'S9'] 
[2024-12-19 10:40:50,692] INFO: 	 Body Test loss: 0.6136
[2024-12-19 10:40:50,692] INFO: 	 RH Test loss: 0.7231634758174239
[2024-12-19 10:40:50,692] INFO: 	 F1 score: 0.22868852459016392
[2024-12-19 10:40:50,693] INFO: 	 Total number of parameters: 138669
[2024-12-19 10:40:51,401] INFO: Testing with subject ['S6'] 
[2024-12-19 10:40:51,401] INFO: Training with subjects ['S10', 'S5', 'S3', 'S8', 'S7', 'S4', 'S9'] 
[2024-12-19 10:40:57,942] INFO: 	 Body Test loss: 0.37799999999999995
[2024-12-19 10:40:57,942] INFO: 	 RH Test loss: 0.43276954515198846
[2024-12-19 10:40:57,943] INFO: 	 F1 score: 0.3284755956511682
[2024-12-19 10:40:57,944] INFO: 	 Total number of parameters: 138669
[2024-12-19 10:40:58,732] INFO: Testing with subject ['S8'] 
[2024-12-19 10:40:58,732] INFO: Training with subjects ['S10', 'S5', 'S3', 'S6', 'S7', 'S4', 'S9'] 
[2024-12-19 10:41:06,257] INFO: 	 Body Test loss: 1.0428
[2024-12-19 10:41:06,257] INFO: 	 RH Test loss: 0.7103275216796835
[2024-12-19 10:41:06,257] INFO: 	 F1 score: 0.17491141034727145
[2024-12-19 10:41:06,258] INFO: 	 Total number of parameters: 138669
[2024-12-19 10:41:06,981] INFO: Testing with subject ['S7'] 
[2024-12-19 10:41:06,981] INFO: Training with subjects ['S10', 'S5', 'S3', 'S6', 'S8', 'S4', 'S9'] 
[2024-12-19 10:41:13,358] INFO: 	 Body Test loss: 0.4388
[2024-12-19 10:41:13,358] INFO: 	 RH Test loss: 0.5222560886214761
[2024-12-19 10:41:13,358] INFO: 	 F1 score: 0.17832110839445803
[2024-12-19 10:41:13,359] INFO: 	 Total number of parameters: 138669
[2024-12-19 10:41:14,057] INFO: Testing with subject ['S4'] 
[2024-12-19 10:41:14,057] INFO: Training with subjects ['S10', 'S5', 'S3', 'S6', 'S8', 'S7', 'S9'] 
[2024-12-19 10:41:20,378] INFO: 	 Body Test loss: 0.4408000000000001
[2024-12-19 10:41:20,378] INFO: 	 RH Test loss: 0.4492604668254318
[2024-12-19 10:41:20,378] INFO: 	 F1 score: 0.29093160012380065
[2024-12-19 10:41:20,379] INFO: 	 Total number of parameters: 138669
[2024-12-19 10:41:21,070] INFO: Testing with subject ['S9'] 
[2024-12-19 10:41:21,070] INFO: Training with subjects ['S10', 'S5', 'S3', 'S6', 'S8', 'S7', 'S4'] 
[2024-12-19 10:41:27,474] INFO: 	 Body Test loss: 0.33399999999999996
[2024-12-19 10:41:27,474] INFO: 	 RH Test loss: 0.3733746565917361
[2024-12-19 10:41:27,474] INFO: 	 F1 score: 0.17507002801120447
[2024-12-19 10:41:27,475] INFO: 	 Total number of parameters: 138669
[2024-12-19 10:41:27,486] INFO: Mean L2_body is 0.5321999999999999
[2024-12-19 10:41:27,486] INFO: Mean L2_right_hand is 0.5516687246679757
[2024-12-19 10:41:27,486] INFO: Under 0.10 is 0.9285713545978069
[2024-12-19 10:41:27,486] INFO: Under 0.15 is 2.4404760682955384
[2024-12-19 10:41:27,486] INFO: Under 0.20 is 7.5738092651590705
[2024-12-19 10:41:27,486] INFO: Under 0.30 is 21.773809008300304
[2024-12-19 10:41:27,486] INFO: Intention Accuracy is 82.79840633789344
[2024-12-19 10:41:27,486] INFO: F1 Score is 0.23890371844851557
[2024-12-19 10:41:27,486] INFO: Metrics are {'L2_body': [0.4576, 0.5519999999999999, 0.6136, 0.37799999999999995, 1.0428, 0.4388, 0.4408000000000001, 0.33399999999999996], 'L2_right_hand': [0.5040105461351799, 0.6981874965208865, 0.7231634758174239, 0.43276954515198846, 0.7103275216796835, 0.5222560886214761, 0.4492604668254318, 0.3733746565917361], 'under_0.10m': [0.0, 0.0, 0.0, 0.0, 0.0, 0.0, 0.0, 7.4285708367824554], 'under_0.15m': [0.0, 0.0, 3.999999538064003, 1.9999999552965164, 0.0, 2.6666665449738503, 0.0, 10.857142508029938], 'under_0.20m': [2.6666665449738503, 5.59999942779541, 9.999999403953552, 9.333333373069763, 0.0, 5.3333330899477005, 8.799999952316284, 18.857142329216003], 'under_0.30m': [20.000000298023224, 19.200000166893005, 22.66666740179062, 30.666667222976685, 0.0, 21.99999839067459, 24.799999594688416, 34.857138991355896], 'accuracy': [74.3801652892562, 93.17773788150808, 84.29003021148036, 97.12722298221614, 77.70780856423174, 80.44117647058823, 77.42998352553542, 77.83312577833127], 'f1_score': [0.2132701421800948, 0.32156133828996286, 0.22868852459016392, 0.3284755956511682, 0.17491141034727145, 0.17832110839445803, 0.29093160012380065, 0.17507002801120447]}
